{"/workspaces/nimbus-cannabis-mobile/backend/src/app.ts": {"path":"/workspaces/nimbus-cannabis-mobile/backend/src/app.ts","statementMap":{"0":{"start":{"line":1,"column":0},"end":{"line":1,"column":23}},"1":{"start":{"line":4,"column":0},"end":{"line":4,"column":44}},"2":{"start":{"line":6,"column":0},"end":{"line":6,"column":24}},"3":{"start":{"line":7,"column":0},"end":{"line":7,"column":30}},"4":{"start":{"line":8,"column":0},"end":{"line":8,"column":28}},"5":{"start":{"line":9,"column":0},"end":{"line":9,"column":36}},"6":{"start":{"line":10,"column":0},"end":{"line":10,"column":null}},"7":{"start":{"line":18,"column":0},"end":{"line":18,"column":58}},"8":{"start":{"line":19,"column":0},"end":{"line":19,"column":35}},"9":{"start":{"line":20,"column":0},"end":{"line":20,"column":39}},"10":{"start":{"line":21,"column":0},"end":{"line":21,"column":43}},"11":{"start":{"line":22,"column":0},"end":{"line":22,"column":43}},"12":{"start":{"line":23,"column":0},"end":{"line":23,"column":43}},"13":{"start":{"line":24,"column":0},"end":{"line":24,"column":53}},"14":{"start":{"line":25,"column":0},"end":{"line":25,"column":49}},"15":{"start":{"line":26,"column":0},"end":{"line":26,"column":53}},"16":{"start":{"line":27,"column":0},"end":{"line":27,"column":43}},"17":{"start":{"line":28,"column":0},"end":{"line":28,"column":43}},"18":{"start":{"line":29,"column":0},"end":{"line":29,"column":49}},"19":{"start":{"line":30,"column":0},"end":{"line":30,"column":49}},"20":{"start":{"line":31,"column":0},"end":{"line":31,"column":47}},"21":{"start":{"line":32,"column":0},"end":{"line":32,"column":51}},"22":{"start":{"line":33,"column":0},"end":{"line":33,"column":49}},"23":{"start":{"line":34,"column":0},"end":{"line":34,"column":39}},"24":{"start":{"line":35,"column":0},"end":{"line":35,"column":65}},"25":{"start":{"line":36,"column":0},"end":{"line":36,"column":65}},"26":{"start":{"line":37,"column":0},"end":{"line":37,"column":53}},"27":{"start":{"line":38,"column":0},"end":{"line":38,"column":45}},"28":{"start":{"line":39,"column":0},"end":{"line":39,"column":47}},"29":{"start":{"line":40,"column":0},"end":{"line":40,"column":63}},"30":{"start":{"line":41,"column":0},"end":{"line":41,"column":53}},"31":{"start":{"line":42,"column":0},"end":{"line":42,"column":47}},"32":{"start":{"line":43,"column":0},"end":{"line":43,"column":47}},"33":{"start":{"line":44,"column":0},"end":{"line":44,"column":53}},"34":{"start":{"line":45,"column":0},"end":{"line":45,"column":51}},"35":{"start":{"line":46,"column":0},"end":{"line":46,"column":51}},"36":{"start":{"line":47,"column":0},"end":{"line":47,"column":53}},"37":{"start":{"line":48,"column":0},"end":{"line":48,"column":47}},"38":{"start":{"line":49,"column":0},"end":{"line":49,"column":51}},"39":{"start":{"line":50,"column":0},"end":{"line":50,"column":47}},"40":{"start":{"line":51,"column":0},"end":{"line":51,"column":60}},"41":{"start":{"line":52,"column":0},"end":{"line":52,"column":69}},"42":{"start":{"line":53,"column":0},"end":{"line":53,"column":67}},"43":{"start":{"line":54,"column":0},"end":{"line":54,"column":69}},"44":{"start":{"line":55,"column":0},"end":{"line":55,"column":55}},"45":{"start":{"line":56,"column":0},"end":{"line":56,"column":49}},"46":{"start":{"line":57,"column":0},"end":{"line":57,"column":55}},"47":{"start":{"line":58,"column":0},"end":{"line":58,"column":43}},"48":{"start":{"line":59,"column":0},"end":{"line":59,"column":41}},"49":{"start":{"line":60,"column":0},"end":{"line":60,"column":55}},"50":{"start":{"line":61,"column":0},"end":{"line":61,"column":53}},"51":{"start":{"line":62,"column":0},"end":{"line":62,"column":49}},"52":{"start":{"line":63,"column":0},"end":{"line":63,"column":61}},"53":{"start":{"line":64,"column":0},"end":{"line":64,"column":43}},"54":{"start":{"line":65,"column":0},"end":{"line":65,"column":47}},"55":{"start":{"line":66,"column":0},"end":{"line":66,"column":47}},"56":{"start":{"line":67,"column":0},"end":{"line":67,"column":49}},"57":{"start":{"line":68,"column":0},"end":{"line":68,"column":47}},"58":{"start":{"line":69,"column":0},"end":{"line":69,"column":40}},"59":{"start":{"line":71,"column":0},"end":{"line":71,"column":40}},"60":{"start":{"line":72,"column":0},"end":{"line":72,"column":53}},"61":{"start":{"line":74,"column":12},"end":{"line":74,"column":21}},"62":{"start":{"line":75,"column":0},"end":{"line":75,"column":40}},"63":{"start":{"line":76,"column":0},"end":{"line":93,"column":2}},"64":{"start":{"line":94,"column":0},"end":{"line":94,"column":71}},"65":{"start":{"line":97,"column":0},"end":{"line":97,"column":27}},"66":{"start":{"line":98,"column":0},"end":{"line":98,"column":28}},"67":{"start":{"line":99,"column":0},"end":{"line":99,"column":25}},"68":{"start":{"line":100,"column":0},"end":{"line":100,"column":39}},"69":{"start":{"line":101,"column":0},"end":{"line":101,"column":26}},"70":{"start":{"line":104,"column":0},"end":{"line":131,"column":3}},"71":{"start":{"line":105,"column":18},"end":{"line":105,"column":28}},"72":{"start":{"line":106,"column":20},"end":{"line":106,"column":34}},"73":{"start":{"line":108,"column":5},"end":{"line":108,"column":85}},"74":{"start":{"line":109,"column":20},"end":{"line":109,"column":44}},"75":{"start":{"line":110,"column":3},"end":{"line":110,"column":37}},"76":{"start":{"line":111,"column":2},"end":{"line":111,"column":43}},"77":{"start":{"line":112,"column":16},"end":{"line":112,"column":43}},"78":{"start":{"line":113,"column":3},"end":{"line":113,"column":27}},"79":{"start":{"line":114,"column":2},"end":{"line":116,"column":3}},"80":{"start":{"line":115,"column":4},"end":{"line":115,"column":75}},"81":{"start":{"line":117,"column":2},"end":{"line":129,"column":5}},"82":{"start":{"line":118,"column":4},"end":{"line":128,"column":5}},"83":{"start":{"line":119,"column":23},"end":{"line":119,"column":43}},"84":{"start":{"line":120,"column":22},"end":{"line":125,"column":8}},"85":{"start":{"line":126,"column":6},"end":{"line":127,"column":47}},"86":{"start":{"line":126,"column":26},"end":{"line":126,"column":58}},"87":{"start":{"line":127,"column":11},"end":{"line":127,"column":47}},"88":{"start":{"line":130,"column":2},"end":{"line":130,"column":9}},"89":{"start":{"line":135,"column":0},"end":{"line":154,"column":3}},"90":{"start":{"line":136,"column":23},"end":{"line":136,"column":31}},"91":{"start":{"line":137,"column":2},"end":{"line":152,"column":4}},"92":{"start":{"line":138,"column":4},"end":{"line":150,"column":5}},"93":{"start":{"line":139,"column":6},"end":{"line":147,"column":7}},"94":{"start":{"line":140,"column":8},"end":{"line":140,"column":85}},"95":{"start":{"line":140,"column":50},"end":{"line":140,"column":85}},"96":{"start":{"line":142,"column":8},"end":{"line":142,"column":81}},"97":{"start":{"line":142,"column":58},"end":{"line":142,"column":81}},"98":{"start":{"line":144,"column":8},"end":{"line":146,"column":9}},"99":{"start":{"line":145,"column":10},"end":{"line":145,"column":38}},"100":{"start":{"line":151,"column":4},"end":{"line":151,"column":41}},"101":{"start":{"line":153,"column":2},"end":{"line":153,"column":9}},"102":{"start":{"line":158,"column":2},"end":{"line":158,"column":25}},"103":{"start":{"line":163,"column":26},"end":{"line":163,"column":30}},"104":{"start":{"line":164,"column":48},"end":{"line":164,"column":64}},"105":{"start":{"line":165,"column":49},"end":{"line":165,"column":65}},"106":{"start":{"line":168,"column":2},"end":{"line":175,"column":3}},"107":{"start":{"line":169,"column":4},"end":{"line":171,"column":5}},"108":{"start":{"line":170,"column":6},"end":{"line":170,"column":69}},"109":{"start":{"line":173,"column":4},"end":{"line":173,"column":16}},"110":{"start":{"line":174,"column":5},"end":{"line":174,"column":73}},"111":{"start":{"line":178,"column":2},"end":{"line":187,"column":3}},"112":{"start":{"line":179,"column":4},"end":{"line":186,"column":5}},"113":{"start":{"line":180,"column":31},"end":{"line":180,"column":70}},"114":{"start":{"line":181,"column":26},"end":{"line":181,"column":58}},"115":{"start":{"line":182,"column":6},"end":{"line":182,"column":63}},"116":{"start":{"line":184,"column":6},"end":{"line":184,"column":21}},"117":{"start":{"line":185,"column":7},"end":{"line":185,"column":78}},"118":{"start":{"line":190,"column":2},"end":{"line":202,"column":3}},"119":{"start":{"line":191,"column":4},"end":{"line":201,"column":5}},"120":{"start":{"line":193,"column":6},"end":{"line":197,"column":7}},"121":{"start":{"line":194,"column":8},"end":{"line":194,"column":22}},"122":{"start":{"line":196,"column":8},"end":{"line":196,"column":24}},"123":{"start":{"line":199,"column":6},"end":{"line":199,"column":22}},"124":{"start":{"line":200,"column":7},"end":{"line":200,"column":79}},"125":{"start":{"line":204,"column":2},"end":{"line":208,"column":3}},"126":{"start":{"line":206,"column":5},"end":{"line":206,"column":44}},"127":{"start":{"line":207,"column":4},"end":{"line":207,"column":14}},"128":{"start":{"line":210,"column":17},"end":{"line":216,"column":4}},"129":{"start":{"line":219,"column":16},"end":{"line":219,"column":62}},"130":{"start":{"line":220,"column":2},"end":{"line":220,"column":72}},"131":{"start":{"line":220,"column":15},"end":{"line":220,"column":72}},"132":{"start":{"line":221,"column":2},"end":{"line":221,"column":56}},"133":{"start":{"line":225,"column":0},"end":{"line":225,"column":40}},"134":{"start":{"line":226,"column":0},"end":{"line":226,"column":38}},"135":{"start":{"line":229,"column":0},"end":{"line":229,"column":34}},"136":{"start":{"line":230,"column":0},"end":{"line":230,"column":31}},"137":{"start":{"line":232,"column":0},"end":{"line":236,"column":1}},"138":{"start":{"line":233,"column":2},"end":{"line":233,"column":17}},"139":{"start":{"line":235,"column":2},"end":{"line":235,"column":62}},"140":{"start":{"line":240,"column":16},"end":{"line":289,"column":2}},"141":{"start":{"line":291,"column":0},"end":{"line":294,"column":1}},"142":{"start":{"line":292,"column":2},"end":{"line":292,"column":21}},"143":{"start":{"line":293,"column":2},"end":{"line":293,"column":24}},"144":{"start":{"line":297,"column":0},"end":{"line":297,"column":29}},"145":{"start":{"line":298,"column":0},"end":{"line":298,"column":32}},"146":{"start":{"line":299,"column":0},"end":{"line":299,"column":49}},"147":{"start":{"line":299,"column":20},"end":{"line":299,"column":49}},"148":{"start":{"line":302,"column":0},"end":{"line":302,"column":22}},"149":{"start":{"line":304,"column":0},"end":{"line":304,"column":19}}},"fnMap":{"0":{"name":"(anonymous_10)","decl":{"start":{"line":104,"column":8},"end":{"line":104,"column":9}},"loc":{"start":{"line":104,"column":27},"end":{"line":131,"column":1}}},"1":{"name":"(anonymous_11)","decl":{"start":{"line":117,"column":19},"end":{"line":117,"column":22}},"loc":{"start":{"line":117,"column":24},"end":{"line":129,"column":3}}},"2":{"name":"(anonymous_12)","decl":{"start":{"line":135,"column":8},"end":{"line":135,"column":9}},"loc":{"start":{"line":135,"column":37},"end":{"line":154,"column":1}}},"3":{"name":"wrappedJson","decl":{"start":{"line":137,"column":22},"end":{"line":137,"column":33}},"loc":{"start":{"line":137,"column":43},"end":{"line":152,"column":3}}},"4":{"name":"handleHealth","decl":{"start":{"line":157,"column":9},"end":{"line":157,"column":21}},"loc":{"start":{"line":157,"column":41},"end":{"line":159,"column":1}}},"5":{"name":"handleReady","decl":{"start":{"line":162,"column":15},"end":{"line":162,"column":26}},"loc":{"start":{"line":162,"column":45},"end":{"line":222,"column":1}}},"6":{"name":"(anonymous_16)","decl":{"start":{"line":180,"column":31},"end":{"line":180,"column":44}},"loc":{"start":{"line":180,"column":31},"end":{"line":180,"column":70}}}},"branchMap":{"0":{"loc":{"start":{"line":94,"column":24},"end":{"line":94,"column":66}},"type":"binary-expr","locations":[{"start":{"line":94,"column":24},"end":{"line":94,"column":59}},{"start":{"line":94,"column":63},"end":{"line":94,"column":66}}]},"1":{"loc":{"start":{"line":108,"column":5},"end":{"line":108,"column":85}},"type":"binary-expr","locations":[{"start":{"line":108,"column":5},"end":{"line":108,"column":38}},{"start":{"line":108,"column":43},"end":{"line":108,"column":85}}]},"2":{"loc":{"start":{"line":109,"column":20},"end":{"line":109,"column":44}},"type":"binary-expr","locations":[{"start":{"line":109,"column":20},"end":{"line":109,"column":28}},{"start":{"line":109,"column":32},"end":{"line":109,"column":44}}]},"3":{"loc":{"start":{"line":114,"column":2},"end":{"line":116,"column":3}},"type":"if","locations":[{"start":{"line":114,"column":2},"end":{"line":116,"column":3}}]},"4":{"loc":{"start":{"line":118,"column":4},"end":{"line":128,"column":5}},"type":"if","locations":[{"start":{"line":118,"column":4},"end":{"line":128,"column":5}}]},"5":{"loc":{"start":{"line":126,"column":6},"end":{"line":127,"column":47}},"type":"if","locations":[{"start":{"line":126,"column":6},"end":{"line":127,"column":47}},{"start":{"line":127,"column":11},"end":{"line":127,"column":47}}]},"6":{"loc":{"start":{"line":139,"column":6},"end":{"line":147,"column":7}},"type":"if","locations":[{"start":{"line":139,"column":6},"end":{"line":147,"column":7}}]},"7":{"loc":{"start":{"line":139,"column":10},"end":{"line":139,"column":67}},"type":"binary-expr","locations":[{"start":{"line":139,"column":10},"end":{"line":139,"column":31}},{"start":{"line":139,"column":35},"end":{"line":139,"column":39}},{"start":{"line":139,"column":43},"end":{"line":139,"column":67}}]},"8":{"loc":{"start":{"line":140,"column":8},"end":{"line":140,"column":85}},"type":"if","locations":[{"start":{"line":140,"column":8},"end":{"line":140,"column":85}}]},"9":{"loc":{"start":{"line":140,"column":12},"end":{"line":140,"column":48}},"type":"binary-expr","locations":[{"start":{"line":140,"column":12},"end":{"line":140,"column":31}},{"start":{"line":140,"column":35},"end":{"line":140,"column":48}}]},"10":{"loc":{"start":{"line":142,"column":8},"end":{"line":142,"column":81}},"type":"if","locations":[{"start":{"line":142,"column":8},"end":{"line":142,"column":81}}]},"11":{"loc":{"start":{"line":142,"column":12},"end":{"line":142,"column":56}},"type":"binary-expr","locations":[{"start":{"line":142,"column":12},"end":{"line":142,"column":42}},{"start":{"line":142,"column":46},"end":{"line":142,"column":56}}]},"12":{"loc":{"start":{"line":144,"column":8},"end":{"line":146,"column":9}},"type":"if","locations":[{"start":{"line":144,"column":8},"end":{"line":146,"column":9}}]},"13":{"loc":{"start":{"line":144,"column":12},"end":{"line":144,"column":89}},"type":"binary-expr","locations":[{"start":{"line":144,"column":12},"end":{"line":144,"column":22}},{"start":{"line":144,"column":26},"end":{"line":144,"column":36}},{"start":{"line":144,"column":40},"end":{"line":144,"column":70}},{"start":{"line":144,"column":74},"end":{"line":144,"column":89}}]},"14":{"loc":{"start":{"line":169,"column":4},"end":{"line":171,"column":5}},"type":"if","locations":[{"start":{"line":169,"column":4},"end":{"line":171,"column":5}}]},"15":{"loc":{"start":{"line":169,"column":9},"end":{"line":169,"column":84}},"type":"binary-expr","locations":[{"start":{"line":169,"column":9},"end":{"line":169,"column":28}},{"start":{"line":169,"column":32},"end":{"line":169,"column":84}}]},"16":{"loc":{"start":{"line":178,"column":2},"end":{"line":187,"column":3}},"type":"if","locations":[{"start":{"line":178,"column":2},"end":{"line":187,"column":3}}]},"17":{"loc":{"start":{"line":178,"column":6},"end":{"line":178,"column":52}},"type":"binary-expr","locations":[{"start":{"line":178,"column":6},"end":{"line":178,"column":27}},{"start":{"line":178,"column":31},"end":{"line":178,"column":52}}]},"18":{"loc":{"start":{"line":182,"column":14},"end":{"line":182,"column":62}},"type":"cond-expr","locations":[{"start":{"line":182,"column":49},"end":{"line":182,"column":53}},{"start":{"line":182,"column":56},"end":{"line":182,"column":62}}]},"19":{"loc":{"start":{"line":190,"column":2},"end":{"line":202,"column":3}},"type":"if","locations":[{"start":{"line":190,"column":2},"end":{"line":202,"column":3}}]},"20":{"loc":{"start":{"line":193,"column":6},"end":{"line":197,"column":7}},"type":"if","locations":[{"start":{"line":193,"column":6},"end":{"line":197,"column":7}},{"start":{"line":195,"column":13},"end":{"line":197,"column":7}}]},"21":{"loc":{"start":{"line":204,"column":2},"end":{"line":208,"column":3}},"type":"if","locations":[{"start":{"line":204,"column":2},"end":{"line":208,"column":3}}]},"22":{"loc":{"start":{"line":204,"column":6},"end":{"line":204,"column":54}},"type":"binary-expr","locations":[{"start":{"line":204,"column":6},"end":{"line":204,"column":37}},{"start":{"line":204,"column":41},"end":{"line":204,"column":54}}]},"23":{"loc":{"start":{"line":219,"column":16},"end":{"line":219,"column":62}},"type":"binary-expr","locations":[{"start":{"line":219,"column":16},"end":{"line":219,"column":27}},{"start":{"line":219,"column":31},"end":{"line":219,"column":62}}]},"24":{"loc":{"start":{"line":220,"column":2},"end":{"line":220,"column":72}},"type":"if","locations":[{"start":{"line":220,"column":2},"end":{"line":220,"column":72}}]},"25":{"loc":{"start":{"line":221,"column":13},"end":{"line":221,"column":30}},"type":"cond-expr","locations":[{"start":{"line":221,"column":21},"end":{"line":221,"column":24}},{"start":{"line":221,"column":27},"end":{"line":221,"column":30}}]},"26":{"loc":{"start":{"line":299,"column":0},"end":{"line":299,"column":49}},"type":"if","locations":[{"start":{"line":299,"column":0},"end":{"line":299,"column":49}}]}},"s":{"0":23,"1":23,"2":23,"3":23,"4":23,"5":23,"6":23,"7":23,"8":23,"9":23,"10":23,"11":23,"12":23,"13":23,"14":23,"15":23,"16":23,"17":23,"18":23,"19":23,"20":23,"21":23,"22":23,"23":23,"24":23,"25":23,"26":23,"27":23,"28":23,"29":23,"30":23,"31":23,"32":23,"33":23,"34":23,"35":23,"36":23,"37":23,"38":23,"39":23,"40":23,"41":23,"42":23,"43":23,"44":23,"45":23,"46":23,"47":23,"48":23,"49":23,"50":23,"51":23,"52":23,"53":23,"54":23,"55":23,"56":23,"57":23,"58":23,"59":23,"60":23,"61":23,"62":23,"63":23,"64":23,"65":23,"66":23,"67":23,"68":23,"69":23,"70":23,"71":383,"72":383,"73":383,"74":383,"75":383,"76":383,"77":383,"78":383,"79":383,"80":0,"81":383,"82":383,"83":0,"84":0,"85":0,"86":0,"87":0,"88":383,"89":23,"90":383,"91":383,"92":383,"93":383,"94":173,"95":173,"96":173,"97":172,"98":173,"99":0,"100":383,"101":383,"102":6,"103":1,"104":1,"105":1,"106":1,"107":1,"108":0,"109":0,"110":0,"111":1,"112":0,"113":0,"114":0,"115":0,"116":0,"117":0,"118":1,"119":0,"120":0,"121":0,"122":0,"123":0,"124":0,"125":1,"126":0,"127":0,"128":1,"129":1,"130":1,"131":0,"132":1,"133":23,"134":23,"135":23,"136":23,"137":23,"138":23,"139":0,"140":23,"141":23,"142":1104,"143":1104,"144":23,"145":23,"146":23,"147":0,"148":23,"149":23},"f":{"0":383,"1":383,"2":383,"3":383,"4":6,"5":1,"6":0},"b":{"0":[23,23],"1":[383,381],"2":[383,381],"3":[0],"4":[0],"5":[0,0],"6":[173],"7":[383,173,173],"8":[173],"9":[173,173],"10":[172],"11":[173,173],"12":[0],"13":[173,0,0,0],"14":[0],"15":[1,1],"16":[0],"17":[1,1],"18":[0,0],"19":[0],"20":[0,0],"21":[0],"22":[1,1],"23":[1,0],"24":[0],"25":[1,0],"26":[0]}}
,"/workspaces/nimbus-cannabis-mobile/backend/src/env.ts": {"path":"/workspaces/nimbus-cannabis-mobile/backend/src/env.ts","statementMap":{"0":{"start":{"line":1,"column":0},"end":{"line":1,"column":24}},"1":{"start":{"line":2,"column":0},"end":{"line":2,"column":40}},"2":{"start":{"line":6,"column":2},"end":{"line":6,"column":77}},"3":{"start":{"line":8,"column":26},"end":{"line":12,"column":11}},"4":{"start":{"line":13,"column":28},"end":{"line":15,"column":11}},"5":{"start":{"line":17,"column":23},"end":{"line":25,"column":null}},"6":{"start":{"line":25,"column":17},"end":{"line":25,"column":36}},"7":{"start":{"line":29,"column":22},"end":{"line":87,"column":2}},"8":{"start":{"line":90,"column":22},"end":{"line":138,"column":2}},"9":{"start":{"line":141,"column":18},"end":{"line":141,"column":67}},"10":{"start":{"line":150,"column":2},"end":{"line":170,"column":3}},"11":{"start":{"line":151,"column":4},"end":{"line":151,"column":40}},"12":{"start":{"line":153,"column":4},"end":{"line":168,"column":5}},"13":{"start":{"line":154,"column":26},"end":{"line":154,"column":96}},"14":{"start":{"line":154,"column":52},"end":{"line":154,"column":95}},"15":{"start":{"line":156,"column":6},"end":{"line":156,"column":55}},"16":{"start":{"line":157,"column":6},"end":{"line":157,"column":61}},"17":{"start":{"line":157,"column":33},"end":{"line":157,"column":59}},"18":{"start":{"line":159,"column":28},"end":{"line":162,"column":null}},"19":{"start":{"line":161,"column":22},"end":{"line":161,"column":34}},"20":{"start":{"line":166,"column":6},"end":{"line":166,"column":56}},"21":{"start":{"line":167,"column":6},"end":{"line":167,"column":26}},"22":{"start":{"line":169,"column":4},"end":{"line":169,"column":16}},"23":{"start":{"line":177,"column":21},"end":{"line":177,"column":34}},"24":{"start":{"line":180,"column":17},"end":{"line":180,"column":41}},"25":{"start":{"line":181,"column":17},"end":{"line":181,"column":49}},"26":{"start":{"line":182,"column":36},"end":{"line":182,"column":38}},"27":{"start":{"line":183,"column":2},"end":{"line":183,"column":72}},"28":{"start":{"line":183,"column":29},"end":{"line":183,"column":72}},"29":{"start":{"line":184,"column":2},"end":{"line":184,"column":73}},"30":{"start":{"line":184,"column":29},"end":{"line":184,"column":73}},"31":{"start":{"line":185,"column":2},"end":{"line":185,"column":62}},"32":{"start":{"line":185,"column":29},"end":{"line":185,"column":62}},"33":{"start":{"line":186,"column":2},"end":{"line":186,"column":69}},"34":{"start":{"line":186,"column":36},"end":{"line":186,"column":69}},"35":{"start":{"line":188,"column":22},"end":{"line":188,"column":62}},"36":{"start":{"line":189,"column":2},"end":{"line":189,"column":54}},"37":{"start":{"line":189,"column":47},"end":{"line":189,"column":54}},"38":{"start":{"line":191,"column":16},"end":{"line":191,"column":18}},"39":{"start":{"line":192,"column":2},"end":{"line":194,"column":3}},"40":{"start":{"line":193,"column":4},"end":{"line":193,"column":70}},"41":{"start":{"line":195,"column":2},"end":{"line":199,"column":3}},"42":{"start":{"line":196,"column":4},"end":{"line":198,"column":52}},"43":{"start":{"line":201,"column":2},"end":{"line":205,"column":3}},"44":{"start":{"line":202,"column":18},"end":{"line":202,"column":36}},"45":{"start":{"line":203,"column":4},"end":{"line":203,"column":46}},"46":{"start":{"line":204,"column":4},"end":{"line":204,"column":16}},"47":{"start":{"line":207,"column":2},"end":{"line":207,"column":89}},"48":{"start":{"line":210,"column":0},"end":{"line":210,"column":38}},"49":{"start":{"line":212,"column":13},"end":{"line":212,"column":32}},"50":{"start":{"line":217,"column":13},"end":{"line":217,"column":60}},"51":{"start":{"line":222,"column":13},"end":{"line":222,"column":58}},"52":{"start":{"line":227,"column":13},"end":{"line":227,"column":46}},"53":{"start":{"line":232,"column":13},"end":{"line":232,"column":53}},"54":{"start":{"line":234,"column":13},"end":{"line":238,"column":2}},"55":{"start":{"line":240,"column":13},"end":{"line":240,"column":72}}},"fnMap":{"0":{"name":"(anonymous_0)","decl":{"start":{"line":25,"column":8},"end":{"line":25,"column":13}},"loc":{"start":{"line":25,"column":17},"end":{"line":25,"column":36}}},"1":{"name":"validateEnv","decl":{"start":{"line":149,"column":9},"end":{"line":149,"column":20}},"loc":{"start":{"line":149,"column":20},"end":{"line":171,"column":1}}},"2":{"name":"(anonymous_2)","decl":{"start":{"line":154,"column":43},"end":{"line":154,"column":48}},"loc":{"start":{"line":154,"column":52},"end":{"line":154,"column":95}}},"3":{"name":"(anonymous_3)","decl":{"start":{"line":157,"column":26},"end":{"line":157,"column":29}},"loc":{"start":{"line":157,"column":33},"end":{"line":157,"column":59}}},"4":{"name":"(anonymous_4)","decl":{"start":{"line":161,"column":15},"end":{"line":161,"column":18}},"loc":{"start":{"line":161,"column":22},"end":{"line":161,"column":34}}},"5":{"name":"ensureJwtSecretStrength","decl":{"start":{"line":179,"column":9},"end":{"line":179,"column":32}},"loc":{"start":{"line":179,"column":50},"end":{"line":208,"column":1}}}},"branchMap":{"0":{"loc":{"start":{"line":6,"column":2},"end":{"line":6,"column":77}},"type":"binary-expr","locations":[{"start":{"line":6,"column":2},"end":{"line":6,"column":33}},{"start":{"line":6,"column":37},"end":{"line":6,"column":77}}]},"1":{"loc":{"start":{"line":141,"column":18},"end":{"line":141,"column":67}},"type":"cond-expr","locations":[{"start":{"line":141,"column":38},"end":{"line":141,"column":51}},{"start":{"line":141,"column":54},"end":{"line":141,"column":67}}]},"2":{"loc":{"start":{"line":153,"column":4},"end":{"line":168,"column":5}},"type":"if","locations":[{"start":{"line":153,"column":4},"end":{"line":168,"column":5}}]},"3":{"loc":{"start":{"line":183,"column":2},"end":{"line":183,"column":72}},"type":"if","locations":[{"start":{"line":183,"column":2},"end":{"line":183,"column":72}}]},"4":{"loc":{"start":{"line":184,"column":2},"end":{"line":184,"column":73}},"type":"if","locations":[{"start":{"line":184,"column":2},"end":{"line":184,"column":73}}]},"5":{"loc":{"start":{"line":185,"column":2},"end":{"line":185,"column":62}},"type":"if","locations":[{"start":{"line":185,"column":2},"end":{"line":185,"column":62}}]},"6":{"loc":{"start":{"line":186,"column":2},"end":{"line":186,"column":69}},"type":"if","locations":[{"start":{"line":186,"column":2},"end":{"line":186,"column":69}}]},"7":{"loc":{"start":{"line":189,"column":2},"end":{"line":189,"column":54}},"type":"if","locations":[{"start":{"line":189,"column":2},"end":{"line":189,"column":54}}]},"8":{"loc":{"start":{"line":189,"column":6},"end":{"line":189,"column":45}},"type":"binary-expr","locations":[{"start":{"line":189,"column":6},"end":{"line":189,"column":29}},{"start":{"line":189,"column":33},"end":{"line":189,"column":45}}]},"9":{"loc":{"start":{"line":192,"column":2},"end":{"line":194,"column":3}},"type":"if","locations":[{"start":{"line":192,"column":2},"end":{"line":194,"column":3}}]},"10":{"loc":{"start":{"line":195,"column":2},"end":{"line":199,"column":3}},"type":"if","locations":[{"start":{"line":195,"column":2},"end":{"line":199,"column":3}}]},"11":{"loc":{"start":{"line":196,"column":14},"end":{"line":198,"column":51}},"type":"cond-expr","locations":[{"start":{"line":197,"column":8},"end":{"line":197,"column":55}},{"start":{"line":198,"column":8},"end":{"line":198,"column":51}}]},"12":{"loc":{"start":{"line":201,"column":2},"end":{"line":205,"column":3}},"type":"if","locations":[{"start":{"line":201,"column":2},"end":{"line":205,"column":3}}]}},"s":{"0":24,"1":24,"2":24,"3":24,"4":24,"5":24,"6":144,"7":24,"8":24,"9":24,"10":24,"11":24,"12":0,"13":0,"14":0,"15":0,"16":0,"17":0,"18":0,"19":0,"20":0,"21":0,"22":0,"23":24,"24":24,"25":24,"26":24,"27":24,"28":0,"29":24,"30":24,"31":24,"32":18,"33":24,"34":0,"35":24,"36":24,"37":0,"38":24,"39":24,"40":24,"41":24,"42":6,"43":24,"44":0,"45":0,"46":0,"47":24,"48":24,"49":24,"50":24,"51":24,"52":24,"53":24,"54":24,"55":24},"f":{"0":144,"1":24,"2":0,"3":0,"4":0,"5":24},"b":{"0":[24,0],"1":[24,0],"2":[0],"3":[0],"4":[24],"5":[18],"6":[0],"7":[0],"8":[24,0],"9":[24],"10":[6],"11":[6,0],"12":[0]}}
,"/workspaces/nimbus-cannabis-mobile/backend/src/firebaseAdmin.ts": {"path":"/workspaces/nimbus-cannabis-mobile/backend/src/firebaseAdmin.ts","statementMap":{"0":{"start":{"line":29,"column":0},"end":{"line":29,"column":16}},"1":{"start":{"line":49,"column":0},"end":{"line":49,"column":16}},"2":{"start":{"line":55,"column":0},"end":{"line":55,"column":16}},"3":{"start":{"line":2,"column":0},"end":{"line":2,"column":7}},"4":{"start":{"line":60,"column":9},"end":{"line":2,"column":35}},"5":{"start":{"line":4,"column":0},"end":{"line":4,"column":28}},"6":{"start":{"line":7,"column":32},"end":{"line":7,"column":36}},"7":{"start":{"line":10,"column":2},"end":{"line":10,"column":77}},"8":{"start":{"line":13,"column":14},"end":{"line":13,"column":49}},"9":{"start":{"line":14,"column":2},"end":{"line":14,"column":71}},"10":{"start":{"line":14,"column":12},"end":{"line":14,"column":71}},"11":{"start":{"line":16,"column":15},"end":{"line":16,"column":58}},"12":{"start":{"line":17,"column":14},"end":{"line":17,"column":30}},"13":{"start":{"line":19,"column":2},"end":{"line":24,"column":3}},"14":{"start":{"line":23,"column":4},"end":{"line":23,"column":70}},"15":{"start":{"line":25,"column":2},"end":{"line":25,"column":37}},"16":{"start":{"line":30,"column":2},"end":{"line":30,"column":22}},"17":{"start":{"line":30,"column":11},"end":{"line":30,"column":22}},"18":{"start":{"line":31,"column":2},"end":{"line":34,"column":3}},"19":{"start":{"line":32,"column":4},"end":{"line":32,"column":22}},"20":{"start":{"line":33,"column":4},"end":{"line":33,"column":15}},"21":{"start":{"line":38,"column":2},"end":{"line":41,"column":3}},"22":{"start":{"line":39,"column":4},"end":{"line":39,"column":32}},"23":{"start":{"line":40,"column":4},"end":{"line":40,"column":15}},"24":{"start":{"line":43,"column":15},"end":{"line":43,"column":61}},"25":{"start":{"line":44,"column":2},"end":{"line":44,"column":50}},"26":{"start":{"line":45,"column":2},"end":{"line":45,"column":13}},"27":{"start":{"line":50,"column":2},"end":{"line":50,"column":41}},"28":{"start":{"line":50,"column":26},"end":{"line":50,"column":41}},"29":{"start":{"line":51,"column":2},"end":{"line":51,"column":15}},"30":{"start":{"line":56,"column":2},"end":{"line":56,"column":32}},"31":{"start":{"line":63,"column":22},"end":{"line":63,"column":69}},"32":{"start":{"line":64,"column":0},"end":{"line":64,"column":29}}},"fnMap":{"0":{"name":"serviceAccountFromEnv","decl":{"start":{"line":12,"column":9},"end":{"line":12,"column":30}},"loc":{"start":{"line":12,"column":30},"end":{"line":26,"column":1}}},"1":{"name":"initFirebase","decl":{"start":{"line":29,"column":16},"end":{"line":29,"column":28}},"loc":{"start":{"line":29,"column":28},"end":{"line":46,"column":1}}},"2":{"name":"getAdmin","decl":{"start":{"line":49,"column":16},"end":{"line":49,"column":24}},"loc":{"start":{"line":49,"column":24},"end":{"line":52,"column":1}}},"3":{"name":"getFirestore","decl":{"start":{"line":55,"column":16},"end":{"line":55,"column":28}},"loc":{"start":{"line":55,"column":28},"end":{"line":57,"column":1}}}},"branchMap":{"0":{"loc":{"start":{"line":10,"column":2},"end":{"line":10,"column":77}},"type":"binary-expr","locations":[{"start":{"line":10,"column":2},"end":{"line":10,"column":33}},{"start":{"line":10,"column":37},"end":{"line":10,"column":77}}]},"1":{"loc":{"start":{"line":14,"column":2},"end":{"line":14,"column":71}},"type":"if","locations":[{"start":{"line":14,"column":2},"end":{"line":14,"column":71}}]},"2":{"loc":{"start":{"line":19,"column":2},"end":{"line":24,"column":3}},"type":"if","locations":[{"start":{"line":19,"column":2},"end":{"line":24,"column":3}}]},"3":{"loc":{"start":{"line":20,"column":4},"end":{"line":21,"column":59}},"type":"binary-expr","locations":[{"start":{"line":20,"column":4},"end":{"line":20,"column":48}},{"start":{"line":21,"column":4},"end":{"line":21,"column":59}}]},"4":{"loc":{"start":{"line":30,"column":2},"end":{"line":30,"column":22}},"type":"if","locations":[{"start":{"line":30,"column":2},"end":{"line":30,"column":22}}]},"5":{"loc":{"start":{"line":31,"column":2},"end":{"line":34,"column":3}},"type":"if","locations":[{"start":{"line":31,"column":2},"end":{"line":34,"column":3}}]},"6":{"loc":{"start":{"line":38,"column":2},"end":{"line":41,"column":3}},"type":"if","locations":[{"start":{"line":38,"column":2},"end":{"line":41,"column":3}}]},"7":{"loc":{"start":{"line":50,"column":2},"end":{"line":50,"column":41}},"type":"if","locations":[{"start":{"line":50,"column":2},"end":{"line":50,"column":41}}]}},"s":{"0":23,"1":23,"2":23,"3":23,"4":23,"5":23,"6":23,"7":23,"8":0,"9":0,"10":0,"11":0,"12":0,"13":0,"14":0,"15":0,"16":0,"17":0,"18":0,"19":0,"20":0,"21":0,"22":0,"23":0,"24":0,"25":0,"26":0,"27":0,"28":0,"29":0,"30":0,"31":23,"32":23},"f":{"0":0,"1":0,"2":0,"3":0},"b":{"0":[23,0],"1":[0],"2":[0],"3":[0,0],"4":[0],"5":[0],"6":[0],"7":[0]}}
,"/workspaces/nimbus-cannabis-mobile/backend/src/index.ts": {"path":"/workspaces/nimbus-cannabis-mobile/backend/src/index.ts","statementMap":{"0":{"start":{"line":1,"column":0},"end":{"line":1,"column":23}},"1":{"start":{"line":4,"column":0},"end":{"line":4,"column":24}},"2":{"start":{"line":6,"column":0},"end":{"line":6,"column":24}},"3":{"start":{"line":7,"column":0},"end":{"line":7,"column":28}},"4":{"start":{"line":8,"column":0},"end":{"line":8,"column":40}},"5":{"start":{"line":10,"column":13},"end":{"line":10,"column":35}},"6":{"start":{"line":11,"column":15},"end":{"line":12,"column":null}},"7":{"start":{"line":12,"column":2},"end":{"line":12,"column":64}},"8":{"start":{"line":16,"column":2},"end":{"line":16,"column":48}},"9":{"start":{"line":17,"column":2},"end":{"line":24,"column":5}},"10":{"start":{"line":18,"column":4},"end":{"line":21,"column":5}},"11":{"start":{"line":19,"column":6},"end":{"line":19,"column":61}},"12":{"start":{"line":20,"column":6},"end":{"line":20,"column":22}},"13":{"start":{"line":22,"column":4},"end":{"line":22,"column":37}},"14":{"start":{"line":23,"column":4},"end":{"line":23,"column":20}},"15":{"start":{"line":26,"column":12},"end":{"line":29,"column":12}},"16":{"start":{"line":27,"column":4},"end":{"line":27,"column":36}},"17":{"start":{"line":28,"column":4},"end":{"line":28,"column":20}},"18":{"start":{"line":30,"column":3},"end":{"line":30,"column":23}},"19":{"start":{"line":32,"column":0},"end":{"line":32,"column":82}},"20":{"start":{"line":32,"column":37},"end":{"line":32,"column":80}},"21":{"start":{"line":32,"column":66},"end":{"line":32,"column":79}}},"fnMap":{"0":{"name":"(anonymous_1)","decl":{"start":{"line":11,"column":43},"end":{"line":11,"column":46}},"loc":{"start":{"line":12,"column":2},"end":{"line":12,"column":64}}},"1":{"name":"shutdown","decl":{"start":{"line":15,"column":9},"end":{"line":15,"column":17}},"loc":{"start":{"line":15,"column":32},"end":{"line":31,"column":1}}},"2":{"name":"(anonymous_3)","decl":{"start":{"line":17,"column":15},"end":{"line":17,"column":18}},"loc":{"start":{"line":17,"column":21},"end":{"line":24,"column":3}}},"3":{"name":"(anonymous_4)","decl":{"start":{"line":26,"column":23},"end":{"line":26,"column":26}},"loc":{"start":{"line":26,"column":28},"end":{"line":29,"column":3}}},"4":{"name":"(anonymous_5)","decl":{"start":{"line":32,"column":30},"end":{"line":32,"column":33}},"loc":{"start":{"line":32,"column":37},"end":{"line":32,"column":80}}},"5":{"name":"(anonymous_6)","decl":{"start":{"line":32,"column":60},"end":{"line":32,"column":63}},"loc":{"start":{"line":32,"column":66},"end":{"line":32,"column":79}}}},"branchMap":{"0":{"loc":{"start":{"line":18,"column":4},"end":{"line":21,"column":5}},"type":"if","locations":[{"start":{"line":18,"column":4},"end":{"line":21,"column":5}}]}},"s":{"0":0,"1":0,"2":0,"3":0,"4":0,"5":0,"6":0,"7":0,"8":0,"9":0,"10":0,"11":0,"12":0,"13":0,"14":0,"15":0,"16":0,"17":0,"18":0,"19":0,"20":0,"21":0},"f":{"0":0,"1":0,"2":0,"3":0,"4":0,"5":0},"b":{"0":[0]}}
,"/workspaces/nimbus-cannabis-mobile/backend/src/prismaClient.ts": {"path":"/workspaces/nimbus-cannabis-mobile/backend/src/prismaClient.ts","statementMap":{"0":{"start":{"line":1,"column":0},"end":{"line":1,"column":46}},"1":{"start":{"line":2,"column":0},"end":{"line":2,"column":28}},"2":{"start":{"line":5,"column":2},"end":{"line":5,"column":73}},"3":{"start":{"line":10,"column":42},"end":{"line":10,"column":46}},"4":{"start":{"line":13,"column":2},"end":{"line":21,"column":3}},"5":{"start":{"line":15,"column":4},"end":{"line":19,"column":5}},"6":{"start":{"line":16,"column":6},"end":{"line":18,"column":8}},"7":{"start":{"line":20,"column":4},"end":{"line":20,"column":40}},"8":{"start":{"line":22,"column":2},"end":{"line":22,"column":24}},"9":{"start":{"line":31,"column":0},"end":{"line":38,"column":1}},"10":{"start":{"line":32,"column":2},"end":{"line":37,"column":3}},"11":{"start":{"line":34,"column":4},"end":{"line":34,"column":71}},"12":{"start":{"line":36,"column":4},"end":{"line":36,"column":31}},"13":{"start":{"line":40,"column":13},"end":{"line":47,"column":26}},"14":{"start":{"line":44,"column":21},"end":{"line":44,"column":40}},"15":{"start":{"line":45,"column":6},"end":{"line":45,"column":26}}},"fnMap":{"0":{"name":"isTestEnvironment","decl":{"start":{"line":4,"column":9},"end":{"line":4,"column":26}},"loc":{"start":{"line":4,"column":26},"end":{"line":6,"column":1}}},"1":{"name":"getPrismaInstance","decl":{"start":{"line":12,"column":9},"end":{"line":12,"column":26}},"loc":{"start":{"line":12,"column":26},"end":{"line":23,"column":1}}},"2":{"name":"(anonymous_2)","decl":{"start":{"line":43,"column":4},"end":{"line":43,"column":7}},"loc":{"start":{"line":43,"column":72},"end":{"line":46,"column":5}}}},"branchMap":{"0":{"loc":{"start":{"line":5,"column":9},"end":{"line":5,"column":72}},"type":"binary-expr","locations":[{"start":{"line":5,"column":9},"end":{"line":5,"column":40}},{"start":{"line":5,"column":44},"end":{"line":5,"column":72}}]},"1":{"loc":{"start":{"line":13,"column":2},"end":{"line":21,"column":3}},"type":"if","locations":[{"start":{"line":13,"column":2},"end":{"line":21,"column":3}}]},"2":{"loc":{"start":{"line":15,"column":4},"end":{"line":19,"column":5}},"type":"if","locations":[{"start":{"line":15,"column":4},"end":{"line":19,"column":5}}]},"3":{"loc":{"start":{"line":31,"column":0},"end":{"line":38,"column":1}},"type":"if","locations":[{"start":{"line":31,"column":0},"end":{"line":38,"column":1}}]},"4":{"loc":{"start":{"line":41,"column":3},"end":{"line":47,"column":25}},"type":"binary-expr","locations":[{"start":{"line":41,"column":3},"end":{"line":41,"column":38}},{"start":{"line":42,"column":3},"end":{"line":47,"column":25}}]}},"s":{"0":1,"1":1,"2":1,"3":1,"4":0,"5":0,"6":0,"7":0,"8":0,"9":1,"10":1,"11":1,"12":0,"13":1,"14":0,"15":0},"f":{"0":1,"1":0,"2":0},"b":{"0":[1,0],"1":[0],"2":[0],"3":[1],"4":[1,0]}}
,"/workspaces/nimbus-cannabis-mobile/backend/src/__tests__/middleware/security.test.ts": {"path":"/workspaces/nimbus-cannabis-mobile/backend/src/__tests__/middleware/security.test.ts","statementMap":{"0":{"start":{"line":14,"column":0},"end":{"line":20,"column":4}},"1":{"start":{"line":14,"column":39},"end":{"line":20,"column":2}},"2":{"start":{"line":1,"column":0},"end":{"line":1,"column":32}},"3":{"start":{"line":2,"column":0},"end":{"line":2,"column":30}},"4":{"start":{"line":3,"column":0},"end":{"line":3,"column":null}},"5":{"start":{"line":22,"column":0},"end":{"line":340,"column":3}},"6":{"start":{"line":25,"column":2},"end":{"line":28,"column":5}},"7":{"start":{"line":26,"column":4},"end":{"line":26,"column":20}},"8":{"start":{"line":27,"column":4},"end":{"line":27,"column":25}},"9":{"start":{"line":30,"column":2},"end":{"line":55,"column":5}},"10":{"start":{"line":31,"column":4},"end":{"line":43,"column":7}},"11":{"start":{"line":32,"column":6},"end":{"line":32,"column":33}},"12":{"start":{"line":33,"column":6},"end":{"line":33,"column":63}},"13":{"start":{"line":33,"column":37},"end":{"line":33,"column":61}},"14":{"start":{"line":35,"column":23},"end":{"line":35,"column":54}},"15":{"start":{"line":37,"column":6},"end":{"line":37,"column":63}},"16":{"start":{"line":38,"column":6},"end":{"line":38,"column":73}},"17":{"start":{"line":39,"column":6},"end":{"line":39,"column":73}},"18":{"start":{"line":40,"column":6},"end":{"line":40,"column":90}},"19":{"start":{"line":41,"column":6},"end":{"line":41,"column":81}},"20":{"start":{"line":42,"column":6},"end":{"line":42,"column":63}},"21":{"start":{"line":45,"column":4},"end":{"line":54,"column":7}},"22":{"start":{"line":46,"column":6},"end":{"line":46,"column":33}},"23":{"start":{"line":47,"column":6},"end":{"line":47,"column":63}},"24":{"start":{"line":47,"column":37},"end":{"line":47,"column":61}},"25":{"start":{"line":49,"column":23},"end":{"line":49,"column":88}},"26":{"start":{"line":51,"column":6},"end":{"line":53,"column":8}},"27":{"start":{"line":57,"column":2},"end":{"line":118,"column":5}},"28":{"start":{"line":58,"column":4},"end":{"line":61,"column":7}},"29":{"start":{"line":59,"column":6},"end":{"line":59,"column":30}},"30":{"start":{"line":60,"column":6},"end":{"line":60,"column":31}},"31":{"start":{"line":63,"column":4},"end":{"line":74,"column":7}},"32":{"start":{"line":64,"column":6},"end":{"line":66,"column":9}},"33":{"start":{"line":65,"column":8},"end":{"line":65,"column":39}},"34":{"start":{"line":68,"column":23},"end":{"line":69,"column":null}},"35":{"start":{"line":72,"column":6},"end":{"line":72,"column":65}},"36":{"start":{"line":73,"column":6},"end":{"line":73,"column":65}},"37":{"start":{"line":76,"column":4},"end":{"line":88,"column":7}},"38":{"start":{"line":77,"column":6},"end":{"line":79,"column":9}},"39":{"start":{"line":78,"column":8},"end":{"line":78,"column":37}},"40":{"start":{"line":81,"column":23},"end":{"line":84,"column":8}},"41":{"start":{"line":86,"column":6},"end":{"line":86,"column":67}},"42":{"start":{"line":87,"column":6},"end":{"line":87,"column":55}},"43":{"start":{"line":90,"column":4},"end":{"line":106,"column":7}},"44":{"start":{"line":91,"column":6},"end":{"line":93,"column":9}},"45":{"start":{"line":92,"column":8},"end":{"line":92,"column":37}},"46":{"start":{"line":95,"column":23},"end":{"line":103,"column":10}},"47":{"start":{"line":105,"column":6},"end":{"line":105,"column":76}},"48":{"start":{"line":108,"column":4},"end":{"line":117,"column":7}},"49":{"start":{"line":109,"column":6},"end":{"line":111,"column":9}},"50":{"start":{"line":110,"column":8},"end":{"line":110,"column":37}},"51":{"start":{"line":113,"column":25},"end":{"line":113,"column":41}},"52":{"start":{"line":114,"column":23},"end":{"line":114,"column":82}},"53":{"start":{"line":116,"column":6},"end":{"line":116,"column":56}},"54":{"start":{"line":120,"column":2},"end":{"line":143,"column":5}},"55":{"start":{"line":121,"column":4},"end":{"line":132,"column":7}},"56":{"start":{"line":122,"column":6},"end":{"line":122,"column":37}},"57":{"start":{"line":123,"column":6},"end":{"line":123,"column":62}},"58":{"start":{"line":123,"column":38},"end":{"line":123,"column":60}},"59":{"start":{"line":125,"column":23},"end":{"line":128,"column":31}},"60":{"start":{"line":130,"column":6},"end":{"line":130,"column":40}},"61":{"start":{"line":131,"column":6},"end":{"line":131,"column":60}},"62":{"start":{"line":134,"column":4},"end":{"line":142,"column":7}},"63":{"start":{"line":135,"column":6},"end":{"line":135,"column":38}},"64":{"start":{"line":136,"column":6},"end":{"line":136,"column":30}},"65":{"start":{"line":137,"column":6},"end":{"line":137,"column":62}},"66":{"start":{"line":137,"column":38},"end":{"line":137,"column":60}},"67":{"start":{"line":139,"column":23},"end":{"line":139,"column":87}},"68":{"start":{"line":141,"column":6},"end":{"line":141,"column":40}},"69":{"start":{"line":145,"column":2},"end":{"line":196,"column":5}},"70":{"start":{"line":146,"column":4},"end":{"line":149,"column":7}},"71":{"start":{"line":147,"column":6},"end":{"line":147,"column":30}},"72":{"start":{"line":148,"column":6},"end":{"line":148,"column":45}},"73":{"start":{"line":151,"column":4},"end":{"line":158,"column":7}},"74":{"start":{"line":152,"column":6},"end":{"line":152,"column":61}},"75":{"start":{"line":152,"column":37},"end":{"line":152,"column":59}},"76":{"start":{"line":154,"column":23},"end":{"line":154,"column":78}},"77":{"start":{"line":156,"column":6},"end":{"line":156,"column":40}},"78":{"start":{"line":157,"column":6},"end":{"line":157,"column":54}},"79":{"start":{"line":160,"column":4},"end":{"line":169,"column":7}},"80":{"start":{"line":161,"column":6},"end":{"line":161,"column":62}},"81":{"start":{"line":161,"column":38},"end":{"line":161,"column":60}},"82":{"start":{"line":163,"column":23},"end":{"line":165,"column":59}},"83":{"start":{"line":167,"column":6},"end":{"line":167,"column":40}},"84":{"start":{"line":168,"column":6},"end":{"line":168,"column":67}},"85":{"start":{"line":171,"column":4},"end":{"line":177,"column":7}},"86":{"start":{"line":172,"column":6},"end":{"line":172,"column":61}},"87":{"start":{"line":172,"column":37},"end":{"line":172,"column":59}},"88":{"start":{"line":174,"column":23},"end":{"line":174,"column":76}},"89":{"start":{"line":176,"column":6},"end":{"line":176,"column":40}},"90":{"start":{"line":179,"column":4},"end":{"line":185,"column":7}},"91":{"start":{"line":180,"column":6},"end":{"line":180,"column":62}},"92":{"start":{"line":180,"column":38},"end":{"line":180,"column":60}},"93":{"start":{"line":182,"column":23},"end":{"line":182,"column":95}},"94":{"start":{"line":184,"column":6},"end":{"line":184,"column":40}},"95":{"start":{"line":187,"column":4},"end":{"line":195,"column":7}},"96":{"start":{"line":188,"column":6},"end":{"line":188,"column":62}},"97":{"start":{"line":188,"column":38},"end":{"line":188,"column":60}},"98":{"start":{"line":190,"column":23},"end":{"line":192,"column":62}},"99":{"start":{"line":194,"column":6},"end":{"line":194,"column":40}},"100":{"start":{"line":198,"column":2},"end":{"line":236,"column":5}},"101":{"start":{"line":199,"column":4},"end":{"line":206,"column":7}},"102":{"start":{"line":200,"column":6},"end":{"line":200,"column":32}},"103":{"start":{"line":201,"column":6},"end":{"line":201,"column":61}},"104":{"start":{"line":201,"column":37},"end":{"line":201,"column":59}},"105":{"start":{"line":203,"column":23},"end":{"line":203,"column":54}},"106":{"start":{"line":205,"column":6},"end":{"line":205,"column":40}},"107":{"start":{"line":208,"column":4},"end":{"line":216,"column":7}},"108":{"start":{"line":209,"column":6},"end":{"line":209,"column":49}},"109":{"start":{"line":210,"column":6},"end":{"line":210,"column":61}},"110":{"start":{"line":210,"column":37},"end":{"line":210,"column":59}},"111":{"start":{"line":212,"column":23},"end":{"line":212,"column":54}},"112":{"start":{"line":214,"column":6},"end":{"line":214,"column":40}},"113":{"start":{"line":215,"column":6},"end":{"line":215,"column":61}},"114":{"start":{"line":218,"column":4},"end":{"line":225,"column":7}},"115":{"start":{"line":219,"column":6},"end":{"line":219,"column":49}},"116":{"start":{"line":220,"column":6},"end":{"line":220,"column":61}},"117":{"start":{"line":220,"column":37},"end":{"line":220,"column":59}},"118":{"start":{"line":222,"column":23},"end":{"line":222,"column":88}},"119":{"start":{"line":224,"column":6},"end":{"line":224,"column":40}},"120":{"start":{"line":227,"column":4},"end":{"line":235,"column":7}},"121":{"start":{"line":228,"column":6},"end":{"line":228,"column":49}},"122":{"start":{"line":229,"column":6},"end":{"line":229,"column":61}},"123":{"start":{"line":229,"column":37},"end":{"line":229,"column":59}},"124":{"start":{"line":231,"column":23},"end":{"line":231,"column":86}},"125":{"start":{"line":233,"column":6},"end":{"line":233,"column":40}},"126":{"start":{"line":234,"column":6},"end":{"line":234,"column":60}},"127":{"start":{"line":238,"column":2},"end":{"line":266,"column":5}},"128":{"start":{"line":239,"column":4},"end":{"line":246,"column":7}},"129":{"start":{"line":240,"column":6},"end":{"line":240,"column":30}},"130":{"start":{"line":241,"column":6},"end":{"line":241,"column":61}},"131":{"start":{"line":241,"column":37},"end":{"line":241,"column":59}},"132":{"start":{"line":243,"column":23},"end":{"line":243,"column":88}},"133":{"start":{"line":245,"column":6},"end":{"line":245,"column":40}},"134":{"start":{"line":248,"column":4},"end":{"line":256,"column":7}},"135":{"start":{"line":249,"column":6},"end":{"line":249,"column":53}},"136":{"start":{"line":250,"column":6},"end":{"line":250,"column":61}},"137":{"start":{"line":250,"column":37},"end":{"line":250,"column":59}},"138":{"start":{"line":252,"column":23},"end":{"line":252,"column":88}},"139":{"start":{"line":254,"column":6},"end":{"line":254,"column":40}},"140":{"start":{"line":255,"column":6},"end":{"line":255,"column":63}},"141":{"start":{"line":258,"column":4},"end":{"line":265,"column":7}},"142":{"start":{"line":259,"column":6},"end":{"line":259,"column":53}},"143":{"start":{"line":260,"column":6},"end":{"line":260,"column":61}},"144":{"start":{"line":260,"column":37},"end":{"line":260,"column":59}},"145":{"start":{"line":262,"column":23},"end":{"line":262,"column":91}},"146":{"start":{"line":264,"column":6},"end":{"line":264,"column":40}},"147":{"start":{"line":268,"column":2},"end":{"line":296,"column":5}},"148":{"start":{"line":269,"column":4},"end":{"line":284,"column":7}},"149":{"start":{"line":270,"column":25},"end":{"line":270,"column":54}},"150":{"start":{"line":272,"column":6},"end":{"line":272,"column":32}},"151":{"start":{"line":273,"column":6},"end":{"line":273,"column":67}},"152":{"start":{"line":273,"column":43},"end":{"line":273,"column":65}},"153":{"start":{"line":275,"column":6},"end":{"line":275,"column":44}},"154":{"start":{"line":277,"column":6},"end":{"line":283,"column":8}},"155":{"start":{"line":286,"column":4},"end":{"line":295,"column":7}},"156":{"start":{"line":287,"column":25},"end":{"line":287,"column":54}},"157":{"start":{"line":289,"column":6},"end":{"line":289,"column":32}},"158":{"start":{"line":290,"column":6},"end":{"line":290,"column":68}},"159":{"start":{"line":290,"column":44},"end":{"line":290,"column":66}},"160":{"start":{"line":292,"column":6},"end":{"line":292,"column":45}},"161":{"start":{"line":294,"column":6},"end":{"line":294,"column":49}},"162":{"start":{"line":298,"column":2},"end":{"line":339,"column":5}},"163":{"start":{"line":299,"column":4},"end":{"line":318,"column":7}},"164":{"start":{"line":300,"column":6},"end":{"line":300,"column":33}},"165":{"start":{"line":301,"column":6},"end":{"line":301,"column":34}},"166":{"start":{"line":302,"column":6},"end":{"line":302,"column":30}},"167":{"start":{"line":303,"column":6},"end":{"line":303,"column":31}},"168":{"start":{"line":304,"column":6},"end":{"line":304,"column":45}},"169":{"start":{"line":305,"column":6},"end":{"line":305,"column":32}},"170":{"start":{"line":307,"column":6},"end":{"line":309,"column":9}},"171":{"start":{"line":308,"column":8},"end":{"line":308,"column":59}},"172":{"start":{"line":311,"column":23},"end":{"line":313,"column":71}},"173":{"start":{"line":315,"column":6},"end":{"line":315,"column":40}},"174":{"start":{"line":316,"column":6},"end":{"line":316,"column":63}},"175":{"start":{"line":317,"column":6},"end":{"line":317,"column":55}},"176":{"start":{"line":320,"column":4},"end":{"line":338,"column":7}},"177":{"start":{"line":322,"column":6},"end":{"line":322,"column":33}},"178":{"start":{"line":323,"column":6},"end":{"line":329,"column":9}},"179":{"start":{"line":325,"column":8},"end":{"line":327,"column":9}},"180":{"start":{"line":326,"column":10},"end":{"line":326,"column":40}},"181":{"start":{"line":328,"column":8},"end":{"line":328,"column":15}},"182":{"start":{"line":330,"column":6},"end":{"line":330,"column":31}},"183":{"start":{"line":332,"column":6},"end":{"line":332,"column":61}},"184":{"start":{"line":332,"column":37},"end":{"line":332,"column":59}},"185":{"start":{"line":334,"column":23},"end":{"line":334,"column":64}},"186":{"start":{"line":336,"column":6},"end":{"line":336,"column":40}},"187":{"start":{"line":337,"column":6},"end":{"line":337,"column":63}}},"fnMap":{"0":{"name":"(anonymous_1)","decl":{"start":{"line":14,"column":32},"end":{"line":14,"column":35}},"loc":{"start":{"line":14,"column":39},"end":{"line":20,"column":2}}},"1":{"name":"(anonymous_2)","decl":{"start":{"line":22,"column":32},"end":{"line":22,"column":35}},"loc":{"start":{"line":22,"column":37},"end":{"line":340,"column":1}}},"2":{"name":"(anonymous_3)","decl":{"start":{"line":25,"column":13},"end":{"line":25,"column":16}},"loc":{"start":{"line":25,"column":18},"end":{"line":28,"column":3}}},"3":{"name":"(anonymous_4)","decl":{"start":{"line":30,"column":41},"end":{"line":30,"column":44}},"loc":{"start":{"line":30,"column":46},"end":{"line":55,"column":3}}},"4":{"name":"(anonymous_5)","decl":{"start":{"line":31,"column":51},"end":{"line":31,"column":56}},"loc":{"start":{"line":31,"column":62},"end":{"line":43,"column":5}}},"5":{"name":"(anonymous_6)","decl":{"start":{"line":33,"column":23},"end":{"line":33,"column":24}},"loc":{"start":{"line":33,"column":37},"end":{"line":33,"column":61}}},"6":{"name":"(anonymous_7)","decl":{"start":{"line":45,"column":52},"end":{"line":45,"column":57}},"loc":{"start":{"line":45,"column":63},"end":{"line":54,"column":5}}},"7":{"name":"(anonymous_8)","decl":{"start":{"line":47,"column":23},"end":{"line":47,"column":24}},"loc":{"start":{"line":47,"column":37},"end":{"line":47,"column":61}}},"8":{"name":"(anonymous_9)","decl":{"start":{"line":57,"column":39},"end":{"line":57,"column":42}},"loc":{"start":{"line":57,"column":44},"end":{"line":118,"column":3}}},"9":{"name":"(anonymous_10)","decl":{"start":{"line":58,"column":15},"end":{"line":58,"column":18}},"loc":{"start":{"line":58,"column":20},"end":{"line":61,"column":5}}},"10":{"name":"(anonymous_11)","decl":{"start":{"line":63,"column":43},"end":{"line":63,"column":48}},"loc":{"start":{"line":63,"column":54},"end":{"line":74,"column":5}}},"11":{"name":"(anonymous_12)","decl":{"start":{"line":64,"column":23},"end":{"line":64,"column":24}},"loc":{"start":{"line":64,"column":36},"end":{"line":66,"column":7}}},"12":{"name":"(anonymous_13)","decl":{"start":{"line":76,"column":39},"end":{"line":76,"column":44}},"loc":{"start":{"line":76,"column":50},"end":{"line":88,"column":5}}},"13":{"name":"(anonymous_14)","decl":{"start":{"line":77,"column":24},"end":{"line":77,"column":25}},"loc":{"start":{"line":77,"column":37},"end":{"line":79,"column":7}}},"14":{"name":"(anonymous_15)","decl":{"start":{"line":90,"column":39},"end":{"line":90,"column":44}},"loc":{"start":{"line":90,"column":50},"end":{"line":106,"column":5}}},"15":{"name":"(anonymous_16)","decl":{"start":{"line":91,"column":24},"end":{"line":91,"column":25}},"loc":{"start":{"line":91,"column":37},"end":{"line":93,"column":7}}},"16":{"name":"(anonymous_17)","decl":{"start":{"line":108,"column":37},"end":{"line":108,"column":42}},"loc":{"start":{"line":108,"column":48},"end":{"line":117,"column":5}}},"17":{"name":"(anonymous_18)","decl":{"start":{"line":109,"column":24},"end":{"line":109,"column":25}},"loc":{"start":{"line":109,"column":37},"end":{"line":111,"column":7}}},"18":{"name":"(anonymous_19)","decl":{"start":{"line":120,"column":42},"end":{"line":120,"column":45}},"loc":{"start":{"line":120,"column":47},"end":{"line":143,"column":3}}},"19":{"name":"(anonymous_20)","decl":{"start":{"line":121,"column":54},"end":{"line":121,"column":59}},"loc":{"start":{"line":121,"column":65},"end":{"line":132,"column":5}}},"20":{"name":"(anonymous_21)","decl":{"start":{"line":123,"column":24},"end":{"line":123,"column":25}},"loc":{"start":{"line":123,"column":38},"end":{"line":123,"column":60}}},"21":{"name":"(anonymous_22)","decl":{"start":{"line":134,"column":50},"end":{"line":134,"column":55}},"loc":{"start":{"line":134,"column":61},"end":{"line":142,"column":5}}},"22":{"name":"(anonymous_23)","decl":{"start":{"line":137,"column":24},"end":{"line":137,"column":25}},"loc":{"start":{"line":137,"column":38},"end":{"line":137,"column":60}}},"23":{"name":"(anonymous_24)","decl":{"start":{"line":145,"column":53},"end":{"line":145,"column":56}},"loc":{"start":{"line":145,"column":58},"end":{"line":196,"column":3}}},"24":{"name":"(anonymous_25)","decl":{"start":{"line":146,"column":15},"end":{"line":146,"column":18}},"loc":{"start":{"line":146,"column":20},"end":{"line":149,"column":5}}},"25":{"name":"(anonymous_26)","decl":{"start":{"line":151,"column":46},"end":{"line":151,"column":51}},"loc":{"start":{"line":151,"column":57},"end":{"line":158,"column":5}}},"26":{"name":"(anonymous_27)","decl":{"start":{"line":152,"column":23},"end":{"line":152,"column":24}},"loc":{"start":{"line":152,"column":37},"end":{"line":152,"column":59}}},"27":{"name":"(anonymous_28)","decl":{"start":{"line":160,"column":36},"end":{"line":160,"column":41}},"loc":{"start":{"line":160,"column":47},"end":{"line":169,"column":5}}},"28":{"name":"(anonymous_29)","decl":{"start":{"line":161,"column":24},"end":{"line":161,"column":25}},"loc":{"start":{"line":161,"column":38},"end":{"line":161,"column":60}}},"29":{"name":"(anonymous_30)","decl":{"start":{"line":171,"column":47},"end":{"line":171,"column":52}},"loc":{"start":{"line":171,"column":58},"end":{"line":177,"column":5}}},"30":{"name":"(anonymous_31)","decl":{"start":{"line":172,"column":23},"end":{"line":172,"column":24}},"loc":{"start":{"line":172,"column":37},"end":{"line":172,"column":59}}},"31":{"name":"(anonymous_32)","decl":{"start":{"line":179,"column":50},"end":{"line":179,"column":55}},"loc":{"start":{"line":179,"column":61},"end":{"line":185,"column":5}}},"32":{"name":"(anonymous_33)","decl":{"start":{"line":180,"column":24},"end":{"line":180,"column":25}},"loc":{"start":{"line":180,"column":38},"end":{"line":180,"column":60}}},"33":{"name":"(anonymous_34)","decl":{"start":{"line":187,"column":38},"end":{"line":187,"column":43}},"loc":{"start":{"line":187,"column":49},"end":{"line":195,"column":5}}},"34":{"name":"(anonymous_35)","decl":{"start":{"line":188,"column":24},"end":{"line":188,"column":25}},"loc":{"start":{"line":188,"column":38},"end":{"line":188,"column":60}}},"35":{"name":"(anonymous_36)","decl":{"start":{"line":198,"column":40},"end":{"line":198,"column":43}},"loc":{"start":{"line":198,"column":45},"end":{"line":236,"column":3}}},"36":{"name":"(anonymous_37)","decl":{"start":{"line":199,"column":64},"end":{"line":199,"column":69}},"loc":{"start":{"line":199,"column":75},"end":{"line":206,"column":5}}},"37":{"name":"(anonymous_38)","decl":{"start":{"line":201,"column":23},"end":{"line":201,"column":24}},"loc":{"start":{"line":201,"column":37},"end":{"line":201,"column":59}}},"38":{"name":"(anonymous_39)","decl":{"start":{"line":208,"column":58},"end":{"line":208,"column":63}},"loc":{"start":{"line":208,"column":69},"end":{"line":216,"column":5}}},"39":{"name":"(anonymous_40)","decl":{"start":{"line":210,"column":23},"end":{"line":210,"column":24}},"loc":{"start":{"line":210,"column":37},"end":{"line":210,"column":59}}},"40":{"name":"(anonymous_41)","decl":{"start":{"line":218,"column":38},"end":{"line":218,"column":43}},"loc":{"start":{"line":218,"column":49},"end":{"line":225,"column":5}}},"41":{"name":"(anonymous_42)","decl":{"start":{"line":220,"column":23},"end":{"line":220,"column":24}},"loc":{"start":{"line":220,"column":37},"end":{"line":220,"column":59}}},"42":{"name":"(anonymous_43)","decl":{"start":{"line":227,"column":40},"end":{"line":227,"column":45}},"loc":{"start":{"line":227,"column":51},"end":{"line":235,"column":5}}},"43":{"name":"(anonymous_44)","decl":{"start":{"line":229,"column":23},"end":{"line":229,"column":24}},"loc":{"start":{"line":229,"column":37},"end":{"line":229,"column":59}}},"44":{"name":"(anonymous_45)","decl":{"start":{"line":238,"column":38},"end":{"line":238,"column":41}},"loc":{"start":{"line":238,"column":43},"end":{"line":266,"column":3}}},"45":{"name":"(anonymous_46)","decl":{"start":{"line":239,"column":63},"end":{"line":239,"column":68}},"loc":{"start":{"line":239,"column":74},"end":{"line":246,"column":5}}},"46":{"name":"(anonymous_47)","decl":{"start":{"line":241,"column":23},"end":{"line":241,"column":24}},"loc":{"start":{"line":241,"column":37},"end":{"line":241,"column":59}}},"47":{"name":"(anonymous_48)","decl":{"start":{"line":248,"column":57},"end":{"line":248,"column":62}},"loc":{"start":{"line":248,"column":68},"end":{"line":256,"column":5}}},"48":{"name":"(anonymous_49)","decl":{"start":{"line":250,"column":23},"end":{"line":250,"column":24}},"loc":{"start":{"line":250,"column":37},"end":{"line":250,"column":59}}},"49":{"name":"(anonymous_50)","decl":{"start":{"line":258,"column":53},"end":{"line":258,"column":58}},"loc":{"start":{"line":258,"column":64},"end":{"line":265,"column":5}}},"50":{"name":"(anonymous_51)","decl":{"start":{"line":260,"column":23},"end":{"line":260,"column":24}},"loc":{"start":{"line":260,"column":37},"end":{"line":260,"column":59}}},"51":{"name":"(anonymous_52)","decl":{"start":{"line":268,"column":40},"end":{"line":268,"column":43}},"loc":{"start":{"line":268,"column":45},"end":{"line":296,"column":3}}},"52":{"name":"(anonymous_53)","decl":{"start":{"line":269,"column":51},"end":{"line":269,"column":56}},"loc":{"start":{"line":269,"column":62},"end":{"line":284,"column":5}}},"53":{"name":"(anonymous_54)","decl":{"start":{"line":273,"column":29},"end":{"line":273,"column":30}},"loc":{"start":{"line":273,"column":43},"end":{"line":273,"column":65}}},"54":{"name":"(anonymous_55)","decl":{"start":{"line":286,"column":59},"end":{"line":286,"column":64}},"loc":{"start":{"line":286,"column":70},"end":{"line":295,"column":5}}},"55":{"name":"(anonymous_56)","decl":{"start":{"line":290,"column":30},"end":{"line":290,"column":31}},"loc":{"start":{"line":290,"column":44},"end":{"line":290,"column":66}}},"56":{"name":"(anonymous_57)","decl":{"start":{"line":298,"column":37},"end":{"line":298,"column":40}},"loc":{"start":{"line":298,"column":42},"end":{"line":339,"column":3}}},"57":{"name":"(anonymous_58)","decl":{"start":{"line":299,"column":49},"end":{"line":299,"column":54}},"loc":{"start":{"line":299,"column":60},"end":{"line":318,"column":5}}},"58":{"name":"(anonymous_59)","decl":{"start":{"line":307,"column":24},"end":{"line":307,"column":25}},"loc":{"start":{"line":307,"column":37},"end":{"line":309,"column":7}}},"59":{"name":"(anonymous_60)","decl":{"start":{"line":320,"column":42},"end":{"line":320,"column":47}},"loc":{"start":{"line":320,"column":53},"end":{"line":338,"column":5}}},"60":{"name":"(anonymous_61)","decl":{"start":{"line":323,"column":14},"end":{"line":323,"column":15}},"loc":{"start":{"line":323,"column":33},"end":{"line":329,"column":7}}},"61":{"name":"(anonymous_62)","decl":{"start":{"line":332,"column":23},"end":{"line":332,"column":24}},"loc":{"start":{"line":332,"column":37},"end":{"line":332,"column":59}}}},"branchMap":{"0":{"loc":{"start":{"line":325,"column":8},"end":{"line":327,"column":9}},"type":"if","locations":[{"start":{"line":325,"column":8},"end":{"line":327,"column":9}}]}},"s":{"0":0,"1":0,"2":0,"3":0,"4":0,"5":0,"6":0,"7":0,"8":0,"9":0,"10":0,"11":0,"12":0,"13":0,"14":0,"15":0,"16":0,"17":0,"18":0,"19":0,"20":0,"21":0,"22":0,"23":0,"24":0,"25":0,"26":0,"27":0,"28":0,"29":0,"30":0,"31":0,"32":0,"33":0,"34":0,"35":0,"36":0,"37":0,"38":0,"39":0,"40":0,"41":0,"42":0,"43":0,"44":0,"45":0,"46":0,"47":0,"48":0,"49":0,"50":0,"51":0,"52":0,"53":0,"54":0,"55":0,"56":0,"57":0,"58":0,"59":0,"60":0,"61":0,"62":0,"63":0,"64":0,"65":0,"66":0,"67":0,"68":0,"69":0,"70":0,"71":0,"72":0,"73":0,"74":0,"75":0,"76":0,"77":0,"78":0,"79":0,"80":0,"81":0,"82":0,"83":0,"84":0,"85":0,"86":0,"87":0,"88":0,"89":0,"90":0,"91":0,"92":0,"93":0,"94":0,"95":0,"96":0,"97":0,"98":0,"99":0,"100":0,"101":0,"102":0,"103":0,"104":0,"105":0,"106":0,"107":0,"108":0,"109":0,"110":0,"111":0,"112":0,"113":0,"114":0,"115":0,"116":0,"117":0,"118":0,"119":0,"120":0,"121":0,"122":0,"123":0,"124":0,"125":0,"126":0,"127":0,"128":0,"129":0,"130":0,"131":0,"132":0,"133":0,"134":0,"135":0,"136":0,"137":0,"138":0,"139":0,"140":0,"141":0,"142":0,"143":0,"144":0,"145":0,"146":0,"147":0,"148":0,"149":0,"150":0,"151":0,"152":0,"153":0,"154":0,"155":0,"156":0,"157":0,"158":0,"159":0,"160":0,"161":0,"162":0,"163":0,"164":0,"165":0,"166":0,"167":0,"168":0,"169":0,"170":0,"171":0,"172":0,"173":0,"174":0,"175":0,"176":0,"177":0,"178":0,"179":0,"180":0,"181":0,"182":0,"183":0,"184":0,"185":0,"186":0,"187":0},"f":{"0":0,"1":0,"2":0,"3":0,"4":0,"5":0,"6":0,"7":0,"8":0,"9":0,"10":0,"11":0,"12":0,"13":0,"14":0,"15":0,"16":0,"17":0,"18":0,"19":0,"20":0,"21":0,"22":0,"23":0,"24":0,"25":0,"26":0,"27":0,"28":0,"29":0,"30":0,"31":0,"32":0,"33":0,"34":0,"35":0,"36":0,"37":0,"38":0,"39":0,"40":0,"41":0,"42":0,"43":0,"44":0,"45":0,"46":0,"47":0,"48":0,"49":0,"50":0,"51":0,"52":0,"53":0,"54":0,"55":0,"56":0,"57":0,"58":0,"59":0,"60":0,"61":0},"b":{"0":[0]}}
,"/workspaces/nimbus-cannabis-mobile/backend/src/__tests__/services/cacheService.test.ts": {"path":"/workspaces/nimbus-cannabis-mobile/backend/src/__tests__/services/cacheService.test.ts","statementMap":{"0":{"start":{"line":4,"column":0},"end":{"line":27,"column":3}},"1":{"start":{"line":5,"column":2},"end":{"line":26,"column":6}},"2":{"start":{"line":5,"column":45},"end":{"line":26,"column":4}},"3":{"start":{"line":30,"column":0},"end":{"line":36,"column":4}},"4":{"start":{"line":30,"column":39},"end":{"line":36,"column":2}},"5":{"start":{"line":1,"column":0},"end":{"line":1,"column":70}},"6":{"start":{"line":38,"column":0},"end":{"line":332,"column":3}},"7":{"start":{"line":39,"column":2},"end":{"line":43,"column":5}},"8":{"start":{"line":40,"column":4},"end":{"line":40,"column":25}},"9":{"start":{"line":42,"column":4},"end":{"line":42,"column":33}},"10":{"start":{"line":45,"column":2},"end":{"line":58,"column":5}},"11":{"start":{"line":46,"column":4},"end":{"line":49,"column":7}},"12":{"start":{"line":48,"column":6},"end":{"line":48,"column":53}},"13":{"start":{"line":51,"column":4},"end":{"line":57,"column":7}},"14":{"start":{"line":52,"column":6},"end":{"line":52,"column":55}},"15":{"start":{"line":56,"column":6},"end":{"line":56,"column":67}},"16":{"start":{"line":60,"column":2},"end":{"line":96,"column":5}},"17":{"start":{"line":61,"column":4},"end":{"line":64,"column":7}},"18":{"start":{"line":62,"column":21},"end":{"line":62,"column":55}},"19":{"start":{"line":63,"column":6},"end":{"line":63,"column":32}},"20":{"start":{"line":66,"column":4},"end":{"line":75,"column":7}},"21":{"start":{"line":68,"column":7},"end":{"line":68,"column":45}},"22":{"start":{"line":69,"column":7},"end":{"line":71,"column":8}},"23":{"start":{"line":73,"column":21},"end":{"line":73,"column":55}},"24":{"start":{"line":74,"column":6},"end":{"line":74,"column":48}},"25":{"start":{"line":77,"column":4},"end":{"line":85,"column":7}},"26":{"start":{"line":78,"column":7},"end":{"line":78,"column":45}},"27":{"start":{"line":79,"column":7},"end":{"line":81,"column":8}},"28":{"start":{"line":83,"column":21},"end":{"line":83,"column":55}},"29":{"start":{"line":84,"column":6},"end":{"line":84,"column":32}},"30":{"start":{"line":87,"column":4},"end":{"line":95,"column":7}},"31":{"start":{"line":88,"column":7},"end":{"line":88,"column":45}},"32":{"start":{"line":89,"column":7},"end":{"line":91,"column":8}},"33":{"start":{"line":93,"column":21},"end":{"line":93,"column":55}},"34":{"start":{"line":94,"column":6},"end":{"line":94,"column":32}},"35":{"start":{"line":98,"column":2},"end":{"line":126,"column":5}},"36":{"start":{"line":99,"column":4},"end":{"line":102,"column":7}},"37":{"start":{"line":100,"column":21},"end":{"line":100,"column":74}},"38":{"start":{"line":101,"column":6},"end":{"line":101,"column":33}},"39":{"start":{"line":104,"column":4},"end":{"line":115,"column":7}},"40":{"start":{"line":105,"column":24},"end":{"line":105,"column":57}},"41":{"start":{"line":106,"column":7},"end":{"line":106,"column":45}},"42":{"start":{"line":107,"column":7},"end":{"line":109,"column":8}},"43":{"start":{"line":111,"column":21},"end":{"line":111,"column":79}},"44":{"start":{"line":113,"column":6},"end":{"line":113,"column":32}},"45":{"start":{"line":114,"column":6},"end":{"line":114,"column":82}},"46":{"start":{"line":117,"column":4},"end":{"line":125,"column":7}},"47":{"start":{"line":118,"column":7},"end":{"line":118,"column":45}},"48":{"start":{"line":119,"column":7},"end":{"line":121,"column":8}},"49":{"start":{"line":123,"column":21},"end":{"line":123,"column":74}},"50":{"start":{"line":124,"column":6},"end":{"line":124,"column":33}},"51":{"start":{"line":128,"column":2},"end":{"line":146,"column":5}},"52":{"start":{"line":129,"column":4},"end":{"line":132,"column":7}},"53":{"start":{"line":130,"column":21},"end":{"line":130,"column":58}},"54":{"start":{"line":131,"column":6},"end":{"line":131,"column":33}},"55":{"start":{"line":134,"column":4},"end":{"line":145,"column":7}},"56":{"start":{"line":135,"column":22},"end":{"line":135,"column":52}},"57":{"start":{"line":136,"column":7},"end":{"line":136,"column":45}},"58":{"start":{"line":137,"column":7},"end":{"line":139,"column":8}},"59":{"start":{"line":141,"column":21},"end":{"line":141,"column":58}},"60":{"start":{"line":143,"column":6},"end":{"line":143,"column":32}},"61":{"start":{"line":144,"column":6},"end":{"line":144,"column":55}},"62":{"start":{"line":148,"column":2},"end":{"line":180,"column":5}},"63":{"start":{"line":149,"column":4},"end":{"line":152,"column":7}},"64":{"start":{"line":150,"column":21},"end":{"line":150,"column":63}},"65":{"start":{"line":151,"column":6},"end":{"line":151,"column":29}},"66":{"start":{"line":154,"column":4},"end":{"line":168,"column":7}},"67":{"start":{"line":155,"column":23},"end":{"line":155,"column":72}},"68":{"start":{"line":156,"column":22},"end":{"line":156,"column":52}},"69":{"start":{"line":157,"column":7},"end":{"line":157,"column":45}},"70":{"start":{"line":158,"column":7},"end":{"line":161,"column":8}},"71":{"start":{"line":163,"column":21},"end":{"line":163,"column":63}},"72":{"start":{"line":165,"column":6},"end":{"line":165,"column":29}},"73":{"start":{"line":166,"column":6},"end":{"line":166,"column":54}},"74":{"start":{"line":167,"column":6},"end":{"line":167,"column":63}},"75":{"start":{"line":170,"column":4},"end":{"line":179,"column":7}},"76":{"start":{"line":171,"column":23},"end":{"line":171,"column":54}},"77":{"start":{"line":172,"column":7},"end":{"line":172,"column":45}},"78":{"start":{"line":173,"column":7},"end":{"line":175,"column":8}},"79":{"start":{"line":177,"column":21},"end":{"line":177,"column":63}},"80":{"start":{"line":178,"column":6},"end":{"line":178,"column":29}},"81":{"start":{"line":182,"column":2},"end":{"line":221,"column":5}},"82":{"start":{"line":183,"column":4},"end":{"line":190,"column":7}},"83":{"start":{"line":184,"column":21},"end":{"line":184,"column":66}},"84":{"start":{"line":186,"column":21},"end":{"line":186,"column":73}},"85":{"start":{"line":188,"column":6},"end":{"line":188,"column":47}},"86":{"start":{"line":189,"column":6},"end":{"line":189,"column":40}},"87":{"start":{"line":192,"column":4},"end":{"line":208,"column":7}},"88":{"start":{"line":193,"column":21},"end":{"line":193,"column":66}},"89":{"start":{"line":194,"column":22},"end":{"line":194,"column":70}},"90":{"start":{"line":196,"column":7},"end":{"line":196,"column":45}},"91":{"start":{"line":197,"column":7},"end":{"line":199,"column":8}},"92":{"start":{"line":202,"column":6},"end":{"line":202,"column":77}},"93":{"start":{"line":204,"column":21},"end":{"line":204,"column":73}},"94":{"start":{"line":206,"column":6},"end":{"line":206,"column":50}},"95":{"start":{"line":207,"column":6},"end":{"line":207,"column":44}},"96":{"start":{"line":210,"column":4},"end":{"line":220,"column":7}},"97":{"start":{"line":211,"column":21},"end":{"line":211,"column":66}},"98":{"start":{"line":213,"column":6},"end":{"line":213,"column":62}},"99":{"start":{"line":214,"column":6},"end":{"line":214,"column":62}},"100":{"start":{"line":216,"column":21},"end":{"line":216,"column":73}},"101":{"start":{"line":218,"column":6},"end":{"line":218,"column":47}},"102":{"start":{"line":219,"column":6},"end":{"line":219,"column":40}},"103":{"start":{"line":223,"column":2},"end":{"line":250,"column":5}},"104":{"start":{"line":224,"column":4},"end":{"line":227,"column":7}},"105":{"start":{"line":225,"column":21},"end":{"line":225,"column":64}},"106":{"start":{"line":226,"column":6},"end":{"line":226,"column":29}},"107":{"start":{"line":229,"column":4},"end":{"line":249,"column":7}},"108":{"start":{"line":230,"column":27},"end":{"line":237,"column":8}},"109":{"start":{"line":239,"column":7},"end":{"line":239,"column":45}},"110":{"start":{"line":240,"column":7},"end":{"line":242,"column":8}},"111":{"start":{"line":244,"column":21},"end":{"line":244,"column":70}},"112":{"start":{"line":246,"column":6},"end":{"line":246,"column":29}},"113":{"start":{"line":247,"column":6},"end":{"line":247,"column":68}},"114":{"start":{"line":248,"column":6},"end":{"line":248,"column":76}},"115":{"start":{"line":252,"column":2},"end":{"line":281,"column":5}},"116":{"start":{"line":253,"column":4},"end":{"line":256,"column":7}},"117":{"start":{"line":254,"column":21},"end":{"line":254,"column":53}},"118":{"start":{"line":255,"column":6},"end":{"line":255,"column":54}},"119":{"start":{"line":258,"column":4},"end":{"line":270,"column":7}},"120":{"start":{"line":259,"column":23},"end":{"line":259,"column":58}},"121":{"start":{"line":260,"column":7},"end":{"line":260,"column":45}},"122":{"start":{"line":261,"column":7},"end":{"line":263,"column":8}},"123":{"start":{"line":265,"column":21},"end":{"line":265,"column":53}},"124":{"start":{"line":267,"column":6},"end":{"line":267,"column":44}},"125":{"start":{"line":268,"column":6},"end":{"line":268,"column":51}},"126":{"start":{"line":269,"column":6},"end":{"line":269,"column":42}},"127":{"start":{"line":272,"column":4},"end":{"line":280,"column":7}},"128":{"start":{"line":273,"column":7},"end":{"line":273,"column":45}},"129":{"start":{"line":274,"column":7},"end":{"line":276,"column":8}},"130":{"start":{"line":278,"column":21},"end":{"line":278,"column":53}},"131":{"start":{"line":279,"column":6},"end":{"line":279,"column":54}},"132":{"start":{"line":283,"column":2},"end":{"line":314,"column":5}},"133":{"start":{"line":284,"column":4},"end":{"line":287,"column":7}},"134":{"start":{"line":285,"column":21},"end":{"line":285,"column":50}},"135":{"start":{"line":286,"column":6},"end":{"line":286,"column":51}},"136":{"start":{"line":289,"column":4},"end":{"line":313,"column":7}},"137":{"start":{"line":290,"column":23},"end":{"line":293,"column":81}},"138":{"start":{"line":294,"column":25},"end":{"line":294,"column":57}},"139":{"start":{"line":296,"column":7},"end":{"line":296,"column":45}},"140":{"start":{"line":297,"column":7},"end":{"line":300,"column":8}},"141":{"start":{"line":302,"column":21},"end":{"line":302,"column":50}},"142":{"start":{"line":304,"column":6},"end":{"line":309,"column":9}},"143":{"start":{"line":310,"column":6},"end":{"line":310,"column":54}},"144":{"start":{"line":311,"column":6},"end":{"line":311,"column":54}},"145":{"start":{"line":312,"column":6},"end":{"line":312,"column":44}},"146":{"start":{"line":316,"column":2},"end":{"line":331,"column":5}},"147":{"start":{"line":317,"column":4},"end":{"line":330,"column":7}},"148":{"start":{"line":318,"column":6},"end":{"line":318,"column":59}},"149":{"start":{"line":319,"column":6},"end":{"line":319,"column":70}},"150":{"start":{"line":320,"column":6},"end":{"line":320,"column":78}},"151":{"start":{"line":321,"column":6},"end":{"line":321,"column":84}},"152":{"start":{"line":322,"column":6},"end":{"line":322,"column":85}},"153":{"start":{"line":323,"column":6},"end":{"line":325,"column":8}},"154":{"start":{"line":326,"column":6},"end":{"line":326,"column":68}},"155":{"start":{"line":327,"column":6},"end":{"line":329,"column":8}}},"fnMap":{"0":{"name":"(anonymous_0)","decl":{"start":{"line":4,"column":21},"end":{"line":4,"column":24}},"loc":{"start":{"line":4,"column":26},"end":{"line":27,"column":1}}},"1":{"name":"(anonymous_1)","decl":{"start":{"line":5,"column":38},"end":{"line":5,"column":41}},"loc":{"start":{"line":5,"column":45},"end":{"line":26,"column":4}}},"2":{"name":"(anonymous_2)","decl":{"start":{"line":30,"column":32},"end":{"line":30,"column":35}},"loc":{"start":{"line":30,"column":39},"end":{"line":36,"column":2}}},"3":{"name":"(anonymous_3)","decl":{"start":{"line":38,"column":25},"end":{"line":38,"column":28}},"loc":{"start":{"line":38,"column":30},"end":{"line":332,"column":1}}},"4":{"name":"(anonymous_4)","decl":{"start":{"line":39,"column":13},"end":{"line":39,"column":16}},"loc":{"start":{"line":39,"column":18},"end":{"line":43,"column":3}}},"5":{"name":"(anonymous_5)","decl":{"start":{"line":45,"column":29},"end":{"line":45,"column":32}},"loc":{"start":{"line":45,"column":34},"end":{"line":58,"column":3}}},"6":{"name":"(anonymous_6)","decl":{"start":{"line":46,"column":70},"end":{"line":46,"column":73}},"loc":{"start":{"line":46,"column":75},"end":{"line":49,"column":5}}},"7":{"name":"(anonymous_7)","decl":{"start":{"line":51,"column":55},"end":{"line":51,"column":58}},"loc":{"start":{"line":51,"column":60},"end":{"line":57,"column":5}}},"8":{"name":"(anonymous_8)","decl":{"start":{"line":60,"column":28},"end":{"line":60,"column":31}},"loc":{"start":{"line":60,"column":33},"end":{"line":96,"column":3}}},"9":{"name":"(anonymous_9)","decl":{"start":{"line":61,"column":52},"end":{"line":61,"column":57}},"loc":{"start":{"line":61,"column":63},"end":{"line":64,"column":5}}},"10":{"name":"(anonymous_10)","decl":{"start":{"line":66,"column":60},"end":{"line":66,"column":65}},"loc":{"start":{"line":66,"column":71},"end":{"line":75,"column":5}}},"11":{"name":"(anonymous_11)","decl":{"start":{"line":77,"column":53},"end":{"line":77,"column":58}},"loc":{"start":{"line":77,"column":64},"end":{"line":85,"column":5}}},"12":{"name":"(anonymous_12)","decl":{"start":{"line":87,"column":48},"end":{"line":87,"column":53}},"loc":{"start":{"line":87,"column":59},"end":{"line":95,"column":5}}},"13":{"name":"(anonymous_13)","decl":{"start":{"line":98,"column":28},"end":{"line":98,"column":31}},"loc":{"start":{"line":98,"column":33},"end":{"line":126,"column":3}}},"14":{"name":"(anonymous_14)","decl":{"start":{"line":99,"column":53},"end":{"line":99,"column":58}},"loc":{"start":{"line":99,"column":64},"end":{"line":102,"column":5}}},"15":{"name":"(anonymous_15)","decl":{"start":{"line":104,"column":60},"end":{"line":104,"column":65}},"loc":{"start":{"line":104,"column":71},"end":{"line":115,"column":5}}},"16":{"name":"(anonymous_16)","decl":{"start":{"line":117,"column":52},"end":{"line":117,"column":57}},"loc":{"start":{"line":117,"column":63},"end":{"line":125,"column":5}}},"17":{"name":"(anonymous_17)","decl":{"start":{"line":128,"column":31},"end":{"line":128,"column":34}},"loc":{"start":{"line":128,"column":36},"end":{"line":146,"column":3}}},"18":{"name":"(anonymous_18)","decl":{"start":{"line":129,"column":53},"end":{"line":129,"column":58}},"loc":{"start":{"line":129,"column":64},"end":{"line":132,"column":5}}},"19":{"name":"(anonymous_19)","decl":{"start":{"line":134,"column":52},"end":{"line":134,"column":57}},"loc":{"start":{"line":134,"column":63},"end":{"line":145,"column":5}}},"20":{"name":"(anonymous_20)","decl":{"start":{"line":148,"column":38},"end":{"line":148,"column":41}},"loc":{"start":{"line":148,"column":43},"end":{"line":180,"column":3}}},"21":{"name":"(anonymous_21)","decl":{"start":{"line":149,"column":49},"end":{"line":149,"column":54}},"loc":{"start":{"line":149,"column":60},"end":{"line":152,"column":5}}},"22":{"name":"(anonymous_22)","decl":{"start":{"line":154,"column":62},"end":{"line":154,"column":67}},"loc":{"start":{"line":154,"column":73},"end":{"line":168,"column":5}}},"23":{"name":"(anonymous_23)","decl":{"start":{"line":170,"column":53},"end":{"line":170,"column":58}},"loc":{"start":{"line":170,"column":64},"end":{"line":179,"column":5}}},"24":{"name":"(anonymous_24)","decl":{"start":{"line":182,"column":33},"end":{"line":182,"column":36}},"loc":{"start":{"line":182,"column":38},"end":{"line":221,"column":3}}},"25":{"name":"(anonymous_25)","decl":{"start":{"line":183,"column":57},"end":{"line":183,"column":62}},"loc":{"start":{"line":183,"column":68},"end":{"line":190,"column":5}}},"26":{"name":"(anonymous_26)","decl":{"start":{"line":192,"column":52},"end":{"line":1
[...]
,"/workspaces/nimbus-cannabis-mobile/backend/src/types/shims.d.ts": {"path":"/workspaces/nimbus-cannabis-mobile/backend/src/types/shims.d.ts","statementMap":{},"fnMap":{},"branchMap":{},"s":{},"f":{},"b":{}}
,"/workspaces/nimbus-cannabis-mobile/backend/src/util/auth.ts": {"path":"/workspaces/nimbus-cannabis-mobile/backend/src/util/auth.ts","statementMap":{"0":{"start":{"line":5,"column":0},"end":{"line":5,"column":16}},"1":{"start":{"line":16,"column":0},"end":{"line":16,"column":16}},"2":{"start":{"line":2,"column":0},"end":{"line":2,"column":31}},"3":{"start":{"line":3,"column":0},"end":{"line":3,"column":29}},"4":{"start":{"line":6,"column":21},"end":{"line":6,"column":52}},"5":{"start":{"line":7,"column":16},"end":{"line":7,"column":49}},"6":{"start":{"line":8,"column":2},"end":{"line":13,"column":3}},"7":{"start":{"line":9,"column":5},"end":{"line":9,"column":59}},"8":{"start":{"line":10,"column":4},"end":{"line":10,"column":11}},"9":{"start":{"line":12,"column":4},"end":{"line":12,"column":52}},"10":{"start":{"line":17,"column":21},"end":{"line":17,"column":52}},"11":{"start":{"line":18,"column":16},"end":{"line":18,"column":49}},"12":{"start":{"line":19,"column":2},"end":{"line":23,"column":3}},"13":{"start":{"line":20,"column":5},"end":{"line":20,"column":79}},"14":{"start":{"line":24,"column":2},"end":{"line":24,"column":9}}},"fnMap":{"0":{"name":"authRequired","decl":{"start":{"line":5,"column":16},"end":{"line":5,"column":28}},"loc":{"start":{"line":5,"column":76},"end":{"line":14,"column":1}}},"1":{"name":"authOptional","decl":{"start":{"line":16,"column":16},"end":{"line":16,"column":28}},"loc":{"start":{"line":16,"column":77},"end":{"line":25,"column":1}}}},"branchMap":{"0":{"loc":{"start":{"line":6,"column":21},"end":{"line":6,"column":52}},"type":"binary-expr","locations":[{"start":{"line":6,"column":21},"end":{"line":6,"column":46}},{"start":{"line":6,"column":50},"end":{"line":6,"column":52}}]},"1":{"loc":{"start":{"line":17,"column":21},"end":{"line":17,"column":52}},"type":"binary-expr","locations":[{"start":{"line":17,"column":21},"end":{"line":17,"column":46}},{"start":{"line":17,"column":50},"end":{"line":17,"column":52}}]},"2":{"loc":{"start":{"line":20,"column":24},"end":{"line":20,"column":78}},"type":"cond-expr","locations":[{"start":{"line":20,"column":32},"end":{"line":20,"column":66}},{"start":{"line":20,"column":69},"end":{"line":20,"column":78}}]}},"s":{"0":23,"1":23,"2":23,"3":23,"4":0,"5":0,"6":0,"7":0,"8":0,"9":0,"10":0,"11":0,"12":0,"13":0,"14":0},"f":{"0":0,"1":0},"b":{"0":[0,0],"1":[0,0],"2":[0,0]}}
,"/workspaces/nimbus-cannabis-mobile/backend/src/utils/geo.ts": {"path":"/workspaces/nimbus-cannabis-mobile/backend/src/utils/geo.ts","statementMap":{"0":{"start":{"line":1,"column":0},"end":{"line":1,"column":16}},"1":{"start":{"line":2,"column":12},"end":{"line":2,"column":19}},"2":{"start":{"line":3,"column":15},"end":{"line":3,"column":48}},"3":{"start":{"line":4,"column":15},"end":{"line":4,"column":48}},"4":{"start":{"line":5,"column":15},"end":{"line":5,"column":38}},"5":{"start":{"line":6,"column":15},"end":{"line":6,"column":38}},"6":{"start":{"line":7,"column":12},"end":{"line":7,"column":95}},"7":{"start":{"line":8,"column":2},"end":{"line":8,"column":41}}},"fnMap":{"0":{"name":"haversineMeters","decl":{"start":{"line":1,"column":16},"end":{"line":1,"column":31}},"loc":{"start":{"line":1,"column":96},"end":{"line":9,"column":1}}}},"branchMap":{},"s":{"0":23,"1":0,"2":0,"3":0,"4":0,"5":0,"6":0,"7":0},"f":{"0":0},"b":{}}
,"/workspaces/nimbus-cannabis-mobile/backend/src/utils/logger.ts": {"path":"/workspaces/nimbus-cannabis-mobile/backend/src/utils/logger.ts","statementMap":{"0":{"start":{"line":177,"column":0},"end":{"line":177,"column":16}},"1":{"start":{"line":187,"column":0},"end":{"line":187,"column":16}},"2":{"start":{"line":7,"column":46},"end":{"line":14,"column":2}},"3":{"start":{"line":18,"column":2},"end":{"line":18,"column":83}},"4":{"start":{"line":18,"column":71},"end":{"line":18,"column":83}},"5":{"start":{"line":21,"column":2},"end":{"line":25,"column":3}},"6":{"start":{"line":22,"column":4},"end":{"line":24,"column":5}},"7":{"start":{"line":23,"column":6},"end":{"line":23,"column":35}},"8":{"start":{"line":27,"column":2},"end":{"line":27,"column":14}},"9":{"start":{"line":31,"column":2},"end":{"line":31,"column":56}},"10":{"start":{"line":31,"column":45},"end":{"line":31,"column":56}},"11":{"start":{"line":33,"column":2},"end":{"line":33,"column":41}},"12":{"start":{"line":37,"column":19},"end":{"line":37,"column":81}},"13":{"start":{"line":37,"column":42},"end":{"line":37,"column":80}},"14":{"start":{"line":38,"column":17},"end":{"line":55,"column":4}},"15":{"start":{"line":40,"column":6},"end":{"line":42,"column":7}},"16":{"start":{"line":41,"column":8},"end":{"line":41,"column":47}},"17":{"start":{"line":45,"column":6},"end":{"line":45,"column":67}},"18":{"start":{"line":45,"column":29},"end":{"line":45,"column":67}},"19":{"start":{"line":48,"column":6},"end":{"line":48,"column":67}},"20":{"start":{"line":48,"column":29},"end":{"line":48,"column":67}},"21":{"start":{"line":52,"column":6},"end":{"line":52,"column":45}},"22":{"start":{"line":54,"column":32},"end":{"line":54,"column":57}},"23":{"start":{"line":56,"column":2},"end":{"line":62,"column":4}},"24":{"start":{"line":65,"column":13},"end":{"line":65,"column":35}},"25":{"start":{"line":70,"column":4},"end":{"line":76,"column":7}},"26":{"start":{"line":80,"column":4},"end":{"line":85,"column":7}},"27":{"start":{"line":94,"column":4},"end":{"line":101,"column":7}},"28":{"start":{"line":110,"column":4},"end":{"line":117,"column":7}},"29":{"start":{"line":127,"column":4},"end":{"line":135,"column":7}},"30":{"start":{"line":139,"column":4},"end":{"line":148,"column":7}},"31":{"start":{"line":152,"column":4},"end":{"line":158,"column":7}},"32":{"start":{"line":166,"column":4},"end":{"line":172,"column":7}},"33":{"start":{"line":68,"column":0},"end":{"line":68,"column":13}},"34":{"start":{"line":178,"column":2},"end":{"line":184,"column":5}},"35":{"start":{"line":188,"column":2},"end":{"line":193,"column":5}}},"fnMap":{"0":{"name":"shouldSample","decl":{"start":{"line":16,"column":9},"end":{"line":16,"column":21}},"loc":{"start":{"line":16,"column":33},"end":{"line":28,"column":1}}},"1":{"name":"fmt","decl":{"start":{"line":30,"column":9},"end":{"line":30,"column":12}},"loc":{"start":{"line":30,"column":42},"end":{"line":34,"column":1}}},"2":{"name":"baseLogger","decl":{"start":{"line":36,"column":9},"end":{"line":36,"column":19}},"loc":{"start":{"line":36,"column":40},"end":{"line":63,"column":1}}},"3":{"name":"(anonymous_3)","decl":{"start":{"line":37,"column":19},"end":{"line":37,"column":20}},"loc":{"start":{"line":37,"column":42},"end":{"line":37,"column":80}}},"4":{"name":"(anonymous_4)","decl":{"start":{"line":39,"column":11},"end":{"line":39,"column":12}},"loc":{"start":{"line":39,"column":45},"end":{"line":43,"column":5}}},"5":{"name":"(anonymous_5)","decl":{"start":{"line":44,"column":10},"end":{"line":44,"column":11}},"loc":{"start":{"line":44,"column":44},"end":{"line":46,"column":5}}},"6":{"name":"(anonymous_6)","decl":{"start":{"line":47,"column":10},"end":{"line":47,"column":11}},"loc":{"start":{"line":47,"column":44},"end":{"line":49,"column":5}}},"7":{"name":"(anonymous_7)","decl":{"start":{"line":50,"column":11},"end":{"line":50,"column":12}},"loc":{"start":{"line":50,"column":45},"end":{"line":53,"column":5}}},"8":{"name":"(anonymous_8)","decl":{"start":{"line":54,"column":11},"end":{"line":54,"column":12}},"loc":{"start":{"line":54,"column":32},"end":{"line":54,"column":57}}},"9":{"name":"(anonymous_9)","decl":{"start":{"line":69,"column":2},"end":{"line":69,"column":8}},"loc":{"start":{"line":69,"column":84},"end":{"line":77,"column":3}}},"10":{"name":"(anonymous_10)","decl":{"start":{"line":79,"column":2},"end":{"line":79,"column":8}},"loc":{"start":{"line":79,"column":66},"end":{"line":86,"column":3}}},"11":{"name":"(anonymous_11)","decl":{"start":{"line":88,"column":2},"end":{"line":88,"column":8}},"loc":{"start":{"line":92,"column":33},"end":{"line":102,"column":3}}},"12":{"name":"(anonymous_12)","decl":{"start":{"line":104,"column":2},"end":{"line":104,"column":8}},"loc":{"start":{"line":108,"column":33},"end":{"line":118,"column":3}}},"13":{"name":"(anonymous_13)","decl":{"start":{"line":120,"column":2},"end":{"line":120,"column":8}},"loc":{"start":{"line":125,"column":19},"end":{"line":136,"column":3}}},"14":{"name":"(anonymous_14)","decl":{"start":{"line":138,"column":2},"end":{"line":138,"column":8}},"loc":{"start":{"line":138,"column":61},"end":{"line":149,"column":3}}},"15":{"name":"(anonymous_15)","decl":{"start":{"line":151,"column":2},"end":{"line":151,"column":8}},"loc":{"start":{"line":151,"column":76},"end":{"line":159,"column":3}}},"16":{"name":"(anonymous_16)","decl":{"start":{"line":161,"column":2},"end":{"line":161,"column":8}},"loc":{"start":{"line":164,"column":21},"end":{"line":173,"column":3}}},"17":{"name":"logAppStart","decl":{"start":{"line":177,"column":16},"end":{"line":177,"column":27}},"loc":{"start":{"line":177,"column":40},"end":{"line":185,"column":1}}},"18":{"name":"logAppShutdown","decl":{"start":{"line":187,"column":16},"end":{"line":187,"column":30}},"loc":{"start":{"line":187,"column":46},"end":{"line":194,"column":1}}}},"branchMap":{"0":{"loc":{"start":{"line":18,"column":2},"end":{"line":18,"column":83}},"type":"if","locations":[{"start":{"line":18,"column":2},"end":{"line":18,"column":83}}]},"1":{"loc":{"start":{"line":18,"column":6},"end":{"line":18,"column":69}},"type":"binary-expr","locations":[{"start":{"line":18,"column":6},"end":{"line":18,"column":37}},{"start":{"line":18,"column":41},"end":{"line":18,"column":69}}]},"2":{"loc":{"start":{"line":22,"column":4},"end":{"line":24,"column":5}},"type":"if","locations":[{"start":{"line":22,"column":4},"end":{"line":24,"column":5}}]},"3":{"loc":{"start":{"line":22,"column":8},"end":{"line":22,"column":48}},"type":"binary-expr","locations":[{"start":{"line":22,"column":8},"end":{"line":22,"column":23}},{"start":{"line":22,"column":27},"end":{"line":22,"column":48}}]},"4":{"loc":{"start":{"line":31,"column":2},"end":{"line":31,"column":56}},"type":"if","locations":[{"start":{"line":31,"column":2},"end":{"line":31,"column":56}}]},"5":{"loc":{"start":{"line":31,"column":6},"end":{"line":31,"column":43}},"type":"binary-expr","locations":[{"start":{"line":31,"column":6},"end":{"line":31,"column":10}},{"start":{"line":31,"column":14},"end":{"line":31,"column":43}}]},"6":{"loc":{"start":{"line":37,"column":48},"end":{"line":37,"column":61}},"type":"binary-expr","locations":[{"start":{"line":37,"column":48},"end":{"line":37,"column":55}},{"start":{"line":37,"column":59},"end":{"line":37,"column":61}}]},"7":{"loc":{"start":{"line":37,"column":68},"end":{"line":37,"column":77}},"type":"binary-expr","locations":[{"start":{"line":37,"column":68},"end":{"line":37,"column":71}},{"start":{"line":37,"column":75},"end":{"line":37,"column":77}}]},"8":{"loc":{"start":{"line":40,"column":6},"end":{"line":42,"column":7}},"type":"if","locations":[{"start":{"line":40,"column":6},"end":{"line":42,"column":7}}]},"9":{"loc":{"start":{"line":40,"column":10},"end":{"line":40,"column":59}},"type":"binary-expr","locations":[{"start":{"line":40,"column":10},"end":{"line":40,"column":38}},{"start":{"line":40,"column":42},"end":{"line":40,"column":59}}]},"10":{"loc":{"start":{"line":45,"column":6},"end":{"line":45,"column":67}},"type":"if","locations":[{"start":{"line":45,"column":6},"end":{"line":45,"column":67}}]},"11":{"loc":{"start":{"line":48,"column":6},"end":{"line":48,"column":67}},"type":"if","locations":[{"start":{"line":48,"column":6},"end":{"line":48,"column":67}}]}},"s":{"0":24,"1":24,"2":24,"3":338,"4":338,"5":0,"6":0,"7":0,"8":0,"9":338,"10":23,"11":315,"12":503,"13":817,"14":503,"15":1,"16":0,"17":247,"18":247,"19":91,"20":91,"21":0,"22":479,"23":503,"24":24,"25":0,"26":0,"27":0,"28":0,"29":0,"30":0,"31":0,"32":0,"33":24,"34":0,"35":0},"f":{"0":338,"1":338,"2":503,"3":817,"4":1,"5":247,"6":91,"7":0,"8":479,"9":0,"10":0,"11":0,"12":0,"13":0,"14":0,"15":0,"16":0,"17":0,"18":0},"b":{"0":[338],"1":[338,0],"2":[0],"3":[0,0],"4":[23],"5":[338,338],"6":[817,721],"7":[817,23],"8":[0],"9":[1,0],"10":[247],"11":[91]}}
,"/workspaces/nimbus-cannabis-mobile/backend/src/utils/lruCache.ts": {"path":"/workspaces/nimbus-cannabis-mobile/backend/src/utils/lruCache.ts","statementMap":{"0":{"start":{"line":51,"column":0},"end":{"line":51,"column":16}},"1":{"start":{"line":59,"column":0},"end":{"line":59,"column":16}},"2":{"start":{"line":4,"column":10},"end":{"line":4,"column":34}},"3":{"start":{"line":7,"column":4},"end":{"line":7,"column":29}},"4":{"start":{"line":11,"column":18},"end":{"line":11,"column":37}},"5":{"start":{"line":12,"column":4},"end":{"line":16,"column":5}},"6":{"start":{"line":14,"column":6},"end":{"line":14,"column":29}},"7":{"start":{"line":15,"column":6},"end":{"line":15,"column":33}},"8":{"start":{"line":17,"column":4},"end":{"line":17,"column":17}},"9":{"start":{"line":21,"column":4},"end":{"line":28,"column":5}},"10":{"start":{"line":23,"column":6},"end":{"line":23,"column":29}},"11":{"start":{"line":24,"column":11},"end":{"line":28,"column":5}},"12":{"start":{"line":26,"column":23},"end":{"line":26,"column":53}},"13":{"start":{"line":27,"column":6},"end":{"line":27,"column":34}},"14":{"start":{"line":29,"column":4},"end":{"line":29,"column":31}},"15":{"start":{"line":33,"column":4},"end":{"line":33,"column":31}},"16":{"start":{"line":37,"column":4},"end":{"line":37,"column":23}},"17":{"start":{"line":41,"column":4},"end":{"line":41,"column":27}},"18":{"start":{"line":2,"column":0},"end":{"line":2,"column":13}},"19":{"start":{"line":46,"column":13},"end":{"line":46,"column":97}},"20":{"start":{"line":49,"column":21},"end":{"line":49,"column":27}},"21":{"start":{"line":52,"column":16},"end":{"line":52,"column":42}},"22":{"start":{"line":53,"column":2},"end":{"line":55,"column":3}},"23":{"start":{"line":54,"column":4},"end":{"line":54,"column":23}},"24":{"start":{"line":56,"column":2},"end":{"line":56,"column":19}},"25":{"start":{"line":60,"column":2},"end":{"line":60,"column":63}}},"fnMap":{"0":{"name":"(anonymous_0)","decl":{"start":{"line":6,"column":2},"end":{"line":6,"column":14}},"loc":{"start":{"line":6,"column":30},"end":{"line":8,"column":3}}},"1":{"name":"(anonymous_1)","decl":{"start":{"line":10,"column":2},"end":{"line":10,"column":5}},"loc":{"start":{"line":10,"column":12},"end":{"line":18,"column":3}}},"2":{"name":"(anonymous_2)","decl":{"start":{"line":20,"column":2},"end":{"line":20,"column":5}},"loc":{"start":{"line":20,"column":22},"end":{"line":30,"column":3}}},"3":{"name":"(anonymous_3)","decl":{"start":{"line":32,"column":2},"end":{"line":32,"column":5}},"loc":{"start":{"line":32,"column":12},"end":{"line":34,"column":3}}},"4":{"name":"(anonymous_4)","decl":{"start":{"line":36,"column":2},"end":{"line":36,"column":7}},"loc":{"start":{"line":36,"column":7},"end":{"line":38,"column":3}}},"5":{"name":"(anonymous_5)","decl":{"start":{"line":40,"column":2},"end":{"line":40,"column":6}},"loc":{"start":{"line":40,"column":6},"end":{"line":42,"column":3}}},"6":{"name":"getCachedPrice","decl":{"start":{"line":51,"column":16},"end":{"line":51,"column":30}},"loc":{"start":{"line":51,"column":42},"end":{"line":57,"column":1}}},"7":{"name":"setCachedPrice","decl":{"start":{"line":59,"column":16},"end":{"line":59,"column":30}},"loc":{"start":{"line":59,"column":57},"end":{"line":61,"column":1}}}},"branchMap":{"0":{"loc":{"start":{"line":12,"column":4},"end":{"line":16,"column":5}},"type":"if","locations":[{"start":{"line":12,"column":4},"end":{"line":16,"column":5}}]},"1":{"loc":{"start":{"line":21,"column":4},"end":{"line":28,"column":5}},"type":"if","locations":[{"start":{"line":21,"column":4},"end":{"line":28,"column":5}},{"start":{"line":24,"column":11},"end":{"line":28,"column":5}}]},"2":{"loc":{"start":{"line":24,"column":11},"end":{"line":28,"column":5}},"type":"if","locations":[{"start":{"line":24,"column":11},"end":{"line":28,"column":5}}]},"3":{"loc":{"start":{"line":53,"column":2},"end":{"line":55,"column":3}},"type":"if","locations":[{"start":{"line":53,"column":2},"end":{"line":55,"column":3}}]},"4":{"loc":{"start":{"line":53,"column":6},"end":{"line":53,"column":58}},"type":"binary-expr","locations":[{"start":{"line":53,"column":6},"end":{"line":53,"column":11}},{"start":{"line":53,"column":15},"end":{"line":53,"column":58}}]}},"s":{"0":23,"1":23,"2":23,"3":23,"4":3,"5":3,"6":1,"7":1,"8":3,"9":2,"10":0,"11":2,"12":0,"13":0,"14":2,"15":0,"16":0,"17":0,"18":23,"19":23,"20":23,"21":3,"22":3,"23":1,"24":2,"25":2},"f":{"0":23,"1":3,"2":2,"3":0,"4":0,"5":0,"6":3,"7":2},"b":{"0":[1],"1":[0,2],"2":[0],"3":[1],"4":[3,1]}}
,"/workspaces/nimbus-cannabis-mobile/backend/src/utils/sentry.ts": {"path":"/workspaces/nimbus-cannabis-mobile/backend/src/utils/sentry.ts","statementMap":{"0":{"start":{"line":1,"column":0},"end":{"line":1,"column":39}},"1":{"start":{"line":4,"column":0},"end":{"line":7,"column":1}},"2":{"start":{"line":6,"column":2},"end":{"line":6,"column":84}},"3":{"start":{"line":9,"column":0},"end":{"line":14,"column":3}},"4":{"start":{"line":16,"column":0},"end":{"line":16,"column":22}}},"fnMap":{},"branchMap":{"0":{"loc":{"start":{"line":4,"column":0},"end":{"line":7,"column":1}},"type":"if","locations":[{"start":{"line":4,"column":0},"end":{"line":7,"column":1}}]},"1":{"loc":{"start":{"line":12,"column":15},"end":{"line":12,"column":52}},"type":"binary-expr","locations":[{"start":{"line":12,"column":15},"end":{"line":12,"column":35}},{"start":{"line":12,"column":39},"end":{"line":12,"column":52}}]}},"s":{"0":0,"1":0,"2":0,"3":0,"4":0},"f":{},"b":{"0":[0],"1":[0,0]}}
,"/workspaces/nimbus-cannabis-mobile/backend/src/workers/startQueue.ts": {"path":"/workspaces/nimbus-cannabis-mobile/backend/src/workers/startQueue.ts","statementMap":{"0":{"start":{"line":4,"column":0},"end":{"line":4,"column":16}},"1":{"start":{"line":1,"column":0},"end":{"line":1,"column":56}},"2":{"start":{"line":2,"column":0},"end":{"line":2,"column":41}},"3":{"start":{"line":5,"column":2},"end":{"line":7,"column":5}},"4":{"start":{"line":6,"column":4},"end":{"line":6,"column":88}},"5":{"start":{"line":8,"column":2},"end":{"line":10,"column":5}},"6":{"start":{"line":9,"column":4},"end":{"line":9,"column":55}}},"fnMap":{"0":{"name":"startWorker","decl":{"start":{"line":4,"column":16},"end":{"line":4,"column":27}},"loc":{"start":{"line":4,"column":27},"end":{"line":11,"column":1}}},"1":{"name":"(anonymous_1)","decl":{"start":{"line":5,"column":30},"end":{"line":5,"column":31}},"loc":{"start":{"line":5,"column":46},"end":{"line":7,"column":3}}},"2":{"name":"(anonymous_2)","decl":{"start":{"line":8,"column":27},"end":{"line":8,"column":28}},"loc":{"start":{"line":8,"column":40},"end":{"line":10,"column":3}}}},"branchMap":{},"s":{"0":0,"1":0,"2":0,"3":0,"4":0,"5":0,"6":0},"f":{"0":0,"1":0,"2":0},"b":{}}
}
