TN:
SF:src/app.ts
FN:81,(anonymous_10)
FN:94,(anonymous_11)
FN:112,(anonymous_12)
FN:114,wrappedJson
FN:134,handleHealth
FN:139,handleReady
FN:157,(anonymous_16)
FNF:7
FNH:6
FNDA:383,(anonymous_10)
FNDA:383,(anonymous_11)
FNDA:383,(anonymous_12)
FNDA:383,wrappedJson
FNDA:6,handleHealth
FNDA:1,handleReady
FNDA:0,(anonymous_16)
DA:1,23
DA:4,23
DA:6,23
DA:7,23
DA:8,23
DA:9,23
DA:10,23
DA:18,23
DA:19,23
DA:20,23
DA:21,23
DA:22,23
DA:23,23
DA:24,23
DA:25,23
DA:26,23
DA:27,23
DA:28,23
DA:29,23
DA:30,23
DA:31,23
DA:32,23
DA:33,23
DA:34,23
DA:35,23
DA:36,23
DA:37,23
DA:38,23
DA:39,23
DA:40,23
DA:41,23
DA:42,23
DA:43,23
DA:44,23
DA:45,23
DA:46,23
DA:48,23
DA:49,23
DA:51,23
DA:52,23
DA:53,23
DA:71,23
DA:74,23
DA:75,23
DA:76,23
DA:77,23
DA:78,23
DA:81,23
DA:82,383
DA:83,383
DA:85,383
DA:86,383
DA:87,383
DA:88,383
DA:89,383
DA:90,383
DA:91,383
DA:92,0
DA:94,383
DA:95,383
DA:96,0
DA:97,0
DA:103,0
DA:104,0
DA:107,383
DA:112,23
DA:113,383
DA:114,383
DA:115,383
DA:116,383
DA:117,175
DA:119,175
DA:121,175
DA:122,0
DA:128,383
DA:130,383
DA:135,6
DA:140,1
DA:141,1
DA:142,1
DA:145,1
DA:146,1
DA:147,0
DA:150,0
DA:151,0
DA:155,1
DA:156,0
DA:157,0
DA:158,0
DA:159,0
DA:161,0
DA:162,0
DA:167,1
DA:168,0
DA:170,0
DA:171,0
DA:173,0
DA:176,0
DA:177,0
DA:181,1
DA:183,0
DA:184,0
DA:187,1
DA:196,1
DA:197,1
DA:198,1
DA:202,23
DA:203,23
DA:206,23
DA:207,23
DA:209,23
DA:210,23
DA:212,0
DA:217,23
DA:245,23
DA:246,575
DA:247,575
DA:251,23
DA:252,23
DA:253,23
DA:256,23
DA:258,23
LF:122
LH:98
BRDA:71,0,0,23
BRDA:71,0,1,23
BRDA:85,1,0,383
BRDA:85,1,1,381
BRDA:86,2,0,383
BRDA:86,2,1,381
BRDA:91,3,0,0
BRDA:95,4,0,0
BRDA:103,5,0,0
BRDA:103,5,1,0
BRDA:116,6,0,175
BRDA:116,7,0,383
BRDA:116,7,1,175
BRDA:116,7,2,175
BRDA:117,8,0,175
BRDA:117,9,0,175
BRDA:117,9,1,175
BRDA:119,10,0,174
BRDA:119,11,0,175
BRDA:119,11,1,175
BRDA:121,12,0,0
BRDA:121,13,0,175
BRDA:121,13,1,0
BRDA:121,13,2,0
BRDA:121,13,3,0
BRDA:146,14,0,0
BRDA:146,15,0,1
BRDA:146,15,1,1
BRDA:155,16,0,0
BRDA:155,17,0,1
BRDA:155,17,1,1
BRDA:159,18,0,0
BRDA:159,18,1,0
BRDA:167,19,0,0
BRDA:170,20,0,0
BRDA:170,20,1,0
BRDA:181,21,0,0
BRDA:181,22,0,1
BRDA:181,22,1,1
BRDA:196,23,0,1
BRDA:196,23,1,0
BRDA:197,24,0,0
BRDA:198,25,0,1
BRDA:198,25,1,0
BRDA:253,26,0,0
BRF:45
BRH:25
end_of_record
TN:
SF:src/env.ts
FN:25,(anonymous_0)
FN:149,validateEnv
FN:154,(anonymous_2)
FN:157,(anonymous_3)
FN:161,(anonymous_4)
FN:179,ensureJwtSecretStrength
FNF:6
FNH:3
FNDA:144,(anonymous_0)
FNDA:24,validateEnv
FNDA:0,(anonymous_2)
FNDA:0,(anonymous_3)
FNDA:0,(anonymous_4)
FNDA:24,ensureJwtSecretStrength
DA:1,24
DA:2,24
DA:6,24
DA:8,24
DA:13,24
DA:17,24
DA:25,144
DA:29,24
DA:90,24
DA:141,24
DA:150,24
DA:151,24
DA:153,0
DA:154,0
DA:156,0
DA:157,0
DA:159,0
DA:161,0
DA:166,0
DA:167,0
DA:169,0
DA:177,24
DA:180,24
DA:181,24
DA:182,24
DA:183,24
DA:184,24
DA:185,24
DA:186,24
DA:188,24
DA:189,24
DA:191,24
DA:192,24
DA:193,24
DA:195,24
DA:196,6
DA:201,24
DA:202,0
DA:203,0
DA:204,0
DA:207,24
DA:210,24
DA:212,24
DA:217,24
DA:222,24
DA:227,24
DA:232,24
DA:234,24
DA:240,24
LF:49
LH:37
BRDA:6,0,0,24
BRDA:6,0,1,0
BRDA:141,1,0,24
BRDA:141,1,1,0
BRDA:153,2,0,0
BRDA:183,3,0,0
BRDA:184,4,0,24
BRDA:185,5,0,18
BRDA:186,6,0,0
BRDA:189,7,0,0
BRDA:189,8,0,24
BRDA:189,8,1,0
BRDA:192,9,0,24
BRDA:195,10,0,6
BRDA:196,11,0,6
BRDA:196,11,1,0
BRDA:201,12,0,0
BRF:17
BRH:8
end_of_record
TN:
SF:src/firebaseAdmin.ts
FN:12,serviceAccountFromEnv
FN:29,initFirebase
FN:49,getAdmin
FN:55,getFirestore
FNF:4
FNH:0
FNDA:0,serviceAccountFromEnv
FNDA:0,initFirebase
FNDA:0,getAdmin
FNDA:0,getFirestore
DA:2,23
DA:4,23
DA:7,23
DA:10,23
DA:13,0
DA:14,0
DA:16,0
DA:17,0
DA:19,0
DA:23,0
DA:25,0
DA:29,23
DA:30,0
DA:31,0
DA:32,0
DA:33,0
DA:38,0
DA:39,0
DA:40,0
DA:43,0
DA:44,0
DA:45,0
DA:49,23
DA:50,0
DA:51,0
DA:55,23
DA:56,0
DA:60,23
DA:63,23
DA:64,23
LF:30
LH:10
BRDA:10,0,0,23
BRDA:10,0,1,0
BRDA:14,1,0,0
BRDA:19,2,0,0
BRDA:20,3,0,0
BRDA:20,3,1,0
BRDA:30,4,0,0
BRDA:31,5,0,0
BRDA:38,6,0,0
BRDA:50,7,0,0
BRF:10
BRH:1
end_of_record
TN:
SF:src/index.ts
FN:11,(anonymous_1)
FN:15,shutdown
FN:17,(anonymous_3)
FN:26,(anonymous_4)
FN:32,(anonymous_5)
FN:32,(anonymous_6)
FNF:6
FNH:0
FNDA:0,(anonymous_1)
FNDA:0,shutdown
FNDA:0,(anonymous_3)
FNDA:0,(anonymous_4)
FNDA:0,(anonymous_5)
FNDA:0,(anonymous_6)
DA:1,0
DA:4,0
DA:6,0
DA:7,0
DA:8,0
DA:10,0
DA:11,0
DA:12,0
DA:16,0
DA:17,0
DA:18,0
DA:19,0
DA:20,0
DA:22,0
DA:23,0
DA:26,0
DA:27,0
DA:28,0
DA:30,0
DA:32,0
LF:20
LH:0
BRDA:18,0,0,0
BRF:1
BRH:0
end_of_record
TN:
SF:src/prismaClient.ts
FN:4,isTestEnvironment
FN:12,getPrismaInstance
FN:43,(anonymous_2)
FNF:3
FNH:1
FNDA:1,isTestEnvironment
FNDA:0,getPrismaInstance
FNDA:0,(anonymous_2)
DA:1,1
DA:2,1
DA:5,1
DA:10,1
DA:13,0
DA:15,0
DA:16,0
DA:20,0
DA:22,0
DA:31,1
DA:32,1
DA:34,1
DA:36,0
DA:40,1
DA:44,0
DA:45,0
LF:16
LH:8
BRDA:5,0,0,1
BRDA:5,0,1,0
BRDA:13,1,0,0
BRDA:15,2,0,0
BRDA:31,3,0,1
BRDA:41,4,0,1
BRDA:41,4,1,0
BRF:7
BRH:3
end_of_record
TN:
SF:src/__tests__/geo.test.ts
FN:3,(anonymous_0)
FN:4,(anonymous_1)
FN:5,(anonymous_2)
FN:11,(anonymous_3)
FN:18,(anonymous_4)
FN:19,(anonymous_5)
FN:30,(anonymous_6)
FN:41,(anonymous_7)
FN:52,(anonymous_8)
FN:64,(anonymous_9)
FN:67,(anonymous_10)
FN:76,(anonymous_11)
FN:84,(anonymous_12)
FN:92,(anonymous_13)
FN:101,(anonymous_14)
FN:102,(anonymous_15)
FN:112,(anonymous_16)
FN:123,(anonymous_17)
FN:124,(anonymous_18)
FN:134,(anonymous_19)
FN:144,(anonymous_20)
FN:154,(anonymous_21)
FN:164,(anonymous_22)
FN:176,(anonymous_23)
FN:177,(anonymous_24)
FN:187,(anonymous_25)
FN:199,(anonymous_26)
FN:211,(anonymous_27)
FN:212,(anonymous_28)
FN:222,(anonymous_29)
FN:233,(anonymous_30)
FNF:31
FNH:0
FNDA:0,(anonymous_0)
FNDA:0,(anonymous_1)
FNDA:0,(anonymous_2)
FNDA:0,(anonymous_3)
FNDA:0,(anonymous_4)
FNDA:0,(anonymous_5)
FNDA:0,(anonymous_6)
FNDA:0,(anonymous_7)
FNDA:0,(anonymous_8)
FNDA:0,(anonymous_9)
FNDA:0,(anonymous_10)
FNDA:0,(anonymous_11)
FNDA:0,(anonymous_12)
FNDA:0,(anonymous_13)
FNDA:0,(anonymous_14)
FNDA:0,(anonymous_15)
FNDA:0,(anonymous_16)
FNDA:0,(anonymous_17)
FNDA:0,(anonymous_18)
FNDA:0,(anonymous_19)
FNDA:0,(anonymous_20)
FNDA:0,(anonymous_21)
FNDA:0,(anonymous_22)
FNDA:0,(anonymous_23)
FNDA:0,(anonymous_24)
FNDA:0,(anonymous_25)
FNDA:0,(anonymous_26)
FNDA:0,(anonymous_27)
FNDA:0,(anonymous_28)
FNDA:0,(anonymous_29)
FNDA:0,(anonymous_30)
DA:1,0
DA:3,0
DA:4,0
DA:5,0
DA:6,0
DA:7,0
DA:8,0
DA:11,0
DA:12,0
DA:13,0
DA:14,0
DA:18,0
DA:19,0
DA:20,0
DA:21,0
DA:23,0
DA:26,0
DA:27,0
DA:30,0
DA:31,0
DA:32,0
DA:34,0
DA:37,0
DA:38,0
DA:41,0
DA:42,0
DA:43,0
DA:45,0
DA:48,0
DA:49,0
DA:52,0
DA:53,0
DA:54,0
DA:56,0
DA:59,0
DA:60,0
DA:64,0
DA:65,0
DA:67,0
DA:68,0
DA:69,0
DA:72,0
DA:73,0
DA:76,0
DA:77,0
DA:78,0
DA:80,0
DA:81,0
DA:84,0
DA:85,0
DA:86,0
DA:88,0
DA:89,0
DA:92,0
DA:93,0
DA:94,0
DA:96,0
DA:97,0
DA:101,0
DA:102,0
DA:103,0
DA:104,0
DA:106,0
DA:107,0
DA:109,0
DA:112,0
DA:113,0
DA:114,0
DA:116,0
DA:117,0
DA:119,0
DA:123,0
DA:124,0
DA:125,0
DA:126,0
DA:128,0
DA:130,0
DA:131,0
DA:134,0
DA:135,0
DA:136,0
DA:138,0
DA:140,0
DA:141,0
DA:144,0
DA:145,0
DA:146,0
DA:148,0
DA:150,0
DA:151,0
DA:154,0
DA:155,0
DA:156,0
DA:158,0
DA:161,0
DA:164,0
DA:165,0
DA:166,0
DA:168,0
DA:171,0
DA:172,0
DA:176,0
DA:177,0
DA:178,0
DA:179,0
DA:181,0
DA:183,0
DA:184,0
DA:187,0
DA:188,0
DA:189,0
DA:191,0
DA:192,0
DA:193,0
DA:195,0
DA:196,0
DA:199,0
DA:200,0
DA:201,0
DA:203,0
DA:205,0
DA:206,0
DA:207,0
DA:211,0
DA:212,0
DA:213,0
DA:214,0
DA:216,0
DA:218,0
DA:219,0
DA:222,0
DA:223,0
DA:224,0
DA:226,0
DA:227,0
DA:229,0
DA:230,0
DA:233,0
DA:234,0
DA:235,0
DA:237,0
DA:240,0
LF:142
LH:0
BRF:0
BRH:0
end_of_record
TN:
SF:src/__tests__/lruCache.test.ts
FN:3,(anonymous_0)
FN:4,(anonymous_1)
FN:5,(anonymous_2)
FN:13,(anonymous_3)
FN:18,(anonymous_4)
FN:25,(anonymous_5)
FN:33,(anonymous_6)
FN:44,(anonymous_7)
FN:45,(anonymous_8)
FN:57,(anonymous_9)
FN:67,(anonymous_10)
FN:74,(anonymous_11)
FN:91,(anonymous_12)
FN:92,(anonymous_13)
FN:110,(anonymous_14)
FN:121,(anonymous_15)
FN:138,(anonymous_16)
FN:139,(anonymous_17)
FN:145,(anonymous_18)
FN:153,(anonymous_19)
FN:160,(anonymous_20)
FN:167,(anonymous_21)
FN:176,(anonymous_22)
FN:177,(anonymous_23)
FN:181,(anonymous_24)
FN:182,(anonymous_25)
FN:186,(anonymous_26)
FN:191,(anonymous_27)
FN:201,(anonymous_28)
FN:211,(anonymous_29)
FN:212,(anonymous_30)
FN:223,(anonymous_31)
FN:230,(anonymous_32)
FN:235,(anonymous_33)
FN:241,(anonymous_34)
FN:242,(anonymous_35)
FN:256,(anonymous_36)
FN:266,(anonymous_37)
FNF:38
FNH:0
FNDA:0,(anonymous_0)
FNDA:0,(anonymous_1)
FNDA:0,(anonymous_2)
FNDA:0,(anonymous_3)
FNDA:0,(anonymous_4)
FNDA:0,(anonymous_5)
FNDA:0,(anonymous_6)
FNDA:0,(anonymous_7)
FNDA:0,(anonymous_8)
FNDA:0,(anonymous_9)
FNDA:0,(anonymous_10)
FNDA:0,(anonymous_11)
FNDA:0,(anonymous_12)
FNDA:0,(anonymous_13)
FNDA:0,(anonymous_14)
FNDA:0,(anonymous_15)
FNDA:0,(anonymous_16)
FNDA:0,(anonymous_17)
FNDA:0,(anonymous_18)
FNDA:0,(anonymous_19)
FNDA:0,(anonymous_20)
FNDA:0,(anonymous_21)
FNDA:0,(anonymous_22)
FNDA:0,(anonymous_23)
FNDA:0,(anonymous_24)
FNDA:0,(anonymous_25)
FNDA:0,(anonymous_26)
FNDA:0,(anonymous_27)
FNDA:0,(anonymous_28)
FNDA:0,(anonymous_29)
FNDA:0,(anonymous_30)
FNDA:0,(anonymous_31)
FNDA:0,(anonymous_32)
FNDA:0,(anonymous_33)
FNDA:0,(anonymous_34)
FNDA:0,(anonymous_35)
FNDA:0,(anonymous_36)
FNDA:0,(anonymous_37)
DA:1,0
DA:3,0
DA:4,0
DA:5,0
DA:6,0
DA:7,0
DA:8,0
DA:9,0
DA:10,0
DA:13,0
DA:14,0
DA:15,0
DA:18,0
DA:19,0
DA:20,0
DA:21,0
DA:22,0
DA:25,0
DA:26,0
DA:27,0
DA:28,0
DA:29,0
DA:30,0
DA:33,0
DA:34,0
DA:35,0
DA:36,0
DA:37,0
DA:38,0
DA:39,0
DA:40,0
DA:44,0
DA:45,0
DA:46,0
DA:47,0
DA:48,0
DA:49,0
DA:51,0
DA:52,0
DA:53,0
DA:54,0
DA:57,0
DA:58,0
DA:59,0
DA:60,0
DA:62,0
DA:63,0
DA:64,0
DA:67,0
DA:68,0
DA:69,0
DA:70,0
DA:71,0
DA:74,0
DA:75,0
DA:76,0
DA:77,0
DA:78,0
DA:79,0
DA:80,0
DA:82,0
DA:83,0
DA:84,0
DA:85,0
DA:86,0
DA:87,0
DA:91,0
DA:92,0
DA:93,0
DA:94,0
DA:95,0
DA:96,0
DA:99,0
DA:102,0
DA:104,0
DA:105,0
DA:106,0
DA:107,0
DA:110,0
DA:111,0
DA:112,0
DA:113,0
DA:114,0
DA:116,0
DA:117,0
DA:118,0
DA:121,0
DA:122,0
DA:123,0
DA:124,0
DA:127,0
DA:130,0
DA:132,0
DA:133,0
DA:134,0
DA:138,0
DA:139,0
DA:140,0
DA:141,0
DA:142,0
DA:145,0
DA:146,0
DA:147,0
DA:148,0
DA:149,0
DA:150,0
DA:153,0
DA:154,0
DA:155,0
DA:156,0
DA:157,0
DA:160,0
DA:161,0
DA:162,0
DA:163,0
DA:164,0
DA:167,0
DA:169,0
DA:170,0
DA:171,0
DA:176,0
DA:177,0
DA:178,0
DA:181,0
DA:182,0
DA:183,0
DA:186,0
DA:187,0
DA:188,0
DA:191,0
DA:193,0
DA:198,0
DA:201,0
DA:202,0
DA:207,0
DA:211,0
DA:212,0
DA:213,0
DA:214,0
DA:215,0
DA:217,0
DA:218,0
DA:219,0
DA:220,0
DA:223,0
DA:224,0
DA:225,0
DA:227,0
DA:230,0
DA:231,0
DA:232,0
DA:235,0
DA:236,0
DA:237,0
DA:241,0
DA:242,0
DA:244,0
DA:245,0
DA:249,0
DA:252,0
DA:253,0
DA:256,0
DA:257,0
DA:258,0
DA:259,0
DA:261,0
DA:262,0
DA:263,0
DA:266,0
DA:267,0
DA:268,0
DA:270,0
DA:272,0
DA:273,0
DA:274,0
LF:175
LH:0
BRF:0
BRH:0
end_of_record
TN:
SF:src/__tests__/middleware/security.test.ts
FN:14,(anonymous_1)
FN:22,(anonymous_2)
FN:25,(anonymous_3)
FN:30,(anonymous_4)
FN:31,(anonymous_5)
FN:33,(anonymous_6)
FN:45,(anonymous_7)
FN:47,(anonymous_8)
FN:57,(anonymous_9)
FN:58,(anonymous_10)
FN:63,(anonymous_11)
FN:64,(anonymous_12)
FN:76,(anonymous_13)
FN:77,(anonymous_14)
FN:90,(anonymous_15)
FN:91,(anonymous_16)
FN:108,(anonymous_17)
FN:109,(anonymous_18)
FN:120,(anonymous_19)
FN:121,(anonymous_20)
FN:123,(anonymous_21)
FN:134,(anonymous_22)
FN:137,(anonymous_23)
FN:145,(anonymous_24)
FN:146,(anonymous_25)
FN:151,(anonymous_26)
FN:152,(anonymous_27)
FN:160,(anonymous_28)
FN:161,(anonymous_29)
FN:171,(anonymous_30)
FN:172,(anonymous_31)
FN:179,(anonymous_32)
FN:180,(anonymous_33)
FN:187,(anonymous_34)
FN:188,(anonymous_35)
FN:198,(anonymous_36)
FN:199,(anonymous_37)
FN:201,(anonymous_38)
FN:208,(anonymous_39)
FN:210,(anonymous_40)
FN:218,(anonymous_41)
FN:220,(anonymous_42)
FN:227,(anonymous_43)
FN:229,(anonymous_44)
FN:238,(anonymous_45)
FN:239,(anonymous_46)
FN:241,(anonymous_47)
FN:248,(anonymous_48)
FN:250,(anonymous_49)
FN:258,(anonymous_50)
FN:260,(anonymous_51)
FN:268,(anonymous_52)
FN:269,(anonymous_53)
FN:273,(anonymous_54)
FN:286,(anonymous_55)
FN:290,(anonymous_56)
FN:298,(anonymous_57)
FN:299,(anonymous_58)
FN:307,(anonymous_59)
FN:320,(anonymous_60)
FN:323,(anonymous_61)
FN:332,(anonymous_62)
FNF:62
FNH:0
FNDA:0,(anonymous_1)
FNDA:0,(anonymous_2)
FNDA:0,(anonymous_3)
FNDA:0,(anonymous_4)
FNDA:0,(anonymous_5)
FNDA:0,(anonymous_6)
FNDA:0,(anonymous_7)
FNDA:0,(anonymous_8)
FNDA:0,(anonymous_9)
FNDA:0,(anonymous_10)
FNDA:0,(anonymous_11)
FNDA:0,(anonymous_12)
FNDA:0,(anonymous_13)
FNDA:0,(anonymous_14)
FNDA:0,(anonymous_15)
FNDA:0,(anonymous_16)
FNDA:0,(anonymous_17)
FNDA:0,(anonymous_18)
FNDA:0,(anonymous_19)
FNDA:0,(anonymous_20)
FNDA:0,(anonymous_21)
FNDA:0,(anonymous_22)
FNDA:0,(anonymous_23)
FNDA:0,(anonymous_24)
FNDA:0,(anonymous_25)
FNDA:0,(anonymous_26)
FNDA:0,(anonymous_27)
FNDA:0,(anonymous_28)
FNDA:0,(anonymous_29)
FNDA:0,(anonymous_30)
FNDA:0,(anonymous_31)
FNDA:0,(anonymous_32)
FNDA:0,(anonymous_33)
FNDA:0,(anonymous_34)
FNDA:0,(anonymous_35)
FNDA:0,(anonymous_36)
FNDA:0,(anonymous_37)
FNDA:0,(anonymous_38)
FNDA:0,(anonymous_39)
FNDA:0,(anonymous_40)
FNDA:0,(anonymous_41)
FNDA:0,(anonymous_42)
FNDA:0,(anonymous_43)
FNDA:0,(anonymous_44)
FNDA:0,(anonymous_45)
FNDA:0,(anonymous_46)
FNDA:0,(anonymous_47)
FNDA:0,(anonymous_48)
FNDA:0,(anonymous_49)
FNDA:0,(anonymous_50)
FNDA:0,(anonymous_51)
FNDA:0,(anonymous_52)
FNDA:0,(anonymous_53)
FNDA:0,(anonymous_54)
FNDA:0,(anonymous_55)
FNDA:0,(anonymous_56)
FNDA:0,(anonymous_57)
FNDA:0,(anonymous_58)
FNDA:0,(anonymous_59)
FNDA:0,(anonymous_60)
FNDA:0,(anonymous_61)
FNDA:0,(anonymous_62)
DA:1,0
DA:2,0
DA:3,0
DA:14,0
DA:22,0
DA:25,0
DA:26,0
DA:27,0
DA:30,0
DA:31,0
DA:32,0
DA:33,0
DA:35,0
DA:37,0
DA:38,0
DA:39,0
DA:40,0
DA:41,0
DA:42,0
DA:45,0
DA:46,0
DA:47,0
DA:49,0
DA:51,0
DA:57,0
DA:58,0
DA:59,0
DA:60,0
DA:63,0
DA:64,0
DA:65,0
DA:68,0
DA:72,0
DA:73,0
DA:76,0
DA:77,0
DA:78,0
DA:81,0
DA:86,0
DA:87,0
DA:90,0
DA:91,0
DA:92,0
DA:95,0
DA:105,0
DA:108,0
DA:109,0
DA:110,0
DA:113,0
DA:114,0
DA:116,0
DA:120,0
DA:121,0
DA:122,0
DA:123,0
DA:125,0
DA:130,0
DA:131,0
DA:134,0
DA:135,0
DA:136,0
DA:137,0
DA:139,0
DA:141,0
DA:145,0
DA:146,0
DA:147,0
DA:148,0
DA:151,0
DA:152,0
DA:154,0
DA:156,0
DA:157,0
DA:160,0
DA:161,0
DA:163,0
DA:167,0
DA:168,0
DA:171,0
DA:172,0
DA:174,0
DA:176,0
DA:179,0
DA:180,0
DA:182,0
DA:184,0
DA:187,0
DA:188,0
DA:190,0
DA:194,0
DA:198,0
DA:199,0
DA:200,0
DA:201,0
DA:203,0
DA:205,0
DA:208,0
DA:209,0
DA:210,0
DA:212,0
DA:214,0
DA:215,0
DA:218,0
DA:219,0
DA:220,0
DA:222,0
DA:224,0
DA:227,0
DA:228,0
DA:229,0
DA:231,0
DA:233,0
DA:234,0
DA:238,0
DA:239,0
DA:240,0
DA:241,0
DA:243,0
DA:245,0
DA:248,0
DA:249,0
DA:250,0
DA:252,0
DA:254,0
DA:255,0
DA:258,0
DA:259,0
DA:260,0
DA:262,0
DA:264,0
DA:268,0
DA:269,0
DA:270,0
DA:272,0
DA:273,0
DA:275,0
DA:277,0
DA:286,0
DA:287,0
DA:289,0
DA:290,0
DA:292,0
DA:294,0
DA:298,0
DA:299,0
DA:300,0
DA:301,0
DA:302,0
DA:303,0
DA:304,0
DA:305,0
DA:307,0
DA:308,0
DA:311,0
DA:315,0
DA:316,0
DA:317,0
DA:320,0
DA:322,0
DA:323,0
DA:325,0
DA:326,0
DA:328,0
DA:330,0
DA:332,0
DA:334,0
DA:336,0
DA:337,0
LF:168
LH:0
BRDA:325,0,0,0
BRF:1
BRH:0
end_of_record
TN:
SF:src/__tests__/services/cacheService.test.ts
FN:4,(anonymous_0)
FN:5,(anonymous_1)
FN:30,(anonymous_2)
FN:38,(anonymous_3)
FN:39,(anonymous_4)
FN:45,(anonymous_5)
FN:46,(anonymous_6)
FN:51,(anonymous_7)
FN:60,(anonymous_8)
FN:61,(anonymous_9)
FN:66,(anonymous_10)
FN:77,(anonymous_11)
FN:87,(anonymous_12)
FN:98,(anonymous_13)
FN:99,(anonymous_14)
FN:104,(anonymous_15)
FN:117,(anonymous_16)
FN:128,(anonymous_17)
FN:129,(anonymous_18)
FN:134,(anonymous_19)
FN:148,(anonymous_20)
FN:149,(anonymous_21)
FN:154,(anonymous_22)
FN:170,(anonymous_23)
FN:182,(anonymous_24)
FN:183,(anonymous_25)
FN:192,(anonymous_26)
FN:210,(anonymous_27)
FN:223,(anonymous_28)
FN:224,(anonymous_29)
FN:229,(anonymous_30)
FN:252,(anonymous_31)
FN:253,(anonymous_32)
FN:258,(anonymous_33)
FN:272,(anonymous_34)
FN:283,(anonymous_35)
FN:284,(anonymous_36)
FN:289,(anonymous_37)
FN:316,(anonymous_38)
FN:317,(anonymous_39)
FNF:40
FNH:0
FNDA:0,(anonymous_0)
FNDA:0,(anonymous_1)
FNDA:0,(anonymous_2)
FNDA:0,(anonymous_3)
FNDA:0,(anonymous_4)
FNDA:0,(anonymous_5)
FNDA:0,(anonymous_6)
FNDA:0,(anonymous_7)
FNDA:0,(anonymous_8)
FNDA:0,(anonymous_9)
FNDA:0,(anonymous_10)
FNDA:0,(anonymous_11)
FNDA:0,(anonymous_12)
FNDA:0,(anonymous_13)
FNDA:0,(anonymous_14)
FNDA:0,(anonymous_15)
FNDA:0,(anonymous_16)
FNDA:0,(anonymous_17)
FNDA:0,(anonymous_18)
FNDA:0,(anonymous_19)
FNDA:0,(anonymous_20)
FNDA:0,(anonymous_21)
FNDA:0,(anonymous_22)
FNDA:0,(anonymous_23)
FNDA:0,(anonymous_24)
FNDA:0,(anonymous_25)
FNDA:0,(anonymous_26)
FNDA:0,(anonymous_27)
FNDA:0,(anonymous_28)
FNDA:0,(anonymous_29)
FNDA:0,(anonymous_30)
FNDA:0,(anonymous_31)
FNDA:0,(anonymous_32)
FNDA:0,(anonymous_33)
FNDA:0,(anonymous_34)
FNDA:0,(anonymous_35)
FNDA:0,(anonymous_36)
FNDA:0,(anonymous_37)
FNDA:0,(anonymous_38)
FNDA:0,(anonymous_39)
DA:1,0
DA:4,0
DA:5,0
DA:30,0
DA:38,0
DA:39,0
DA:40,0
DA:42,0
DA:45,0
DA:46,0
DA:48,0
DA:51,0
DA:52,0
DA:56,0
DA:60,0
DA:61,0
DA:62,0
DA:63,0
DA:66,0
DA:68,0
DA:69,0
DA:73,0
DA:74,0
DA:77,0
DA:78,0
DA:79,0
DA:83,0
DA:84,0
DA:87,0
DA:88,0
DA:89,0
DA:93,0
DA:94,0
DA:98,0
DA:99,0
DA:100,0
DA:101,0
DA:104,0
DA:105,0
DA:106,0
DA:107,0
DA:111,0
DA:113,0
DA:114,0
DA:117,0
DA:118,0
DA:119,0
DA:123,0
DA:124,0
DA:128,0
DA:129,0
DA:130,0
DA:131,0
DA:134,0
DA:135,0
DA:136,0
DA:137,0
DA:141,0
DA:143,0
DA:144,0
DA:148,0
DA:149,0
DA:150,0
DA:151,0
DA:154,0
DA:155,0
DA:156,0
DA:157,0
DA:158,0
DA:163,0
DA:165,0
DA:166,0
DA:167,0
DA:170,0
DA:171,0
DA:172,0
DA:173,0
DA:177,0
DA:178,0
DA:182,0
DA:183,0
DA:184,0
DA:186,0
DA:188,0
DA:189,0
DA:192,0
DA:193,0
DA:194,0
DA:196,0
DA:197,0
DA:202,0
DA:204,0
DA:206,0
DA:207,0
DA:210,0
DA:211,0
DA:213,0
DA:214,0
DA:216,0
DA:218,0
DA:219,0
DA:223,0
DA:224,0
DA:225,0
DA:226,0
DA:229,0
DA:230,0
DA:239,0
DA:240,0
DA:244,0
DA:246,0
DA:247,0
DA:248,0
DA:252,0
DA:253,0
DA:254,0
DA:255,0
DA:258,0
DA:259,0
DA:260,0
DA:261,0
DA:265,0
DA:267,0
DA:268,0
DA:269,0
DA:272,0
DA:273,0
DA:274,0
DA:278,0
DA:279,0
DA:283,0
DA:284,0
DA:285,0
DA:286,0
DA:289,0
DA:290,0
DA:294,0
DA:296,0
DA:297,0
DA:302,0
DA:304,0
DA:310,0
DA:311,0
DA:312,0
DA:316,0
DA:317,0
DA:318,0
DA:319,0
DA:320,0
DA:321,0
DA:322,0
DA:323,0
DA:326,0
DA:327,0
LF:154
LH:0
BRF:0
BRH:0
end_of_record
TN:
SF:src/bootstrap/firebase-admin.ts
FN:6,serviceAccountFromEnv
FN:20,(anonymous_10)
FN:42,(anonymous_11)
FNF:3
FNH:0
FNDA:0,serviceAccountFromEnv
FNDA:0,(anonymous_10)
FNDA:0,(anonymous_11)
DA:1,0
DA:2,0
DA:4,0
DA:7,0
DA:8,0
DA:9,0
DA:10,0
DA:11,0
DA:15,0
DA:17,0
DA:20,0
DA:22,0
DA:24,0
DA:30,0
DA:31,0
DA:32,0
DA:33,0
DA:35,0
DA:39,0
DA:42,0
DA:44,0
DA:46,0
DA:49,0
DA:50,0
DA:53,0
LF:25
LH:0
BRDA:8,0,0,0
BRDA:11,1,0,0
BRDA:12,2,0,0
BRDA:12,2,1,0
BRDA:22,3,0,0
BRDA:22,4,0,0
BRDA:22,4,1,0
BRDA:30,5,0,0
BRDA:31,6,0,0
BRDA:44,7,0,0
BRDA:44,8,0,0
BRDA:44,8,1,0
BRDA:49,9,0,0
BRF:13
BRH:0
end_of_record
TN:
SF:src/controllers/accessibilityController.ts
FN:20,getAccessibilitySettings
FN:40,updateAccessibilitySettings
FNF:2
FNH:0
FNDA:0,getAccessibilitySettings
FNDA:0,updateAccessibilitySettings
DA:4,0
DA:20,0
DA:21,0
DA:22,0
DA:23,0
DA:26,0
DA:29,0
DA:30,0
DA:32,0
DA:40,0
DA:41,0
DA:43,0
DA:48,0
LF:13
LH:0
BRDA:22,0,0,0
BRDA:29,1,0,0
BRF:2
BRH:0
end_of_record
TN:
SF:src/controllers/authController.ts
FN:8,getJwtSecret
FN:18,register
FN:40,login
FN:54,logout
FN:58,forgotPassword
FNF:5
FNH:0
FNDA:0,getJwtSecret
FNDA:0,register
FNDA:0,login
FNDA:0,logout
FNDA:0,forgotPassword
DA:3,0
DA:4,0
DA:5,0
DA:6,0
DA:9,0
DA:10,0
DA:11,0
DA:18,0
DA:19,0
DA:20,0
DA:22,0
DA:23,0
DA:25,0
DA:28,0
DA:32,0
DA:33,0
DA:40,0
DA:41,0
DA:42,0
DA:44,0
DA:45,0
DA:47,0
DA:48,0
DA:50,0
DA:51,0
DA:54,0
DA:55,0
DA:58,0
DA:59,0
LF:29
LH:0
BRDA:10,0,0,0
BRDA:20,1,0,0
BRDA:20,2,0,0
BRDA:20,2,1,0
BRDA:23,3,0,0
BRDA:42,4,0,0
BRDA:42,5,0,0
BRDA:42,5,1,0
BRDA:45,6,0,0
BRDA:48,7,0,0
BRF:10
BRH:0
end_of_record
TN:
SF:src/controllers/awardsController.ts
FN:14,getAwards
FN:28,redeemAward
FN:50,(anonymous_2)
FN:126,getAwardById
FNF:4
FNH:0
FNDA:0,getAwards
FNDA:0,redeemAward
FNDA:0,(anonymous_2)
FNDA:0,getAwardById
DA:3,23
DA:5,23
DA:14,23
DA:15,0
DA:16,0
DA:17,0
DA:18,0
DA:19,0
DA:20,0
DA:28,23
DA:29,0
DA:30,0
DA:31,0
DA:32,0
DA:33,0
DA:34,0
DA:37,0
DA:38,0
DA:40,0
DA:41,0
DA:44,0
DA:47,0
DA:48,0
DA:49,0
DA:51,0
DA:56,0
DA:57,0
DA:61,0
DA:66,0
DA:67,0
DA:73,0
DA:82,0
DA:94,0
DA:98,0
DA:99,0
DA:100,0
DA:102,0
DA:103,0
DA:105,0
DA:106,0
DA:109,0
DA:114,0
DA:116,0
DA:126,23
DA:127,0
DA:128,0
DA:129,0
DA:130,0
DA:131,0
DA:132,0
DA:133,0
LF:51
LH:5
BRDA:16,0,0,0
BRDA:16,0,1,0
BRDA:17,1,0,0
BRDA:18,2,0,0
BRDA:18,2,1,0
BRDA:30,3,0,0
BRDA:30,3,1,0
BRDA:31,4,0,0
BRDA:33,5,0,0
BRDA:38,6,0,0
BRDA:38,6,1,0
BRDA:41,7,0,0
BRDA:47,8,0,0
BRDA:51,9,0,0
BRDA:51,9,1,0
BRDA:51,9,2,0
BRDA:51,9,3,0
BRDA:51,9,4,0
BRDA:56,10,0,0
BRDA:66,11,0,0
BRDA:99,12,0,0
BRDA:102,13,0,0
BRDA:105,14,0,0
BRDA:128,15,0,0
BRDA:128,15,1,0
BRDA:129,16,0,0
BRDA:130,17,0,0
BRDA:130,17,1,0
BRDA:132,18,0,0
BRF:29
BRH:0
end_of_record
TN:
SF:src/controllers/dataTransparencyController.ts
FN:17,requestExport
FN:40,getExportStatus
FN:62,cancelExport
FNF:3
FNH:0
FNDA:0,requestExport
FNDA:0,getExportStatus
FNDA:0,cancelExport
DA:4,0
DA:5,0
DA:6,0
DA:17,0
DA:18,0
DA:19,0
DA:21,0
DA:23,0
DA:28,0
DA:30,0
DA:32,0
DA:40,0
DA:41,0
DA:43,0
DA:44,0
DA:48,0
DA:49,0
DA:52,0
DA:54,0
DA:62,0
DA:63,0
DA:65,0
DA:66,0
DA:69,0
DA:71,0
LF:25
LH:0
BRDA:48,0,0,0
BRF:1
BRH:0
end_of_record
TN:
SF:src/middleware/appMonitoring.ts
FN:16,(anonymous_0)
FN:27,(anonymous_1)
FN:29,(anonymous_2)
FN:62,(anonymous_3)
FN:70,(anonymous_4)
FN:90,(anonymous_5)
FN:107,(anonymous_6)
FN:108,(anonymous_7)
FN:109,(anonymous_8)
FN:117,(anonymous_9)
FN:131,(anonymous_10)
FN:150,(anonymous_11)
FN:151,(anonymous_12)
FN:159,(anonymous_13)
FN:186,(anonymous_14)
FN:194,(anonymous_15)
FN:207,(anonymous_16)
FN:215,(anonymous_17)
FN:223,(anonymous_18)
FN:234,(anonymous_19)
FN:251,(anonymous_20)
FN:275,(anonymous_21)
FNF:22
FNH:0
FNDA:0,(anonymous_0)
FNDA:0,(anonymous_1)
FNDA:0,(anonymous_2)
FNDA:0,(anonymous_3)
FNDA:0,(anonymous_4)
FNDA:0,(anonymous_5)
FNDA:0,(anonymous_6)
FNDA:0,(anonymous_7)
FNDA:0,(anonymous_8)
FNDA:0,(anonymous_9)
FNDA:0,(anonymous_10)
FNDA:0,(anonymous_11)
FNDA:0,(anonymous_12)
FNDA:0,(anonymous_13)
FNDA:0,(anonymous_14)
FNDA:0,(anonymous_15)
FNDA:0,(anonymous_16)
FNDA:0,(anonymous_17)
FNDA:0,(anonymous_18)
FNDA:0,(anonymous_19)
FNDA:0,(anonymous_20)
FNDA:0,(anonymous_21)
DA:2,0
DA:3,0
DA:12,0
DA:17,0
DA:18,0
DA:29,0
DA:30,0
DA:33,0
DA:37,0
DA:38,0
DA:42,0
DA:43,0
DA:47,0
DA:48,0
DA:52,0
DA:53,0
DA:56,0
DA:64,0
DA:67,0
DA:70,0
DA:71,0
DA:84,0
DA:85,0
DA:90,0
DA:91,0
DA:101,0
DA:104,0
DA:108,0
DA:109,0
DA:110,0
DA:112,0
DA:115,0
DA:116,0
DA:117,0
DA:118,0
DA:119,0
DA:123,0
DA:126,0
DA:127,0
DA:131,0
DA:132,0
DA:133,0
DA:136,0
DA:142,0
DA:143,0
DA:144,0
DA:146,0
DA:151,0
DA:152,0
DA:156,0
DA:159,0
DA:160,0
DA:161,0
DA:164,0
DA:166,0
DA:168,0
DA:169,0
DA:170,0
DA:172,0
DA:173,0
DA:174,0
DA:176,0
DA:180,0
DA:185,0
DA:187,0
DA:200,0
DA:208,0
DA:216,0
DA:224,0
DA:233,0
DA:235,0
DA:236,0
DA:242,0
DA:243,0
DA:257,0
DA:258,0
DA:265,0
DA:266,0
DA:276,0
LF:79
LH:0
BRDA:16,0,0,0
BRDA:31,1,0,0
BRDA:31,1,1,0
BRDA:37,2,0,0
BRDA:42,3,0,0
BRDA:47,4,0,0
BRDA:52,5,0,0
BRDA:73,6,0,0
BRDA:73,6,1,0
BRDA:84,7,0,0
BRDA:116,8,0,0
BRDA:116,8,1,0
BRDA:118,9,0,0
BRDA:160,10,0,0
BRDA:164,11,0,0
BRDA:164,11,1,0
BRDA:166,12,0,0
BRDA:166,12,1,0
BRDA:166,12,2,0
BRDA:242,13,0,0
BRDA:265,14,0,0
BRDA:276,15,0,0
BRDA:276,15,1,0
BRF:23
BRH:0
end_of_record
TN:
SF:src/middleware/auth.ts
FN:6,requireAuth
FN:24,(anonymous_2)
FN:31,(anonymous_3)
FN:43,optionalAuth
FNF:4
FNH:1
FNDA:173,requireAuth
FNDA:0,(anonymous_2)
FNDA:0,(anonymous_3)
FNDA:0,optionalAuth
DA:2,23
DA:3,23
DA:4,23
DA:6,23
DA:7,173
DA:8,173
DA:9,173
DA:10,109
DA:11,109
DA:12,96
DA:13,96
DA:14,96
DA:16,96
DA:19,13
DA:20,13
DA:21,0
DA:25,0
DA:26,0
DA:27,0
DA:29,0
DA:31,0
DA:36,13
DA:43,23
DA:44,0
DA:45,0
DA:46,0
DA:47,0
DA:49,0
DA:50,0
DA:51,0
DA:54,0
LF:31
LH:17
BRDA:7,0,0,173
BRDA:7,0,1,48
BRDA:8,1,0,109
BRDA:8,1,1,64
BRDA:9,2,0,64
BRDA:12,3,0,96
BRDA:12,3,1,0
BRDA:13,4,0,96
BRDA:13,5,0,96
BRDA:13,5,1,96
BRDA:13,5,2,96
BRDA:20,6,0,0
BRDA:20,7,0,13
BRDA:20,7,1,0
BRDA:26,8,0,0
BRDA:26,9,0,0
BRDA:26,9,1,0
BRDA:44,10,0,0
BRDA:44,10,1,0
BRDA:45,11,0,0
BRDA:45,11,1,0
BRDA:46,12,0,0
BRF:22
BRH:11
end_of_record
TN:
SF:src/middleware/authMiddleware.ts
FN:11,authMiddleware
FNF:1
FNH:0
FNDA:0,authMiddleware
DA:4,0
DA:5,0
DA:11,0
DA:12,0
DA:13,0
DA:14,0
DA:17,0
DA:18,0
DA:19,0
DA:21,0
DA:22,0
DA:24,0
LF:12
LH:0
BRDA:13,0,0,0
BRDA:13,1,0,0
BRDA:13,1,1,0
BRF:3
BRH:0
end_of_record
TN:
SF:src/middleware/errorHandler.ts
FN:6,errorHandler
FNF:1
FNH:0
FNDA:0,errorHandler
DA:2,23
DA:3,23
DA:6,23
DA:7,0
DA:8,0
DA:10,0
DA:11,0
DA:16,0
DA:17,0
DA:18,0
DA:25,0
DA:27,0
LF:12
LH:3
BRDA:8,0,0,0
BRDA:8,0,1,0
BRDA:17,1,0,0
BRDA:17,2,0,0
BRDA:17,2,1,0
BRDA:25,3,0,0
BRDA:25,3,1,0
BRDA:25,3,2,0
BRF:8
BRH:0
end_of_record
TN:
SF:src/middleware/hmac.ts
FN:37,validateHMAC
FN:38,(anonymous_2)
FN:101,captureRawBody
FN:102,(anonymous_4)
FN:104,(anonymous_5)
FN:107,(anonymous_6)
FNF:6
FNH:2
FNDA:23,validateHMAC
FNDA:105,(anonymous_2)
FNDA:0,captureRawBody
FNDA:0,(anonymous_4)
FNDA:0,(anonymous_5)
FNDA:0,(anonymous_6)
DA:9,23
DA:10,23
DA:11,23
DA:19,23
DA:37,23
DA:38,23
DA:39,105
DA:40,105
DA:42,0
DA:44,0
DA:45,0
DA:46,0
DA:49,0
DA:50,0
DA:51,0
DA:55,0
DA:58,0
DA:60,0
DA:64,0
DA:70,0
DA:71,0
DA:72,0
DA:73,0
DA:75,0
DA:77,0
DA:82,0
DA:84,0
DA:85,0
DA:86,0
DA:89,0
DA:91,0
DA:92,0
DA:101,23
DA:102,0
DA:103,0
DA:104,0
DA:105,0
DA:107,0
DA:108,0
DA:109,0
LF:40
LH:9
BRDA:21,0,0,23
BRDA:21,0,1,23
BRDA:26,1,0,23
BRDA:26,1,1,23
BRDA:37,2,0,0
BRDA:39,3,0,105
BRDA:42,4,0,0
BRDA:42,4,1,0
BRDA:44,5,0,0
BRDA:50,6,0,0
BRDA:60,7,0,0
BRDA:60,8,0,0
BRDA:60,8,1,0
BRDA:70,9,0,0
BRDA:70,9,1,0
BRDA:72,10,0,0
BRDA:72,10,1,0
BRDA:72,11,0,0
BRDA:72,11,1,0
BRDA:84,12,0,0
BRF:20
BRH:5
end_of_record
TN:
SF:src/middleware/monitoring.ts
FN:28,(anonymous_0)
FN:33,(anonymous_1)
FN:53,(anonymous_2)
FN:73,(anonymous_3)
FN:88,(anonymous_4)
FN:127,(anonymous_5)
FN:143,(anonymous_6)
FN:180,(anonymous_7)
FN:216,(anonymous_8)
FN:243,(anonymous_9)
FN:260,(anonymous_10)
FN:267,(anonymous_11)
FN:273,(anonymous_12)
FN:285,(anonymous_13)
FN:293,metricsMiddleware
FN:296,(anonymous_15)
FNF:16
FNH:0
FNDA:0,(anonymous_0)
FNDA:0,(anonymous_1)
FNDA:0,(anonymous_2)
FNDA:0,(anonymous_3)
FNDA:0,(anonymous_4)
FNDA:0,(anonymous_5)
FNDA:0,(anonymous_6)
FNDA:0,(anonymous_7)
FNDA:0,(anonymous_8)
FNDA:0,(anonymous_9)
FNDA:0,(anonymous_10)
FNDA:0,(anonymous_11)
FNDA:0,(anonymous_12)
FNDA:0,(anonymous_13)
FNDA:0,metricsMiddleware
FNDA:0,(anonymous_15)
DA:4,0
DA:24,0
DA:29,0
DA:30,0
DA:34,0
DA:35,0
DA:36,0
DA:37,0
DA:39,0
DA:45,0
DA:54,0
DA:55,0
DA:56,0
DA:57,0
DA:59,0
DA:65,0
DA:74,0
DA:75,0
DA:76,0
DA:77,0
DA:80,0
DA:82,0
DA:89,0
DA:96,0
DA:99,0
DA:104,0
DA:105,0
DA:106,0
DA:107,0
DA:109,0
DA:112,0
DA:126,0
DA:128,0
DA:129,0
DA:132,0
DA:142,0
DA:143,0
DA:144,0
DA:145,0
DA:148,0
DA:160,0
DA:161,0
DA:172,0
DA:175,0
DA:179,0
DA:181,0
DA:182,0
DA:185,0
DA:205,0
DA:206,0
DA:213,0
DA:217,0
DA:218,0
DA:220,0
DA:228,0
DA:238,0
DA:239,0
DA:240,0
DA:241,0
DA:245,0
DA:246,0
DA:249,0
DA:250,0
DA:251,0
DA:255,0
DA:256,0
DA:266,0
DA:267,0
DA:271,0
DA:273,0
DA:277,0
DA:286,0
DA:287,0
DA:288,0
DA:293,0
DA:294,0
DA:296,0
DA:297,0
DA:298,0
DA:306,0
LF:80
LH:0
BRDA:48,0,0,0
BRDA:48,0,1,0
BRDA:68,1,0,0
BRDA:68,1,1,0
BRDA:83,2,0,0
BRDA:83,2,1,0
BRDA:96,3,0,0
BRDA:96,3,1,0
BRDA:96,3,2,0
BRDA:99,4,0,0
BRDA:99,4,1,0
BRDA:99,4,2,0
BRDA:104,5,0,0
BRDA:104,5,1,0
BRDA:106,6,0,0
BRDA:106,6,1,0
BRDA:137,7,0,0
BRDA:137,7,1,0
BRDA:154,8,0,0
BRDA:154,8,1,0
BRDA:156,9,0,0
BRDA:156,9,1,0
BRDA:160,10,0,0
BRDA:168,11,0,0
BRDA:168,11,1,0
BRDA:182,12,0,0
BRDA:182,12,1,0
BRDA:210,13,0,0
BRDA:210,13,1,0
BRDA:218,14,0,0
BRDA:218,14,1,0
BRDA:246,15,0,0
BRDA:246,15,1,0
BRDA:250,16,0,0
BRDA:255,17,0,0
BRDA:256,18,0,0
BRDA:256,18,1,0
BRDA:271,19,0,0
BRDA:271,19,1,0
BRDA:300,20,0,0
BRDA:300,20,1,0
BRF:41
BRH:0
end_of_record
TN:
SF:src/middleware/performance.ts
FN:30,cacheMiddleware
FN:31,(anonymous_2)
FN:55,(anonymous_3)
FN:84,performanceMiddleware
FN:85,(anonymous_5)
FN:92,(anonymous_6)
FN:123,(anonymous_7)
FN:135,(anonymous_8)
FN:143,(anonymous_9)
FN:150,(anonymous_10)
FN:165,(anonymous_11)
FN:172,(anonymous_12)
FN:250,(anonymous_13)
FN:305,(anonymous_14)
FN:356,compressionMiddleware
FN:357,(anonymous_16)
FN:360,(anonymous_17)
FN:375,optimizePrismaConnections
FN:394,memoryMonitor
FN:395,(anonymous_20)
FNF:20
FNH:0
FNDA:0,cacheMiddleware
FNDA:0,(anonymous_2)
FNDA:0,(anonymous_3)
FNDA:0,performanceMiddleware
FNDA:0,(anonymous_5)
FNDA:0,(anonymous_6)
FNDA:0,(anonymous_7)
FNDA:0,(anonymous_8)
FNDA:0,(anonymous_9)
FNDA:0,(anonymous_10)
FNDA:0,(anonymous_11)
FNDA:0,(anonymous_12)
FNDA:0,(anonymous_13)
FNDA:0,(anonymous_14)
FNDA:0,compressionMiddleware
FNDA:0,(anonymous_16)
FNDA:0,(anonymous_17)
FNDA:0,optimizePrismaConnections
FNDA:0,memoryMonitor
FNDA:0,(anonymous_20)
DA:5,0
DA:9,0
DA:18,0
DA:30,0
DA:31,0
DA:33,0
DA:34,0
DA:38,0
DA:40,0
DA:42,0
DA:44,0
DA:46,0
DA:50,0
DA:54,0
DA:55,0
DA:57,0
DA:58,0
DA:62,0
DA:68,0
DA:71,0
DA:73,0
DA:75,0
DA:84,0
DA:85,0
DA:86,0
DA:87,0
DA:90,0
DA:92,0
DA:93,0
DA:94,0
DA:95,0
DA:98,0
DA:99,0
DA:109,0
DA:115,0
DA:122,0
DA:124,0
DA:125,0
DA:126,0
DA:127,0
DA:128,0
DA:131,0
DA:136,0
DA:144,0
DA:151,0
DA:162,0
DA:166,0
DA:179,0
DA:180,0
DA:181,0
DA:183,0
DA:185,0
DA:186,0
DA:189,0
DA:190,0
DA:197,0
DA:198,0
DA:204,0
DA:236,0
DA:256,0
DA:258,0
DA:260,0
DA:279,0
DA:283,0
DA:306,0
DA:308,0
DA:341,0
DA:356,0
DA:357,0
DA:359,0
DA:360,0
DA:362,0
DA:363,0
DA:364,0
DA:366,0
DA:368,0
DA:375,0
DA:376,0
DA:394,0
DA:395,0
DA:396,0
DA:397,0
DA:405,0
DA:407,0
DA:412,0
LF:85
LH:0
BRDA:10,0,0,0
BRDA:10,0,1,0
BRDA:11,1,0,0
BRDA:11,1,1,0
BRDA:30,2,0,0
BRDA:33,3,0,0
BRDA:44,4,0,0
BRDA:57,5,0,0
BRDA:57,6,0,0
BRDA:57,6,1,0
BRDA:98,7,0,0
BRDA:126,8,0,0
BRDA:179,9,0,0
BRDA:179,9,1,0
BRDA:180,10,0,0
BRDA:180,10,1,0
BRDA:185,11,0,0
BRDA:189,12,0,0
BRDA:197,13,0,0
BRDA:209,14,0,0
BRDA:209,14,1,0
BRDA:256,15,0,0
BRDA:256,15,1,0
BRDA:258,16,0,0
BRDA:258,17,0,0
BRDA:258,17,1,0
BRDA:274,18,0,0
BRDA:274,18,1,0
BRDA:305,19,0,0
BRDA:305,20,0,0
BRDA:363,21,0,0
BRDA:383,22,0,0
BRDA:383,22,1,0
BRDA:405,23,0,0
BRF:34
BRH:0
end_of_record
TN:
SF:src/middleware/rateLimit.ts
FN:19,key
FN:23,resolveConfig
FN:39,rateLimit
FN:42,(anonymous_3)
FN:113,_rateLimitReset
FNF:5
FNH:4
FNDA:94,key
FNDA:345,resolveConfig
FNDA:345,rateLimit
FNDA:94,(anonymous_3)
FNDA:0,_rateLimitReset
DA:2,23
DA:3,23
DA:4,23
DA:17,23
DA:20,94
DA:24,345
DA:25,0
DA:32,345
DA:39,23
DA:40,345
DA:42,345
DA:43,94
DA:47,94
DA:49,94
DA:50,94
DA:51,94
DA:54,94
DA:55,0
DA:56,0
DA:57,0
DA:59,0
DA:60,0
DA:63,0
DA:64,0
DA:65,0
DA:67,0
DA:68,0
DA:75,0
DA:76,0
DA:77,0
DA:84,0
DA:86,0
DA:94,94
DA:95,94
DA:96,17
DA:97,17
DA:99,94
DA:100,94
DA:101,1
DA:102,1
DA:103,1
DA:105,93
DA:106,93
DA:107,93
DA:108,93
DA:113,23
DA:114,0
LF:47
LH:30
BRDA:20,0,0,94
BRDA:20,0,1,86
BRDA:24,1,0,0
BRDA:33,2,0,345
BRDA:33,2,1,230
BRDA:34,3,0,345
BRDA:34,3,1,299
BRDA:35,4,0,345
BRDA:35,4,1,345
BRDA:43,5,0,94
BRDA:43,5,1,0
BRDA:43,5,2,0
BRDA:49,6,0,8
BRDA:49,6,1,86
BRDA:49,7,0,94
BRDA:49,7,1,8
BRDA:54,8,0,0
BRDA:59,9,0,0
BRDA:59,9,1,0
BRDA:67,10,0,0
BRDA:87,11,0,0
BRDA:87,11,1,0
BRDA:95,12,0,17
BRDA:95,13,0,94
BRDA:95,13,1,77
BRDA:100,14,0,1
BRF:26
BRH:17
end_of_record
TN:
SF:src/middleware/rbac.ts
FN:3,requireRole
FN:4,(anonymous_1)
FNF:2
FNH:1
FNDA:23,requireRole
FNDA:0,(anonymous_1)
DA:3,23
DA:4,23
DA:5,0
DA:6,0
DA:7,0
DA:8,0
DA:10,0
LF:7
LH:2
BRDA:5,0,0,0
BRDA:5,0,1,0
BRDA:6,1,0,0
BRDA:6,1,1,0
BRDA:6,2,0,0
BRDA:6,2,1,0
BRDA:7,3,0,0
BRF:7
BRH:0
end_of_record
TN:
SF:src/middleware/security.ts
FN:7,securityHeaders
FN:8,(anonymous_1)
FN:42,sanitizeInput
FN:43,(anonymous_3)
FN:76,sanitizeString
FN:96,sanitizeObject
FN:112,requestSizeLimit
FN:114,(anonymous_7)
FN:138,suspiciousActivityDetection
FN:150,(anonymous_9)
FN:178,validateApiKey
FN:179,(anonymous_11)
FN:214,enhancedCors
FN:215,(anonymous_13)
FN:239,securityLogger
FN:240,(anonymous_15)
FN:244,(anonymous_16)
FNF:17
FNH:13
FNDA:23,securityHeaders
FNDA:383,(anonymous_1)
FNDA:23,sanitizeInput
FNDA:383,(anonymous_3)
FNDA:487,sanitizeString
FNDA:502,sanitizeObject
FNDA:23,requestSizeLimit
FNDA:383,(anonymous_7)
FNDA:23,suspiciousActivityDetection
FNDA:383,(anonymous_9)
FNDA:0,validateApiKey
FNDA:0,(anonymous_11)
FNDA:0,enhancedCors
FNDA:0,(anonymous_13)
FNDA:23,securityLogger
FNDA:383,(anonymous_15)
FNDA:1273,(anonymous_16)
DA:2,23
DA:7,23
DA:8,23
DA:10,383
DA:13,383
DA:16,383
DA:19,383
DA:20,0
DA:24,383
DA:27,383
DA:33,383
DA:35,383
DA:42,23
DA:43,23
DA:44,383
DA:46,383
DA:47,383
DA:48,14
DA:52,14
DA:58,383
DA:59,383
DA:62,383
DA:64,0
DA:68,0
DA:77,487
DA:79,486
DA:97,502
DA:99,502
DA:100,641
DA:101,641
DA:102,473
DA:103,168
DA:104,119
DA:112,23
DA:114,23
DA:115,383
DA:117,383
DA:118,0
DA:125,0
DA:131,383
DA:138,23
DA:139,23
DA:150,23
DA:152,383
DA:154,383
DA:155,1532
DA:156,0
DA:164,0
DA:171,383
DA:178,23
DA:179,0
DA:181,0
DA:182,0
DA:185,0
DA:187,0
DA:188,0
DA:194,0
DA:195,0
DA:201,0
DA:207,0
DA:214,23
DA:215,0
DA:216,0
DA:219,0
DA:220,0
DA:226,0
DA:232,0
DA:239,23
DA:240,23
DA:242,383
DA:244,1273
DA:245,121
DA:254,383
LF:73
LH:50
BRDA:19,0,0,0
BRDA:19,1,0,383
BRDA:19,1,1,383
BRDA:46,2,0,383
BRDA:48,3,0,14
BRDA:49,4,0,14
BRDA:49,4,1,14
BRDA:58,5,0,383
BRDA:58,6,0,383
BRDA:58,6,1,383
BRDA:65,7,0,0
BRDA:65,7,1,0
BRDA:77,8,0,1
BRDA:97,9,0,0
BRDA:97,10,0,502
BRDA:97,10,1,502
BRDA:100,11,0,0
BRDA:101,12,0,473
BRDA:101,12,1,168
BRDA:103,13,0,119
BRDA:103,14,0,168
BRDA:103,14,1,119
BRDA:112,15,0,23
BRDA:117,16,0,0
BRDA:117,17,0,383
BRDA:117,17,1,264
BRDA:152,18,0,383
BRDA:152,18,1,0
BRDA:155,19,0,0
BRDA:181,20,0,0
BRDA:181,21,0,0
BRDA:181,21,1,0
BRDA:187,22,0,0
BRDA:194,23,0,0
BRDA:214,24,0,0
BRDA:219,25,0,0
BRDA:219,26,0,0
BRDA:219,26,1,0
BRDA:219,26,2,0
BRDA:244,27,0,121
BRF:40
BRH:22
end_of_record
TN:
SF:src/middleware/validation.ts
FN:13,validateRequest
FN:20,(anonymous_1)
FNF:2
FNH:2
FNDA:115,validateRequest
FNDA:73,(anonymous_1)
DA:3,23
DA:13,23
DA:17,115
DA:18,115
DA:20,115
DA:21,73
DA:22,73
DA:24,73
DA:25,66
DA:26,66
DA:34,66
DA:35,66
DA:36,66
DA:37,66
DA:41,0
DA:48,7
DA:49,7
LF:17
LH:16
BRDA:15,0,0,23
BRDA:17,1,0,115
BRDA:17,1,1,115
BRDA:18,2,0,115
BRDA:18,2,1,92
BRDA:24,3,0,66
BRDA:27,4,0,66
BRDA:27,4,1,0
BRDA:34,5,0,66
BRDA:36,6,0,66
BRDA:36,7,0,66
BRDA:36,7,1,66
BRDA:37,8,0,66
BRDA:37,8,1,66
BRDA:43,9,0,0
BRDA:43,9,1,0
BRF:16
BRH:13
end_of_record
TN:
SF:src/modules/orders/service.ts
FN:4,updateOrderStatus
FNF:1
FNH:0
FNDA:0,updateOrderStatus
DA:1,0
DA:2,0
DA:4,0
DA:5,0
DA:11,0
DA:12,0
DA:26,0
LF:7
LH:0
BRDA:11,0,0,0
BRF:1
BRH:0
end_of_record
TN:
SF:src/modules/recommendations/service.ts
FN:5,forYou
FN:20,(anonymous_1)
FN:20,(anonymous_2)
FN:22,(anonymous_3)
FN:22,(anonymous_4)
FN:24,(anonymous_5)
FN:31,(anonymous_6)
FN:33,(anonymous_7)
FN:35,(anonymous_8)
FN:38,relatedTo
FN:53,(anonymous_10)
FN:61,(anonymous_11)
FN:63,(anonymous_12)
FN:66,freq
FN:67,(anonymous_14)
FN:73,score
FN:82,(anonymous_16)
FN:86,jaccard
FN:89,(anonymous_18)
FNF:19
FNH:0
FNDA:0,forYou
FNDA:0,(anonymous_1)
FNDA:0,(anonymous_2)
FNDA:0,(anonymous_3)
FNDA:0,(anonymous_4)
FNDA:0,(anonymous_5)
FNDA:0,(anonymous_6)
FNDA:0,(anonymous_7)
FNDA:0,(anonymous_8)
FNDA:0,relatedTo
FNDA:0,(anonymous_10)
FNDA:0,(anonymous_11)
FNDA:0,(anonymous_12)
FNDA:0,freq
FNDA:0,(anonymous_14)
FNDA:0,score
FNDA:0,(anonymous_16)
FNDA:0,jaccard
FNDA:0,(anonymous_18)
DA:1,0
DA:5,0
DA:7,0
DA:12,0
DA:15,0
DA:20,0
DA:21,0
DA:22,0
DA:24,0
DA:26,0
DA:31,0
DA:32,0
DA:33,0
DA:35,0
DA:38,0
DA:39,0
DA:40,0
DA:41,0
DA:53,0
DA:60,0
DA:61,0
DA:63,0
DA:67,0
DA:68,0
DA:69,0
DA:70,0
DA:79,0
DA:82,0
DA:87,0
DA:88,0
DA:89,0
DA:90,0
DA:91,0
LF:33
LH:0
BRDA:5,0,0,0
BRDA:8,1,0,0
BRDA:8,1,1,0
BRDA:12,2,0,0
BRDA:22,3,0,0
BRDA:22,3,1,0
BRDA:24,4,0,0
BRDA:24,4,1,0
BRDA:27,5,0,0
BRDA:27,5,1,0
BRDA:38,6,0,0
BRDA:40,7,0,0
BRDA:43,8,0,0
BRDA:43,8,1,0
BRDA:48,9,0,0
BRDA:48,9,1,0
BRDA:56,10,0,0
BRDA:56,10,1,0
BRDA:56,11,0,0
BRDA:56,11,1,0
BRDA:57,12,0,0
BRDA:57,12,1,0
BRDA:58,13,0,0
BRDA:58,13,1,0
BRDA:68,14,0,0
BRDA:69,15,0,0
BRDA:69,15,1,0
BRDA:80,16,0,0
BRDA:80,16,1,0
BRDA:81,17,0,0
BRDA:81,17,1,0
BRDA:82,18,0,0
BRDA:82,18,1,0
BRDA:82,19,0,0
BRDA:82,19,1,0
BRDA:83,20,0,0
BRDA:83,20,1,0
BRDA:90,21,0,0
BRDA:90,21,1,0
BRF:39
BRH:0
end_of_record
TN:
SF:src/queues/dataExportQueue.ts
FN:11,(anonymous_1)
FN:15,(anonymous_2)
FNF:2
FNH:0
FNDA:0,(anonymous_1)
FNDA:0,(anonymous_2)
DA:2,0
DA:3,0
DA:6,0
DA:11,0
DA:12,0
DA:15,0
DA:16,0
DA:19,0
DA:24,0
LF:9
LH:0
BRF:0
BRH:0
end_of_record
TN:
SF:src/rewards/catalog.ts
FN:41,findRewardInCatalog
FN:42,(anonymous_1)
FNF:2
FNH:0
FNDA:0,findRewardInCatalog
FNDA:0,(anonymous_1)
DA:14,23
DA:41,23
DA:42,0
LF:3
LH:2
BRDA:42,0,0,0
BRDA:42,0,1,0
BRDA:42,1,0,0
BRDA:42,1,1,0
BRF:4
BRH:0
end_of_record
TN:
SF:src/routes/accessibility.ts
FNF:0
FNH:0
DA:1,0
DA:2,0
DA:7,0
DA:10,0
DA:13,0
LF:5
LH:0
BRF:0
BRH:0
end_of_record
TN:
SF:src/routes/addresses.ts
FN:14,(anonymous_0)
FN:29,(anonymous_1)
FN:37,(anonymous_2)
FN:54,(anonymous_3)
FN:66,(anonymous_4)
FN:111,(anonymous_5)
FN:130,(anonymous_6)
FN:177,(anonymous_7)
FNF:8
FNH:8
FNDA:9,(anonymous_0)
FNDA:2,(anonymous_1)
FNDA:2,(anonymous_2)
FNDA:10,(anonymous_3)
FNDA:28,(anonymous_4)
FNDA:2,(anonymous_5)
FNDA:2,(anonymous_6)
FNDA:2,(anonymous_7)
DA:1,23
DA:2,23
DA:3,23
DA:4,23
DA:7,23
DA:14,9
DA:27,23
DA:29,23
DA:30,2
DA:31,2
DA:32,2
DA:37,2
DA:51,2
DA:54,23
DA:55,10
DA:56,10
DA:57,10
DA:58,10
DA:59,1
DA:61,9
DA:64,9
DA:65,9
DA:67,28
DA:72,9
DA:74,8
DA:88,8
DA:89,1
DA:94,8
DA:108,8
DA:111,23
DA:112,2
DA:113,2
DA:114,2
DA:115,2
DA:116,2
DA:117,2
DA:119,2
DA:120,2
DA:121,2
DA:122,0
DA:124,2
DA:127,2
DA:128,1
DA:129,1
DA:131,2
DA:137,1
DA:140,1
DA:154,1
DA:155,1
DA:160,1
DA:174,1
DA:177,23
DA:178,2
DA:179,2
DA:180,2
DA:181,2
DA:182,2
DA:183,1
DA:184,1
DA:185,1
DA:186,0
DA:187,0
DA:189,1
DA:192,23
LF:64
LH:61
BRDA:57,0,0,10
BRDA:57,0,1,0
BRDA:58,1,0,1
BRDA:67,2,0,28
BRDA:67,2,1,1
BRDA:67,2,2,1
BRDA:67,2,3,1
BRDA:72,3,0,1
BRDA:78,4,0,0
BRDA:78,4,1,8
BRDA:88,5,0,1
BRDA:116,6,0,0
BRDA:117,7,0,0
BRDA:120,8,0,2
BRDA:120,8,1,0
BRDA:121,9,0,0
BRDA:127,10,0,1
BRDA:127,11,0,2
BRDA:127,11,1,1
BRDA:127,11,2,1
BRDA:127,11,3,1
BRDA:131,12,0,2
BRDA:131,12,1,1
BRDA:131,12,2,1
BRDA:131,12,3,1
BRDA:131,12,4,1
BRDA:132,13,0,1
BRDA:132,13,1,0
BRDA:133,14,0,1
BRDA:133,14,1,1
BRDA:134,15,0,1
BRDA:134,15,1,1
BRDA:135,16,0,1
BRDA:135,16,1,0
BRDA:137,17,0,1
BRDA:143,18,0,0
BRDA:143,18,1,1
BRDA:144,19,0,0
BRDA:144,19,1,1
BRDA:144,20,0,0
BRDA:144,20,1,0
BRDA:145,21,0,0
BRDA:145,21,1,1
BRDA:146,22,0,0
BRDA:146,22,1,1
BRDA:147,23,0,0
BRDA:147,23,1,1
BRDA:148,24,0,0
BRDA:148,24,1,1
BRDA:149,25,0,1
BRDA:149,25,1,0
BRDA:150,26,0,0
BRDA:150,26,1,1
BRDA:151,27,0,1
BRDA:151,27,1,0
BRDA:154,28,0,1
BRDA:182,29,0,1
BRDA:183,30,0,0
BRDA:184,31,0,1
BRDA:184,31,1,0
BRDA:186,32,0,0
BRDA:186,33,0,0
BRDA:186,33,1,0
BRF:63
BRH:39
end_of_record
TN:
SF:src/routes/admin.ts
FN:7,(anonymous_0)
FNF:1
FNH:0
FNDA:0,(anonymous_0)
DA:1,23
DA:2,23
DA:3,23
DA:5,23
DA:7,23
DA:8,0
LF:6
LH:5
BRF:0
BRH:0
end_of_record
TN:
SF:src/routes/ai.ts
FN:10,getSuggestedProducts
FN:56,(anonymous_10)
FN:96,(anonymous_11)
FN:108,(anonymous_12)
FN:152,(anonymous_13)
FN:160,(anonymous_14)
FN:184,(anonymous_15)
FN:185,(anonymous_16)
FN:211,(anonymous_17)
FN:241,(anonymous_18)
FN:252,(anonymous_19)
FN:260,(anonymous_20)
FN:267,(anonymous_21)
FN:272,(anonymous_22)
FN:290,(anonymous_23)
FN:334,handleBudtenderFallback
FN:346,(anonymous_25)
FN:358,(anonymous_26)
FN:367,(anonymous_27)
FN:372,(anonymous_28)
FNF:20
FNH:0
FNDA:0,getSuggestedProducts
FNDA:0,(anonymous_10)
FNDA:0,(anonymous_11)
FNDA:0,(anonymous_12)
FNDA:0,(anonymous_13)
FNDA:0,(anonymous_14)
FNDA:0,(anonymous_15)
FNDA:0,(anonymous_16)
FNDA:0,(anonymous_17)
FNDA:0,(anonymous_18)
FNDA:0,(anonymous_19)
FNDA:0,(anonymous_20)
FNDA:0,(anonymous_21)
FNDA:0,(anonymous_22)
FNDA:0,(anonymous_23)
FNDA:0,handleBudtenderFallback
FNDA:0,(anonymous_25)
FNDA:0,(anonymous_26)
FNDA:0,(anonymous_27)
FNDA:0,(anonymous_28)
DA:1,23
DA:2,23
DA:3,23
DA:7,23
DA:14,0
DA:15,0
DA:16,0
DA:17,0
DA:18,0
DA:20,0
DA:56,23
DA:57,0
DA:59,0
DA:62,0
DA:63,0
DA:68,0
DA:69,0
DA:72,0
DA:73,0
DA:77,0
DA:95,0
DA:97,0
DA:98,0
DA:101,0
DA:102,0
DA:103,0
DA:107,0
DA:109,0
DA:112,0
DA:113,0
DA:114,0
DA:118,0
DA:119,0
DA:120,0
DA:121,0
DA:127,0
DA:128,0
DA:129,0
DA:130,0
DA:131,0
DA:135,0
DA:136,0
DA:137,0
DA:139,0
DA:140,0
DA:141,0
DA:142,0
DA:143,0
DA:144,0
DA:145,0
DA:146,0
DA:147,0
DA:151,0
DA:153,0
DA:157,0
DA:158,0
DA:159,0
DA:161,0
DA:165,0
DA:166,0
DA:167,0
DA:168,0
DA:169,0
DA:172,0
DA:184,0
DA:185,0
DA:188,0
DA:199,0
DA:200,0
DA:211,23
DA:212,0
DA:213,0
DA:215,0
DA:216,0
DA:219,0
DA:222,0
DA:223,0
DA:227,0
DA:228,0
DA:229,0
DA:232,0
DA:237,0
DA:241,0
DA:242,0
DA:243,0
DA:248,0
DA:252,0
DA:253,0
DA:254,0
DA:259,0
DA:260,0
DA:261,0
DA:262,0
DA:263,0
DA:267,0
DA:268,0
DA:271,0
DA:272,0
DA:273,0
DA:275,0
DA:288,0
DA:290,0
DA:294,0
DA:302,0
DA:305,0
DA:318,0
DA:320,0
DA:323,0
DA:324,0
DA:335,0
DA:336,0
DA:337,0
DA:339,0
DA:340,0
DA:342,0
DA:346,0
DA:347,0
DA:352,0
DA:354,0
DA:358,0
DA:359,0
DA:364,0
DA:366,0
DA:367,0
DA:368,0
DA:369,0
DA:371,0
DA:372,0
DA:374,0
DA:378,0
DA:379,0
DA:382,0
DA:391,23
LF:133
LH:7
BRDA:12,0,0,0
BRDA:15,1,0,0
BRDA:16,2,0,0
BRDA:17,3,0,0
BRDA:18,4,0,0
BRDA:62,5,0,0
BRDA:62,6,0,0
BRDA:62,6,1,0
BRDA:62,6,2,0
BRDA:68,7,0,0
BRDA:72,8,0,0
BRDA:101,9,0,0
BRDA:109,10,0,0
BRDA:109,10,1,0
BRDA:112,11,0,0
BRDA:118,12,0,0
BRDA:118,12,1,0
BRDA:118,13,0,0
BRDA:118,13,1,0
BRDA:118,13,2,0
BRDA:121,14,0,0
BRDA:121,14,1,0
BRDA:122,15,0,0
BRDA:122,15,1,0
BRDA:122,15,2,0
BRDA:122,15,3,0
BRDA:129,16,0,0
BRDA:129,17,0,0
BRDA:129,17,1,0
BRDA:129,17,2,0
BRDA:135,18,0,0
BRDA:135,18,1,0
BRDA:135,18,2,0
BRDA:136,19,0,0
BRDA:136,19,1,0
BRDA:137,20,0,0
BRDA:137,20,1,0
BRDA:139,21,0,0
BRDA:139,21,1,0
BRDA:139,22,0,0
BRDA:139,22,1,0
BRDA:142,23,0,0
BRDA:142,23,1,0
BRDA:142,24,0,0
BRDA:142,24,1,0
BRDA:142,24,2,0
BRDA:145,25,0,0
BRDA:145,26,0,0
BRDA:145,26,1,0
BRDA:151,27,0,0
BRDA:151,27,1,0
BRDA:152,28,0,0
BRDA:152,28,1,0
BRDA:159,29,0,0
BRDA:159,29,1,0
BRDA:160,30,0,0
BRDA:160,30,1,0
BRDA:167,31,0,0
BRDA:175,32,0,0
BRDA:175,32,1,0
BRDA:178,33,0,0
BRDA:178,33,1,0
BRDA:179,34,0,0
BRDA:179,34,1,0
BRDA:181,35,0,0
BRDA:181,35,1,0
BRDA:202,36,0,0
BRDA:202,36,1,0
BRDA:213,37,0,0
BRDA:215,38,0,0
BRDA:215,39,0,0
BRDA:215,39,1,0
BRDA:222,40,0,0
BRDA:232,41,0,0
BRDA:232,41,1,0
BRDA:233,42,0,0
BRDA:233,42,1,0
BRDA:233,42,2,0
BRDA:243,43,0,0
BRDA:243,43,1,0
BRDA:244,44,0,0
BRDA:244,44,1,0
BRDA:244,44,2,0
BRDA:254,45,0,0
BRDA:254,45,1,0
BRDA:255,46,0,0
BRDA:255,46,1,0
BRDA:255,46,2,0
BRDA:262,47,0,0
BRDA:262,48,0,0
BRDA:262,48,1,0
BRDA:286,49,0,0
BRDA:286,49,1,0
BRDA:302,50,0,0
BRDA:302,50,1,0
BRDA:314,51,0,0
BRDA:314,51,1,0
BRDA:326,52,0,0
BRDA:326,52,1,0
BRDA:339,53,0,0
BRDA:339,53,1,0
BRDA:339,54,0,0
BRDA:339,54,1,0
BRDA:347,55,0,0
BRDA:347,55,1,0
BRDA:348,56,0,0
BRDA:348,56,1,0
BRDA:348,56,2,0
BRDA:359,57,0,0
BRDA:359,57,1,0
BRDA:360,58,0,0
BRDA:360,58,1,0
BRDA:360,58,2,0
BRDA:368,59,0,0
BRDA:368,59,1,0
BRDA:368,60,0,0
BRDA:368,60,1,0
BRDA:378,61,0,0
BRF:118
BRH:0
end_of_record
TN:
SF:src/routes/aiRecommendations.ts
FN:20,(anonymous_0)
FN:97,(anonymous_1)
FN:127,(anonymous_2)
FN:149,(anonymous_3)
FN:175,(anonymous_4)
FN:213,(anonymous_5)
FN:257,(anonymous_6)
FN:284,(anonymous_7)
FN:334,(anonymous_8)
FN:372,(anonymous_9)
FN:410,(anonymous_10)
FN:436,(anonymous_11)
FN:471,(anonymous_12)
FN:504,(anonymous_13)
FN:528,(anonymous_14)
FN:557,(anonymous_15)
FN:578,(anonymous_16)
FN:615,(anonymous_17)
FN:650,(anonymous_18)
FN:660,(anonymous_19)
FNF:20
FNH:0
FNDA:0,(anonymous_0)
FNDA:0,(anonymous_1)
FNDA:0,(anonymous_2)
FNDA:0,(anonymous_3)
FNDA:0,(anonymous_4)
FNDA:0,(anonymous_5)
FNDA:0,(anonymous_6)
FNDA:0,(anonymous_7)
FNDA:0,(anonymous_8)
FNDA:0,(anonymous_9)
FNDA:0,(anonymous_10)
FNDA:0,(anonymous_11)
FNDA:0,(anonymous_12)
FNDA:0,(anonymous_13)
FNDA:0,(anonymous_14)
FNDA:0,(anonymous_15)
FNDA:0,(anonymous_16)
FNDA:0,(anonymous_17)
FNDA:0,(anonymous_18)
FNDA:0,(anonymous_19)
DA:4,0
DA:5,0
DA:7,0
DA:17,0
DA:21,0
DA:22,0
DA:24,0
DA:25,0
DA:85,0
DA:86,0
DA:95,0
DA:98,0
DA:99,0
DA:101,0
DA:102,0
DA:115,0
DA:116,0
DA:125,0
DA:128,0
DA:130,0
DA:131,0
DA:139,0
DA:140,0
DA:149,0
DA:150,0
DA:151,0
DA:153,0
DA:154,0
DA:166,0
DA:167,0
DA:175,0
DA:176,0
DA:178,0
DA:179,0
DA:194,0
DA:200,0
DA:201,0
DA:213,0
DA:214,0
DA:216,0
DA:217,0
DA:248,0
DA:249,0
DA:257,0
DA:258,0
DA:259,0
DA:261,0
DA:262,0
DA:268,0
DA:269,0
DA:281,0
DA:285,0
DA:287,0
DA:288,0
DA:321,0
DA:322,0
DA:331,0
DA:335,0
DA:337,0
DA:338,0
DA:355,0
DA:356,0
DA:369,0
DA:373,0
DA:375,0
DA:376,0
DA:398,0
DA:399,0
DA:408,0
DA:411,0
DA:413,0
DA:414,0
DA:422,0
DA:423,0
DA:436,0
DA:437,0
DA:439,0
DA:440,0
DA:459,0
DA:460,0
DA:468,0
DA:472,0
DA:473,0
DA:475,0
DA:476,0
DA:479,0
DA:480,0
DA:491,0
DA:492,0
DA:501,0
DA:505,0
DA:506,0
DA:508,0
DA:509,0
DA:514,0
DA:515,0
DA:528,0
DA:529,0
DA:530,0
DA:548,0
DA:549,0
DA:557,0
DA:558,0
DA:559,0
DA:565,0
DA:566,0
DA:578,0
DA:579,0
DA:581,0
DA:582,0
DA:606,0
DA:607,0
DA:615,0
DA:616,0
DA:618,0
DA:619,0
DA:638,0
DA:639,0
DA:647,0
DA:651,0
DA:652,0
DA:654,0
DA:655,0
DA:658,0
DA:660,0
DA:666,0
DA:668,0
DA:669,0
LF:128
LH:0
BRDA:21,0,0,0
BRDA:99,1,0,0
BRDA:151,2,0,0
BRDA:151,2,1,0
BRDA:195,3,0,0
BRDA:195,3,1,0
BRDA:196,4,0,0
BRDA:196,4,1,0
BRDA:197,5,0,0
BRDA:197,5,1,0
BRDA:197,6,0,0
BRDA:197,6,1,0
BRDA:475,7,0,0
BRDA:475,8,0,0
BRDA:475,8,1,0
BRDA:602,9,0,0
BRDA:602,9,1,0
BRDA:603,10,0,0
BRDA:603,10,1,0
BRDA:654,11,0,0
BRDA:654,12,0,0
BRDA:654,12,1,0
BRF:22
BRH:0
end_of_record
TN:
SF:src/routes/analytics.ts
FN:18,(anonymous_1)
FN:83,sanitizeData
FNF:2
FNH:2
FNDA:105,(anonymous_1)
FNDA:103,sanitizeData
DA:1,23
DA:2,23
DA:3,23
DA:4,23
DA:5,23
DA:7,23
DA:10,23
DA:14,23
DA:20,105
DA:21,105
DA:22,105
DA:23,0
DA:25,0
DA:26,105
DA:28,0
DA:29,0
DA:31,105
DA:33,105
DA:34,105
DA:36,105
DA:37,1
DA:41,104
DA:42,104
DA:43,104
DA:45,104
DA:46,0
DA:47,0
DA:50,104
DA:51,104
DA:53,104
DA:54,1
DA:55,1
DA:56,1
DA:62,103
DA:64,103
DA:72,103
DA:74,103
DA:76,0
DA:77,0
DA:84,103
DA:86,103
DA:87,103
DA:90,103
DA:91,721
DA:92,3
DA:97,103
DA:98,105
DA:99,0
DA:103,103
LF:49
LH:40
BRDA:22,0,0,0
BRDA:22,0,1,105
BRDA:22,1,0,105
BRDA:22,1,1,105
BRDA:26,2,0,105
BRDA:26,2,1,0
BRDA:31,3,0,1
BRDA:31,4,0,105
BRDA:31,4,1,0
BRDA:33,5,0,105
BRDA:33,5,1,105
BRDA:33,5,2,0
BRDA:36,6,0,1
BRDA:43,7,0,104
BRDA:43,7,1,4
BRDA:45,8,0,0
BRDA:53,9,0,1
BRDA:84,10,0,0
BRDA:84,11,0,103
BRDA:84,11,1,103
BRDA:91,12,0,3
BRDA:98,13,0,0
BRDA:98,14,0,105
BRDA:98,14,1,105
BRF:24
BRH:17
end_of_record
TN:
SF:src/routes/analyticsAdvanced.ts
FN:20,(anonymous_0)
FN:78,(anonymous_1)
FN:103,(anonymous_2)
FN:171,(anonymous_3)
FN:215,(anonymous_4)
FN:245,(anonymous_5)
FN:280,(anonymous_6)
FN:328,(anonymous_7)
FN:408,(anonymous_8)
FN:439,(anonymous_9)
FN:450,(anonymous_10)
FN:472,(anonymous_11)
FN:535,(anonymous_12)
FN:553,(anonymous_13)
FN:597,(anonymous_14)
FN:610,(anonymous_15)
FN:636,(anonymous_16)
FN:684,(anonymous_17)
FN:717,(anonymous_18)
FN:749,(anonymous_19)
FN:782,(anonymous_20)
FNF:21
FNH:0
FNDA:0,(anonymous_0)
FNDA:0,(anonymous_1)
FNDA:0,(anonymous_2)
FNDA:0,(anonymous_3)
FNDA:0,(anonymous_4)
FNDA:0,(anonymous_5)
FNDA:0,(anonymous_6)
FNDA:0,(anonymous_7)
FNDA:0,(anonymous_8)
FNDA:0,(anonymous_9)
FNDA:0,(anonymous_10)
FNDA:0,(anonymous_11)
FNDA:0,(anonymous_12)
FNDA:0,(anonymous_13)
FNDA:0,(anonymous_14)
FNDA:0,(anonymous_15)
FNDA:0,(anonymous_16)
FNDA:0,(anonymous_17)
FNDA:0,(anonymous_18)
FNDA:0,(anonymous_19)
FNDA:0,(anonymous_20)
DA:4,0
DA:5,0
DA:7,0
DA:17,0
DA:21,0
DA:22,0
DA:65,0
DA:66,0
DA:75,0
DA:79,0
DA:81,0
DA:82,0
DA:90,0
DA:91,0
DA:100,0
DA:104,0
DA:106,0
DA:107,0
DA:154,0
DA:155,0
DA:168,0
DA:172,0
DA:173,0
DA:202,0
DA:203,0
DA:212,0
DA:216,0
DA:218,0
DA:219,0
DA:222,0
DA:223,0
DA:232,0
DA:233,0
DA:242,0
DA:246,0
DA:247,0
DA:249,0
DA:250,0
DA:263,0
DA:264,0
DA:277,0
DA:281,0
DA:283,0
DA:285,0
DA:286,0
DA:288,0
DA:289,0
DA:290,0
DA:292,0
DA:293,0
DA:294,0
DA:295,0
DA:302,0
DA:309,0
DA:311,0
DA:312,0
DA:325,0
DA:329,0
DA:330,0
DA:395,0
DA:396,0
DA:405,0
DA:409,0
DA:410,0
DA:412,0
DA:413,0
DA:426,0
DA:427,0
DA:436,0
DA:440,0
DA:442,0
DA:443,0
DA:446,0
DA:447,0
DA:450,0
DA:455,0
DA:456,0
DA:469,0
DA:473,0
DA:475,0
DA:476,0
DA:534,0
DA:535,0
DA:538,0
DA:540,0
DA:541,0
DA:550,0
DA:554,0
DA:556,0
DA:557,0
DA:584,0
DA:585,0
DA:594,0
DA:598,0
DA:600,0
DA:601,0
DA:604,0
DA:605,0
DA:610,0
DA:619,0
DA:620,0
DA:633,0
DA:637,0
DA:639,0
DA:640,0
DA:671,0
DA:672,0
DA:681,0
DA:685,0
DA:686,0
DA:704,0
DA:705,0
DA:714,0
DA:718,0
DA:720,0
DA:721,0
DA:724,0
DA:725,0
DA:726,0
DA:732,0
DA:733,0
DA:746,0
DA:750,0
DA:751,0
DA:769,0
DA:770,0
DA:779,0
DA:783,0
DA:784,0
DA:795,0
DA:796,0
LF:131
LH:0
BRDA:218,0,0,0
BRDA:218,1,0,0
BRDA:218,1,1,0
BRDA:247,2,0,0
BRDA:286,3,0,0
BRDA:286,3,1,0
BRDA:442,4,0,0
BRDA:442,5,0,0
BRDA:442,5,1,0
BRDA:442,5,2,0
BRDA:534,6,0,0
BRDA:600,7,0,0
BRDA:600,8,0,0
BRDA:600,8,1,0
BRDA:600,8,2,0
BRDA:720,9,0,0
BRF:16
BRH:0
end_of_record
TN:
SF:src/routes/appointments.ts
FN:12,(anonymous_0)
FN:46,(anonymous_1)
FN:57,(anonymous_2)
FN:84,(anonymous_3)
FN:113,(anonymous_4)
FN:133,(anonymous_5)
FN:149,(anonymous_6)
FN:158,(anonymous_7)
FN:172,(anonymous_8)
FN:185,(anonymous_9)
FN:199,(anonymous_10)
FNF:11
FNH:0
FNDA:0,(anonymous_0)
FNDA:0,(anonymous_1)
FNDA:0,(anonymous_2)
FNDA:0,(anonymous_3)
FNDA:0,(anonymous_4)
FNDA:0,(anonymous_5)
FNDA:0,(anonymous_6)
FNDA:0,(anonymous_7)
FNDA:0,(anonymous_8)
FNDA:0,(anonymous_9)
FNDA:0,(anonymous_10)
DA:4,0
DA:6,0
DA:12,0
DA:13,0
DA:14,0
DA:41,0
DA:42,0
DA:46,0
DA:47,0
DA:48,0
DA:52,0
DA:53,0
DA:57,0
DA:58,0
DA:59,0
DA:60,0
DA:79,0
DA:80,0
DA:84,0
DA:85,0
DA:86,0
DA:89,0
DA:90,0
DA:91,0
DA:92,0
DA:93,0
DA:94,0
DA:95,0
DA:97,0
DA:106,0
DA:108,0
DA:109,0
DA:113,0
DA:114,0
DA:115,0
DA:116,0
DA:128,0
DA:129,0
DA:133,0
DA:134,0
DA:135,0
DA:136,0
DA:137,0
DA:144,0
DA:145,0
DA:149,0
DA:150,0
DA:151,0
DA:153,0
DA:154,0
DA:158,0
DA:159,0
DA:160,0
DA:161,0
DA:167,0
DA:168,0
DA:172,0
DA:173,0
DA:174,0
DA:176,0
DA:177,0
DA:185,0
DA:186,0
DA:187,0
DA:188,0
DA:190,0
DA:191,0
DA:199,0
DA:200,0
DA:201,0
DA:217,0
DA:218,0
DA:222,0
LF:73
LH:0
BRF:0
BRH:0
end_of_record
TN:
SF:src/routes/ar.ts
FN:17,(anonymous_0)
FN:43,(anonymous_1)
FN:80,(anonymous_2)
FN:123,(anonymous_3)
FN:136,(anonymous_4)
FN:174,(anonymous_5)
FN:182,(anonymous_6)
FN:201,(anonymous_7)
FN:226,(anonymous_8)
FN:251,(anonymous_9)
FN:274,(anonymous_10)
FN:297,(anonymous_11)
FN:325,(anonymous_12)
FN:344,(anonymous_13)
FN:376,(anonymous_14)
FNF:15
FNH:0
FNDA:0,(anonymous_0)
FNDA:0,(anonymous_1)
FNDA:0,(anonymous_2)
FNDA:0,(anonymous_3)
FNDA:0,(anonymous_4)
FNDA:0,(anonymous_5)
FNDA:0,(anonymous_6)
FNDA:0,(anonymous_7)
FNDA:0,(anonymous_8)
FNDA:0,(anonymous_9)
FNDA:0,(anonymous_10)
FNDA:0,(anonymous_11)
FNDA:0,(anonymous_12)
FNDA:0,(anonymous_13)
FNDA:0,(anonymous_14)
DA:4,23
DA:5,23
DA:7,23
DA:17,23
DA:18,0
DA:20,0
DA:21,0
DA:34,0
DA:35,0
DA:43,23
DA:44,0
DA:45,0
DA:68,0
DA:69,0
DA:77,23
DA:81,0
DA:83,0
DA:84,0
DA:110,0
DA:111,0
DA:120,23
DA:124,0
DA:126,0
DA:127,0
DA:136,0
DA:164,0
DA:165,0
DA:174,23
DA:175,0
DA:177,0
DA:178,0
DA:182,0
DA:188,0
DA:189,0
DA:201,23
DA:202,0
DA:203,0
DA:205,0
DA:206,0
DA:214,0
DA:215,0
DA:223,23
DA:227,0
DA:228,0
DA:230,0
DA:231,0
DA:241,0
DA:242,0
DA:251,23
DA:252,0
DA:254,0
DA:255,0
DA:262,0
DA:263,0
DA:271,23
DA:275,0
DA:277,0
DA:278,0
DA:283,0
DA:284,0
DA:297,23
DA:298,0
DA:300,0
DA:301,0
DA:304,0
DA:305,0
DA:316,0
DA:317,0
DA:325,23
DA:326,0
DA:328,0
DA:329,0
DA:331,0
DA:332,0
DA:344,23
DA:345,0
DA:346,0
DA:367,0
DA:368,0
DA:376,23
DA:377,0
DA:378,0
DA:388,0
DA:389,0
LF:84
LH:16
BRDA:211,0,0,0
BRDA:211,0,1,0
BRDA:300,1,0,0
BRDA:300,2,0,0
BRDA:300,2,1,0
BRDA:310,3,0,0
BRDA:310,3,1,0
BRDA:311,4,0,0
BRDA:311,4,1,0
BRDA:312,5,0,0
BRDA:312,5,1,0
BRF:11
BRH:0
end_of_record
TN:
SF:src/routes/auth.ts
FN:25,(anonymous_10)
FN:44,(anonymous_11)
FN:46,(anonymous_12)
FN:64,(anonymous_13)
FN:66,(anonymous_14)
FN:72,(anonymous_15)
FN:102,(anonymous_16)
FN:106,(anonymous_17)
FN:113,(anonymous_18)
FN:118,(anonymous_19)
FN:135,(anonymous_20)
FNF:11
FNH:9
FNDA:64,(anonymous_10)
FNDA:3,(anonymous_11)
FNDA:2,(anonymous_12)
FNDA:62,(anonymous_13)
FNDA:2,(anonymous_14)
FNDA:0,(anonymous_15)
FNDA:1,(anonymous_16)
FNDA:1,(anonymous_17)
FNDA:0,(anonymous_18)
FNDA:2,(anonymous_19)
FNDA:2,(anonymous_20)
DA:1,23
DA:2,23
DA:3,23
DA:4,23
DA:5,23
DA:6,23
DA:7,23
DA:8,23
DA:9,23
DA:11,23
DA:19,23
DA:25,64
DA:30,23
DA:38,23
DA:40,23
DA:44,3
DA:47,2
DA:48,2
DA:49,2
DA:50,2
DA:51,2
DA:52,2
DA:54,0
DA:55,0
DA:60,23
DA:64,62
DA:67,2
DA:70,2
DA:71,0
DA:72,0
DA:73,0
DA:74,0
DA:76,0
DA:77,0
DA:78,0
DA:80,0
DA:82,0
DA:86,0
DA:87,0
DA:89,0
DA:93,2
DA:94,2
DA:95,2
DA:96,2
DA:97,1
DA:98,1
DA:102,23
DA:103,1
DA:106,23
DA:109,23
DA:113,0
DA:119,2
DA:120,2
DA:122,2
DA:123,1
DA:124,1
DA:127,1
DA:129,1
DA:135,23
DA:136,2
DA:137,2
DA:138,2
DA:139,2
DA:140,2
DA:143,23
LF:65
LH:50
BRDA:25,0,0,64
BRDA:25,0,1,64
BRDA:25,0,2,62
BRDA:44,1,0,3
BRDA:44,1,1,0
BRDA:54,2,0,0
BRDA:64,3,0,62
BRDA:64,3,1,0
BRDA:70,4,0,0
BRDA:77,5,0,0
BRDA:77,6,0,0
BRDA:77,6,1,0
BRDA:80,7,0,0
BRDA:83,8,0,0
BRDA:83,8,1,0
BRDA:94,9,0,0
BRDA:96,10,0,1
BRDA:115,11,0,0
BRDA:115,11,1,0
BRDA:123,12,0,0
BRDA:137,13,0,0
BRDA:139,14,0,0
BRF:22
BRH:6
end_of_record
TN:
SF:src/routes/awards.ts
FN:5,(anonymous_0)
FNF:1
FNH:0
FNDA:0,(anonymous_0)
DA:1,0
DA:3,0
DA:5,0
DA:6,0
LF:4
LH:0
BRF:0
BRH:0
end_of_record
TN:
SF:src/routes/awardsApi.ts
FN:11,(anonymous_0)
FN:31,(anonymous_1)
FN:46,(anonymous_2)
FN:66,(anonymous_3)
FN:73,(anonymous_4)
FNF:5
FNH:3
FNDA:1,(anonymous_0)
FNDA:1,(anonymous_1)
FNDA:3,(anonymous_2)
FNDA:0,(anonymous_3)
FNDA:0,(anonymous_4)
DA:1,23
DA:2,23
DA:3,23
DA:4,23
DA:5,23
DA:6,23
DA:8,23
DA:11,23
DA:12,1
DA:13,1
DA:14,1
DA:15,1
DA:25,1
DA:31,1
DA:32,1
DA:33,1
DA:34,1
DA:35,1
DA:38,1
DA:46,3
DA:55,0
DA:56,0
DA:62,23
DA:67,0
DA:68,0
DA:73,23
DA:74,0
DA:77,23
LF:28
LH:23
BRDA:31,0,0,1
BRDA:31,0,1,0
BRDA:33,1,0,1
BRF:3
BRH:2
end_of_record
TN:
SF:src/routes/brands.ts
FN:10,(anonymous_0)
FN:35,(anonymous_1)
FNF:2
FNH:0
FNDA:0,(anonymous_0)
FNDA:0,(anonymous_1)
DA:1,23
DA:2,23
DA:4,23
DA:10,23
DA:11,0
DA:12,0
DA:24,0
DA:26,0
DA:27,0
DA:35,23
DA:36,0
DA:37,0
DA:39,0
DA:51,0
DA:52,0
DA:55,0
DA:57,0
DA:58,0
DA:62,23
LF:19
LH:6
BRDA:51,0,0,0
BRF:1
BRH:0
end_of_record
TN:
SF:src/routes/cart.ts
FN:7,getOrCreateCart
FN:13,(anonymous_1)
FN:21,(anonymous_2)
FN:28,(anonymous_3)
FN:48,(anonymous_4)
FN:56,(anonymous_5)
FN:64,(anonymous_6)
FN:65,(anonymous_7)
FN:139,(anonymous_8)
FN:156,(anonymous_9)
FN:180,(anonymous_10)
FN:189,(anonymous_11)
FN:214,(anonymous_12)
FN:219,(anonymous_13)
FN:229,(anonymous_14)
FN:265,(anonymous_15)
FNF:16
FNH:14
FNDA:4,getOrCreateCart
FNDA:3,(anonymous_1)
FNDA:6,(anonymous_2)
FNDA:4,(anonymous_3)
FNDA:4,(anonymous_4)
FNDA:1,(anonymous_5)
FNDA:1,(anonymous_6)
FNDA:1,(anonymous_7)
FNDA:1,(anonymous_8)
FNDA:2,(anonymous_9)
FNDA:0,(anonymous_10)
FNDA:2,(anonymous_11)
FNDA:1,(anonymous_12)
FNDA:3,(anonymous_13)
FNDA:2,(anonymous_14)
FNDA:0,(anonymous_15)
DA:1,23
DA:2,23
DA:3,23
DA:5,23
DA:8,4
DA:9,4
DA:10,4
DA:13,23
DA:14,3
DA:15,3
DA:19,3
DA:20,3
DA:21,6
DA:24,3
DA:25,3
DA:28,23
DA:29,4
DA:30,4
DA:31,4
DA:32,4
DA:33,3
DA:34,3
DA:37,3
DA:38,3
DA:39,2
DA:40,2
DA:43,2
DA:47,2
DA:48,4
DA:51,2
DA:56,23
DA:57,1
DA:58,1
DA:59,1
DA:62,1
DA:64,1
DA:65,1
DA:68,1
DA:69,1
DA:71,1
DA:72,2
DA:73,2
DA:74,2
DA:76,0
DA:77,0
DA:79,0
DA:82,2
DA:86,1
DA:87,1
DA:91,1
DA:92,1
DA:95,1
DA:96,1
DA:97,1
DA:110,1
DA:111,1
DA:113,1
DA:115,0
DA:121,0
DA:122,0
DA:123,0
DA:125,0
DA:132,1
DA:138,1
DA:139,1
DA:144,1
DA:145,1
DA:147,1
DA:156,23
DA:157,2
DA:158,2
DA:159,2
DA:160,2
DA:162,2
DA:167,0
DA:168,0
DA:171,0
DA:175,0
DA:179,0
DA:180,0
DA:183,0
DA:185,2
DA:189,23
DA:190,2
DA:191,2
DA:193,2
DA:198,0
DA:199,0
DA:202,0
DA:203,0
DA:207,0
DA:209,2
DA:214,23
DA:215,1
DA:216,1
DA:217,1
DA:218,1
DA:219,3
DA:220,1
DA:221,1
DA:225,1
DA:229,23
DA:230,2
DA:231,2
DA:232,2
DA:234,2
DA:235,2
DA:238,2
DA:245,2
DA:246,2
DA:248,2
DA:249,1
DA:253,1
DA:258,1
DA:264,1
DA:265,0
DA:268,1
DA:269,1
DA:271,1
LF:119
LH:98
BRDA:9,0,0,0
BRDA:19,1,0,3
BRDA:19,1,1,0
BRDA:20,2,0,3
BRDA:20,2,1,0
BRDA:21,3,0,6
BRDA:21,3,1,0
BRDA:21,4,0,6
BRDA:21,4,1,0
BRDA:30,5,0,0
BRDA:30,6,0,4
BRDA:30,6,1,0
BRDA:31,7,0,0
BRDA:32,8,0,1
BRDA:34,9,0,0
BRDA:34,9,1,3
BRDA:38,10,0,1
BRDA:39,11,0,2
BRDA:39,11,1,2
BRDA:39,11,2,0
BRDA:47,12,0,2
BRDA:47,12,1,0
BRDA:48,13,0,4
BRDA:48,13,1,0
BRDA:48,14,0,4
BRDA:48,14,1,0
BRDA:58,15,0,0
BRDA:58,16,0,1
BRDA:58,16,1,0
BRDA:62,17,0,1
BRDA:64,18,0,1
BRDA:64,18,1,1
BRDA:72,19,0,2
BRDA:72,19,1,2
BRDA:74,20,0,0
BRDA:74,20,1,2
BRDA:76,21,0,0
BRDA:76,22,0,0
BRDA:76,22,1,0
BRDA:86,23,0,1
BRDA:92,24,0,0
BRDA:92,24,1,1
BRDA:96,25,0,1
BRDA:96,25,1,1
BRDA:96,25,2,1
BRDA:102,26,0,1
BRDA:102,26,1,0
BRDA:110,27,0,1
BRDA:110,27,1,0
BRDA:113,28,0,0
BRDA:113,29,0,1
BRDA:113,29,1,0
BRDA:122,30,0,0
BRDA:138,31,0,1
BRDA:138,31,1,0
BRDA:139,32,0,1
BRDA:139,32,1,0
BRDA:139,33,0,1
BRDA:139,33,1,0
BRDA:144,34,0,0
BRDA:144,34,1,1
BRDA:148,35,0,1
BRDA:148,35,1,0
BRDA:157,36,0,2
BRDA:157,36,1,0
BRDA:158,37,0,0
BRDA:158,38,0,2
BRDA:158,38,1,2
BRDA:167,39,0,0
BRDA:167,40,0,0
BRDA:167,40,1,0
BRDA:179,41,0,0
BRDA:179,41,1,0
BRDA:180,42,0,0
BRDA:180,42,1,0
BRDA:180,43,0,0
BRDA:180,43,1,0
BRDA:198,44,0,0
BRDA:198,45,0,0
BRDA:198,45,1,0
BRDA:217,46,0,0
BRDA:220,47,0,1
BRDA:231,48,0,2
BRDA:231,48,1,0
BRDA:232,49,0,0
BRDA:235,50,0,0
BRDA:248,51,0,1
BRDA:264,52,0,1
BRDA:264,52,1,0
BRDA:265,53,0,0
BRDA:265,53,1,0
BRDA:265,54,0,0
BRDA:265,54,1,0
BRF:93
BRH:40
end_of_record
TN:
SF:src/routes/checkout.ts
FN:47,(anonymous_0)
FN:105,(anonymous_1)
FN:129,(anonymous_2)
FN:157,(anonymous_3)
FN:166,(anonymous_4)
FN:223,(anonymous_5)
FN:268,(anonymous_6)
FN:290,(anonymous_7)
FNF:8
FNH:0
FNDA:0,(anonymous_0)
FNDA:0,(anonymous_1)
FNDA:0,(anonymous_2)
FNDA:0,(anonymous_3)
FNDA:0,(anonymous_4)
FNDA:0,(anonymous_5)
FNDA:0,(anonymous_6)
FNDA:0,(anonymous_7)
DA:4,0
DA:5,0
DA:6,0
DA:7,0
DA:9,0
DA:12,0
DA:22,0
DA:27,0
DA:37,0
DA:47,0
DA:48,0
DA:49,0
DA:51,0
DA:53,0
DA:58,0
DA:59,0
DA:63,0
DA:64,0
DA:65,0
DA:68,0
DA:69,0
DA:70,0
DA:71,0
DA:72,0
DA:76,0
DA:77,0
DA:78,0
DA:79,0
DA:81,0
DA:93,0
DA:94,0
DA:102,0
DA:106,0
DA:109,0
DA:111,0
DA:112,0
DA:116,0
DA:117,0
DA:121,0
DA:129,0
DA:130,0
DA:131,0
DA:132,0
DA:135,0
DA:136,0
DA:138,0
DA:139,0
DA:142,0
DA:154,0
DA:158,0
DA:166,0
DA:167,0
DA:169,0
DA:170,0
DA:175,0
DA:176,0
DA:179,0
DA:180,0
DA:181,0
DA:183,0
DA:185,0
DA:186,0
DA:187,0
DA:188,0
DA:192,0
DA:193,0
DA:197,0
DA:198,0
DA:199,0
DA:207,0
DA:214,0
DA:215,0
DA:223,0
DA:224,0
DA:226,0
DA:227,0
DA:228,0
DA:231,0
DA:233,0
DA:235,0
DA:239,0
DA:240,0
DA:244,0
DA:248,0
DA:249,0
DA:253,0
DA:258,0
DA:259,0
DA:263,0
DA:264,0
DA:265,0
DA:268,0
DA:269,0
DA:270,0
DA:271,0
DA:272,0
DA:275,0
DA:276,0
DA:290,0
DA:301,0
DA:304,0
DA:305,0
DA:306,0
DA:308,0
DA:315,0
DA:316,0
LF:106
LH:0
BRDA:49,0,0,0
BRDA:49,0,1,0
BRDA:58,1,0,0
BRDA:58,2,0,0
BRDA:58,2,1,0
BRDA:65,3,0,0
BRDA:65,3,1,0
BRDA:65,3,2,0
BRDA:69,4,0,0
BRDA:71,5,0,0
BRDA:72,6,0,0
BRDA:72,6,1,0
BRDA:109,7,0,0
BRDA:116,8,0,0
BRDA:131,9,0,0
BRDA:138,10,0,0
BRDA:175,11,0,0
BRDA:175,12,0,0
BRDA:175,12,1,0
BRDA:185,13,0,0
BRDA:192,14,0,0
BRDA:192,15,0,0
BRDA:192,15,1,0
BRDA:197,16,0,0
BRDA:197,16,1,0
BRDA:198,17,0,0
BRDA:198,18,0,0
BRDA:198,18,1,0
BRDA:208,19,0,0
BRDA:208,19,1,0
BRDA:209,20,0,0
BRDA:209,20,1,0
BRDA:210,21,0,0
BRDA:210,21,1,0
BRDA:211,22,0,0
BRDA:211,22,1,0
BRDA:227,23,0,0
BRDA:239,24,0,0
BRDA:248,25,0,0
BRDA:258,26,0,0
BRDA:258,27,0,0
BRDA:258,27,1,0
BRDA:265,28,0,0
BRDA:265,28,1,0
BRDA:265,28,2,0
BRDA:269,29,0,0
BRDA:269,29,1,0
BRDA:272,30,0,0
BRDA:272,30,1,0
BRDA:284,31,0,0
BRDA:284,31,1,0
BRDA:288,32,0,0
BRDA:288,32,1,0
BRDA:293,33,0,0
BRDA:293,33,1,0
BRDA:304,34,0,0
BRDA:304,34,1,0
BRF:57
BRH:0
end_of_record
TN:
SF:src/routes/community.ts
FN:36,(anonymous_0)
FN:45,(anonymous_1)
FN:68,(anonymous_2)
FN:78,(anonymous_3)
FN:103,(anonymous_4)
FN:112,(anonymous_5)
FN:121,(anonymous_6)
FN:130,(anonymous_7)
FN:140,(anonymous_8)
FN:178,(anonymous_9)
FN:209,(anonymous_10)
FN:237,(anonymous_11)
FN:247,(anonymous_12)
FN:256,(anonymous_13)
FN:265,(anonymous_14)
FN:274,(anonymous_15)
FN:283,(anonymous_16)
FN:293,(anonymous_17)
FN:302,(anonymous_18)
FN:330,(anonymous_19)
FN:342,(anonymous_20)
FN:353,(anonymous_21)
FN:374,(anonymous_22)
FN:383,(anonymous_23)
FN:415,(anonymous_24)
FN:440,(anonymous_25)
FN:462,(anonymous_26)
FN:471,(anonymous_27)
FN:480,(anonymous_28)
FNF:29
FNH:1
FNDA:1,(anonymous_0)
FNDA:0,(anonymous_1)
FNDA:0,(anonymous_2)
FNDA:0,(anonymous_3)
FNDA:0,(anonymous_4)
FNDA:0,(anonymous_5)
FNDA:0,(anonymous_6)
FNDA:0,(anonymous_7)
FNDA:0,(anonymous_8)
FNDA:0,(anonymous_9)
FNDA:0,(anonymous_10)
FNDA:0,(anonymous_11)
FNDA:0,(anonymous_12)
FNDA:0,(anonymous_13)
FNDA:0,(anonymous_14)
FNDA:0,(anonymous_15)
FNDA:0,(anonymous_16)
FNDA:0,(anonymous_17)
FNDA:0,(anonymous_18)
FNDA:0,(anonymous_19)
FNDA:0,(anonymous_20)
FNDA:0,(anonymous_21)
FNDA:0,(anonymous_22)
FNDA:0,(anonymous_23)
FNDA:0,(anonymous_24)
FNDA:0,(anonymous_25)
FNDA:0,(anonymous_26)
FNDA:0,(anonymous_27)
FNDA:0,(anonymous_28)
DA:1,23
DA:3,23
DA:14,23
DA:36,23
DA:37,1
DA:45,23
DA:46,0
DA:47,0
DA:63,0
DA:64,0
DA:68,23
DA:69,0
DA:70,0
DA:71,0
DA:73,0
DA:74,0
DA:78,23
DA:79,0
DA:80,0
DA:81,0
DA:97,0
DA:98,0
DA:103,23
DA:104,0
DA:105,0
DA:107,0
DA:108,0
DA:112,23
DA:113,0
DA:114,0
DA:116,0
DA:117,0
DA:121,23
DA:122,0
DA:123,0
DA:125,0
DA:126,0
DA:130,23
DA:131,0
DA:132,0
DA:134,0
DA:135,0
DA:140,23
DA:141,0
DA:142,0
DA:173,0
DA:174,0
DA:178,23
DA:179,0
DA:180,0
DA:181,0
DA:204,0
DA:205,0
DA:209,23
DA:210,0
DA:211,0
DA:212,0
DA:232,0
DA:233,0
DA:237,23
DA:238,0
DA:239,0
DA:241,0
DA:242,0
DA:247,23
DA:248,0
DA:249,0
DA:251,0
DA:252,0
DA:256,23
DA:257,0
DA:258,0
DA:260,0
DA:261,0
DA:265,23
DA:266,0
DA:267,0
DA:269,0
DA:270,0
DA:274,23
DA:275,0
DA:276,0
DA:278,0
DA:279,0
DA:283,23
DA:284,0
DA:285,0
DA:287,0
DA:288,0
DA:293,23
DA:294,0
DA:295,0
DA:297,0
DA:298,0
DA:302,23
DA:303,0
DA:304,0
DA:305,0
DA:323,0
DA:324,0
DA:328,23
DA:331,0
DA:332,0
DA:334,0
DA:335,0
DA:340,23
DA:343,0
DA:344,0
DA:346,0
DA:347,0
DA:353,23
DA:354,0
DA:355,0
DA:369,0
DA:370,0
DA:374,23
DA:375,0
DA:376,0
DA:378,0
DA:379,0
DA:383,23
DA:384,0
DA:385,0
DA:410,0
DA:411,0
DA:415,23
DA:416,0
DA:417,0
DA:435,0
DA:436,0
DA:440,23
DA:441,0
DA:442,0
DA:456,0
DA:457,0
DA:462,23
DA:463,0
DA:464,0
DA:466,0
DA:467,0
DA:471,23
DA:472,0
DA:473,0
DA:475,0
DA:476,0
DA:480,23
DA:481,0
DA:482,0
DA:484,0
DA:485,0
LF:150
LH:33
BRF:0
BRH:0
end_of_record
TN:
SF:src/routes/compliance.ts
FN:59,(anonymous_0)
FN:93,(anonymous_1)
FN:102,(anonymous_2)
FN:108,(anonymous_3)
FN:118,(anonymous_4)
FN:132,(anonymous_5)
FN:176,(anonymous_6)
FNF:7
FNH:0
FNDA:0,(anonymous_0)
FNDA:0,(anonymous_1)
FNDA:0,(anonymous_2)
FNDA:0,(anonymous_3)
FNDA:0,(anonymous_4)
FNDA:0,(anonymous_5)
FNDA:0,(anonymous_6)
DA:4,0
DA:5,0
DA:6,0
DA:8,0
DA:9,0
DA:12,0
DA:37,0
DA:59,0
DA:60,0
DA:62,0
DA:66,0
DA:67,0
DA:68,0
DA:73,0
DA:74,0
DA:75,0
DA:82,0
DA:86,0
DA:93,0
DA:102,0
DA:105,0
DA:107,0
DA:108,0
DA:111,0
DA:118,0
DA:119,0
DA:120,0
DA:123,0
DA:125,0
DA:132,0
DA:133,0
DA:134,0
DA:136,0
DA:137,0
DA:140,0
DA:141,0
DA:142,0
DA:143,0
DA:144,0
DA:145,0
DA:148,0
DA:150,0
DA:151,0
DA:152,0
DA:164,0
DA:176,0
DA:177,0
DA:178,0
DA:180,0
DA:182,0
DA:185,0
LF:51
LH:0
BRDA:66,0,0,0
BRDA:73,1,0,0
BRDA:75,2,0,0
BRDA:75,2,1,0
BRDA:82,3,0,0
BRDA:82,3,1,0
BRDA:83,4,0,0
BRDA:83,4,1,0
BRDA:93,5,0,0
BRDA:93,5,1,0
BRDA:93,5,2,0
BRDA:108,6,0,0
BRDA:108,6,1,0
BRDA:108,6,2,0
BRDA:136,7,0,0
BRDA:144,8,0,0
BRDA:144,9,0,0
BRDA:144,9,1,0
BRDA:144,9,2,0
BRDA:150,10,0,0
BRDA:150,11,0,0
BRDA:150,11,1,0
BRDA:166,12,0,0
BRDA:166,12,1,0
BRDA:180,13,0,0
BRDA:180,13,1,0
BRF:26
BRH:0
end_of_record
TN:
SF:src/routes/concierge.ts
FN:56,withTimeout
FN:57,(anonymous_10)
FN:59,(anonymous_11)
FN:63,(anonymous_12)
FN:67,(anonymous_13)
FN:76,withBackoff
FN:86,(anonymous_15)
FN:93,fallbackReply
FN:95,(anonymous_17)
FN:100,isConciergeDegraded
FN:108,setConciergeDegraded
FN:117,(anonymous_20)
FN:152,(anonymous_21)
FN:161,(anonymous_22)
FN:202,(anonymous_23)
FN:221,(anonymous_24)
FN:226,(anonymous_25)
FN:276,(anonymous_26)
FN:288,(anonymous_27)
FN:292,(anonymous_28)
FN:305,(anonymous_29)
FN:334,(anonymous_30)
FN:353,(anonymous_31)
FN:375,(anonymous_32)
FN:425,(anonymous_33)
FNF:25
FNH:0
FNDA:0,withTimeout
FNDA:0,(anonymous_10)
FNDA:0,(anonymous_11)
FNDA:0,(anonymous_12)
FNDA:0,(anonymous_13)
FNDA:0,withBackoff
FNDA:0,(anonymous_15)
FNDA:0,fallbackReply
FNDA:0,(anonymous_17)
FNDA:0,isConciergeDegraded
FNDA:0,setConciergeDegraded
FNDA:0,(anonymous_20)
FNDA:0,(anonymous_21)
FNDA:0,(anonymous_22)
FNDA:0,(anonymous_23)
FNDA:0,(anonymous_24)
FNDA:0,(anonymous_25)
FNDA:0,(anonymous_26)
FNDA:0,(anonymous_27)
FNDA:0,(anonymous_28)
FNDA:0,(anonymous_29)
FNDA:0,(anonymous_30)
FNDA:0,(anonymous_31)
FNDA:0,(anonymous_32)
FNDA:0,(anonymous_33)
DA:1,23
DA:2,23
DA:3,23
DA:4,23
DA:5,23
DA:7,23
DA:8,23
DA:9,23
DA:10,23
DA:15,23
DA:18,23
DA:57,0
DA:58,0
DA:59,0
DA:62,0
DA:64,0
DA:65,0
DA:68,0
DA:69,0
DA:77,0
DA:79,0
DA:80,0
DA:81,0
DA:83,0
DA:84,0
DA:85,0
DA:86,0
DA:87,0
DA:90,0
DA:95,0
DA:97,0
DA:101,0
DA:102,0
DA:103,0
DA:105,0
DA:109,0
DA:110,0
DA:111,0
DA:113,0
DA:117,23
DA:118,0
DA:119,0
DA:121,0
DA:122,0
DA:123,0
DA:124,0
DA:126,0
DA:127,0
DA:131,0
DA:132,0
DA:133,0
DA:134,0
DA:135,0
DA:136,0
DA:138,0
DA:139,0
DA:140,0
DA:141,0
DA:142,0
DA:143,0
DA:149,0
DA:150,0
DA:151,0
DA:152,0
DA:153,0
DA:154,0
DA:160,0
DA:162,0
DA:174,0
DA:175,0
DA:176,0
DA:177,0
DA:178,0
DA:180,0
DA:181,0
DA:182,0
DA:183,0
DA:184,0
DA:185,0
DA:186,0
DA:202,23
DA:203,0
DA:204,0
DA:205,0
DA:206,0
DA:208,0
DA:209,0
DA:211,0
DA:212,0
DA:216,0
DA:217,0
DA:218,0
DA:219,0
DA:221,0
DA:222,0
DA:225,0
DA:226,0
DA:227,0
DA:228,0
DA:234,0
DA:236,0
DA:244,0
DA:245,0
DA:246,0
DA:247,0
DA:248,0
DA:249,0
DA:253,0
DA:258,0
DA:260,0
DA:261,0
DA:262,0
DA:263,0
DA:264,0
DA:276,23
DA:277,0
DA:279,0
DA:280,0
DA:283,0
DA:284,0
DA:285,0
DA:288,0
DA:289,0
DA:292,0
DA:294,0
DA:305,0
DA:306,0
DA:310,0
DA:320,0
DA:325,0
DA:326,0
DA:334,23
DA:335,0
DA:337,0
DA:338,0
DA:339,0
DA:340,0
DA:342,0
DA:344,0
DA:345,0
DA:353,23
DA:354,0
DA:356,0
DA:357,0
DA:358,0
DA:359,0
DA:362,0
DA:366,0
DA:367,0
DA:375,23
DA:376,0
DA:378,0
DA:380,0
DA:407,0
DA:408,0
DA:409,0
DA:414,0
DA:416,0
DA:417,0
DA:425,23
DA:426,0
DA:427,0
DA:429,0
DA:430,0
DA:433,0
DA:434,0
DA:436,0
DA:446,0
DA:447,0
LF:169
LH:18
BRDA:56,0,0,0
BRDA:76,1,0,0
BRDA:84,2,0,0
BRDA:95,3,0,0
BRDA:95,3,1,0
BRDA:101,4,0,0
BRDA:103,5,0,0
BRDA:103,5,1,0
BRDA:110,6,0,0
BRDA:110,6,1,0
BRDA:119,7,0,0
BRDA:119,8,0,0
BRDA:119,8,1,0
BRDA:121,9,0,0
BRDA:121,9,1,0
BRDA:121,9,2,0
BRDA:123,10,0,0
BRDA:124,11,0,0
BRDA:126,12,0,0
BRDA:133,13,0,0
BRDA:133,13,1,0
BRDA:134,14,0,0
BRDA:140,15,0,0
BRDA:174,16,0,0
BRDA:174,16,1,0
BRDA:175,17,0,0
BRDA:175,17,1,0
BRDA:181,18,0,0
BRDA:181,18,1,0
BRDA:182,19,0,0
BRDA:182,19,1,0
BRDA:182,19,2,0
BRDA:183,20,0,0
BRDA:183,20,1,0
BRDA:204,21,0,0
BRDA:204,22,0,0
BRDA:204,22,1,0
BRDA:205,23,0,0
BRDA:205,23,1,0
BRDA:205,23,2,0
BRDA:208,24,0,0
BRDA:209,25,0,0
BRDA:211,26,0,0
BRDA:246,27,0,0
BRDA:246,27,1,0
BRDA:247,28,0,0
BRDA:260,29,0,0
BRDA:260,29,1,0
BRDA:261,30,0,0
BRDA:261,30,1,0
BRDA:277,31,0,0
BRDA:279,32,0,0
BRDA:289,33,0,0
BRDA:290,34,0,0
BRDA:290,34,1,0
BRDA:290,34,2,0
BRDA:306,35,0,0
BRDA:307,36,0,0
BRDA:307,36,1,0
BRDA:339,37,0,0
BRDA:357,38,0,0
BRDA:357,38,1,0
BRDA:358,39,0,0
BRDA:358,40,0,0
BRDA:358,40,1,0
BRDA:408,41,0,0
BRDA:427,42,0,0
BRDA:427,42,1,0
BRDA:427,42,2,0
BRDA:429,43,0,0
BRF:70
BRH:0
end_of_record
TN:
SF:src/routes/config.ts
FN:27,(anonymous_0)
FN:35,(anonymous_1)
FN:58,(anonymous_2)
FNF:3
FNH:0
FNDA:0,(anonymous_0)
FNDA:0,(anonymous_1)
FNDA:0,(anonymous_2)
DA:4,0
DA:6,0
DA:12,0
DA:27,0
DA:28,0
DA:35,0
DA:36,0
DA:58,0
DA:60,0
DA:63,0
DA:64,0
DA:67,0
DA:69,0
LF:13
LH:0
BRDA:37,0,0,0
BRDA:37,0,1,0
BRDA:61,1,0,0
BRDA:61,1,1,0
BRDA:63,2,0,0
BRDA:63,2,1,0
BRDA:65,3,0,0
BRDA:65,3,1,0
BRDA:73,4,0,0
BRDA:73,4,1,0
BRDA:77,5,0,0
BRDA:77,5,1,0
BRDA:81,6,0,0
BRDA:81,6,1,0
BRDA:85,7,0,0
BRDA:85,7,1,0
BRF:16
BRH:0
end_of_record
TN:
SF:src/routes/content.ts
FN:6,(anonymous_0)
FN:14,(anonymous_1)
FN:28,(anonymous_2)
FN:28,(anonymous_3)
FN:44,(anonymous_4)
FN:62,toCMSArticle
FN:88,(anonymous_6)
FN:126,(anonymous_7)
FN:164,(anonymous_8)
FN:207,(anonymous_9)
FN:214,(anonymous_10)
FN:275,(anonymous_11)
FN:283,(anonymous_12)
FN:310,(anonymous_13)
FN:320,(anonymous_14)
FNF:15
FNH:5
FNDA:0,(anonymous_0)
FNDA:1,(anonymous_1)
FNDA:6,(anonymous_2)
FNDA:0,(anonymous_3)
FNDA:0,(anonymous_4)
FNDA:4,toCMSArticle
FNDA:1,(anonymous_6)
FNDA:2,(anonymous_7)
FNDA:0,(anonymous_8)
FNDA:0,(anonymous_9)
FNDA:0,(anonymous_10)
FNDA:0,(anonymous_11)
FNDA:0,(anonymous_12)
FNDA:0,(anonymous_13)
FNDA:0,(anonymous_14)
DA:1,23
DA:2,23
DA:4,23
DA:6,23
DA:7,0
DA:8,0
DA:11,0
DA:14,23
DA:15,1
DA:16,1
DA:17,1
DA:18,1
DA:19,0
DA:28,6
DA:31,1
DA:32,1
DA:33,1
DA:36,1
DA:43,1
DA:44,1
DA:45,0
DA:46,0
DA:47,0
DA:51,1
DA:64,4
DA:65,4
DA:66,0
DA:67,0
DA:68,0
DA:71,0
DA:74,4
DA:88,23
DA:89,1
DA:90,1
DA:91,1
DA:92,1
DA:93,0
DA:97,0
DA:104,1
DA:122,1
DA:126,23
DA:127,2
DA:128,2
DA:129,2
DA:130,2
DA:131,2
DA:132,0
DA:135,0
DA:136,0
DA:142,2
DA:160,2
DA:164,23
DA:165,0
DA:167,0
DA:169,0
DA:170,0
DA:173,0
DA:174,0
DA:193,0
DA:207,23
DA:208,0
DA:209,0
DA:210,0
DA:213,0
DA:214,0
DA:234,0
DA:235,0
DA:236,0
DA:238,0
DA:275,23
DA:276,0
DA:277,0
DA:278,0
DA:282,0
DA:283,0
DA:297,0
DA:310,23
DA:311,0
DA:312,0
DA:314,0
DA:315,0
DA:316,0
DA:319,0
DA:320,0
DA:331,0
DA:375,0
LF:86
LH:39
BRDA:7,0,0,0
BRDA:7,0,1,0
BRDA:15,1,0,1
BRDA:15,1,1,1
BRDA:18,2,0,0
BRDA:18,3,0,1
BRDA:18,3,1,0
BRDA:31,4,0,1
BRDA:31,4,1,1
BRDA:32,5,0,1
BRDA:32,5,1,1
BRDA:33,6,0,1
BRDA:33,6,1,1
BRDA:37,7,0,1
BRDA:37,7,1,1
BRDA:38,8,0,1
BRDA:38,8,1,1
BRDA:39,9,0,1
BRDA:39,9,1,1
BRDA:46,10,0,0
BRDA:65,11,0,0
BRDA:75,12,0,4
BRDA:75,12,1,0
BRDA:75,12,2,0
BRDA:79,13,0,4
BRDA:79,13,1,0
BRDA:81,14,0,0
BRDA:81,14,1,0
BRDA:83,15,0,4
BRDA:83,15,1,0
BRDA:89,16,0,1
BRDA:89,16,1,1
BRDA:92,17,0,0
BRDA:92,18,0,1
BRDA:92,18,1,0
BRDA:94,19,0,0
BRDA:94,19,1,0
BRDA:128,20,0,2
BRDA:128,20,1,2
BRDA:131,21,0,0
BRDA:131,22,0,2
BRDA:131,22,1,0
BRDA:133,23,0,0
BRDA:133,23,1,0
BRDA:135,24,0,0
BRDA:165,25,0,0
BRDA:165,25,1,0
BRDA:169,26,0,0
BRDA:169,27,0,0
BRDA:169,27,1,0
BRDA:173,28,0,0
BRDA:176,29,0,0
BRDA:176,29,1,0
BRDA:177,30,0,0
BRDA:177,30,1,0
BRDA:178,31,0,0
BRDA:178,31,1,0
BRDA:179,32,0,0
BRDA:179,32,1,0
BRDA:180,33,0,0
BRDA:180,33,1,0
BRDA:182,34,0,0
BRDA:182,34,1,0
BRDA:183,35,0,0
BRDA:183,35,1,0
BRDA:209,36,0,0
BRDA:209,37,0,0
BRDA:209,37,1,0
BRDA:220,38,0,0
BRDA:220,38,1,0
BRDA:221,39,0,0
BRDA:221,39,1,0
BRDA:225,40,0,0
BRDA:225,40,1,0
BRDA:277,41,0,0
BRDA:277,42,0,0
BRDA:277,42,1,0
BRDA:284,43,0,0
BRDA:284,43,1,0
BRDA:285,44,0,0
BRDA:285,44,1,0
BRDA:288,45,0,0
BRDA:288,45,1,0
BRDA:288,45,2,0
BRDA:311,46,0,0
BRDA:311,46,1,0
BRDA:312,47,0,0
BRDA:312,47,1,0
BRDA:315,48,0,0
BRDA:315,49,0,0
BRDA:315,49,1,0
BRDA:375,50,0,0
BRDA:375,50,1,0
BRF:93
BRH:24
end_of_record
TN:
SF:src/routes/data.ts
FN:10,(anonymous_0)
FN:63,(anonymous_1)
FNF:2
FNH:0
FNDA:0,(anonymous_0)
FNDA:0,(anonymous_1)
DA:1,23
DA:2,23
DA:3,23
DA:4,23
DA:5,23
DA:7,23
DA:10,23
DA:11,0
DA:12,0
DA:13,0
DA:16,0
DA:17,0
DA:18,0
DA:23,0
DA:25,0
DA:28,0
DA:38,0
DA:40,0
DA:41,0
DA:42,0
DA:43,0
DA:48,0
DA:53,0
DA:55,0
DA:56,0
DA:58,0
DA:63,23
DA:64,0
DA:65,0
DA:66,0
DA:67,0
LF:31
LH:8
BRDA:16,0,0,0
BRDA:16,1,0,0
BRDA:16,1,1,0
BRDA:17,2,0,0
BRDA:55,3,0,0
BRDA:56,4,0,0
BRDA:56,4,1,0
BRDA:66,5,0,0
BRF:8
BRH:0
end_of_record
TN:
SF:src/routes/delivery.ts
FN:13,(anonymous_0)
FN:95,(anonymous_1)
FN:145,(anonymous_2)
FN:174,(anonymous_3)
FN:203,(anonymous_4)
FN:231,(anonymous_5)
FN:247,(anonymous_6)
FN:293,(anonymous_7)
FN:317,(anonymous_8)
FN:338,(anonymous_9)
FNF:10
FNH:0
FNDA:0,(anonymous_0)
FNDA:0,(anonymous_1)
FNDA:0,(anonymous_2)
FNDA:0,(anonymous_3)
FNDA:0,(anonymous_4)
FNDA:0,(anonymous_5)
FNDA:0,(anonymous_6)
FNDA:0,(anonymous_7)
FNDA:0,(anonymous_8)
FNDA:0,(anonymous_9)
DA:4,0
DA:5,0
DA:7,0
DA:13,0
DA:14,0
DA:16,0
DA:17,0
DA:20,0
DA:22,0
DA:23,0
DA:25,0
DA:26,0
DA:27,0
DA:28,0
DA:31,0
DA:43,0
DA:55,0
DA:67,0
DA:68,0
DA:81,0
DA:83,0
DA:84,0
DA:92,0
DA:96,0
DA:97,0
DA:99,0
DA:101,0
DA:102,0
DA:104,0
DA:105,0
DA:106,0
DA:107,0
DA:110,0
DA:111,0
DA:121,0
DA:133,0
DA:135,0
DA:136,0
DA:145,0
DA:146,0
DA:148,0
DA:149,0
DA:152,0
DA:153,0
DA:154,0
DA:156,0
DA:165,0
DA:166,0
DA:174,0
DA:175,0
DA:177,0
DA:178,0
DA:181,0
DA:183,0
DA:185,0
DA:194,0
DA:195,0
DA:203,0
DA:204,0
DA:206,0
DA:207,0
DA:210,0
DA:211,0
DA:219,0
DA:220,0
DA:228,0
DA:232,0
DA:234,0
DA:236,0
DA:244,0
DA:245,0
DA:247,0
DA:253,0
DA:278,0
DA:280,0
DA:281,0
DA:290,0
DA:294,0
DA:296,0
DA:304,0
DA:305,0
DA:314,0
DA:318,0
DA:319,0
DA:321,0
DA:323,0
DA:325,0
DA:326,0
DA:335,0
DA:339,0
DA:340,0
DA:342,0
DA:344,0
DA:346,0
DA:347,0
DA:352,0
LF:96
LH:0
BRDA:16,0,0,0
BRDA:23,1,0,0
BRDA:23,1,1,0
BRDA:67,2,0,0
BRDA:102,3,0,0
BRDA:102,3,1,0
BRDA:148,4,0,0
BRDA:153,5,0,0
BRDA:153,5,1,0
BRDA:160,6,0,0
BRDA:160,6,1,0
BRDA:162,7,0,0
BRDA:162,7,1,0
BRDA:177,8,0,0
BRDA:177,9,0,0
BRDA:177,9,1,0
BRDA:189,10,0,0
BRDA:189,10,1,0
BRDA:190,11,0,0
BRDA:190,11,1,0
BRDA:206,12,0,0
BRDA:206,13,0,0
BRDA:206,13,1,0
BRDA:206,13,2,0
BRDA:250,14,0,0
BRDA:250,14,1,0
BRDA:260,15,0,0
BRDA:260,15,1,0
BRDA:269,16,0,0
BRDA:269,16,1,0
BRF:30
BRH:0
end_of_record
TN:
SF:src/routes/dynamicHome.ts
FN:96,(anonymous_0)
FN:113,(anonymous_1)
FN:131,(anonymous_2)
FN:152,(anonymous_3)
FN:161,(anonymous_4)
FN:222,(anonymous_5)
FN:233,(anonymous_6)
FN:244,(anonymous_7)
FN:255,(anonymous_8)
FN:269,(anonymous_9)
FN:282,(anonymous_10)
FN:319,(anonymous_11)
FN:328,(anonymous_12)
FN:342,(anonymous_13)
FNF:14
FNH:0
FNDA:0,(anonymous_0)
FNDA:0,(anonymous_1)
FNDA:0,(anonymous_2)
FNDA:0,(anonymous_3)
FNDA:0,(anonymous_4)
FNDA:0,(anonymous_5)
FNDA:0,(anonymous_6)
FNDA:0,(anonymous_7)
FNDA:0,(anonymous_8)
FNDA:0,(anonymous_9)
FNDA:0,(anonymous_10)
FNDA:0,(anonymous_11)
FNDA:0,(anonymous_12)
FNDA:0,(anonymous_13)
DA:4,0
DA:6,0
DA:9,0
DA:96,0
DA:97,0
DA:98,0
DA:108,0
DA:109,0
DA:113,0
DA:114,0
DA:115,0
DA:116,0
DA:126,0
DA:127,0
DA:131,0
DA:132,0
DA:133,0
DA:143,0
DA:144,0
DA:152,0
DA:153,0
DA:154,0
DA:156,0
DA:157,0
DA:161,0
DA:162,0
DA:163,0
DA:166,0
DA:211,0
DA:217,0
DA:218,0
DA:222,0
DA:223,0
DA:224,0
DA:225,0
DA:226,0
DA:228,0
DA:229,0
DA:233,0
DA:234,0
DA:235,0
DA:236,0
DA:237,0
DA:239,0
DA:240,0
DA:244,0
DA:245,0
DA:246,0
DA:247,0
DA:248,0
DA:250,0
DA:251,0
DA:255,0
DA:256,0
DA:257,0
DA:258,0
DA:264,0
DA:265,0
DA:269,0
DA:270,0
DA:271,0
DA:273,0
DA:274,0
DA:282,0
DA:283,0
DA:284,0
DA:310,0
DA:311,0
DA:319,0
DA:320,0
DA:321,0
DA:323,0
DA:324,0
DA:328,0
DA:329,0
DA:330,0
DA:331,0
DA:337,0
DA:338,0
DA:342,0
DA:343,0
DA:344,0
DA:351,0
DA:352,0
DA:356,0
LF:85
LH:0
BRDA:213,0,0,0
BRDA:213,0,1,0
BRF:2
BRH:0
end_of_record
TN:
SF:src/routes/education.ts
FN:12,(anonymous_0)
FN:54,(anonymous_1)
FN:63,(anonymous_2)
FN:90,(anonymous_3)
FN:99,(anonymous_4)
FN:108,(anonymous_5)
FN:121,(anonymous_6)
FN:164,(anonymous_7)
FN:173,(anonymous_8)
FN:204,(anonymous_9)
FN:217,(anonymous_10)
FN:253,(anonymous_11)
FN:278,(anonymous_12)
FN:292,(anonymous_13)
FN:323,(anonymous_14)
FN:347,(anonymous_15)
FN:366,(anonymous_16)
FN:375,(anonymous_17)
FN:408,(anonymous_18)
FN:423,(anonymous_19)
FNF:20
FNH:0
FNDA:0,(anonymous_0)
FNDA:0,(anonymous_1)
FNDA:0,(anonymous_2)
FNDA:0,(anonymous_3)
FNDA:0,(anonymous_4)
FNDA:0,(anonymous_5)
FNDA:0,(anonymous_6)
FNDA:0,(anonymous_7)
FNDA:0,(anonymous_8)
FNDA:0,(anonymous_9)
FNDA:0,(anonymous_10)
FNDA:0,(anonymous_11)
FNDA:0,(anonymous_12)
FNDA:0,(anonymous_13)
FNDA:0,(anonymous_14)
FNDA:0,(anonymous_15)
FNDA:0,(anonymous_16)
FNDA:0,(anonymous_17)
FNDA:0,(anonymous_18)
FNDA:0,(anonymous_19)
DA:4,0
DA:6,0
DA:12,0
DA:13,0
DA:21,0
DA:23,0
DA:49,0
DA:50,0
DA:54,0
DA:55,0
DA:56,0
DA:58,0
DA:59,0
DA:63,0
DA:64,0
DA:65,0
DA:66,0
DA:85,0
DA:86,0
DA:90,0
DA:91,0
DA:92,0
DA:94,0
DA:95,0
DA:99,0
DA:100,0
DA:101,0
DA:103,0
DA:104,0
DA:108,0
DA:109,0
DA:110,0
DA:112,0
DA:113,0
DA:121,0
DA:122,0
DA:123,0
DA:159,0
DA:160,0
DA:164,0
DA:165,0
DA:166,0
DA:168,0
DA:169,0
DA:173,0
DA:174,0
DA:175,0
DA:176,0
DA:199,0
DA:200,0
DA:204,0
DA:205,0
DA:206,0
DA:208,0
DA:209,0
DA:217,0
DA:218,0
DA:219,0
DA:248,0
DA:249,0
DA:253,0
DA:254,0
DA:255,0
DA:256,0
DA:273,0
DA:274,0
DA:278,0
DA:279,0
DA:280,0
DA:281,0
DA:283,0
DA:284,0
DA:292,0
DA:293,0
DA:294,0
DA:318,0
DA:319,0
DA:323,0
DA:324,0
DA:325,0
DA:326,0
DA:338,0
DA:339,0
DA:347,0
DA:348,0
DA:349,0
DA:361,0
DA:362,0
DA:366,0
DA:367,0
DA:368,0
DA:370,0
DA:371,0
DA:375,0
DA:376,0
DA:377,0
DA:403,0
DA:404,0
DA:408,0
DA:409,0
DA:410,0
DA:418,0
DA:419,0
DA:423,0
DA:424,0
DA:425,0
DA:431,0
DA:432,0
DA:436,0
LF:109
LH:0
BRF:0
BRH:0
end_of_record
TN:
SF:src/routes/events.ts
FN:8,(anonymous_0)
FN:44,(anonymous_1)
FN:53,(anonymous_2)
FN:79,(anonymous_3)
FN:88,(anonymous_4)
FNF:5
FNH:0
FNDA:0,(anonymous_0)
FNDA:0,(anonymous_1)
FNDA:0,(anonymous_2)
FNDA:0,(anonymous_3)
FNDA:0,(anonymous_4)
DA:4,0
DA:6,0
DA:8,0
DA:9,0
DA:10,0
DA:39,0
DA:40,0
DA:44,0
DA:45,0
DA:46,0
DA:48,0
DA:49,0
DA:53,0
DA:54,0
DA:55,0
DA:56,0
DA:74,0
DA:75,0
DA:79,0
DA:80,0
DA:81,0
DA:83,0
DA:84,0
DA:88,0
DA:89,0
DA:90,0
DA:92,0
DA:93,0
DA:97,0
LF:29
LH:0
BRF:0
BRH:0
end_of_record
TN:
SF:src/routes/favorites.ts
FN:14,(anonymous_0)
FN:38,(anonymous_1)
FN:56,(anonymous_2)
FN:66,(anonymous_3)
FN:78,(anonymous_4)
FN:82,(anonymous_5)
FN:104,(anonymous_6)
FN:112,(anonymous_7)
FN:130,(anonymous_8)
FN:170,(anonymous_9)
FN:189,(anonymous_10)
FN:230,(anonymous_11)
FN:245,(anonymous_12)
FN:260,(anonymous_13)
FN:295,(anonymous_14)
FN:318,(anonymous_15)
FN:349,(anonymous_16)
FN:394,(anonymous_17)
FN:398,(anonymous_18)
FN:414,(anonymous_19)
FN:441,(anonymous_20)
FN:446,(anonymous_21)
FN:447,(anonymous_22)
FN:463,(anonymous_23)
FN:490,(anonymous_24)
FN:491,(anonymous_25)
FN:505,(anonymous_26)
FN:601,(anonymous_27)
FN:657,(anonymous_28)
FN:733,(anonymous_29)
FN:752,(anonymous_30)
FN:762,(anonymous_31)
FN:783,(anonymous_32)
FN:802,(anonymous_33)
FNF:34
FNH:0
FNDA:0,(anonymous_0)
FNDA:0,(anonymous_1)
FNDA:0,(anonymous_2)
FNDA:0,(anonymous_3)
FNDA:0,(anonymous_4)
FNDA:0,(anonymous_5)
FNDA:0,(anonymous_6)
FNDA:0,(anonymous_7)
FNDA:0,(anonymous_8)
FNDA:0,(anonymous_9)
FNDA:0,(anonymous_10)
FNDA:0,(anonymous_11)
FNDA:0,(anonymous_12)
FNDA:0,(anonymous_13)
FNDA:0,(anonymous_14)
FNDA:0,(anonymous_15)
FNDA:0,(anonymous_16)
FNDA:0,(anonymous_17)
FNDA:0,(anonymous_18)
FNDA:0,(anonymous_19)
FNDA:0,(anonymous_20)
FNDA:0,(anonymous_21)
FNDA:0,(anonymous_22)
FNDA:0,(anonymous_23)
FNDA:0,(anonymous_24)
FNDA:0,(anonymous_25)
FNDA:0,(anonymous_26)
FNDA:0,(anonymous_27)
FNDA:0,(anonymous_28)
FNDA:0,(anonymous_29)
FNDA:0,(anonymous_30)
FNDA:0,(anonymous_31)
FNDA:0,(anonymous_32)
FNDA:0,(anonymous_33)
DA:4,0
DA:5,0
DA:6,0
DA:8,0
DA:14,0
DA:15,0
DA:16,0
DA:18,0
DA:19,0
DA:21,0
DA:34,0
DA:35,0
DA:37,0
DA:38,0
DA:51,0
DA:52,0
DA:56,0
DA:57,0
DA:59,0
DA:60,0
DA:66,0
DA:67,0
DA:78,0
DA:80,0
DA:83,0
DA:84,0
DA:104,0
DA:107,0
DA:108,0
DA:112,0
DA:113,0
DA:114,0
DA:116,0
DA:117,0
DA:123,0
DA:125,0
DA:126,0
DA:130,0
DA:131,0
DA:132,0
DA:134,0
DA:135,0
DA:138,0
DA:139,0
DA:155,0
DA:165,0
DA:166,0
DA:170,0
DA:171,0
DA:172,0
DA:174,0
DA:175,0
DA:182,0
DA:184,0
DA:185,0
DA:189,0
DA:190,0
DA:191,0
DA:192,0
DA:194,0
DA:195,0
DA:206,0
DA:207,0
DA:210,0
DA:214,0
DA:221,0
DA:222,0
DA:230,0
DA:231,0
DA:233,0
DA:234,0
DA:244,0
DA:245,0
DA:255,0
DA:256,0
DA:260,0
DA:261,0
DA:262,0
DA:264,0
DA:265,0
DA:268,0
DA:269,0
DA:278,0
DA:287,0
DA:288,0
DA:290,0
DA:291,0
DA:295,0
DA:296,0
DA:297,0
DA:299,0
DA:301,0
DA:307,0
DA:311,0
DA:313,0
DA:314,0
DA:318,0
DA:319,0
DA:320,0
DA:321,0
DA:323,0
DA:324,0
DA:327,0
DA:328,0
DA:338,0
DA:340,0
DA:341,0
DA:349,0
DA:350,0
DA:352,0
DA:354,0
DA:375,0
DA:376,0
DA:377,0
DA:378,0
DA:379,0
DA:380,0
DA:381,0
DA:384,0
DA:393,0
DA:394,0
DA:397,0
DA:398,0
DA:409,0
DA:410,0
DA:414,0
DA:415,0
DA:416,0
DA:418,0
DA:419,0
DA:421,0
DA:437,0
DA:438,0
DA:440,0
DA:441,0
DA:446,0
DA:447,0
DA:458,0
DA:459,0
DA:463,0
DA:464,0
DA:466,0
DA:467,0
DA:481,0
DA:482,0
DA:485,0
DA:490,0
DA:491,0
DA:500,0
DA:501,0
DA:505,0
DA:506,0
DA:507,0
DA:509,0
DA:511,0
DA:524,0
DA:525,0
DA:529,0
DA:533,0
DA:534,0
DA:543,0
DA:544,0
DA:546,0
DA:548,0
DA:556,0
DA:557,0
DA:576,0
DA:582,0
DA:590,0
DA:596,0
DA:597,0
DA:601,0
DA:602,0
DA:603,0
DA:605,0
DA:606,0
DA:609,0
DA:611,0
DA:615,0
DA:616,0
DA:622,0
DA:628,0
DA:647,0
DA:652,0
DA:653,0
DA:657,0
DA:658,0
DA:659,0
DA:661,0
DA:662,0
DA:665,0
DA:667,0
DA:671,0
DA:672,0
DA:677,0
DA:678,0
DA:680,0
DA:681,0
DA:686,0
DA:687,0
DA:705,0
DA:711,0
DA:718,0
DA:724,0
DA:725,0
DA:733,0
DA:734,0
DA:736,0
DA:738,0
DA:745,0
DA:747,0
DA:748,0
DA:752,0
DA:753,0
DA:755,0
DA:757,0
DA:762,0
DA:766,0
[...]
FNDA:0,getActionsForIntent
DA:4,0
DA:6,0
DA:12,0
DA:13,0
DA:14,0
DA:17,0
DA:18,0
DA:20,0
DA:22,0
DA:23,0
DA:24,0
DA:25,0
DA:26,0
DA:27,0
DA:28,0
DA:29,0
DA:30,0
DA:31,0
DA:32,0
DA:33,0
DA:34,0
DA:35,0
DA:36,0
DA:37,0
DA:38,0
DA:39,0
DA:40,0
DA:41,0
DA:44,0
DA:59,0
DA:60,0
DA:64,0
DA:65,0
DA:66,0
DA:68,0
DA:69,0
DA:77,0
DA:78,0
DA:79,0
DA:89,0
DA:90,0
DA:94,0
DA:95,0
DA:96,0
DA:97,0
DA:99,0
DA:100,0
DA:108,0
DA:109,0
DA:110,0
DA:122,0
DA:123,0
DA:127,0
DA:128,0
DA:129,0
DA:130,0
DA:136,0
DA:137,0
DA:141,0
DA:142,0
DA:143,0
DA:145,0
DA:146,0
DA:154,0
DA:155,0
DA:156,0
DA:168,0
DA:169,0
DA:173,0
DA:174,0
DA:175,0
DA:176,0
DA:182,0
DA:183,0
DA:192,0
DA:204,0
DA:213,0
DA:219,0
DA:222,0
LF:79
LH:0
BRDA:22,0,0,0
BRDA:22,0,1,0
BRDA:22,1,0,0
BRDA:22,1,1,0
BRDA:25,2,0,0
BRDA:26,3,0,0
BRDA:26,3,1,0
BRDA:26,4,0,0
BRDA:26,4,1,0
BRDA:28,5,0,0
BRDA:28,5,1,0
BRDA:28,6,0,0
BRDA:28,6,1,0
BRDA:30,7,0,0
BRDA:30,7,1,0
BRDA:30,8,0,0
BRDA:30,8,1,0
BRDA:32,9,0,0
BRDA:32,9,1,0
BRDA:32,10,0,0
BRDA:32,10,1,0
BRDA:34,11,0,0
BRDA:34,11,1,0
BRDA:34,12,0,0
BRDA:34,12,1,0
BRDA:36,13,0,0
BRDA:36,13,1,0
BRDA:36,14,0,0
BRDA:36,14,1,0
BRDA:38,15,0,0
BRDA:38,15,1,0
BRDA:38,16,0,0
BRDA:38,16,1,0
BRDA:40,17,0,0
BRDA:52,18,0,0
BRDA:52,18,1,0
BRDA:54,19,0,0
BRDA:54,19,1,0
BRDA:204,20,0,0
BRDA:204,20,1,0
BRDA:219,21,0,0
BRDA:219,21,1,0
BRF:42
BRH:0
end_of_record
TN:
SF:src/routes/wallet.ts
FN:14,(anonymous_0)
FN:49,(anonymous_1)
FN:77,(anonymous_2)
FN:108,(anonymous_3)
FN:135,(anonymous_4)
FN:174,(anonymous_5)
FN:187,(anonymous_6)
FN:200,(anonymous_7)
FN:228,(anonymous_8)
FN:275,(anonymous_9)
FN:298,(anonymous_10)
FN:332,(anonymous_11)
FN:349,(anonymous_12)
FN:373,(anonymous_13)
FN:390,(anonymous_14)
FN:401,(anonymous_15)
FN:417,(anonymous_16)
FN:445,(anonymous_17)
FN:511,(anonymous_18)
FN:542,(anonymous_19)
FNF:20
FNH:0
FNDA:0,(anonymous_0)
FNDA:0,(anonymous_1)
FNDA:0,(anonymous_2)
FNDA:0,(anonymous_3)
FNDA:0,(anonymous_4)
FNDA:0,(anonymous_5)
FNDA:0,(anonymous_6)
FNDA:0,(anonymous_7)
FNDA:0,(anonymous_8)
FNDA:0,(anonymous_9)
FNDA:0,(anonymous_10)
FNDA:0,(anonymous_11)
FNDA:0,(anonymous_12)
FNDA:0,(anonymous_13)
FNDA:0,(anonymous_14)
FNDA:0,(anonymous_15)
FNDA:0,(anonymous_16)
FNDA:0,(anonymous_17)
FNDA:0,(anonymous_18)
FNDA:0,(anonymous_19)
DA:4,0
DA:5,0
DA:6,0
DA:8,0
DA:14,0
DA:15,0
DA:17,0
DA:19,0
DA:23,0
DA:24,0
DA:27,0
DA:28,0
DA:30,0
DA:40,0
DA:41,0
DA:49,0
DA:50,0
DA:52,0
DA:68,0
DA:69,0
DA:77,0
DA:78,0
DA:80,0
DA:81,0
DA:84,0
DA:86,0
DA:96,0
DA:97,0
DA:105,0
DA:109,0
DA:111,0
DA:112,0
DA:115,0
DA:117,0
DA:122,0
DA:123,0
DA:132,0
DA:142,0
DA:144,0
DA:145,0
DA:148,0
DA:149,0
DA:159,0
DA:164,0
DA:165,0
DA:174,0
DA:175,0
DA:176,0
DA:178,0
DA:180,0
DA:187,0
DA:200,0
DA:210,0
DA:216,0
DA:217,0
DA:225,0
DA:229,0
DA:231,0
DA:233,0
DA:235,0
DA:262,0
DA:263,0
DA:272,0
DA:276,0
DA:277,0
DA:279,0
DA:280,0
DA:283,0
DA:285,0
DA:286,0
DA:288,0
DA:289,0
DA:298,0
DA:299,0
DA:301,0
DA:303,0
DA:332,0
DA:334,0
DA:340,0
DA:341,0
DA:349,0
DA:350,0
DA:351,0
DA:364,0
DA:365,0
DA:373,0
DA:374,0
DA:375,0
DA:377,0
DA:379,0
DA:390,0
DA:391,0
DA:399,0
DA:401,0
DA:417,0
DA:434,0
DA:436,0
DA:437,0
DA:445,0
DA:446,0
DA:447,0
DA:449,0
DA:450,0
DA:453,0
DA:455,0
DA:459,0
DA:460,0
DA:463,0
DA:464,0
DA:467,0
DA:468,0
DA:472,0
DA:487,0
DA:502,0
DA:503,0
DA:511,0
DA:512,0
DA:514,0
DA:515,0
DA:517,0
DA:518,0
DA:519,0
DA:521,0
DA:522,0
DA:525,0
DA:530,0
DA:531,0
DA:539,0
DA:543,0
DA:545,0
DA:547,0
DA:555,0
DA:556,0
LF:133
LH:0
BRDA:23,0,0,0
BRDA:23,0,1,0
BRDA:80,1,0,0
BRDA:111,2,0,0
BRDA:144,3,0,0
BRDA:144,4,0,0
BRDA:144,4,1,0
BRDA:144,4,2,0
BRDA:156,5,0,0
BRDA:156,5,1,0
BRDA:194,6,0,0
BRDA:194,6,1,0
BRDA:195,7,0,0
BRDA:195,7,1,0
BRDA:196,8,0,0
BRDA:196,8,1,0
BRDA:197,9,0,0
BRDA:197,9,1,0
BRDA:198,10,0,0
BRDA:198,10,1,0
BRDA:200,11,0,0
BRDA:200,11,1,0
BRDA:202,12,0,0
BRDA:202,12,1,0
BRDA:207,13,0,0
BRDA:207,13,1,0
BRDA:279,14,0,0
BRDA:332,15,0,0
BRDA:332,15,1,0
BRDA:382,16,0,0
BRDA:382,16,1,0
BRDA:449,17,0,0
BRDA:459,18,0,0
BRDA:463,19,0,0
BRDA:467,20,0,0
BRDA:467,21,0,0
BRDA:467,21,1,0
BRDA:517,22,0,0
BRDA:518,23,0,0
BRDA:519,24,0,0
BRDA:521,25,0,0
BRDA:521,26,0,0
BRDA:521,26,1,0
BRF:43
BRH:0
end_of_record
TN:
SF:src/routes/webhooks.ts
FN:12,getStripe
FN:23,(anonymous_2)
FNF:2
FNH:0
FNDA:0,getStripe
FNDA:0,(anonymous_2)
DA:1,0
DA:2,0
DA:3,0
DA:4,0
DA:5,0
DA:6,0
DA:8,0
DA:11,0
DA:13,0
DA:14,0
DA:16,0
DA:17,0
DA:19,0
DA:23,0
DA:24,0
DA:25,0
DA:28,0
DA:31,0
DA:32,0
DA:35,0
DA:38,0
DA:40,0
DA:41,0
DA:42,0
DA:45,0
DA:46,0
DA:47,0
DA:48,0
DA:50,0
DA:51,0
DA:53,0
DA:54,0
DA:58,0
DA:61,0
DA:64,0
DA:65,0
DA:68,0
DA:70,0
DA:73,0
DA:74,0
DA:75,0
DA:76,0
DA:80,0
DA:81,0
DA:82,0
DA:96,0
DA:99,0
DA:100,0
DA:101,0
DA:102,0
DA:103,0
DA:107,0
DA:108,0
DA:122,0
DA:125,0
DA:128,0
DA:131,0
LF:57
LH:0
BRDA:13,0,0,0
BRDA:16,1,0,0
BRDA:31,2,0,0
BRDA:31,3,0,0
BRDA:31,3,1,0
BRDA:38,4,0,0
BRDA:38,4,1,0
BRDA:40,5,0,0
BRDA:46,6,0,0
BRDA:61,7,0,0
BRDA:61,7,1,0
BRDA:64,8,0,0
BRDA:70,9,0,0
BRDA:70,9,1,0
BRDA:70,9,2,0
BRDA:70,9,3,0
BRDA:75,10,0,0
BRDA:80,11,0,0
BRDA:101,12,0,0
BRDA:107,13,0,0
BRF:20
BRH:0
end_of_record
TN:
SF:src/routes/webhooksAdvanced.ts
FN:18,(anonymous_1)
FN:59,(anonymous_2)
FN:84,(anonymous_3)
FN:117,(anonymous_4)
FN:141,(anonymous_5)
FN:160,(anonymous_6)
FN:185,(anonymous_7)
FN:231,(anonymous_8)
FN:258,(anonymous_9)
FN:301,(anonymous_10)
FN:345,(anonymous_11)
FN:376,(anonymous_12)
FN:395,(anonymous_13)
FN:421,(anonymous_14)
FN:453,(anonymous_15)
FN:487,(anonymous_16)
FN:511,(anonymous_17)
FN:529,(anonymous_18)
FNF:18
FNH:0
FNDA:0,(anonymous_1)
FNDA:0,(anonymous_2)
FNDA:0,(anonymous_3)
FNDA:0,(anonymous_4)
FNDA:0,(anonymous_5)
FNDA:0,(anonymous_6)
FNDA:0,(anonymous_7)
FNDA:0,(anonymous_8)
FNDA:0,(anonymous_9)
FNDA:0,(anonymous_10)
FNDA:0,(anonymous_11)
FNDA:0,(anonymous_12)
FNDA:0,(anonymous_13)
FNDA:0,(anonymous_14)
FNDA:0,(anonymous_15)
FNDA:0,(anonymous_16)
FNDA:0,(anonymous_17)
FNDA:0,(anonymous_18)
DA:4,0
DA:5,0
DA:6,0
DA:8,0
DA:18,0
DA:19,0
DA:20,0
DA:47,0
DA:48,0
DA:56,0
DA:60,0
DA:62,0
DA:63,0
DA:74,0
DA:75,0
DA:84,0
DA:85,0
DA:87,0
DA:88,0
DA:91,0
DA:92,0
DA:94,0
DA:105,0
DA:106,0
DA:114,0
DA:118,0
DA:119,0
DA:121,0
DA:122,0
DA:128,0
DA:129,0
DA:138,0
DA:142,0
DA:144,0
DA:145,0
DA:147,0
DA:148,0
DA:157,0
DA:161,0
DA:163,0
DA:164,0
DA:166,0
DA:172,0
DA:173,0
DA:182,0
DA:186,0
DA:188,0
DA:189,0
DA:218,0
DA:219,0
DA:228,0
DA:232,0
DA:234,0
DA:235,0
DA:245,0
DA:246,0
DA:255,0
DA:259,0
DA:260,0
DA:287,0
DA:288,0
DA:301,0
DA:302,0
DA:303,0
DA:333,0
DA:334,0
DA:342,0
DA:346,0
DA:348,0
DA:349,0
DA:352,0
DA:353,0
DA:363,0
DA:364,0
DA:373,0
DA:377,0
DA:379,0
DA:380,0
DA:382,0
DA:383,0
DA:392,0
DA:396,0
DA:398,0
DA:399,0
DA:404,0
DA:405,0
DA:418,0
DA:422,0
DA:423,0
DA:440,0
DA:441,0
DA:450,0
DA:454,0
DA:456,0
DA:457,0
DA:460,0
DA:461,0
DA:470,0
DA:471,0
DA:484,0
DA:488,0
DA:490,0
DA:491,0
DA:510,0
DA:511,0
DA:514,0
DA:516,0
DA:517,0
DA:526,0
DA:530,0
DA:532,0
DA:533,0
DA:536,0
DA:537,0
DA:546,0
DA:547,0
LF:116
LH:0
BRDA:87,0,0,0
BRDA:87,1,0,0
BRDA:87,1,1,0
BRDA:87,1,2,0
BRDA:87,1,3,0
BRDA:348,2,0,0
BRDA:348,3,0,0
BRDA:348,3,1,0
BRDA:456,4,0,0
BRDA:464,5,0,0
BRDA:464,5,1,0
BRDA:465,6,0,0
BRDA:465,6,1,0
BRDA:510,7,0,0
BRDA:532,8,0,0
BRDA:532,9,0,0
BRDA:532,9,1,0
BRDA:541,10,0,0
BRDA:541,10,1,0
BRF:19
BRH:0
end_of_record
TN:
SF:src/services/cacheService.ts
FN:8,(anonymous_1)
FN:12,(anonymous_2)
FN:24,(anonymous_3)
FN:26,(anonymous_4)
FN:30,(anonymous_5)
FN:35,(anonymous_6)
FN:40,(anonymous_7)
FN:54,(anonymous_8)
FN:77,(anonymous_9)
FN:99,(anonymous_10)
FN:119,(anonymous_11)
FN:142,(anonymous_12)
FN:149,(anonymous_13)
FN:184,(anonymous_14)
FN:200,(anonymous_15)
FN:227,(anonymous_16)
FN:235,(anonymous_17)
FN:253,(anonymous_18)
FN:275,(anonymous_19)
FN:288,(anonymous_20)
FN:289,(anonymous_21)
FN:290,(anonymous_22)
FN:291,(anonymous_23)
FN:292,(anonymous_24)
FN:293,(anonymous_25)
FN:294,(anonymous_26)
FN:296,(anonymous_27)
FN:297,(anonymous_28)
FN:298,(anonymous_29)
FN:300,(anonymous_30)
FN:302,(anonymous_31)
FN:304,(anonymous_32)
FN:305,(anonymous_33)
FN:306,(anonymous_34)
FN:307,(anonymous_35)
FNF:35
FNH:7
FNDA:23,(anonymous_1)
FNDA:23,(anonymous_2)
FNDA:0,(anonymous_3)
FNDA:0,(anonymous_4)
FNDA:0,(anonymous_5)
FNDA:0,(anonymous_6)
FNDA:0,(anonymous_7)
FNDA:8,(anonymous_8)
FNDA:8,(anonymous_9)
FNDA:0,(anonymous_10)
FNDA:0,(anonymous_11)
FNDA:98,(anonymous_12)
FNDA:0,(anonymous_13)
FNDA:0,(anonymous_14)
FNDA:0,(anonymous_15)
FNDA:0,(anonymous_16)
FNDA:0,(anonymous_17)
FNDA:0,(anonymous_18)
FNDA:0,(anonymous_19)
FNDA:0,(anonymous_20)
FNDA:0,(anonymous_21)
FNDA:0,(anonymous_22)
FNDA:0,(anonymous_23)
FNDA:0,(anonymous_24)
FNDA:0,(anonymous_25)
FNDA:2,(anonymous_26)
FNDA:0,(anonymous_27)
FNDA:0,(anonymous_28)
FNDA:0,(anonymous_29)
FNDA:0,(anonymous_30)
FNDA:3,(anonymous_31)
FNDA:0,(anonymous_32)
FNDA:0,(anonymous_33)
FNDA:0,(anonymous_34)
FNDA:0,(anonymous_35)
DA:1,23
DA:2,23
DA:4,23
DA:5,23
DA:6,23
DA:9,23
DA:13,23
DA:15,23
DA:16,23
DA:17,23
DA:20,0
DA:21,0
DA:25,0
DA:26,0
DA:30,0
DA:31,0
DA:32,0
DA:35,0
DA:36,0
DA:37,0
DA:40,0
DA:41,0
DA:42,0
DA:45,0
DA:55,8
DA:56,8
DA:59,0
DA:60,0
DA:61,0
DA:62,0
DA:64,0
DA:66,0
DA:70,0
DA:78,8
DA:79,8
DA:82,0
DA:83,0
DA:84,0
DA:85,0
DA:87,0
DA:92,0
DA:100,0
DA:101,0
DA:104,0
DA:105,0
DA:106,0
DA:108,0
DA:112,0
DA:120,0
DA:121,0
DA:124,0
DA:125,0
DA:126,0
DA:127,0
DA:129,0
DA:131,0
DA:135,0
DA:143,98
DA:155,0
DA:156,0
DA:159,0
DA:160,0
DA:161,0
DA:162,0
DA:164,0
DA:165,0
DA:167,0
DA:174,0
DA:177,0
DA:186,0
DA:187,0
DA:188,0
DA:192,0
DA:193,0
DA:194,0
DA:201,0
DA:202,0
DA:205,0
DA:206,0
DA:207,0
DA:208,0
DA:209,0
DA:211,0
DA:212,0
DA:214,0
DA:216,0
DA:220,0
DA:228,0
DA:229,0
DA:232,0
DA:233,0
DA:235,0
DA:236,0
DA:237,0
DA:240,0
DA:241,0
DA:243,0
DA:246,0
DA:254,0
DA:255,0
DA:258,0
DA:259,0
DA:260,0
DA:261,0
DA:263,0
DA:268,0
DA:276,0
DA:277,0
DA:278,0
DA:284,23
DA:287,23
DA:288,0
DA:289,0
DA:290,0
DA:291,0
DA:292,0
DA:293,0
DA:295,2
DA:296,0
DA:297,0
DA:299,0
DA:301,0
DA:303,3
DA:304,0
DA:305,0
DA:306,0
DA:307,0
LF:127
LH:19
BRDA:15,0,0,23
BRDA:46,1,0,0
BRDA:46,1,1,0
BRDA:55,2,0,8
BRDA:55,3,0,8
BRDA:55,3,1,0
BRDA:61,4,0,0
BRDA:68,5,0,0
BRDA:68,5,1,0
BRDA:77,6,0,0
BRDA:78,7,0,8
BRDA:78,8,0,8
BRDA:78,8,1,0
BRDA:90,9,0,0
BRDA:90,9,1,0
BRDA:100,10,0,0
BRDA:100,11,0,0
BRDA:100,11,1,0
BRDA:110,12,0,0
BRDA:110,12,1,0
BRDA:120,13,0,0
BRDA:120,14,0,0
BRDA:120,14,1,0
BRDA:126,15,0,0
BRDA:133,16,0,0
BRDA:133,16,1,0
BRDA:143,17,0,98
BRDA:143,17,1,0
BRDA:155,18,0,0
BRDA:171,19,0,0
BRDA:171,19,1,0
BRDA:175,20,0,0
BRDA:175,20,1,0
BRDA:184,21,0,0
BRDA:187,22,0,0
BRDA:200,23,0,0
BRDA:201,24,0,0
BRDA:201,25,0,0
BRDA:201,25,1,0
BRDA:211,26,0,0
BRDA:211,27,0,0
BRDA:211,27,1,0
BRDA:211,27,2,0
BRDA:218,28,0,0
BRDA:218,28,1,0
BRDA:227,29,0,0
BRDA:228,30,0,0
BRDA:228,31,0,0
BRDA:228,31,1,0
BRDA:244,32,0,0
BRDA:244,32,1,0
BRDA:254,33,0,0
BRDA:264,34,0,0
BRDA:264,34,1,0
BRDA:276,35,0,0
BRDA:299,36,0,0
BRDA:299,36,1,0
BRF:57
BRH:6
end_of_record
TN:
SF:src/services/complianceService.ts
FN:27,(anonymous_0)
FN:32,(anonymous_1)
FN:72,(anonymous_2)
FN:88,(anonymous_3)
FN:118,(anonymous_4)
FN:188,(anonymous_5)
FN:197,(anonymous_6)
FNF:7
FNH:2
FNDA:2,(anonymous_0)
FNDA:0,(anonymous_1)
FNDA:0,(anonymous_2)
FNDA:0,(anonymous_3)
FNDA:0,(anonymous_4)
FNDA:0,(anonymous_5)
FNDA:2,(anonymous_6)
DA:26,23
DA:27,2
DA:33,0
DA:35,0
DA:36,0
DA:39,0
DA:40,0
DA:45,0
DA:48,0
DA:49,0
DA:54,0
DA:57,0
DA:58,0
DA:59,0
DA:66,0
DA:73,0
DA:74,0
DA:75,0
DA:76,0
DA:78,0
DA:79,0
DA:82,0
DA:89,0
DA:91,0
DA:92,0
DA:97,0
DA:98,0
DA:102,0
DA:103,0
DA:106,0
DA:107,0
DA:112,0
DA:123,0
DA:126,0
DA:127,0
DA:128,0
DA:129,0
DA:132,0
DA:155,0
DA:156,0
DA:157,0
DA:158,0
DA:161,0
DA:162,0
DA:165,0
DA:166,0
DA:171,0
DA:173,0
DA:174,0
DA:175,0
DA:182,0
DA:189,0
DA:202,2
DA:203,2
DA:205,0
DA:207,0
DA:216,0
DA:217,0
DA:224,0
DA:229,0
DA:230,0
DA:242,0
DA:244,0
DA:246,0
DA:247,0
DA:250,0
DA:253,0
DA:254,0
DA:257,0
DA:258,0
DA:259,0
DA:261,0
DA:266,0
DA:267,0
LF:74
LH:4
BRDA:35,0,0,0
BRDA:39,1,0,0
BRDA:48,2,0,0
BRDA:58,3,0,0
BRDA:78,4,0,0
BRDA:78,5,0,0
BRDA:78,5,1,0
BRDA:78,5,2,0
BRDA:97,6,0,0
BRDA:102,7,0,0
BRDA:102,8,0,0
BRDA:102,8,1,0
BRDA:106,9,0,0
BRDA:161,10,0,0
BRDA:161,11,0,0
BRDA:161,11,1,0
BRDA:165,12,0,0
BRDA:173,13,0,0
BRDA:202,14,0,2
BRDA:216,15,0,0
BRDA:229,16,0,0
BRDA:229,17,0,0
BRDA:229,17,1,0
BRDA:244,18,0,0
BRF:24
BRH:1
end_of_record
TN:
SF:src/services/pushService.ts
FN:12,setMemory
FN:16,getMemory
FN:26,setTemporalValue
FN:34,getTemporalValue
FN:41,clearTemporalValue
FN:49,(anonymous_5)
FN:56,registerPushToken
FN:94,sendPushNotification
FN:129,recordFailure
FN:139,handleInvalidToken
FN:142,(anonymous_10)
FN:146,setBackoff
FNF:12
FNH:0
FNDA:0,setMemory
FNDA:0,getMemory
FNDA:0,setTemporalValue
FNDA:0,getTemporalValue
FNDA:0,clearTemporalValue
FNDA:0,(anonymous_5)
FNDA:0,registerPushToken
FNDA:0,sendPushNotification
FNDA:0,recordFailure
FNDA:0,handleInvalidToken
FNDA:0,(anonymous_10)
FNDA:0,setBackoff
DA:1,23
DA:2,23
DA:3,23
DA:4,23
DA:6,23
DA:7,23
DA:8,23
DA:10,23
DA:13,0
DA:17,0
DA:18,0
DA:19,0
DA:20,0
DA:21,0
DA:23,0
DA:27,0
DA:28,0
DA:30,0
DA:35,0
DA:36,0
DA:38,0
DA:42,0
DA:43,0
DA:46,23
DA:50,0
DA:51,0
DA:52,0
DA:56,23
DA:57,0
DA:58,0
DA:59,0
DA:60,0
DA:63,0
DA:64,0
DA:65,0
DA:66,0
DA:67,0
DA:70,0
DA:74,0
DA:75,0
DA:78,0
DA:79,0
DA:80,0
DA:81,0
DA:94,23
DA:95,0
DA:97,0
DA:99,0
DA:101,0
DA:102,0
DA:103,0
DA:108,0
DA:109,0
DA:111,0
DA:116,0
DA:117,0
DA:121,0
DA:122,0
DA:124,0
DA:125,0
DA:130,0
DA:131,0
DA:132,0
DA:133,0
DA:134,0
DA:135,0
DA:140,0
DA:142,0
DA:143,0
DA:147,0
DA:148,0
LF:71
LH:11
BRDA:18,0,0,0
BRDA:19,1,0,0
BRDA:27,2,0,0
BRDA:27,2,1,0
BRDA:35,3,0,0
BRDA:42,4,0,0
BRDA:49,5,0,0
BRDA:57,6,0,0
BRDA:57,6,1,0
BRDA:58,7,0,0
BRDA:59,8,0,0
BRDA:59,9,0,0
BRDA:59,9,1,0
BRDA:65,10,0,0
BRDA:65,11,0,0
BRDA:65,11,1,0
BRDA:74,12,0,0
BRDA:97,13,0,0
BRDA:97,13,1,0
BRDA:99,14,0,0
BRDA:116,15,0,0
BRDA:116,15,1,0
BRDA:117,16,0,0
BRDA:118,17,0,0
BRDA:118,17,1,0
BRDA:131,18,0,0
BRDA:131,18,1,0
BRDA:134,19,0,0
BRF:28
BRH:0
end_of_record
TN:
SF:src/services/weatherProvider.ts
FN:19,bucketCoordinate
FN:23,fetchWithTimeout
FN:25,(anonymous_11)
FN:34,normalizeObservationToCondition
FN:49,deriveConditionFromTime
FN:59,getCurrentWeatherCondition
FN:68,(anonymous_15)
FN:139,cacheCondition
FN:142,getCachedCondition
FN:152,getWeatherCache
FN:160,setWeatherCache
FNF:11
FNH:10
FNDA:6,bucketCoordinate
FNDA:2,fetchWithTimeout
FNDA:0,(anonymous_11)
FNDA:8,normalizeObservationToCondition
FNDA:2,deriveConditionFromTime
FNDA:5,getCurrentWeatherCondition
FNDA:5,(anonymous_15)
FNDA:1,cacheCondition
FNDA:3,getCachedCondition
FNDA:3,getWeatherCache
FNDA:1,setWeatherCache
DA:7,23
DA:8,23
DA:20,6
DA:24,2
DA:25,2
DA:26,2
DA:27,2
DA:29,2
DA:34,23
DA:36,8
DA:37,6
DA:38,5
DA:39,5
DA:40,4
DA:41,4
DA:42,2
DA:43,1
DA:44,0
DA:45,0
DA:49,23
DA:50,2
DA:51,2
DA:52,2
DA:53,2
DA:54,2
DA:59,23
DA:66,5
DA:68,10
DA:69,5
DA:70,5
DA:71,5
DA:72,5
DA:73,5
DA:74,3
DA:75,3
DA:76,3
DA:77,3
DA:78,3
DA:80,2
DA:81,2
DA:82,2
DA:83,2
DA:84,2
DA:85,2
DA:86,2
DA:87,1
DA:88,1
DA:90,1
DA:91,1
DA:92,1
DA:93,0
DA:95,0
DA:107,0
DA:109,1
DA:110,1
DA:111,1
DA:117,1
DA:123,3
DA:130,2
DA:133,1
DA:138,23
DA:139,23
DA:140,1
DA:142,23
DA:143,3
DA:144,3
DA:145,1
DA:146,0
DA:147,0
DA:149,1
DA:153,3
DA:154,0
DA:155,0
DA:157,3
DA:161,1
DA:162,1
DA:163,0
DA:164,0
DA:166,1
LF:79
LH:68
BRDA:36,0,0,2
BRDA:37,1,0,1
BRDA:38,2,0,5
BRDA:38,2,1,4
BRDA:39,3,0,1
BRDA:40,4,0,4
BRDA:40,4,1,0
BRDA:41,5,0,2
BRDA:42,6,0,1
BRDA:43,7,0,1
BRDA:44,8,0,0
BRDA:49,9,0,1
BRDA:51,10,0,0
BRDA:51,11,0,2
BRDA:51,11,1,1
BRDA:52,12,0,0
BRDA:52,13,0,2
BRDA:52,13,1,1
BRDA:53,14,0,0
BRDA:53,15,0,2
BRDA:53,15,1,1
BRDA:71,16,0,5
BRDA:71,16,1,0
BRDA:72,17,0,5
BRDA:72,17,1,0
BRDA:73,18,0,3
BRDA:73,19,0,5
BRDA:73,19,1,5
BRDA:73,19,2,3
BRDA:78,20,0,1
BRDA:80,21,0,0
BRDA:80,21,1,2
BRDA:83,22,0,0
BRDA:85,23,0,2
BRDA:87,24,0,1
BRDA:87,25,0,1
BRDA:87,25,1,1
BRDA:90,26,0,1
BRDA:90,26,1,1
BRDA:90,26,2,0
BRDA:90,26,3,0
BRDA:91,27,0,1
BRDA:91,27,1,0
BRDA:93,28,0,0
BRDA:93,29,0,0
BRDA:93,29,1,0
BRDA:97,30,0,0
BRDA:97,30,1,0
BRDA:97,30,2,0
BRDA:97,30,3,0
BRDA:97,30,4,0
BRDA:103,31,0,0
BRDA:103,31,1,0
BRDA:103,31,2,0
BRDA:103,31,3,0
BRDA:103,31,4,0
BRDA:104,32,0,0
BRDA:104,32,1,0
BRDA:104,32,2,0
BRDA:105,33,0,0
BRDA:105,33,1,0
BRDA:109,34,0,1
BRDA:109,35,0,1
BRDA:109,35,1,1
BRDA:118,36,0,1
BRDA:118,36,1,0
BRDA:123,37,0,2
BRDA:124,38,0,3
BRDA:124,38,1,2
BRDA:124,38,2,1
BRDA:124,38,3,1
BRDA:124,38,4,0
BRDA:139,39,0,0
BRDA:144,40,0,2
BRDA:145,41,0,0
BRDA:153,42,0,0
BRDA:155,43,0,0
BRDA:162,44,0,0
BRF:78
BRH:41
end_of_record
TN:
SF:src/services/weatherRecs.ts
FN:89,getCriteriaForWeatherCondition
FN:94,getTagsForWeatherCondition
FN:99,isValidWeatherCondition
FN:104,getWeatherDescription
FNF:4
FNH:4
FNDA:16,getCriteriaForWeatherCondition
FNDA:2,getTagsForWeatherCondition
FNDA:16,isValidWeatherCondition
FNDA:2,getWeatherDescription
DA:14,24
DA:89,24
DA:90,16
DA:91,16
DA:94,24
DA:95,2
DA:96,2
DA:99,24
DA:100,16
DA:101,16
DA:104,24
DA:105,2
DA:106,2
LF:13
LH:13
BRDA:91,0,0,16
BRDA:91,0,1,3
BRDA:96,1,0,1
BRDA:96,1,1,1
BRDA:106,2,0,1
BRDA:106,2,1,1
BRF:6
BRH:6
end_of_record
TN:
SF:src/types/shims.d.ts
FNF:0
FNH:0
LF:0
LH:0
BRF:0
BRH:0
end_of_record
TN:
SF:src/util/auth.ts
FN:5,authRequired
FN:16,authOptional
FNF:2
FNH:0
FNDA:0,authRequired
FNDA:0,authOptional
DA:2,23
DA:3,23
DA:5,23
DA:6,0
DA:7,0
DA:8,0
DA:9,0
DA:10,0
DA:12,0
DA:16,23
DA:17,0
DA:18,0
DA:19,0
DA:20,0
DA:24,0
LF:15
LH:4
BRDA:6,0,0,0
BRDA:6,0,1,0
BRDA:17,1,0,0
BRDA:17,1,1,0
BRDA:20,2,0,0
BRDA:20,2,1,0
BRF:6
BRH:0
end_of_record
TN:
SF:src/utils/geo.ts
FN:1,haversineMeters
FNF:1
FNH:0
FNDA:0,haversineMeters
DA:1,23
DA:2,0
DA:3,0
DA:4,0
DA:5,0
DA:6,0
DA:7,0
DA:8,0
LF:8
LH:1
BRF:0
BRH:0
end_of_record
TN:
SF:src/utils/logger.ts
FN:16,shouldSample
FN:30,fmt
FN:36,baseLogger
FN:37,(anonymous_3)
FN:39,(anonymous_4)
FN:44,(anonymous_5)
FN:47,(anonymous_6)
FN:50,(anonymous_7)
FN:54,(anonymous_8)
FN:69,(anonymous_9)
FN:79,(anonymous_10)
FN:88,(anonymous_11)
FN:104,(anonymous_12)
FN:120,(anonymous_13)
FN:138,(anonymous_14)
FN:151,(anonymous_15)
FN:161,(anonymous_16)
FN:177,logAppStart
FN:187,logAppShutdown
FNF:19
FNH:8
FNDA:338,shouldSample
FNDA:338,fmt
FNDA:503,baseLogger
FNDA:817,(anonymous_3)
FNDA:1,(anonymous_4)
FNDA:247,(anonymous_5)
FNDA:91,(anonymous_6)
FNDA:0,(anonymous_7)
FNDA:479,(anonymous_8)
FNDA:0,(anonymous_9)
FNDA:0,(anonymous_10)
FNDA:0,(anonymous_11)
FNDA:0,(anonymous_12)
FNDA:0,(anonymous_13)
FNDA:0,(anonymous_14)
FNDA:0,(anonymous_15)
FNDA:0,(anonymous_16)
FNDA:0,logAppStart
FNDA:0,logAppShutdown
DA:7,24
DA:18,338
DA:21,0
DA:22,0
DA:23,0
DA:27,0
DA:31,338
DA:33,315
DA:37,817
DA:38,503
DA:40,1
DA:41,0
DA:45,247
DA:48,91
DA:52,0
DA:54,479
DA:56,503
DA:65,24
DA:68,24
DA:70,0
DA:80,0
DA:94,0
DA:110,0
DA:127,0
DA:139,0
DA:152,0
DA:166,0
DA:177,24
DA:178,0
DA:187,24
DA:188,0
LF:31
LH:15
BRDA:18,0,0,338
BRDA:18,1,0,338
BRDA:18,1,1,0
BRDA:22,2,0,0
BRDA:22,3,0,0
BRDA:22,3,1,0
BRDA:31,4,0,23
BRDA:31,5,0,338
BRDA:31,5,1,338
BRDA:37,6,0,817
BRDA:37,6,1,721
BRDA:37,7,0,817
BRDA:37,7,1,23
BRDA:40,8,0,0
BRDA:40,9,0,1
BRDA:40,9,1,0
BRDA:45,10,0,247
BRDA:48,11,0,91
BRF:18
BRH:12
end_of_record
TN:
SF:src/utils/lruCache.ts
FN:6,(anonymous_0)
FN:10,(anonymous_1)
FN:20,(anonymous_2)
FN:32,(anonymous_3)
FN:36,(anonymous_4)
FN:40,(anonymous_5)
FN:51,getCachedPrice
FN:59,setCachedPrice
FNF:8
FNH:5
FNDA:23,(anonymous_0)
FNDA:3,(anonymous_1)
FNDA:2,(anonymous_2)
FNDA:0,(anonymous_3)
FNDA:0,(anonymous_4)
FNDA:0,(anonymous_5)
FNDA:3,getCachedPrice
FNDA:2,setCachedPrice
DA:2,23
DA:4,23
DA:7,23
DA:11,3
DA:12,3
DA:14,1
DA:15,1
DA:17,3
DA:21,2
DA:23,0
DA:24,2
DA:26,0
DA:27,0
DA:29,2
DA:33,0
DA:37,0
DA:41,0
DA:46,23
DA:49,23
DA:51,23
DA:52,3
DA:53,3
DA:54,1
DA:56,2
DA:59,23
DA:60,2
LF:26
LH:20
BRDA:12,0,0,1
BRDA:21,1,0,0
BRDA:21,1,1,2
BRDA:24,2,0,0
BRDA:53,3,0,1
BRDA:53,4,0,3
BRDA:53,4,1,1
BRF:7
BRH:5
end_of_record
TN:
SF:src/utils/sentry.ts
FNF:0
FNH:0
DA:1,0
DA:4,0
DA:6,0
DA:9,0
DA:16,0
LF:5
LH:0
BRDA:4,0,0,0
BRDA:12,1,0,0
BRDA:12,1,1,0
BRF:3
BRH:0
end_of_record
TN:
SF:src/workers/startQueue.ts
FN:4,startWorker
FN:5,(anonymous_1)
FN:8,(anonymous_2)
FNF:3
FNH:0
FNDA:0,startWorker
FNDA:0,(anonymous_1)
FNDA:0,(anonymous_2)
DA:1,0
DA:2,0
DA:4,0
DA:5,0
DA:6,0
DA:8,0
DA:9,0
LF:7
LH:0
BRF:0
BRH:0
end_of_record
