<?xml version="1.0" encoding="UTF-8"?>
<coverage generated="1768971827606" clover="3.2.0">
  <project timestamp="1768971827606" name="All files">
    <metrics statements="6320" coveredstatements="3164" conditionals="3214" coveredconditionals="1725" methods="2232" coveredmethods="949" elements="11766" coveredelements="5838" complexity="0" loc="6320" ncloc="6320" packages="28" files="268" classes="268"/>
    <package name="@types">
      <metrics statements="0" coveredstatements="0" conditionals="0" coveredconditionals="0" methods="0" coveredmethods="0"/>
      <file name="declarations.d.ts" path="/workspaces/nimbus-cannabis-mobile/src/@types/declarations.d.ts">
        <metrics statements="0" coveredstatements="0" conditionals="0" coveredconditionals="0" methods="0" coveredmethods="0"/>
      </file>
      <file name="expo-av.d.ts" path="/workspaces/nimbus-cannabis-mobile/src/@types/expo-av.d.ts">
        <metrics statements="0" coveredstatements="0" conditionals="0" coveredconditionals="0" methods="0" coveredmethods="0"/>
      </file>
      <file name="expo.d.ts" path="/workspaces/nimbus-cannabis-mobile/src/@types/expo.d.ts">
        <metrics statements="0" coveredstatements="0" conditionals="0" coveredconditionals="0" methods="0" coveredmethods="0"/>
      </file>
      <file name="external-libs.d.ts" path="/workspaces/nimbus-cannabis-mobile/src/@types/external-libs.d.ts">
        <metrics statements="0" coveredstatements="0" conditionals="0" coveredconditionals="0" methods="0" coveredmethods="0"/>
      </file>
      <file name="external.d.ts" path="/workspaces/nimbus-cannabis-mobile/src/@types/external.d.ts">
        <metrics statements="0" coveredstatements="0" conditionals="0" coveredconditionals="0" methods="0" coveredmethods="0"/>
      </file>
      <file name="jars.ts" path="/workspaces/nimbus-cannabis-mobile/src/@types/jars.ts">
        <metrics statements="0" coveredstatements="0" conditionals="0" coveredconditionals="0" methods="0" coveredmethods="0"/>
      </file>
      <file name="nativewind.d.ts" path="/workspaces/nimbus-cannabis-mobile/src/@types/nativewind.d.ts">
        <metrics statements="0" coveredstatements="0" conditionals="0" coveredconditionals="0" methods="0" coveredmethods="0"/>
      </file>
      <file name="navigation.d.ts" path="/workspaces/nimbus-cannabis-mobile/src/@types/navigation.d.ts">
        <metrics statements="0" coveredstatements="0" conditionals="0" coveredconditionals="0" methods="0" coveredmethods="0"/>
      </file>
      <file name="overrides.d.ts" path="/workspaces/nimbus-cannabis-mobile/src/@types/overrides.d.ts">
        <metrics statements="0" coveredstatements="0" conditionals="0" coveredconditionals="0" methods="0" coveredmethods="0"/>
      </file>
      <file name="personalization.ts" path="/workspaces/nimbus-cannabis-mobile/src/@types/personalization.ts">
        <metrics statements="0" coveredstatements="0" conditionals="0" coveredconditionals="0" methods="0" coveredmethods="0"/>
      </file>
      <file name="store.ts" path="/workspaces/nimbus-cannabis-mobile/src/@types/store.ts">
        <metrics statements="0" coveredstatements="0" conditionals="0" coveredconditionals="0" methods="0" coveredmethods="0"/>
      </file>
      <file name="tanstack.d.ts" path="/workspaces/nimbus-cannabis-mobile/src/@types/tanstack.d.ts">
        <metrics statements="0" coveredstatements="0" conditionals="0" coveredconditionals="0" methods="0" coveredmethods="0"/>
      </file>
      <file name="terpene.ts" path="/workspaces/nimbus-cannabis-mobile/src/@types/terpene.ts">
        <metrics statements="0" coveredstatements="0" conditionals="0" coveredconditionals="0" methods="0" coveredmethods="0"/>
      </file>
    </package>
    <package name="__examples__.animations">
      <metrics statements="11" coveredstatements="0" conditionals="0" coveredconditionals="0" methods="4" coveredmethods="0"/>
      <file name="bottom_sheet.tsx" path="/workspaces/nimbus-cannabis-mobile/src/__examples__/animations/bottom_sheet.tsx">
        <metrics statements="3" coveredstatements="0" conditionals="0" coveredconditionals="0" methods="1" coveredmethods="0"/>
        <line num="9" count="0" type="stmt"/>
        <line num="15" count="0" type="stmt"/>
        <line num="16" count="0" type="stmt"/>
      </file>
      <file name="wave_animation.tsx" path="/workspaces/nimbus-cannabis-mobile/src/__examples__/animations/wave_animation.tsx">
        <metrics statements="8" coveredstatements="0" conditionals="0" coveredconditionals="0" methods="3" coveredmethods="0"/>
        <line num="6" count="0" type="stmt"/>
        <line num="7" count="0" type="stmt"/>
        <line num="9" count="0" type="stmt"/>
        <line num="10" count="0" type="stmt"/>
        <line num="11" count="0" type="stmt"/>
        <line num="14" count="0" type="stmt"/>
        <line num="19" count="0" type="stmt"/>
        <line num="26" count="0" type="stmt"/>
      </file>
    </package>
    <package name="api">
      <metrics statements="51" coveredstatements="28" conditionals="20" coveredconditionals="9" methods="26" coveredmethods="10"/>
      <file name="cmsClient.ts" path="/workspaces/nimbus-cannabis-mobile/src/api/cmsClient.ts">
        <metrics statements="1" coveredstatements="1" conditionals="0" coveredconditionals="0" methods="0" coveredmethods="0"/>
        <line num="7" count="5" type="stmt"/>
      </file>
      <file name="http.ts" path="/workspaces/nimbus-cannabis-mobile/src/api/http.ts">
        <metrics statements="18" coveredstatements="18" conditionals="6" coveredconditionals="6" methods="7" coveredmethods="7"/>
        <line num="6" count="42" type="stmt"/>
        <line num="12" count="2" type="stmt"/>
        <line num="13" count="2" type="stmt"/>
        <line num="22" count="1" type="stmt"/>
        <line num="23" count="1" type="stmt"/>
        <line num="33" count="51" type="stmt"/>
        <line num="34" count="14" type="stmt"/>
        <line num="48" count="9" type="stmt"/>
        <line num="50" count="9" type="cond" truecount="2" falsecount="0"/>
        <line num="53" count="9" type="stmt"/>
        <line num="62" count="9" type="stmt"/>
        <line num="64" count="9" type="cond" truecount="2" falsecount="0"/>
        <line num="67" count="6" type="stmt"/>
        <line num="76" count="2" type="stmt"/>
        <line num="78" count="2" type="cond" truecount="2" falsecount="0"/>
        <line num="81" count="2" type="stmt"/>
        <line num="89" count="2" type="stmt"/>
        <line num="90" count="2" type="stmt"/>
      </file>
      <file name="phase4Client.ts" path="/workspaces/nimbus-cannabis-mobile/src/api/phase4Client.ts">
        <metrics statements="30" coveredstatements="9" conditionals="14" coveredconditionals="3" methods="18" coveredmethods="3"/>
        <line num="10" count="37" type="stmt"/>
        <line num="13" count="37" type="stmt"/>
        <line num="18" count="37" type="stmt"/>
        <line num="23" count="34" type="stmt"/>
        <line num="24" count="34" type="cond" truecount="1" falsecount="1"/>
        <line num="25" count="34" type="stmt"/>
        <line num="27" count="0" type="cond" truecount="0" falsecount="2"/>
        <line num="28" count="0" type="cond" truecount="0" falsecount="4"/>
        <line num="31" count="0" type="stmt"/>
        <line num="33" count="0" type="stmt"/>
        <line num="35" count="0" type="stmt"/>
        <line num="37" count="0" type="stmt"/>
        <line num="40" count="37" type="stmt"/>
        <line num="43" count="37" type="stmt"/>
        <line num="45" count="3" type="stmt"/>
        <line num="55" count="0" type="stmt"/>
        <line num="65" count="0" type="stmt"/>
        <line num="75" count="0" type="stmt"/>
        <line num="85" count="0" type="stmt"/>
        <line num="99" count="0" type="stmt"/>
        <line num="106" count="0" type="stmt"/>
        <line num="119" count="0" type="stmt"/>
        <line num="120" count="0" type="cond" truecount="0" falsecount="2"/>
        <line num="129" count="0" type="stmt"/>
        <line num="134" count="0" type="stmt"/>
        <line num="138" count="0" type="stmt"/>
        <line num="142" count="0" type="stmt"/>
        <line num="147" count="0" type="stmt"/>
        <line num="151" count="0" type="stmt"/>
        <line num="160" count="0" type="stmt"/>
      </file>
      <file name="stripe.ts" path="/workspaces/nimbus-cannabis-mobile/src/api/stripe.ts">
        <metrics statements="2" coveredstatements="0" conditionals="0" coveredconditionals="0" methods="1" coveredmethods="0"/>
        <line num="7" count="0" type="stmt"/>
        <line num="16" count="0" type="stmt"/>
      </file>
    </package>
    <package name="api.hooks">
      <metrics statements="32" coveredstatements="29" conditionals="12" coveredconditionals="5" methods="21" coveredmethods="20"/>
      <file name="useDataCategories.ts" path="/workspaces/nimbus-cannabis-mobile/src/api/hooks/useDataCategories.ts">
        <metrics statements="2" coveredstatements="2" conditionals="0" coveredconditionals="0" methods="2" coveredmethods="2"/>
        <line num="12" count="3" type="stmt"/>
        <line num="16" count="6" type="stmt"/>
      </file>
      <file name="useLoyaltyStatus.ts" path="/workspaces/nimbus-cannabis-mobile/src/api/hooks/useLoyaltyStatus.ts">
        <metrics statements="3" coveredstatements="3" conditionals="8" coveredconditionals="3" methods="2" coveredmethods="2"/>
        <line num="13" count="2" type="cond" truecount="1" falsecount="1"/>
        <line num="18" count="1" type="stmt"/>
        <line num="25" count="4" type="stmt"/>
      </file>
      <file name="usePrivacyPreferences.ts" path="/workspaces/nimbus-cannabis-mobile/src/api/hooks/usePrivacyPreferences.ts">
        <metrics statements="9" coveredstatements="8" conditionals="2" coveredconditionals="1" methods="5" coveredmethods="5"/>
        <line num="12" count="3" type="stmt"/>
        <line num="16" count="2" type="stmt"/>
        <line num="24" count="4" type="stmt"/>
        <line num="25" count="4" type="stmt"/>
        <line num="30" count="4" type="stmt"/>
        <line num="33" count="1" type="stmt"/>
        <line num="36" count="1" type="cond" truecount="1" falsecount="1"/>
        <line num="37" count="0" type="stmt"/>
        <line num="41" count="4" type="stmt"/>
      </file>
      <file name="useRedeemReward.ts" path="/workspaces/nimbus-cannabis-mobile/src/api/hooks/useRedeemReward.ts">
        <metrics statements="8" coveredstatements="8" conditionals="0" coveredconditionals="0" methods="5" coveredmethods="5"/>
        <line num="24" count="3" type="stmt"/>
        <line num="26" count="2" type="stmt"/>
        <line num="30" count="9" type="stmt"/>
        <line num="31" count="9" type="stmt"/>
        <line num="34" count="2" type="stmt"/>
        <line num="35" count="2" type="stmt"/>
        <line num="36" count="2" type="stmt"/>
        <line num="38" count="1" type="stmt"/>
      </file>
      <file name="useUpdateUserProfile.ts" path="/workspaces/nimbus-cannabis-mobile/src/api/hooks/useUpdateUserProfile.ts">
        <metrics statements="7" coveredstatements="6" conditionals="2" coveredconditionals="1" methods="4" coveredmethods="4"/>
        <line num="9" count="3" type="stmt"/>
        <line num="14" count="2" type="stmt"/>
        <line num="18" count="7" type="stmt"/>
        <line num="20" count="7" type="stmt"/>
        <line num="23" count="2" type="stmt"/>
        <line num="26" count="1" type="cond" truecount="1" falsecount="1"/>
        <line num="27" count="0" type="stmt"/>
      </file>
      <file name="useUserProfile.ts" path="/workspaces/nimbus-cannabis-mobile/src/api/hooks/useUserProfile.ts">
        <metrics statements="3" coveredstatements="2" conditionals="0" coveredconditionals="0" methods="3" coveredmethods="2"/>
        <line num="15" count="36" type="stmt"/>
        <line num="19" count="72" type="stmt"/>
        <line num="24" count="0" type="stmt"/>
      </file>
    </package>
    <package name="clients">
      <metrics statements="26" coveredstatements="21" conditionals="16" coveredconditionals="11" methods="11" coveredmethods="9"/>
      <file name="authClient.ts" path="/workspaces/nimbus-cannabis-mobile/src/clients/authClient.ts">
        <metrics statements="4" coveredstatements="4" conditionals="0" coveredconditionals="0" methods="2" coveredmethods="2"/>
        <line num="6" count="6" type="stmt"/>
        <line num="8" count="6" type="stmt"/>
        <line num="14" count="2" type="stmt"/>
        <line num="18" count="2" type="stmt"/>
      </file>
      <file name="orderClient.ts" path="/workspaces/nimbus-cannabis-mobile/src/clients/orderClient.ts">
        <metrics statements="15" coveredstatements="10" conditionals="11" coveredconditionals="7" methods="5" coveredmethods="3"/>
        <line num="8" count="2" type="stmt"/>
        <line num="11" count="2" type="stmt"/>
        <line num="16" count="2" type="stmt"/>
        <line num="18" count="0" type="stmt"/>
        <line num="20" count="0" type="cond" truecount="0" falsecount="2"/>
        <line num="21" count="0" type="stmt"/>
        <line num="25" count="0" type="stmt"/>
        <line num="27" count="0" type="stmt"/>
        <line num="30" count="2" type="stmt"/>
        <line num="33" count="2" type="stmt"/>
        <line num="44" count="5" type="stmt"/>
        <line num="48" count="5" type="cond" truecount="2" falsecount="0"/>
        <line num="49" count="5" type="stmt"/>
        <line num="80" count="3" type="stmt"/>
        <line num="86" count="3" type="cond" truecount="2" falsecount="0"/>
      </file>
      <file name="paymentClient.ts" path="/workspaces/nimbus-cannabis-mobile/src/clients/paymentClient.ts">
        <metrics statements="7" coveredstatements="7" conditionals="5" coveredconditionals="4" methods="4" coveredmethods="4"/>
        <line num="5" count="3" type="stmt"/>
        <line num="18" count="5" type="stmt"/>
        <line num="19" count="5" type="stmt"/>
        <line num="25" count="5" type="stmt"/>
        <line num="29" count="2" type="stmt"/>
        <line num="37" count="1" type="stmt"/>
        <line num="45" count="2" type="stmt"/>
      </file>
    </package>
    <package name="components">
      <metrics statements="284" coveredstatements="233" conditionals="205" coveredconditionals="163" methods="108" coveredmethods="85"/>
      <file name="ARButton.tsx" path="/workspaces/nimbus-cannabis-mobile/src/components/ARButton.tsx">
        <metrics statements="2" coveredstatements="2" conditionals="0" coveredconditionals="0" methods="2" coveredmethods="2"/>
        <line num="7" count="3" type="stmt"/>
        <line num="10" count="2" type="stmt"/>
      </file>
      <file name="AccessibilityComponents.tsx" path="/workspaces/nimbus-cannabis-mobile/src/components/AccessibilityComponents.tsx">
        <metrics statements="23" coveredstatements="16" conditionals="29" coveredconditionals="18" methods="5" coveredmethods="4"/>
        <line num="15" count="1" type="stmt"/>
        <line num="17" count="3" type="stmt"/>
        <line num="18" count="3" type="stmt"/>
        <line num="20" count="3" type="stmt"/>
        <line num="21" count="3" type="cond" truecount="3" falsecount="1"/>
        <line num="23" count="0" type="stmt"/>
        <line num="24" count="0" type="cond" truecount="0" falsecount="2"/>
        <line num="25" count="0" type="stmt"/>
        <line num="27" count="3" type="cond" truecount="3" falsecount="2"/>
        <line num="29" count="0" type="stmt"/>
        <line num="34" count="3" type="stmt"/>
        <line num="35" count="0" type="stmt"/>
        <line num="36" count="0" type="cond" truecount="0" falsecount="2"/>
        <line num="37" count="0" type="cond" truecount="0" falsecount="4"/>
        <line num="40" count="3" type="stmt"/>
        <line num="51" count="1" type="stmt"/>
        <line num="59" count="1" type="stmt"/>
        <line num="61" count="3" type="stmt"/>
        <line num="63" count="3" type="stmt"/>
        <line num="64" count="3" type="cond" truecount="4" falsecount="0"/>
        <line num="66" count="1" type="stmt"/>
        <line num="70" count="3" type="stmt"/>
        <line num="78" count="1" type="stmt"/>
      </file>
      <file name="AnimatedBackgroundGradient.tsx" path="/workspaces/nimbus-cannabis-mobile/src/components/AnimatedBackgroundGradient.tsx">
        <metrics statements="2" coveredstatements="0" conditionals="0" coveredconditionals="0" methods="1" coveredmethods="0"/>
        <line num="6" count="0" type="stmt"/>
        <line num="13" count="0" type="stmt"/>
      </file>
      <file name="AnimatedPulseGlow.tsx" path="/workspaces/nimbus-cannabis-mobile/src/components/AnimatedPulseGlow.tsx">
        <metrics statements="6" coveredstatements="1" conditionals="0" coveredconditionals="0" methods="3" coveredmethods="0"/>
        <line num="11" count="0" type="stmt"/>
        <line num="12" count="0" type="stmt"/>
        <line num="13" count="0" type="stmt"/>
        <line num="15" count="0" type="stmt"/>
        <line num="19" count="0" type="stmt"/>
        <line num="22" count="2" type="stmt"/>
      </file>
      <file name="AnimatedShimmerOverlay.tsx" path="/workspaces/nimbus-cannabis-mobile/src/components/AnimatedShimmerOverlay.tsx">
        <metrics statements="5" coveredstatements="0" conditionals="0" coveredconditionals="0" methods="2" coveredmethods="0"/>
        <line num="5" count="0" type="stmt"/>
        <line num="7" count="0" type="stmt"/>
        <line num="8" count="0" type="stmt"/>
        <line num="18" count="0" type="stmt"/>
        <line num="23" count="0" type="stmt"/>
      </file>
      <file name="AppErrorHandlers.tsx" path="/workspaces/nimbus-cannabis-mobile/src/components/AppErrorHandlers.tsx">
        <metrics statements="10" coveredstatements="0" conditionals="0" coveredconditionals="0" methods="5" coveredmethods="0"/>
        <line num="9" count="0" type="stmt"/>
        <line num="11" count="0" type="stmt"/>
        <line num="12" count="0" type="stmt"/>
        <line num="13" count="0" type="stmt"/>
        <line num="15" count="0" type="stmt"/>
        <line num="16" count="0" type="stmt"/>
        <line num="21" count="0" type="stmt"/>
        <line num="22" count="0" type="stmt"/>
        <line num="23" count="0" type="stmt"/>
        <line num="27" count="0" type="stmt"/>
      </file>
      <file name="ArticlePreviewCard.tsx" path="/workspaces/nimbus-cannabis-mobile/src/components/ArticlePreviewCard.tsx">
        <metrics statements="5" coveredstatements="5" conditionals="2" coveredconditionals="2" methods="2" coveredmethods="2"/>
        <line num="13" count="7" type="stmt"/>
        <line num="14" count="7" type="stmt"/>
        <line num="18" count="2" type="stmt"/>
        <line num="19" count="2" type="stmt"/>
        <line num="33" count="1" type="stmt"/>
      </file>
      <file name="ArticleSkeletonCard.tsx" path="/workspaces/nimbus-cannabis-mobile/src/components/ArticleSkeletonCard.tsx">
        <metrics statements="0" coveredstatements="0" conditionals="0" coveredconditionals="0" methods="0" coveredmethods="0"/>
      </file>
      <file name="AudioPlayer.tsx" path="/workspaces/nimbus-cannabis-mobile/src/components/AudioPlayer.tsx">
        <metrics statements="10" coveredstatements="10" conditionals="7" coveredconditionals="7" methods="4" coveredmethods="4"/>
        <line num="32" count="30" type="stmt"/>
        <line num="34" count="28" type="cond" truecount="2" falsecount="0"/>
        <line num="35" count="25" type="stmt"/>
        <line num="39" count="28" type="stmt"/>
        <line num="40" count="28" type="stmt"/>
        <line num="44" count="30" type="stmt"/>
        <line num="45" count="30" type="cond" truecount="2" falsecount="0"/>
        <line num="46" count="15" type="stmt"/>
        <line num="48" count="15" type="stmt"/>
        <line num="53" count="30" type="stmt"/>
      </file>
      <file name="BannerCarousel.tsx" path="/workspaces/nimbus-cannabis-mobile/src/components/BannerCarousel.tsx">
        <metrics statements="11" coveredstatements="9" conditionals="6" coveredconditionals="2" methods="6" coveredmethods="5"/>
        <line num="15" count="8" type="stmt"/>
        <line num="16" count="8" type="stmt"/>
        <line num="17" count="8" type="stmt"/>
        <line num="18" count="0" type="cond" truecount="0" falsecount="4"/>
        <line num="19" count="0" type="stmt"/>
        <line num="24" count="8" type="stmt"/>
        <line num="27" count="8" type="stmt"/>
        <line num="36" count="19" type="stmt"/>
        <line num="39" count="2" type="stmt"/>
        <line num="40" count="2" type="stmt"/>
        <line num="52" count="1" type="stmt"/>
      </file>
      <file name="Button.tsx" path="/workspaces/nimbus-cannabis-mobile/src/components/Button.tsx">
        <metrics statements="10" coveredstatements="10" conditionals="3" coveredconditionals="3" methods="4" coveredmethods="4"/>
        <line num="25" count="7" type="stmt"/>
        <line num="26" count="7" type="stmt"/>
        <line num="27" count="1" type="stmt"/>
        <line num="29" count="7" type="stmt"/>
        <line num="30" count="1" type="stmt"/>
        <line num="32" count="7" type="stmt"/>
        <line num="33" count="1" type="stmt"/>
        <line num="34" count="1" type="stmt"/>
        <line num="36" count="7" type="stmt"/>
        <line num="55" count="1" type="stmt"/>
      </file>
      <file name="CMSImage.tsx" path="/workspaces/nimbus-cannabis-mobile/src/components/CMSImage.tsx">
        <metrics statements="1" coveredstatements="1" conditionals="0" coveredconditionals="0" methods="1" coveredmethods="1"/>
        <line num="12" count="43" type="stmt"/>
      </file>
      <file name="CartErrorBanner.tsx" path="/workspaces/nimbus-cannabis-mobile/src/components/CartErrorBanner.tsx">
        <metrics statements="2" coveredstatements="2" conditionals="0" coveredconditionals="0" methods="1" coveredmethods="1"/>
        <line num="9" count="8" type="stmt"/>
        <line num="19" count="2" type="stmt"/>
      </file>
      <file name="DataCategoryItem.tsx" path="/workspaces/nimbus-cannabis-mobile/src/components/DataCategoryItem.tsx">
        <metrics statements="2" coveredstatements="2" conditionals="0" coveredconditionals="0" methods="1" coveredmethods="1"/>
        <line num="7" count="4" type="stmt"/>
        <line num="19" count="1" type="stmt"/>
      </file>
      <file name="ErrorBoundary.tsx" path="/workspaces/nimbus-cannabis-mobile/src/components/ErrorBoundary.tsx">
        <metrics statements="12" coveredstatements="12" conditionals="5" coveredconditionals="5" methods="5" coveredmethods="5"/>
        <line num="12" count="11" type="stmt"/>
        <line num="13" count="11" type="stmt"/>
        <line num="17" count="10" type="stmt"/>
        <line num="21" count="5" type="stmt"/>
        <line num="25" count="5" type="stmt"/>
        <line num="27" count="5" type="stmt"/>
        <line num="35" count="11" type="stmt"/>
        <line num="36" count="1" type="stmt"/>
        <line num="40" count="23" type="cond" truecount="2" falsecount="0"/>
        <line num="41" count="10" type="stmt"/>
        <line num="62" count="13" type="stmt"/>
        <line num="66" count="1" type="stmt"/>
      </file>
      <file name="ErrorCard.tsx" path="/workspaces/nimbus-cannabis-mobile/src/components/ErrorCard.tsx">
        <metrics statements="2" coveredstatements="2" conditionals="0" coveredconditionals="0" methods="1" coveredmethods="1"/>
        <line num="11" count="8" type="stmt"/>
        <line num="21" count="2" type="stmt"/>
      </file>
      <file name="FAQSkeleton.tsx" path="/workspaces/nimbus-cannabis-mobile/src/components/FAQSkeleton.tsx">
        <metrics statements="5" coveredstatements="5" conditionals="0" coveredconditionals="0" methods="2" coveredmethods="2"/>
        <line num="6" count="2" type="stmt"/>
        <line num="8" count="2" type="stmt"/>
        <line num="9" count="2" type="stmt"/>
        <line num="19" count="2" type="stmt"/>
        <line num="37" count="1" type="stmt"/>
      </file>
      <file name="ForYouTodayCard.tsx" path="/workspaces/nimbus-cannabis-mobile/src/components/ForYouTodayCard.tsx">
        <metrics statements="3" coveredstatements="3" conditionals="2" coveredconditionals="2" methods="3" coveredmethods="3"/>
        <line num="15" count="16" type="stmt"/>
        <line num="21" count="27" type="stmt"/>
        <line num="33" count="2" type="stmt"/>
      </file>
      <file name="ForYouTodaySkeleton.tsx" path="/workspaces/nimbus-cannabis-mobile/src/components/ForYouTodaySkeleton.tsx">
        <metrics statements="5" coveredstatements="5" conditionals="0" coveredconditionals="0" methods="2" coveredmethods="2"/>
        <line num="6" count="2" type="stmt"/>
        <line num="8" count="2" type="stmt"/>
        <line num="9" count="2" type="stmt"/>
        <line num="19" count="2" type="stmt"/>
        <line num="35" count="2" type="stmt"/>
      </file>
      <file name="LegalDisclaimerModal.tsx" path="/workspaces/nimbus-cannabis-mobile/src/components/LegalDisclaimerModal.tsx">
        <metrics statements="5" coveredstatements="5" conditionals="0" coveredconditionals="0" methods="2" coveredmethods="2"/>
        <line num="13" count="13" type="stmt"/>
        <line num="15" count="13" type="stmt"/>
        <line num="30" count="2" type="stmt"/>
        <line num="31" count="2" type="stmt"/>
        <line num="42" count="3" type="stmt"/>
      </file>
      <file name="LocationStatusDisplay.tsx" path="/workspaces/nimbus-cannabis-mobile/src/components/LocationStatusDisplay.tsx">
        <metrics statements="4" coveredstatements="1" conditionals="2" coveredconditionals="0" methods="1" coveredmethods="0"/>
        <line num="10" count="0" type="cond" truecount="0" falsecount="2"/>
        <line num="11" count="0" type="stmt"/>
        <line num="19" count="0" type="stmt"/>
        <line num="29" count="2" type="stmt"/>
      </file>
      <file name="OfflineNotice.tsx" path="/workspaces/nimbus-cannabis-mobile/src/components/OfflineNotice.tsx">
        <metrics statements="5" coveredstatements="5" conditionals="2" coveredconditionals="2" methods="1" coveredmethods="1"/>
        <line num="6" count="31" type="stmt"/>
        <line num="7" count="31" type="cond" truecount="2" falsecount="0"/>
        <line num="8" count="2" type="stmt"/>
        <line num="14" count="29" type="stmt"/>
        <line num="17" count="4" type="stmt"/>
      </file>
      <file name="OnboardingSlide.tsx" path="/workspaces/nimbus-cannabis-mobile/src/components/OnboardingSlide.tsx">
        <metrics statements="2" coveredstatements="2" conditionals="2" coveredconditionals="2" methods="1" coveredmethods="1"/>
        <line num="15" count="6" type="stmt"/>
        <line num="29" count="1" type="stmt"/>
      </file>
      <file name="OrderCard.tsx" path="/workspaces/nimbus-cannabis-mobile/src/components/OrderCard.tsx">
        <metrics statements="4" coveredstatements="4" conditionals="0" coveredconditionals="0" methods="1" coveredmethods="1"/>
        <line num="14" count="9" type="stmt"/>
        <line num="15" count="9" type="stmt"/>
        <line num="19" count="9" type="stmt"/>
        <line num="40" count="2" type="stmt"/>
      </file>
      <file name="PaginationDots.tsx" path="/workspaces/nimbus-cannabis-mobile/src/components/PaginationDots.tsx">
        <metrics statements="3" coveredstatements="3" conditionals="2" coveredconditionals="2" methods="2" coveredmethods="2"/>
        <line num="10" count="6" type="stmt"/>
        <line num="13" count="19" type="cond" truecount="2" falsecount="0"/>
        <line num="19" count="1" type="stmt"/>
      </file>
      <file name="PasswordStrengthBar.tsx" path="/workspaces/nimbus-cannabis-mobile/src/components/PasswordStrengthBar.tsx">
        <metrics statements="9" coveredstatements="9" conditionals="15" coveredconditionals="15" methods="2" coveredmethods="2"/>
        <line num="9" count="12" type="stmt"/>
        <line num="10" count="12" type="cond" truecount="5" falsecount="0"/>
        <line num="11" count="10" type="cond" truecount="2" falsecount="0"/>
        <line num="12" count="4" type="cond" truecount="2" falsecount="0"/>
        <line num="13" count="2" type="stmt"/>
        <line num="15" count="12" type="stmt"/>
        <line num="17" count="12" type="cond" truecount="2" falsecount="0"/>
        <line num="25" count="12" type="stmt"/>
        <line num="28" count="2" type="stmt"/>
      </file>
      <file name="PermissionRationaleModal.tsx" path="/workspaces/nimbus-cannabis-mobile/src/components/PermissionRationaleModal.tsx">
        <metrics statements="3" coveredstatements="3" conditionals="2" coveredconditionals="2" methods="1" coveredmethods="1"/>
        <line num="11" count="13" type="cond" truecount="2" falsecount="0"/>
        <line num="12" count="12" type="stmt"/>
        <line num="49" count="3" type="stmt"/>
      </file>
      <file name="PointsProgressBar.tsx" path="/workspaces/nimbus-cannabis-mobile/src/components/PointsProgressBar.tsx">
        <metrics statements="3" coveredstatements="3" conditionals="0" coveredconditionals="0" methods="1" coveredmethods="1"/>
        <line num="12" count="10" type="stmt"/>
        <line num="13" count="10" type="stmt"/>
        <line num="23" count="2" type="stmt"/>
      </file>
      <file name="PreviewBadge.tsx" path="/workspaces/nimbus-cannabis-mobile/src/components/PreviewBadge.tsx">
        <metrics statements="2" coveredstatements="2" conditionals="0" coveredconditionals="0" methods="1" coveredmethods="1"/>
        <line num="5" count="6" type="stmt"/>
        <line num="12" count="2" type="stmt"/>
      </file>
      <file name="ProductCardMini.tsx" path="/workspaces/nimbus-cannabis-mobile/src/components/ProductCardMini.tsx">
        <metrics statements="5" coveredstatements="5" conditionals="2" coveredconditionals="2" methods="2" coveredmethods="2"/>
        <line num="13" count="34" type="stmt"/>
        <line num="14" count="4" type="stmt"/>
        <line num="15" count="4" type="stmt"/>
        <line num="18" count="34" type="stmt"/>
        <line num="29" count="7" type="stmt"/>
      </file>
      <file name="ProductCardSkeleton.tsx" path="/workspaces/nimbus-cannabis-mobile/src/components/ProductCardSkeleton.tsx">
        <metrics statements="5" coveredstatements="5" conditionals="0" coveredconditionals="0" methods="2" coveredmethods="2"/>
        <line num="6" count="10" type="stmt"/>
        <line num="8" count="10" type="stmt"/>
        <line num="9" count="10" type="stmt"/>
        <line num="19" count="10" type="stmt"/>
        <line num="36" count="3" type="stmt"/>
      </file>
      <file name="ProductDropCarousel.tsx" path="/workspaces/nimbus-cannabis-mobile/src/components/ProductDropCarousel.tsx">
        <metrics statements="11" coveredstatements="9" conditionals="6" coveredconditionals="2" methods="6" coveredmethods="5"/>
        <line num="15" count="9" type="stmt"/>
        <line num="16" count="9" type="stmt"/>
        <line num="17" count="9" type="stmt"/>
        <line num="18" count="0" type="cond" truecount="0" falsecount="4"/>
        <line num="19" count="0" type="stmt"/>
        <line num="24" count="9" type="stmt"/>
        <line num="27" count="9" type="stmt"/>
        <line num="36" count="17" type="stmt"/>
        <line num="39" count="2" type="stmt"/>
        <line num="40" count="2" type="stmt"/>
        <line num="56" count="1" type="stmt"/>
      </file>
      <file name="ProductFallback.tsx" path="/workspaces/nimbus-cannabis-mobile/src/components/ProductFallback.tsx">
        <metrics statements="4" coveredstatements="1" conditionals="2" coveredconditionals="0" methods="2" coveredmethods="0"/>
        <line num="12" count="0" type="stmt"/>
        <line num="18" count="0" type="stmt"/>
        <line num="19" count="0" type="stmt"/>
        <line num="33" count="1" type="stmt"/>
      </file>
      <file name="ReviewForm.tsx" path="/workspaces/nimbus-cannabis-mobile/src/components/ReviewForm.tsx">
        <metrics statements="5" coveredstatements="5" conditionals="2" coveredconditionals="2" methods="3" coveredmethods="3"/>
        <line num="9" count="9" type="stmt"/>
        <line num="10" count="9" type="stmt"/>
        <line num="11" count="9" type="stmt"/>
        <line num="17" count="2" type="cond" truecount="2" falsecount="0"/>
        <line num="20" count="3" type="stmt"/>
      </file>
      <file name="ScreenReaderOnly.tsx" path="/workspaces/nimbus-cannabis-mobile/src/components/ScreenReaderOnly.tsx">
        <metrics statements="2" coveredstatements="2" conditionals="0" coveredconditionals="0" methods="1" coveredmethods="1"/>
        <line num="9" count="4" type="stmt"/>
        <line num="16" count="1" type="stmt"/>
      </file>
      <file name="ScreenTransition.tsx" path="/workspaces/nimbus-cannabis-mobile/src/components/ScreenTransition.tsx">
        <metrics statements="8" coveredstatements="8" conditionals="1" coveredconditionals="1" methods="4" coveredmethods="3"/>
        <line num="25" count="4" type="stmt"/>
        <line num="27" count="4" type="stmt"/>
        <line num="29" count="4" type="stmt"/>
        <line num="30" count="4" type="stmt"/>
        <line num="32" count="4" type="stmt"/>
        <line num="39" count="4" type="stmt"/>
        <line num="43" count="4" type="stmt"/>
        <line num="46" count="1" type="stmt"/>
      </file>
      <file name="SkeletonArticleCard.tsx" path="/workspaces/nimbus-cannabis-mobile/src/components/SkeletonArticleCard.tsx">
        <metrics statements="5" coveredstatements="0" conditionals="0" coveredconditionals="0" methods="2" coveredmethods="0"/>
        <line num="6" count="0" type="stmt"/>
        <line num="8" count="0" type="stmt"/>
        <line num="9" count="0" type="stmt"/>
        <line num="19" count="0" type="stmt"/>
        <line num="34" count="0" type="stmt"/>
      </file>
      <file name="StashItemCard.tsx" path="/workspaces/nimbus-cannabis-mobile/src/components/StashItemCard.tsx">
        <metrics statements="9" coveredstatements="9" conditionals="6" coveredconditionals="5" methods="3" coveredmethods="3"/>
        <line num="15" count="10" type="stmt"/>
        <line num="16" count="1" type="stmt"/>
        <line num="17" count="1" type="stmt"/>
        <line num="19" count="10" type="stmt"/>
        <line num="20" count="1" type="cond" truecount="1" falsecount="1"/>
        <line num="21" count="1" type="stmt"/>
        <line num="22" count="1" type="stmt"/>
        <line num="26" count="10" type="stmt"/>
        <line num="50" count="1" type="stmt"/>
      </file>
      <file name="StockAlert.tsx" path="/workspaces/nimbus-cannabis-mobile/src/components/StockAlert.tsx">
        <metrics statements="2" coveredstatements="2" conditionals="0" coveredconditionals="0" methods="1" coveredmethods="1"/>
        <line num="10" count="7" type="stmt"/>
        <line num="17" count="3" type="stmt"/>
      </file>
      <file name="StoreCard.tsx" path="/workspaces/nimbus-cannabis-mobile/src/components/StoreCard.tsx">
        <metrics statements="13" coveredstatements="13" conditionals="10" coveredconditionals="10" methods="4" coveredmethods="4"/>
        <line num="30" count="25" type="stmt"/>
        <line num="31" count="2" type="stmt"/>
        <line num="32" count="2" type="stmt"/>
        <line num="35" count="25" type="stmt"/>
        <line num="36" count="2" type="stmt"/>
        <line num="37" count="2" type="stmt"/>
        <line num="40" count="25" type="stmt"/>
        <line num="41" count="2" type="stmt"/>
        <line num="42" count="2" type="stmt"/>
        <line num="45" count="25" type="cond" truecount="2" falsecount="0"/>
        <line num="46" count="4" type="stmt"/>
        <line num="54" count="21" type="stmt"/>
        <line num="81" count="4" type="stmt"/>
      </file>
      <file name="TerpeneInfoModal.tsx" path="/workspaces/nimbus-cannabis-mobile/src/components/TerpeneInfoModal.tsx">
        <metrics statements="3" coveredstatements="3" conditionals="2" coveredconditionals="2" methods="1" coveredmethods="1"/>
        <line num="11" count="1" type="stmt"/>
        <line num="12" count="11" type="stmt"/>
        <line num="61" count="1" type="stmt"/>
      </file>
      <file name="WeatherForYouRail.tsx" path="/workspaces/nimbus-cannabis-mobile/src/components/WeatherForYouRail.tsx">
        <metrics statements="40" coveredstatements="33" conditionals="89" coveredconditionals="71" methods="11" coveredmethods="8"/>
        <line num="30" count="27" type="stmt"/>
        <line num="33" count="27" type="cond" truecount="2" falsecount="0"/>
        <line num="35" count="27" type="stmt"/>
        <line num="44" count="27" type="stmt"/>
        <line num="45" count="27" type="cond" truecount="2" falsecount="0"/>
        <line num="47" count="19" type="stmt"/>
        <line num="55" count="27" type="stmt"/>
        <line num="56" count="2" type="stmt"/>
        <line num="59" count="2" type="stmt"/>
        <line num="67" count="2" type="stmt"/>
        <line num="70" count="27" type="stmt"/>
        <line num="71" count="0" type="stmt"/>
        <line num="74" count="0" type="stmt"/>
        <line num="85" count="0" type="stmt"/>
        <line num="89" count="27" type="stmt"/>
        <line num="90" count="27" type="cond" truecount="5" falsecount="0"/>
        <line num="91" count="10" type="stmt"/>
        <line num="103" count="27" type="cond" truecount="2" falsecount="0"/>
        <line num="104" count="2" type="stmt"/>
        <line num="108" count="25" type="cond" truecount="3" falsecount="1"/>
        <line num="109" count="0" type="stmt"/>
        <line num="113" count="25" type="cond" truecount="4" falsecount="1"/>
        <line num="114" count="0" type="stmt"/>
        <line num="117" count="25" type="stmt"/>
        <line num="118" count="25" type="cond" truecount="2" falsecount="0"/>
        <line num="120" count="25" type="stmt"/>
        <line num="144" count="29" type="stmt"/>
        <line num="176" count="19" type="stmt"/>
        <line num="179" count="0" type="stmt"/>
        <line num="197" count="25" type="stmt"/>
        <line num="199" count="25" type="cond" truecount="4" falsecount="0"/>
        <line num="200" count="16" type="cond" truecount="2" falsecount="0"/>
        <line num="201" count="15" type="cond" truecount="2" falsecount="0"/>
        <line num="202" count="14" type="cond" truecount="2" falsecount="0"/>
        <line num="203" count="12" type="cond" truecount="2" falsecount="0"/>
        <line num="204" count="9" type="cond" truecount="2" falsecount="0"/>
        <line num="205" count="3" type="cond" truecount="2" falsecount="0"/>
        <line num="206" count="1" type="cond" truecount="1" falsecount="1"/>
        <line num="208" count="0" type="stmt"/>
        <line num="211" count="5" type="stmt"/>
      </file>
      <file name="WelcomeBanner.tsx" path="/workspaces/nimbus-cannabis-mobile/src/components/WelcomeBanner.tsx">
        <metrics statements="11" coveredstatements="11" conditionals="6" coveredconditionals="6" methods="1" coveredmethods="1"/>
        <line num="9" count="9" type="stmt"/>
        <line num="10" count="9" type="stmt"/>
        <line num="11" count="9" type="stmt"/>
        <line num="12" count="9" type="stmt"/>
        <line num="14" count="9" type="stmt"/>
        <line num="15" count="9" type="cond" truecount="2" falsecount="0"/>
        <line num="16" count="3" type="stmt"/>
        <line num="17" count="6" type="cond" truecount="4" falsecount="0"/>
        <line num="18" count="2" type="stmt"/>
        <line num="21" count="9" type="stmt"/>
        <line num="28" count="2" type="stmt"/>
      </file>
      <file name="useSkeletonText.tsx" path="/workspaces/nimbus-cannabis-mobile/src/components/useSkeletonText.tsx">
        <metrics statements="5" coveredstatements="5" conditionals="0" coveredconditionals="0" methods="2" coveredmethods="2"/>
        <line num="6" count="40" type="stmt"/>
        <line num="8" count="40" type="stmt"/>
        <line num="9" count="20" type="stmt"/>
        <line num="19" count="40" type="stmt"/>
        <line num="37" count="2" type="stmt"/>
      </file>
    </package>
    <package name="components.TerpeneWheel">
      <metrics statements="6" coveredstatements="0" conditionals="2" coveredconditionals="0" methods="2" coveredmethods="0"/>
      <file name="TerpeneInfoModal.tsx" path="/workspaces/nimbus-cannabis-mobile/src/components/TerpeneWheel/TerpeneInfoModal.tsx">
        <metrics statements="6" coveredstatements="0" conditionals="2" coveredconditionals="0" methods="2" coveredmethods="0"/>
        <line num="11" count="0" type="stmt"/>
        <line num="12" count="0" type="stmt"/>
        <line num="14" count="0" type="cond" truecount="0" falsecount="2"/>
        <line num="15" count="0" type="stmt"/>
        <line num="18" count="0" type="stmt"/>
        <line num="32" count="0" type="stmt"/>
      </file>
    </package>
    <package name="config">
      <metrics statements="8" coveredstatements="0" conditionals="6" coveredconditionals="0" methods="2" coveredmethods="0"/>
      <file name="queryClient.ts" path="/workspaces/nimbus-cannabis-mobile/src/config/queryClient.ts">
        <metrics statements="6" coveredstatements="0" conditionals="2" coveredconditionals="0" methods="2" coveredmethods="0"/>
        <line num="10" count="0" type="stmt"/>
        <line num="19" count="0" type="stmt"/>
        <line num="28" count="0" type="stmt"/>
        <line num="46" count="0" type="stmt"/>
        <line num="47" count="0" type="cond" truecount="0" falsecount="2"/>
        <line num="49" count="0" type="stmt"/>
      </file>
      <file name="whiteLabel.ts" path="/workspaces/nimbus-cannabis-mobile/src/config/whiteLabel.ts">
        <metrics statements="2" coveredstatements="0" conditionals="4" coveredconditionals="0" methods="0" coveredmethods="0"/>
        <line num="31" count="0" type="stmt"/>
        <line num="48" count="0" type="stmt"/>
      </file>
    </package>
    <package name="constants">
      <metrics statements="3" coveredstatements="0" conditionals="0" coveredconditionals="0" methods="0" coveredmethods="0"/>
      <file name="links.ts" path="/workspaces/nimbus-cannabis-mobile/src/constants/links.ts">
        <metrics statements="2" coveredstatements="0" conditionals="0" coveredconditionals="0" methods="0" coveredmethods="0"/>
        <line num="6" count="0" type="stmt"/>
        <line num="8" count="0" type="stmt"/>
      </file>
      <file name="terpenes.ts" path="/workspaces/nimbus-cannabis-mobile/src/constants/terpenes.ts">
        <metrics statements="1" coveredstatements="0" conditionals="0" coveredconditionals="0" methods="0" coveredmethods="0"/>
        <line num="3" count="0" type="stmt"/>
      </file>
    </package>
    <package name="context">
      <metrics statements="354" coveredstatements="176" conditionals="200" coveredconditionals="63" methods="67" coveredmethods="37"/>
      <file name="AccessibilityContext.tsx" path="/workspaces/nimbus-cannabis-mobile/src/context/AccessibilityContext.tsx">
        <metrics statements="7" coveredstatements="0" conditionals="2" coveredconditionals="0" methods="4" coveredmethods="0"/>
        <line num="8" count="0" type="stmt"/>
        <line num="11" count="0" type="stmt"/>
        <line num="12" count="0" type="stmt"/>
        <line num="13" count="0" type="stmt"/>
        <line num="21" count="0" type="stmt"/>
        <line num="22" count="0" type="cond" truecount="0" falsecount="2"/>
        <line num="23" count="0" type="stmt"/>
      </file>
      <file name="AuthContext.tsx" path="/workspaces/nimbus-cannabis-mobile/src/context/AuthContext.tsx">
        <metrics statements="80" coveredstatements="25" conditionals="38" coveredconditionals="2" methods="15" coveredmethods="6"/>
        <line num="28" count="6" type="stmt"/>
        <line num="42" count="6" type="stmt"/>
        <line num="43" count="68" type="stmt"/>
        <line num="45" count="68" type="stmt"/>
        <line num="46" count="0" type="stmt"/>
        <line num="47" count="0" type="stmt"/>
        <line num="48" count="0" type="stmt"/>
        <line num="49" count="0" type="cond" truecount="0" falsecount="2"/>
        <line num="50" count="0" type="cond" truecount="0" falsecount="2"/>
        <line num="53" count="68" type="stmt"/>
        <line num="54" count="0" type="stmt"/>
        <line num="55" count="0" type="stmt"/>
        <line num="63" count="68" type="stmt"/>
        <line num="64" count="34" type="stmt"/>
        <line num="66" count="0" type="stmt"/>
        <line num="68" count="34" type="stmt"/>
        <line num="71" count="68" type="stmt"/>
        <line num="72" count="0" type="stmt"/>
        <line num="73" count="0" type="stmt"/>
        <line num="74" count="0" type="stmt"/>
        <line num="75" count="0" type="stmt"/>
        <line num="77" count="0" type="stmt"/>
        <line num="81" count="68" type="stmt"/>
        <line num="82" count="34" type="stmt"/>
        <line num="83" count="34" type="stmt"/>
        <line num="84" count="34" type="stmt"/>
        <line num="85" count="34" type="stmt"/>
        <line num="86" count="34" type="cond" truecount="1" falsecount="1"/>
        <line num="87" count="0" type="cond" truecount="0" falsecount="2"/>
        <line num="88" count="0" type="stmt"/>
        <line num="89" count="0" type="stmt"/>
        <line num="91" count="0" type="stmt"/>
        <line num="94" count="0" type="cond" truecount="0" falsecount="2"/>
        <line num="95" count="0" type="stmt"/>
        <line num="97" count="0" type="stmt"/>
        <line num="100" count="0" type="stmt"/>
        <line num="101" count="0" type="cond" truecount="0" falsecount="2"/>
        <line num="102" count="0" type="stmt"/>
        <line num="103" count="0" type="stmt"/>
        <line num="104" count="0" type="stmt"/>
        <line num="105" count="0" type="cond" truecount="0" falsecount="4"/>
        <line num="106" count="0" type="stmt"/>
        <line num="107" count="0" type="stmt"/>
        <line num="110" count="0" type="stmt"/>
        <line num="113" count="0" type="cond" truecount="0" falsecount="2"/>
        <line num="118" count="0" type="stmt"/>
        <line num="119" count="0" type="stmt"/>
        <line num="124" count="0" type="stmt"/>
        <line num="127" count="0" type="stmt"/>
        <line num="130" count="0" type="cond" truecount="0" falsecount="2"/>
        <line num="131" count="0" type="cond" truecount="0" falsecount="2"/>
        <line num="132" count="0" type="stmt"/>
        <line num="133" count="0" type="stmt"/>
        <line num="135" count="0" type="stmt"/>
        <line num="137" count="0" type="stmt"/>
        <line num="138" count="0" type="cond" truecount="0" falsecount="2"/>
        <line num="139" count="0" type="stmt"/>
        <line num="140" count="0" type="stmt"/>
        <line num="142" count="0" type="cond" truecount="0" falsecount="2"/>
        <line num="145" count="0" type="stmt"/>
        <line num="147" count="0" type="stmt"/>
        <line num="151" count="0" type="stmt"/>
        <line num="154" count="0" type="cond" truecount="0" falsecount="2"/>
        <line num="156" count="0" type="stmt"/>
        <line num="160" count="34" type="stmt"/>
        <line num="161" count="34" type="cond" truecount="1" falsecount="1"/>
        <line num="162" count="34" type="stmt"/>
        <line num="163" count="34" type="stmt"/>
        <line num="164" count="0" type="stmt"/>
        <line num="165" count="0" type="stmt"/>
        <line num="166" count="0" type="cond" truecount="0" falsecount="4"/>
        <line num="167" count="0" type="cond" truecount="0" falsecount="2"/>
        <line num="168" count="0" type="stmt"/>
        <line num="171" count="34" type="stmt"/>
        <line num="175" count="0" type="stmt"/>
        <line num="178" count="34" type="stmt"/>
        <line num="179" count="34" type="stmt"/>
        <line num="180" count="34" type="stmt"/>
        <line num="184" count="68" type="stmt"/>
        <line num="186" count="68" type="stmt"/>
      </file>
      <file name="BrandContext.tsx" path="/workspaces/nimbus-cannabis-mobile/src/context/BrandContext.tsx">
        <metrics statements="33" coveredstatements="28" conditionals="10" coveredconditionals="7" methods="7" coveredmethods="6"/>
        <line num="21" count="47" type="stmt"/>
        <line num="24" count="47" type="stmt"/>
        <line num="38" count="374" type="stmt"/>
        <line num="39" count="374" type="stmt"/>
        <line num="40" count="374" type="stmt"/>
        <line num="42" count="374" type="stmt"/>
        <line num="43" count="0" type="stmt"/>
        <line num="46" count="374" type="stmt"/>
        <line num="47" count="187" type="stmt"/>
        <line num="48" count="187" type="stmt"/>
        <line num="50" count="187" type="stmt"/>
        <line num="51" count="187" type="stmt"/>
        <line num="54" count="374" type="stmt"/>
        <line num="55" count="187" type="stmt"/>
        <line num="56" count="187" type="stmt"/>
        <line num="57" count="187" type="stmt"/>
        <line num="60" count="187" type="stmt"/>
        <line num="61" count="187" type="stmt"/>
        <line num="64" count="186" type="stmt"/>
        <line num="66" count="1" type="stmt"/>
        <line num="67" count="1" type="stmt"/>
        <line num="70" count="0" type="stmt"/>
        <line num="71" count="0" type="cond" truecount="0" falsecount="2"/>
        <line num="73" count="0" type="stmt"/>
        <line num="75" count="187" type="stmt"/>
        <line num="79" count="374" type="stmt"/>
        <line num="86" count="374" type="stmt"/>
        <line num="90" count="571" type="stmt"/>
        <line num="91" count="571" type="cond" truecount="1" falsecount="1"/>
        <line num="92" count="0" type="stmt"/>
        <line num="94" count="571" type="stmt"/>
        <line num="99" count="569" type="stmt"/>
        <line num="100" count="569" type="cond" truecount="2" falsecount="0"/>
      </file>
      <file name="CMSPreviewContext.tsx" path="/workspaces/nimbus-cannabis-mobile/src/context/CMSPreviewContext.tsx">
        <metrics statements="10" coveredstatements="10" conditionals="4" coveredconditionals="2" methods="6" coveredmethods="4"/>
        <line num="9" count="3" type="stmt"/>
        <line num="12" count="17" type="stmt"/>
        <line num="14" count="17" type="stmt"/>
        <line num="15" count="17" type="stmt"/>
        <line num="16" count="17" type="stmt"/>
        <line num="17" count="17" type="stmt"/>
        <line num="18" count="17" type="cond" truecount="2" falsecount="2"/>
        <line num="25" count="17" type="stmt"/>
        <line num="27" count="17" type="stmt"/>
        <line num="32" count="42" type="stmt"/>
      </file>
      <file name="I18nContext.tsx" path="/workspaces/nimbus-cannabis-mobile/src/context/I18nContext.tsx">
        <metrics statements="26" coveredstatements="22" conditionals="10" coveredconditionals="7" methods="7" coveredmethods="6"/>
        <line num="8" count="1" type="stmt"/>
        <line num="19" count="1" type="stmt"/>
        <line num="21" count="1" type="stmt"/>
        <line num="24" count="5" type="stmt"/>
        <line num="26" count="5" type="stmt"/>
        <line num="27" count="5" type="stmt"/>
        <line num="28" count="5" type="cond" truecount="4" falsecount="0"/>
        <line num="29" count="1" type="stmt"/>
        <line num="34" count="5" type="stmt"/>
        <line num="35" count="1" type="stmt"/>
        <line num="36" count="1" type="stmt"/>
        <line num="39" count="5" type="stmt"/>
        <line num="40" count="2" type="stmt"/>
        <line num="41" count="2" type="stmt"/>
        <line num="42" count="2" type="stmt"/>
        <line num="43" count="5" type="stmt"/>
        <line num="45" count="2" type="cond" truecount="1" falsecount="1"/>
        <line num="48" count="0" type="cond" truecount="0" falsecount="2"/>
        <line num="49" count="0" type="stmt"/>
        <line num="50" count="0" type="stmt"/>
        <line num="54" count="0" type="stmt"/>
        <line num="57" count="5" type="stmt"/>
        <line num="61" count="7" type="stmt"/>
        <line num="62" count="7" type="cond" truecount="2" falsecount="0"/>
        <line num="63" count="2" type="stmt"/>
        <line num="65" count="5" type="stmt"/>
      </file>
      <file name="LoyaltyContext.tsx" path="/workspaces/nimbus-cannabis-mobile/src/context/LoyaltyContext.tsx">
        <metrics statements="3" coveredstatements="1" conditionals="0" coveredconditionals="0" methods="1" coveredmethods="0"/>
        <line num="12" count="2" type="stmt"/>
        <line num="20" count="0" type="stmt"/>
        <line num="22" count="0" type="stmt"/>
      </file>
      <file name="SettingsContext.tsx" path="/workspaces/nimbus-cannabis-mobile/src/context/SettingsContext.tsx">
        <metrics statements="27" coveredstatements="0" conditionals="4" coveredconditionals="0" methods="9" coveredmethods="0"/>
        <line num="15" count="0" type="stmt"/>
        <line num="22" count="0" type="stmt"/>
        <line num="23" count="0" type="stmt"/>
        <line num="24" count="0" type="stmt"/>
        <line num="25" count="0" type="stmt"/>
        <line num="27" count="0" type="stmt"/>
        <line num="28" count="0" type="stmt"/>
        <line num="29" count="0" type="stmt"/>
        <line num="30" count="0" type="cond" truecount="0" falsecount="2"/>
        <line num="32" count="0" type="stmt"/>
        <line num="33" count="0" type="stmt"/>
        <line num="34" count="0" type="cond" truecount="0" falsecount="2"/>
        <line num="35" count="0" type="stmt"/>
        <line num="37" count="0" type="stmt"/>
        <line num="38" count="0" type="stmt"/>
        <line num="40" count="0" type="stmt"/>
        <line num="46" count="0" type="stmt"/>
        <line num="47" count="0" type="stmt"/>
        <line num="48" count="0" type="stmt"/>
        <line num="51" count="0" type="stmt"/>
        <line num="52" count="0" type="stmt"/>
        <line num="53" count="0" type="stmt"/>
        <line num="54" count="0" type="stmt"/>
        <line num="56" count="0" type="stmt"/>
        <line num="58" count="0" type="stmt"/>
        <line num="61" count="0" type="stmt"/>
        <line num="68" count="0" type="stmt"/>
      </file>
      <file name="StoreContext.tsx" path="/workspaces/nimbus-cannabis-mobile/src/context/StoreContext.tsx">
        <metrics statements="9" coveredstatements="9" conditionals="0" coveredconditionals="0" methods="4" coveredmethods="3"/>
        <line num="12" count="4" type="stmt"/>
        <line num="17" count="4" type="stmt"/>
        <line num="18" count="72" type="stmt"/>
        <line num="19" count="72" type="stmt"/>
        <line num="21" count="72" type="stmt"/>
        <line num="22" count="72" type="stmt"/>
        <line num="23" count="72" type="stmt"/>
        <line num="26" count="72" type="stmt"/>
        <line num="33" count="243" type="stmt"/>
      </file>
      <file name="ThemeContext.tsx" path="/workspaces/nimbus-cannabis-mobile/src/context/ThemeContext.tsx">
        <metrics statements="159" coveredstatements="81" conditionals="132" coveredconditionals="45" methods="14" coveredmethods="12"/>
        <line num="15" count="45" type="stmt"/>
        <line num="16" count="45" type="stmt"/>
        <line num="19" count="45" type="stmt"/>
        <line num="20" count="45" type="stmt"/>
        <line num="21" count="45" type="stmt"/>
        <line num="22" count="45" type="stmt"/>
        <line num="25" count="45" type="stmt"/>
        <line num="26" count="45" type="stmt"/>
        <line num="67" count="45" type="stmt"/>
        <line num="78" count="45" type="stmt"/>
        <line num="104" count="45" type="stmt"/>
        <line num="106" count="467" type="stmt"/>
        <line num="108" count="467" type="stmt"/>
        <line num="109" count="467" type="stmt"/>
        <line num="110" count="467" type="stmt"/>
        <line num="111" count="467" type="stmt"/>
        <line num="115" count="467" type="stmt"/>
        <line num="121" count="467" type="stmt"/>
        <line num="122" count="302" type="stmt"/>
        <line num="124" count="302" type="stmt"/>
        <line num="125" count="302" type="stmt"/>
        <line num="127" count="302" type="stmt"/>
        <line num="128" count="302" type="cond" truecount="4" falsecount="0"/>
        <line num="129" count="279" type="stmt"/>
        <line num="133" count="302" type="cond" truecount="1" falsecount="2"/>
        <line num="134" count="302" type="stmt"/>
        <line num="139" count="302" type="cond" truecount="4" falsecount="0"/>
        <line num="140" count="301" type="stmt"/>
        <line num="141" count="301" type="stmt"/>
        <line num="143" count="301" type="stmt"/>
        <line num="149" count="0" type="stmt"/>
        <line num="150" count="0" type="cond" truecount="0" falsecount="4"/>
        <line num="151" count="0" type="stmt"/>
        <line num="156" count="302" type="stmt"/>
        <line num="157" count="302" type="stmt"/>
        <line num="162" count="467" type="stmt"/>
        <line num="163" count="151" type="stmt"/>
        <line num="164" count="151" type="stmt"/>
        <line num="165" count="151" type="stmt"/>
        <line num="166" count="151" type="cond" truecount="2" falsecount="0"/>
        <line num="167" count="1" type="stmt"/>
        <line num="168" count="1" type="stmt"/>
        <line num="177" count="467" type="stmt"/>
        <line num="178" count="0" type="stmt"/>
        <line num="179" count="0" type="stmt"/>
        <line num="180" count="0" type="stmt"/>
        <line num="182" count="0" type="stmt"/>
        <line num="187" count="467" type="stmt"/>
        <line num="191" count="152" type="cond" truecount="2" falsecount="2"/>
        <line num="192" count="152" type="stmt"/>
        <line num="195" count="0" type="stmt"/>
        <line num="196" count="0" type="stmt"/>
        <line num="199" count="0" type="cond" truecount="0" falsecount="4"/>
        <line num="202" count="0" type="stmt"/>
        <line num="203" count="0" type="stmt"/>
        <line num="205" count="0" type="stmt"/>
        <line num="206" count="0" type="stmt"/>
        <line num="208" count="0" type="stmt"/>
        <line num="209" count="0" type="stmt"/>
        <line num="213" count="0" type="stmt"/>
        <line num="220" count="0" type="stmt"/>
        <line num="231" count="467" type="stmt"/>
        <line num="232" count="152" type="stmt"/>
        <line num="233" count="152" type="cond" truecount="2" falsecount="2"/>
        <line num="234" count="152" type="cond" truecount="2" falsecount="2"/>
        <line num="235" count="152" type="cond" truecount="2" falsecount="2"/>
        <line num="236" count="152" type="stmt"/>
        <line num="239" count="467" type="stmt"/>
        <line num="240" count="152" type="stmt"/>
        <line num="241" count="152" type="stmt"/>
        <line num="243" count="152" type="stmt"/>
        <line num="244" count="152" type="stmt"/>
        <line num="246" count="152" type="stmt"/>
        <line num="247" count="152" type="stmt"/>
        <line num="253" count="152" type="cond" truecount="1" falsecount="1"/>
        <line num="254" count="152" type="stmt"/>
        <line num="255" count="152" type="stmt"/>
        <line num="257" count="152" type="stmt"/>
        <line num="263" count="152" type="stmt"/>
        <line num="268" count="152" type="stmt"/>
        <line num="269" count="152" type="stmt"/>
        <line num="273" count="152" type="cond" truecount="1" falsecount="1"/>
        <line num="274" count="152" type="cond" truecount="1" falsecount="1"/>
        <line num="275" count="152" type="stmt"/>
        <line num="278" count="0" type="stmt"/>
        <line num="279" count="0" type="stmt"/>
        <line num="280" count="0" type="cond" truecount="0" falsecount="2"/>
        <line num="282" count="0" type="stmt"/>
        <line num="283" count="0" type="cond" truecount="0" falsecount="2"/>
        <line num="284" count="0" type="stmt"/>
        <line num="285" count="0" type="stmt"/>
        <line num="288" count="0" type="stmt"/>
        <line num="292" count="0" type="stmt"/>
        <line num="293" count="0" type="stmt"/>
        <line num="294" count="0" type="stmt"/>
        <line num="295" count="0" type="stmt"/>
        <line num="296" count="0" type="cond" truecount="0" falsecount="2"/>
        <line num="298" count="0" type="stmt"/>
        <line num="307" count="0" type="cond" truecount="0" falsecount="2"/>
        <line num="308" count="0" type="cond" truecount="0" falsecount="2"/>
        <line num="309" count="0" type="cond" truecount="0" falsecount="2"/>
        <line num="310" count="0" type="cond" truecount="0" falsecount="2"/>
        <line num="311" count="0" type="stmt"/>
        <line num="313" count="0" type="cond" truecount="0" falsecount="2"/>
        <line num="314" count="0" type="cond" truecount="0" falsecount="2"/>
        <line num="315" count="0" type="stmt"/>
        <line num="319" count="0" type="cond" truecount="0" falsecount="2"/>
        <line num="320" count="0" type="cond" truecount="0" falsecount="2"/>
        <line num="321" count="0" type="cond" truecount="0" falsecount="2"/>
        <line num="322" count="0" type="cond" truecount="0" falsecount="2"/>
        <line num="323" count="0" type="cond" truecount="0" falsecount="2"/>
        <line num="327" count="0" type="stmt"/>
        <line num="336" count="0" type="cond" truecount="0" falsecount="3"/>
        <line num="337" count="0" type="stmt"/>
        <line num="338" count="0" type="stmt"/>
        <line num="340" count="0" type="stmt"/>
        <line num="347" count="0" type="stmt"/>
        <line num="352" count="0" type="cond" truecount="0" falsecount="2"/>
        <line num="353" count="0" type="stmt"/>
        <line num="357" count="0" type="cond" truecount="0" falsecount="2"/>
        <line num="358" count="0" type="cond" truecount="0" falsecount="2"/>
        <line num="359" count="0" type="cond" truecount="0" falsecount="2"/>
        <line num="360" count="0" type="stmt"/>
        <line num="363" count="0" type="stmt"/>
        <line num="364" count="0" type="stmt"/>
        <line num="366" count="0" type="stmt"/>
        <line num="372" count="0" type="stmt"/>
        <line num="378" count="0" type="cond" truecount="0" falsecount="2"/>
        <line num="379" count="0" type="stmt"/>
        <line num="380" count="0" type="cond" truecount="0" falsecount="2"/>
        <line num="381" count="0" type="cond" truecount="0" falsecount="2"/>
        <line num="383" count="0" type="stmt"/>
        <line num="384" count="0" type="stmt"/>
        <line num="386" count="0" type="stmt"/>
        <line num="393" count="0" type="stmt"/>
        <line num="399" count="0" type="cond" truecount="0" falsecount="2"/>
        <line num="400" count="0" type="stmt"/>
        <line num="404" count="0" type="cond" truecount="0" falsecount="2"/>
        <line num="405" count="0" type="cond" truecount="0" falsecount="2"/>
        <line num="407" count="152" type="cond" truecount="1" falsecount="1"/>
        <line num="411" count="152" type="stmt"/>
        <line num="412" count="152" type="stmt"/>
        <line num="413" count="152" type="stmt"/>
        <line num="414" count="152" type="stmt"/>
        <line num="423" count="467" type="stmt"/>
        <line num="424" count="467" type="cond" truecount="2" falsecount="0"/>
        <line num="427" count="467" type="stmt"/>
        <line num="430" count="1401" type="cond" truecount="1" falsecount="1"/>
        <line num="433" count="0" type="stmt"/>
        <line num="434" count="0" type="stmt"/>
        <line num="435" count="0" type="stmt"/>
        <line num="436" count="0" type="stmt"/>
        <line num="438" count="0" type="stmt"/>
        <line num="443" count="467" type="cond" truecount="2" falsecount="1"/>
        <line num="445" count="467" type="cond" truecount="2" falsecount="1"/>
        <line num="447" count="467" type="cond" truecount="2" falsecount="1"/>
        <line num="448" count="467" type="cond" truecount="2" falsecount="1"/>
        <line num="450" count="467" type="stmt"/>
        <line num="466" count="467" type="stmt"/>
      </file>
    </package>
    <package name="hooks">
      <metrics statements="3207" coveredstatements="1157" conditionals="1147" coveredconditionals="472" methods="1282" coveredmethods="384"/>
      <file name="useAI.ts" path="/workspaces/nimbus-cannabis-mobile/src/hooks/useAI.ts">
        <metrics statements="24" coveredstatements="22" conditionals="0" coveredconditionals="0" methods="12" coveredmethods="10"/>
        <line num="51" count="9" type="stmt"/>
        <line num="53" count="9" type="stmt"/>
        <line num="54" count="6" type="stmt"/>
        <line num="55" count="6" type="stmt"/>
        <line num="59" count="9" type="stmt"/>
        <line num="61" count="3" type="stmt"/>
        <line num="62" count="3" type="stmt"/>
        <line num="64" count="3" type="stmt"/>
        <line num="74" count="3" type="stmt"/>
        <line num="77" count="0" type="stmt"/>
        <line num="81" count="9" type="stmt"/>
        <line num="83" count="1" type="stmt"/>
        <line num="91" count="7" type="stmt"/>
        <line num="93" count="7" type="stmt"/>
        <line num="94" count="4" type="stmt"/>
        <line num="95" count="4" type="stmt"/>
        <line num="99" count="7" type="stmt"/>
        <line num="101" count="3" type="stmt"/>
        <line num="102" count="3" type="stmt"/>
        <line num="104" count="3" type="stmt"/>
        <line num="111" count="2" type="stmt"/>
        <line num="114" count="1" type="stmt"/>
        <line num="118" count="7" type="stmt"/>
        <line num="120" count="0" type="stmt"/>
      </file>
      <file name="useAIRecommendations.ts" path="/workspaces/nimbus-cannabis-mobile/src/hooks/useAIRecommendations.ts">
        <metrics statements="71" coveredstatements="16" conditionals="1" coveredconditionals="1" methods="45" coveredmethods="10"/>
        <line num="105" count="4" type="stmt"/>
        <line num="108" count="2" type="stmt"/>
        <line num="113" count="2" type="stmt"/>
        <line num="114" count="2" type="stmt"/>
        <line num="124" count="3" type="stmt"/>
        <line num="127" count="1" type="stmt"/>
        <line num="132" count="1" type="stmt"/>
        <line num="142" count="3" type="stmt"/>
        <line num="145" count="1" type="stmt"/>
        <line num="149" count="1" type="stmt"/>
        <line num="162" count="3" type="stmt"/>
        <line num="165" count="1" type="stmt"/>
        <line num="169" count="1" type="stmt"/>
        <line num="179" count="3" type="stmt"/>
        <line num="182" count="1" type="stmt"/>
        <line num="187" count="1" type="stmt"/>
        <line num="201" count="0" type="stmt"/>
        <line num="204" count="0" type="stmt"/>
        <line num="213" count="0" type="stmt"/>
        <line num="215" count="0" type="stmt"/>
        <line num="217" count="0" type="stmt"/>
        <line num="222" count="0" type="stmt"/>
        <line num="223" count="0" type="stmt"/>
        <line num="226" count="0" type="stmt"/>
        <line num="227" count="0" type="stmt"/>
        <line num="236" count="0" type="stmt"/>
        <line num="238" count="0" type="stmt"/>
        <line num="240" count="0" type="stmt"/>
        <line num="241" count="0" type="stmt"/>
        <line num="244" count="0" type="stmt"/>
        <line num="245" count="0" type="stmt"/>
        <line num="258" count="0" type="stmt"/>
        <line num="273" count="0" type="stmt"/>
        <line num="292" count="0" type="stmt"/>
        <line num="295" count="0" type="stmt"/>
        <line num="299" count="0" type="stmt"/>
        <line num="313" count="0" type="stmt"/>
        <line num="316" count="0" type="stmt"/>
        <line num="320" count="0" type="stmt"/>
        <line num="329" count="0" type="stmt"/>
        <line num="332" count="0" type="stmt"/>
        <line num="336" count="0" type="stmt"/>
        <line num="350" count="0" type="stmt"/>
        <line num="352" count="0" type="stmt"/>
        <line num="354" count="0" type="stmt"/>
        <line num="355" count="0" type="stmt"/>
        <line num="362" count="0" type="stmt"/>
        <line num="371" count="0" type="stmt"/>
        <line num="381" count="0" type="stmt"/>
        <line num="386" count="0" type="stmt"/>
        <line num="395" count="0" type="stmt"/>
        <line num="397" count="0" type="stmt"/>
        <line num="405" count="0" type="stmt"/>
        <line num="410" count="0" type="stmt"/>
        <line num="413" count="0" type="stmt"/>
        <line num="426" count="0" type="stmt"/>
        <line num="429" count="0" type="stmt"/>
        <line num="439" count="0" type="stmt"/>
        <line num="441" count="0" type="stmt"/>
        <line num="443" count="0" type="stmt"/>
        <line num="448" count="0" type="stmt"/>
        <line num="451" count="0" type="stmt"/>
        <line num="467" count="0" type="stmt"/>
        <line num="470" count="0" type="stmt"/>
        <line num="473" count="0" type="stmt"/>
        <line num="483" count="0" type="stmt"/>
        <line num="486" count="0" type="stmt"/>
        <line num="490" count="0" type="stmt"/>
        <line num="500" count="0" type="stmt"/>
        <line num="503" count="0" type="stmt"/>
        <line num="507" count="0" type="stmt"/>
      </file>
      <file name="useAR.ts" path="/workspaces/nimbus-cannabis-mobile/src/hooks/useAR.ts">
        <metrics statements="73" coveredstatements="0" conditionals="26" coveredconditionals="0" methods="27" coveredmethods="0"/>
        <line num="81" count="0" type="stmt"/>
        <line num="84" count="0" type="stmt"/>
        <line num="85" count="0" type="stmt"/>
        <line num="86" count="0" type="stmt"/>
        <line num="88" count="0" type="cond" truecount="0" falsecount="4"/>
        <line num="89" count="0" type="stmt"/>
        <line num="91" count="0" type="stmt"/>
        <line num="103" count="0" type="stmt"/>
        <line num="106" count="0" type="stmt"/>
        <line num="109" count="0" type="stmt"/>
        <line num="119" count="0" type="stmt"/>
        <line num="122" count="0" type="stmt"/>
        <line num="126" count="0" type="stmt"/>
        <line num="140" count="0" type="stmt"/>
        <line num="143" count="0" type="stmt"/>
        <line num="157" count="0" type="stmt"/>
        <line num="161" count="0" type="stmt"/>
        <line num="169" count="0" type="cond" truecount="0" falsecount="4"/>
        <line num="170" count="0" type="stmt"/>
        <line num="171" count="0" type="stmt"/>
        <line num="174" count="0" type="stmt"/>
        <line num="180" count="0" type="stmt"/>
        <line num="181" count="0" type="stmt"/>
        <line num="183" count="0" type="cond" truecount="0" falsecount="2"/>
        <line num="185" count="0" type="stmt"/>
        <line num="199" count="0" type="stmt"/>
        <line num="201" count="0" type="stmt"/>
        <line num="202" count="0" type="stmt"/>
        <line num="208" count="0" type="stmt"/>
        <line num="209" count="0" type="stmt"/>
        <line num="210" count="0" type="stmt"/>
        <line num="213" count="0" type="stmt"/>
        <line num="215" count="0" type="cond" truecount="0" falsecount="2"/>
        <line num="217" count="0" type="stmt"/>
        <line num="222" count="0" type="stmt"/>
        <line num="223" count="0" type="cond" truecount="0" falsecount="2"/>
        <line num="231" count="0" type="stmt"/>
        <line num="240" count="0" type="stmt"/>
        <line num="241" count="0" type="cond" truecount="0" falsecount="2"/>
        <line num="243" count="0" type="stmt"/>
        <line num="245" count="0" type="stmt"/>
        <line num="248" count="0" type="stmt"/>
        <line num="249" count="0" type="stmt"/>
        <line num="251" count="0" type="stmt"/>
        <line num="254" count="0" type="stmt"/>
        <line num="261" count="0" type="stmt"/>
        <line num="262" count="0" type="stmt"/>
        <line num="265" count="0" type="stmt"/>
        <line num="267" count="0" type="cond" truecount="0" falsecount="2"/>
        <line num="269" count="0" type="cond" truecount="0" falsecount="2"/>
        <line num="270" count="0" type="stmt"/>
        <line num="275" count="0" type="stmt"/>
        <line num="293" count="0" type="stmt"/>
        <line num="295" count="0" type="stmt"/>
        <line num="316" count="0" type="stmt"/>
        <line num="317" count="0" type="stmt"/>
        <line num="318" count="0" type="cond" truecount="0" falsecount="2"/>
        <line num="319" count="0" type="stmt"/>
        <line num="321" count="0" type="cond" truecount="0" falsecount="2"/>
        <line num="322" count="0" type="stmt"/>
        <line num="325" count="0" type="stmt"/>
        <line num="332" count="0" type="stmt"/>
        <line num="335" count="0" type="stmt"/>
        <line num="336" count="0" type="stmt"/>
        <line num="345" count="0" type="stmt"/>
        <line num="347" count="0" type="stmt"/>
        <line num="349" count="0" type="stmt"/>
        <line num="352" count="0" type="stmt"/>
        <line num="353" count="0" type="stmt"/>
        <line num="366" count="0" type="stmt"/>
        <line num="380" count="0" type="stmt"/>
        <line num="402" count="0" type="stmt"/>
        <line num="414" count="0" type="stmt"/>
      </file>
      <file name="useAccessibility.ts" path="/workspaces/nimbus-cannabis-mobile/src/hooks/useAccessibility.ts">
        <metrics statements="110" coveredstatements="63" conditionals="31" coveredconditionals="15" methods="34" coveredmethods="23"/>
        <line num="93" count="1" type="stmt"/>
        <line num="120" count="1" type="stmt"/>
        <line num="151" count="1" type="stmt"/>
        <line num="177" count="1" type="stmt"/>
        <line num="179" count="1" type="stmt"/>
        <line num="186" count="15" type="stmt"/>
        <line num="187" count="15" type="stmt"/>
        <line num="202" count="15" type="stmt"/>
        <line num="205" count="15" type="stmt"/>
        <line num="206" count="13" type="stmt"/>
        <line num="207" count="13" type="cond" truecount="2" falsecount="0"/>
        <line num="208" count="2" type="stmt"/>
        <line num="213" count="13" type="stmt"/>
        <line num="216" count="13" type="stmt"/>
        <line num="221" count="13" type="stmt"/>
        <line num="222" count="13" type="stmt"/>
        <line num="228" count="15" type="cond" truecount="2" falsecount="2"/>
        <line num="230" count="15" type="cond" truecount="1" falsecount="1"/>
        <line num="233" count="15" type="cond" truecount="2" falsecount="0"/>
        <line num="245" count="15" type="stmt"/>
        <line num="246" count="0" type="stmt"/>
        <line num="247" count="0" type="stmt"/>
        <line num="250" count="15" type="stmt"/>
        <line num="252" count="0" type="stmt"/>
        <line num="253" count="0" type="stmt"/>
        <line num="258" count="15" type="stmt"/>
        <line num="260" count="0" type="stmt"/>
        <line num="261" count="0" type="stmt"/>
        <line num="266" count="15" type="stmt"/>
        <line num="267" count="0" type="stmt"/>
        <line num="268" count="0" type="stmt"/>
        <line num="269" count="0" type="stmt"/>
        <line num="272" count="15" type="stmt"/>
        <line num="273" count="0" type="stmt"/>
        <line num="274" count="0" type="stmt"/>
        <line num="275" count="0" type="stmt"/>
        <line num="278" count="15" type="stmt"/>
        <line num="280" count="0" type="stmt"/>
        <line num="281" count="0" type="stmt"/>
        <line num="286" count="15" type="stmt"/>
        <line num="288" count="1" type="stmt"/>
        <line num="293" count="15" type="stmt"/>
        <line num="295" count="3" type="stmt"/>
        <line num="297" count="3" type="cond" truecount="1" falsecount="1"/>
        <line num="298" count="0" type="stmt"/>
        <line num="300" count="3" type="stmt"/>
        <line num="305" count="15" type="stmt"/>
        <line num="318" count="15" type="stmt"/>
        <line num="326" count="12" type="stmt"/>
        <line num="327" count="12" type="cond" truecount="1" falsecount="1"/>
        <line num="328" count="0" type="stmt"/>
        <line num="330" count="12" type="stmt"/>
        <line num="341" count="1" type="stmt"/>
        <line num="342" count="1" type="stmt"/>
        <line num="349" count="1" type="stmt"/>
        <line num="350" count="1" type="stmt"/>
        <line num="361" count="1" type="stmt"/>
        <line num="374" count="2" type="stmt"/>
        <line num="375" count="1" type="stmt"/>
        <line num="378" count="2" type="stmt"/>
        <line num="381" count="1" type="stmt"/>
        <line num="384" count="2" type="stmt"/>
        <line num="395" count="2" type="stmt"/>
        <line num="398" count="1" type="stmt"/>
        <line num="408" count="2" type="stmt"/>
        <line num="410" count="2" type="stmt"/>
        <line num="412" count="1" type="stmt"/>
        <line num="419" count="1" type="stmt"/>
        <line num="432" count="1" type="stmt"/>
        <line num="434" count="1" type="stmt"/>
        <line num="436" count="1" type="cond" truecount="1" falsecount="1"/>
        <line num="439" count="0" type="stmt"/>
        <line num="440" count="0" type="stmt"/>
        <line num="441" count="0" type="stmt"/>
        <line num="442" count="0" type="stmt"/>
        <line num="444" count="0" type="stmt"/>
        <line num="445" count="0" type="stmt"/>
        <line num="446" count="0" type="stmt"/>
        <line num="448" count="0" type="cond" truecount="0" falsecount="3"/>
        <line num="451" count="0" type="stmt"/>
        <line num="452" count="0" type="stmt"/>
        <line num="453" count="0" type="stmt"/>
        <line num="456" count="0" type="stmt"/>
        <line num="457" count="0" type="stmt"/>
        <line num="458" count="0" type="stmt"/>
        <line num="461" count="0" type="stmt"/>
        <line num="462" count="0" type="stmt"/>
        <line num="463" count="0" type="stmt"/>
        <line num="467" count="0" type="stmt"/>
        <line num="468" count="0" type="stmt"/>
        <line num="473" count="1" type="stmt"/>
        <line num="484" count="3" type="stmt"/>
        <line num="486" count="3" type="stmt"/>
        <line num="488" count="2" type="cond" truecount="2" falsecount="0"/>
        <line num="489" count="1" type="stmt"/>
        <line num="491" count="1" type="stmt"/>
        <line num="496" count="3" type="stmt"/>
        <line num="498" count="3" type="stmt"/>
        <line num="509" count="0" type="stmt"/>
        <line num="511" count="0" type="stmt"/>
        <line num="513" count="0" type="cond" truecount="0" falsecount="2"/>
        <line num="517" count="0" type="stmt"/>
        <line num="519" count="0" type="stmt"/>
        <line num="527" count="0" type="stmt"/>
        <line num="538" count="0" type="stmt"/>
        <line num="540" count="0" type="stmt"/>
        <line num="542" count="0" type="stmt"/>
        <line num="551" count="0" type="stmt"/>
        <line num="553" count="0" type="stmt"/>
        <line num="563" count="0" type="stmt"/>
      </file>
      <file name="useAddresses.ts" path="/workspaces/nimbus-cannabis-mobile/src/hooks/useAddresses.ts">
[...]
        <line num="132" count="0" type="stmt"/>
        <line num="133" count="0" type="stmt"/>
        <line num="134" count="0" type="stmt"/>
        <line num="135" count="0" type="stmt"/>
        <line num="136" count="0" type="stmt"/>
        <line num="137" count="0" type="stmt"/>
        <line num="142" count="0" type="stmt"/>
        <line num="143" count="0" type="stmt"/>
        <line num="144" count="0" type="stmt"/>
        <line num="146" count="0" type="stmt"/>
        <line num="185" count="0" type="stmt"/>
        <line num="186" count="0" type="stmt"/>
      </file>
    </package>
    <package name="terpene_wheel.data">
      <metrics statements="2" coveredstatements="1" conditionals="0" coveredconditionals="0" methods="0" coveredmethods="0"/>
      <file name="allTerpenes.ts" path="/workspaces/nimbus-cannabis-mobile/src/terpene_wheel/data/allTerpenes.ts">
        <metrics statements="1" coveredstatements="0" conditionals="0" coveredconditionals="0" methods="0" coveredmethods="0"/>
        <line num="3" count="0" type="stmt"/>
      </file>
      <file name="terpenes.ts" path="/workspaces/nimbus-cannabis-mobile/src/terpene_wheel/data/terpenes.ts">
        <metrics statements="1" coveredstatements="1" conditionals="0" coveredconditionals="0" methods="0" coveredmethods="0"/>
        <line num="19" count="1" type="stmt"/>
      </file>
    </package>
    <package name="theme">
      <metrics statements="1" coveredstatements="0" conditionals="0" coveredconditionals="0" methods="0" coveredmethods="0"/>
      <file name="dyslexia-font.ts" path="/workspaces/nimbus-cannabis-mobile/src/theme/dyslexia-font.ts">
        <metrics statements="1" coveredstatements="0" conditionals="0" coveredconditionals="0" methods="0" coveredmethods="0"/>
        <line num="3" count="0" type="stmt"/>
      </file>
    </package>
    <package name="types">
      <metrics statements="0" coveredstatements="0" conditionals="0" coveredconditionals="0" methods="0" coveredmethods="0"/>
      <file name="cms.ts" path="/workspaces/nimbus-cannabis-mobile/src/types/cms.ts">
        <metrics statements="0" coveredstatements="0" conditionals="0" coveredconditionals="0" methods="0" coveredmethods="0"/>
      </file>
      <file name="cmsExtra.ts" path="/workspaces/nimbus-cannabis-mobile/src/types/cmsExtra.ts">
        <metrics statements="0" coveredstatements="0" conditionals="0" coveredconditionals="0" methods="0" coveredmethods="0"/>
      </file>
      <file name="expo-linking.d.ts" path="/workspaces/nimbus-cannabis-mobile/src/types/expo-linking.d.ts">
        <metrics statements="0" coveredstatements="0" conditionals="0" coveredconditionals="0" methods="0" coveredmethods="0"/>
      </file>
      <file name="order.ts" path="/workspaces/nimbus-cannabis-mobile/src/types/order.ts">
        <metrics statements="0" coveredstatements="0" conditionals="0" coveredconditionals="0" methods="0" coveredmethods="0"/>
      </file>
      <file name="react-native-firebase-auth.d.ts" path="/workspaces/nimbus-cannabis-mobile/src/types/react-native-firebase-auth.d.ts">
        <metrics statements="0" coveredstatements="0" conditionals="0" coveredconditionals="0" methods="0" coveredmethods="0"/>
      </file>
      <file name="terpene.ts" path="/workspaces/nimbus-cannabis-mobile/src/types/terpene.ts">
        <metrics statements="0" coveredstatements="0" conditionals="0" coveredconditionals="0" methods="0" coveredmethods="0"/>
      </file>
    </package>
    <package name="utils">
      <metrics statements="239" coveredstatements="220" conditionals="143" coveredconditionals="116" methods="60" coveredmethods="56"/>
      <file name="address.ts" path="/workspaces/nimbus-cannabis-mobile/src/utils/address.ts">
        <metrics statements="10" coveredstatements="10" conditionals="12" coveredconditionals="12" methods="2" coveredmethods="2"/>
        <line num="20" count="3" type="stmt"/>
        <line num="23" count="15" type="cond" truecount="2" falsecount="0"/>
        <line num="24" count="14" type="stmt"/>
        <line num="25" count="14" type="cond" truecount="2" falsecount="0"/>
        <line num="26" count="11" type="stmt"/>
        <line num="27" count="11" type="stmt"/>
        <line num="33" count="11" type="cond" truecount="2" falsecount="0"/>
        <line num="34" count="11" type="cond" truecount="2" falsecount="0"/>
        <line num="35" count="11" type="stmt"/>
        <line num="39" count="8" type="cond" truecount="4" falsecount="0"/>
      </file>
      <file name="analytics.ts" path="/workspaces/nimbus-cannabis-mobile/src/utils/analytics.ts">
        <metrics statements="60" coveredstatements="47" conditionals="28" coveredconditionals="19" methods="12" coveredmethods="9"/>
        <line num="9" count="44" type="cond" truecount="2" falsecount="0"/>
        <line num="12" count="44" type="stmt"/>
        <line num="13" count="44" type="stmt"/>
        <line num="14" count="44" type="stmt"/>
        <line num="15" count="44" type="stmt"/>
        <line num="21" count="110" type="cond" truecount="1" falsecount="1"/>
        <line num="22" count="110" type="stmt"/>
        <line num="25" count="0" type="stmt"/>
        <line num="27" count="0" type="stmt"/>
        <line num="31" count="0" type="stmt"/>
        <line num="33" count="0" type="stmt"/>
        <line num="34" count="0" type="stmt"/>
        <line num="43" count="141" type="cond" truecount="1" falsecount="1"/>
        <line num="44" count="141" type="stmt"/>
        <line num="48" count="141" type="stmt"/>
        <line num="55" count="141" type="cond" truecount="2" falsecount="0"/>
        <line num="56" count="11" type="stmt"/>
        <line num="57" count="130" type="cond" truecount="2" falsecount="0"/>
        <line num="59" count="19" type="stmt"/>
        <line num="60" count="0" type="stmt"/>
        <line num="69" count="141" type="stmt"/>
        <line num="72" count="141" type="stmt"/>
        <line num="73" count="141" type="stmt"/>
        <line num="74" count="987" type="cond" truecount="2" falsecount="0"/>
        <line num="75" count="2" type="stmt"/>
        <line num="79" count="141" type="stmt"/>
        <line num="86" count="11" type="cond" truecount="1" falsecount="1"/>
        <line num="87" count="11" type="stmt"/>
        <line num="88" count="11" type="stmt"/>
        <line num="91" count="11" type="cond" truecount="1" falsecount="1"/>
        <line num="92" count="0" type="stmt"/>
        <line num="95" count="11" type="stmt"/>
        <line num="96" count="11" type="stmt"/>
        <line num="98" count="11" type="stmt"/>
        <line num="99" count="11" type="stmt"/>
        <line num="102" count="11" type="stmt"/>
        <line num="103" count="110" type="stmt"/>
        <line num="108" count="110" type="stmt"/>
        <line num="110" count="110" type="stmt"/>
        <line num="114" count="110" type="cond" truecount="1" falsecount="1"/>
        <line num="115" count="0" type="stmt"/>
        <line num="118" count="110" type="cond" truecount="2" falsecount="0"/>
        <line num="119" count="10" type="stmt"/>
        <line num="122" count="110" type="stmt"/>
        <line num="129" count="0" type="cond" truecount="0" falsecount="2"/>
        <line num="130" count="0" type="stmt"/>
        <line num="136" count="0" type="cond" truecount="0" falsecount="2"/>
        <line num="137" count="0" type="stmt"/>
        <line num="150" count="3" type="stmt"/>
        <line num="165" count="3" type="stmt"/>
        <line num="176" count="7" type="stmt"/>
        <line num="190" count="6" type="stmt"/>
        <line num="192" count="6" type="cond" truecount="2" falsecount="0"/>
        <line num="193" count="4" type="stmt"/>
        <line num="194" count="2" type="cond" truecount="2" falsecount="0"/>
        <line num="195" count="1" type="stmt"/>
        <line num="196" count="1" type="stmt"/>
        <line num="199" count="6" type="stmt"/>
        <line num="204" count="0" type="stmt"/>
        <line num="207" count="44" type="stmt"/>
      </file>
      <file name="apiClient.ts" path="/workspaces/nimbus-cannabis-mobile/src/utils/apiClient.ts">
        <metrics statements="59" coveredstatements="55" conditionals="53" coveredconditionals="39" methods="12" coveredmethods="11"/>
        <line num="28" count="3" type="stmt"/>
        <line num="32" count="603" type="cond" truecount="2" falsecount="0"/>
        <line num="36" count="603" type="stmt"/>
        <line num="37" count="603" type="stmt"/>
        <line num="40" count="0" type="stmt"/>
        <line num="42" count="603" type="cond" truecount="4" falsecount="0"/>
        <line num="43" count="2" type="stmt"/>
        <line num="46" count="601" type="stmt"/>
        <line num="47" count="601" type="stmt"/>
        <line num="48" count="604" type="stmt"/>
        <line num="50" count="604" type="stmt"/>
        <line num="51" count="604" type="cond" truecount="2" falsecount="0"/>
        <line num="52" count="604" type="cond" truecount="2" falsecount="0"/>
        <line num="55" count="602" type="cond" truecount="1" falsecount="1"/>
        <line num="56" count="0" type="stmt"/>
        <line num="59" count="602" type="cond" truecount="2" falsecount="0"/>
        <line num="61" count="4" type="stmt"/>
        <line num="62" count="4" type="cond" truecount="2" falsecount="0"/>
        <line num="63" count="4" type="stmt"/>
        <line num="66" count="598" type="cond" truecount="2" falsecount="0"/>
        <line num="68" count="1" type="cond" truecount="1" falsecount="1"/>
        <line num="69" count="1" type="stmt"/>
        <line num="72" count="597" type="cond" truecount="2" falsecount="0"/>
        <line num="74" count="1" type="cond" truecount="1" falsecount="1"/>
        <line num="75" count="1" type="stmt"/>
        <line num="78" count="596" type="cond" truecount="2" falsecount="0"/>
        <line num="80" count="2" type="stmt"/>
        <line num="81" count="2" type="stmt"/>
        <line num="82" count="2" type="stmt"/>
        <line num="84" count="1" type="cond" truecount="1" falsecount="1"/>
        <line num="86" count="2" type="stmt"/>
        <line num="92" count="2" type="stmt"/>
        <line num="96" count="594" type="stmt"/>
        <line num="99" count="10" type="cond" truecount="3" falsecount="1"/>
        <line num="101" count="10" type="stmt"/>
        <line num="102" count="10" type="cond" truecount="2" falsecount="0"/>
        <line num="104" count="7" type="cond" truecount="1" falsecount="1"/>
        <line num="105" count="0" type="cond" truecount="0" falsecount="2"/>
        <line num="108" count="3" type="stmt"/>
        <line num="109" count="3" type="stmt"/>
        <line num="118" count="2" type="stmt"/>
        <line num="119" count="2" type="stmt"/>
        <line num="120" count="2" type="stmt"/>
        <line num="121" count="2" type="cond" truecount="2" falsecount="0"/>
        <line num="122" count="2" type="cond" truecount="0" falsecount="2"/>
        <line num="123" count="2" type="stmt"/>
        <line num="124" count="2" type="stmt"/>
        <line num="126" count="2" type="cond" truecount="1" falsecount="1"/>
        <line num="128" count="0" type="stmt"/>
        <line num="129" count="2" type="cond" truecount="3" falsecount="1"/>
        <line num="130" count="2" type="stmt"/>
        <line num="134" count="2" type="stmt"/>
        <line num="140" count="64" type="stmt"/>
        <line num="141" count="64" type="stmt"/>
        <line num="142" count="64" type="stmt"/>
        <line num="145" count="86" type="stmt"/>
        <line num="149" count="2" type="stmt"/>
        <line num="153" count="10" type="stmt"/>
        <line num="157" count="10" type="stmt"/>
      </file>
      <file name="apiConfig.ts" path="/workspaces/nimbus-cannabis-mobile/src/utils/apiConfig.ts">
        <metrics statements="1" coveredstatements="1" conditionals="2" coveredconditionals="2" methods="0" coveredmethods="0"/>
        <line num="1" count="111" type="cond" truecount="2" falsecount="0"/>
      </file>
      <file name="auth.ts" path="/workspaces/nimbus-cannabis-mobile/src/utils/auth.ts">
        <metrics statements="3" coveredstatements="3" conditionals="0" coveredconditionals="0" methods="3" coveredmethods="3"/>
        <line num="6" count="46" type="stmt"/>
        <line num="10" count="1" type="stmt"/>
        <line num="14" count="1" type="stmt"/>
      </file>
      <file name="cmsConfig.ts" path="/workspaces/nimbus-cannabis-mobile/src/utils/cmsConfig.ts">
        <metrics statements="1" coveredstatements="1" conditionals="0" coveredconditionals="0" methods="0" coveredmethods="0"/>
        <line num="5" count="6" type="stmt"/>
      </file>
      <file name="deepLinkUtils.ts" path="/workspaces/nimbus-cannabis-mobile/src/utils/deepLinkUtils.ts">
        <metrics statements="49" coveredstatements="48" conditionals="20" coveredconditionals="20" methods="9" coveredmethods="9"/>
        <line num="13" count="56" type="stmt"/>
        <line num="15" count="56" type="stmt"/>
        <line num="16" count="56" type="stmt"/>
        <line num="17" count="71" type="cond" truecount="2" falsecount="0"/>
        <line num="18" count="49" type="stmt"/>
        <line num="19" count="49" type="stmt"/>
        <line num="24" count="52" type="cond" truecount="2" falsecount="0"/>
        <line num="25" count="3" type="stmt"/>
        <line num="30" count="52" type="stmt"/>
        <line num="33" count="52" type="stmt"/>
        <line num="34" count="52" type="stmt"/>
        <line num="35" count="1172" type="stmt"/>
        <line num="36" count="1172" type="cond" truecount="2" falsecount="0"/>
        <line num="37" count="44" type="stmt"/>
        <line num="44" count="8" type="stmt"/>
        <line num="46" count="4" type="stmt"/>
        <line num="47" count="4" type="stmt"/>
        <line num="56" count="1172" type="cond" truecount="4" falsecount="0"/>
        <line num="57" count="3" type="stmt"/>
        <line num="61" count="1169" type="stmt"/>
        <line num="62" count="1169" type="stmt"/>
        <line num="63" count="154" type="stmt"/>
        <line num="64" count="154" type="stmt"/>
        <line num="67" count="1169" type="stmt"/>
        <line num="68" count="1169" type="stmt"/>
        <line num="70" count="1169" type="cond" truecount="2" falsecount="0"/>
        <line num="71" count="1128" type="stmt"/>
        <line num="75" count="41" type="stmt"/>
        <line num="76" count="41" type="stmt"/>
        <line num="77" count="23" type="stmt"/>
        <line num="80" count="41" type="stmt"/>
        <line num="87" count="25" type="stmt"/>
        <line num="88" count="25" type="stmt"/>
        <line num="91" count="25" type="cond" truecount="2" falsecount="0"/>
        <line num="92" count="3" type="stmt"/>
        <line num="95" count="22" type="stmt"/>
        <line num="98" count="22" type="cond" truecount="2" falsecount="0"/>
        <line num="99" count="15" type="stmt"/>
        <line num="100" count="15" type="stmt"/>
        <line num="105" count="22" type="stmt"/>
        <line num="112" count="58" type="stmt"/>
        <line num="119" count="8" type="stmt"/>
        <line num="126" count="29" type="stmt"/>
        <line num="129" count="29" type="cond" truecount="2" falsecount="0"/>
        <line num="132" count="26" type="stmt"/>
        <line num="133" count="26" type="cond" truecount="2" falsecount="0"/>
        <line num="134" count="23" type="stmt"/>
        <line num="136" count="7" type="stmt"/>
        <line num="138" count="0" type="stmt"/>
      </file>
      <file name="featureFlags.ts" path="/workspaces/nimbus-cannabis-mobile/src/utils/featureFlags.ts">
        <metrics statements="30" coveredstatements="29" conditionals="20" coveredconditionals="18" methods="9" coveredmethods="9"/>
        <line num="19" count="1" type="stmt"/>
        <line num="26" count="1" type="stmt"/>
        <line num="27" count="1" type="stmt"/>
        <line num="28" count="1" type="stmt"/>
        <line num="35" count="1" type="stmt"/>
        <line num="37" count="1" type="stmt"/>
        <line num="45" count="1" type="cond" truecount="1" falsecount="1"/>
        <line num="46" count="1" type="stmt"/>
        <line num="47" count="1" type="stmt"/>
        <line num="59" count="0" type="stmt"/>
        <line num="69" count="28" type="cond" truecount="4" falsecount="0"/>
        <line num="70" count="16" type="stmt"/>
        <line num="73" count="12" type="stmt"/>
        <line num="81" count="1" type="stmt"/>
        <line num="82" count="1" type="stmt"/>
        <line num="83" count="1" type="stmt"/>
        <line num="90" count="12" type="stmt"/>
        <line num="91" count="12" type="stmt"/>
        <line num="99" count="9" type="stmt"/>
        <line num="101" count="9" type="stmt"/>
        <line num="102" count="8" type="stmt"/>
        <line num="105" count="8" type="cond" truecount="4" falsecount="0"/>
        <line num="106" count="1" type="stmt"/>
        <line num="107" count="1" type="cond" truecount="1" falsecount="1"/>
        <line num="108" count="1" type="stmt"/>
        <line num="113" count="8" type="stmt"/>
        <line num="114" count="8" type="stmt"/>
        <line num="118" count="9" type="stmt"/>
        <line num="125" count="6" type="stmt"/>
        <line num="126" count="6" type="stmt"/>
      </file>
      <file name="haptic.ts" path="/workspaces/nimbus-cannabis-mobile/src/utils/haptic.ts">
        <metrics statements="6" coveredstatements="6" conditionals="0" coveredconditionals="0" methods="6" coveredmethods="6"/>
        <line num="5" count="17" type="stmt"/>
        <line num="8" count="17" type="stmt"/>
        <line num="11" count="17" type="stmt"/>
        <line num="14" count="17" type="stmt"/>
        <line num="15" count="17" type="stmt"/>
        <line num="16" count="17" type="stmt"/>
      </file>
      <file name="i18n.ts" path="/workspaces/nimbus-cannabis-mobile/src/utils/i18n.ts">
        <metrics statements="7" coveredstatements="7" conditionals="6" coveredconditionals="4" methods="2" coveredmethods="2"/>
        <line num="3" count="1" type="stmt"/>
        <line num="18" count="1" type="cond" truecount="1" falsecount="1"/>
        <line num="20" count="1" type="stmt"/>
        <line num="21" count="10" type="stmt"/>
        <line num="24" count="1" type="stmt"/>
        <line num="31" count="11" type="cond" truecount="2" falsecount="0"/>
        <line num="32" count="11" type="cond" truecount="1" falsecount="1"/>
      </file>
      <file name="progress.ts" path="/workspaces/nimbus-cannabis-mobile/src/utils/progress.ts">
        <metrics statements="1" coveredstatements="1" conditionals="0" coveredconditionals="0" methods="1" coveredmethods="1"/>
        <line num="2" count="18" type="stmt"/>
      </file>
      <file name="secureStorage.ts" path="/workspaces/nimbus-cannabis-mobile/src/utils/secureStorage.ts">
        <metrics statements="11" coveredstatements="11" conditionals="2" coveredconditionals="2" methods="3" coveredmethods="3"/>
        <line num="5" count="2" type="stmt"/>
        <line num="6" count="2" type="stmt"/>
        <line num="8" count="1" type="stmt"/>
        <line num="13" count="81" type="stmt"/>
        <line num="14" count="81" type="stmt"/>
        <line num="15" count="80" type="cond" truecount="2" falsecount="0"/>
        <line num="16" count="79" type="stmt"/>
        <line num="18" count="1" type="stmt"/>
        <line num="23" count="2" type="stmt"/>
        <line num="24" count="2" type="stmt"/>
        <line num="26" count="1" type="stmt"/>
      </file>
      <file name="toast.ts" path="/workspaces/nimbus-cannabis-mobile/src/utils/toast.ts">
        <metrics statements="1" coveredstatements="1" conditionals="0" coveredconditionals="0" methods="1" coveredmethods="1"/>
        <line num="4" count="7" type="stmt"/>
      </file>
    </package>
  </project>
</coverage>
