{"/workspaces/jars-cannabis-mobile-app/src/@types/declarations.d.ts": {"path":"/workspaces/jars-cannabis-mobile-app/src/@types/declarations.d.ts","statementMap":{},"fnMap":{},"branchMap":{},"s":{},"f":{},"b":{}}
,"/workspaces/jars-cannabis-mobile-app/src/@types/external.d.ts": {"path":"/workspaces/jars-cannabis-mobile-app/src/@types/external.d.ts","statementMap":{},"fnMap":{},"branchMap":{},"s":{},"f":{},"b":{}}
,"/workspaces/jars-cannabis-mobile-app/src/@types/jars.ts": {"path":"/workspaces/jars-cannabis-mobile-app/src/@types/jars.ts","statementMap":{},"fnMap":{},"branchMap":{},"s":{},"f":{},"b":{}}
,"/workspaces/jars-cannabis-mobile-app/src/@types/nativewind.d.ts": {"path":"/workspaces/jars-cannabis-mobile-app/src/@types/nativewind.d.ts","statementMap":{},"fnMap":{},"branchMap":{},"s":{},"f":{},"b":{}}
,"/workspaces/jars-cannabis-mobile-app/src/@types/personalization.ts": {"path":"/workspaces/jars-cannabis-mobile-app/src/@types/personalization.ts","statementMap":{},"fnMap":{},"branchMap":{},"s":{},"f":{},"b":{}}
,"/workspaces/jars-cannabis-mobile-app/src/@types/store.ts": {"path":"/workspaces/jars-cannabis-mobile-app/src/@types/store.ts","statementMap":{},"fnMap":{},"branchMap":{},"s":{},"f":{},"b":{}}
,"/workspaces/jars-cannabis-mobile-app/src/@types/terpene.ts": {"path":"/workspaces/jars-cannabis-mobile-app/src/@types/terpene.ts","statementMap":{},"fnMap":{},"branchMap":{},"s":{},"f":{},"b":{}}
,"/workspaces/jars-cannabis-mobile-app/src/__examples__/animations/bottom_sheet.tsx": {"path":"/workspaces/jars-cannabis-mobile-app/src/__examples__/animations/bottom_sheet.tsx","statementMap":{"0":{"start":{"line":9,"column":15},"end":{"line":13,"column":1}},"1":{"start":{"line":15,"column":34},"end":{"line":22,"column":1}},"2":{"start":{"line":16,"column":2},"end":{"line":21,"column":5}}},"fnMap":{"0":{"name":"(anonymous_0)","decl":{"start":{"line":15,"column":34},"end":{"line":15,"column":35}},"loc":{"start":{"line":16,"column":2},"end":{"line":21,"column":5}},"line":16}},"branchMap":{},"s":{"0":0,"1":0,"2":0},"f":{"0":0},"b":{}}
,"/workspaces/jars-cannabis-mobile-app/src/__examples__/animations/wave_animation.tsx": {"path":"/workspaces/jars-cannabis-mobile-app/src/__examples__/animations/wave_animation.tsx","statementMap":{"0":{"start":{"line":6,"column":22},"end":{"line":6,"column":39}},"1":{"start":{"line":7,"column":20},"end":{"line":7,"column":37}},"2":{"start":{"line":9,"column":2},"end":{"line":12,"column":9}},"3":{"start":{"line":10,"column":4},"end":{"line":10,"column":57}},"4":{"start":{"line":11,"column":4},"end":{"line":11,"column":57}},"5":{"start":{"line":14,"column":24},"end":{"line":17,"column":5}},"6":{"start":{"line":14,"column":48},"end":{"line":17,"column":3}},"7":{"start":{"line":19,"column":2},"end":{"line":23,"column":4}},"8":{"start":{"line":26,"column":15},"end":{"line":33,"column":2}}},"fnMap":{"0":{"name":"WaveAnimation","decl":{"start":{"line":5,"column":24},"end":{"line":5,"column":37}},"loc":{"start":{"line":5,"column":40},"end":{"line":24,"column":1}},"line":5},"1":{"name":"(anonymous_1)","decl":{"start":{"line":9,"column":12},"end":{"line":9,"column":13}},"loc":{"start":{"line":9,"column":18},"end":{"line":12,"column":3}},"line":9},"2":{"name":"(anonymous_2)","decl":{"start":{"line":14,"column":41},"end":{"line":14,"column":42}},"loc":{"start":{"line":14,"column":48},"end":{"line":17,"column":3}},"line":14}},"branchMap":{},"s":{"0":0,"1":0,"2":0,"3":0,"4":0,"5":0,"6":0,"7":0,"8":0},"f":{"0":0,"1":0,"2":0},"b":{}}
,"/workspaces/jars-cannabis-mobile-app/src/api/cmsClient.ts": {"path":"/workspaces/jars-cannabis-mobile-app/src/api/cmsClient.ts","statementMap":{"0":{"start":{"line":5,"column":25},"end":{"line":8,"column":2}}},"fnMap":{},"branchMap":{},"s":{"0":0},"f":{},"b":{}}
,"/workspaces/jars-cannabis-mobile-app/src/api/phase4Client.ts": {"path":"/workspaces/jars-cannabis-mobile-app/src/api/phase4Client.ts","statementMap":{"0":{"start":{"line":7,"column":17},"end":{"line":7,"column":29}},"1":{"start":{"line":10,"column":17},"end":{"line":13,"column":4}},"2":{"start":{"line":15,"column":2},"end":{"line":24,"column":4}},"3":{"start":{"line":17,"column":20},"end":{"line":17,"column":40}},"4":{"start":{"line":18,"column":6},"end":{"line":20,"column":7}},"5":{"start":{"line":19,"column":8},"end":{"line":19,"column":66}},"6":{"start":{"line":21,"column":6},"end":{"line":21,"column":20}},"7":{"start":{"line":23,"column":13},"end":{"line":23,"column":34}},"8":{"start":{"line":26,"column":2},"end":{"line":26,"column":16}},"9":{"start":{"line":29,"column":28},"end":{"line":29,"column":48}},"10":{"start":{"line":32,"column":14},"end":{"line":34,"column":3}},"11":{"start":{"line":35,"column":2},"end":{"line":35,"column":18}},"12":{"start":{"line":39,"column":14},"end":{"line":41,"column":3}},"13":{"start":{"line":42,"column":2},"end":{"line":42,"column":18}},"14":{"start":{"line":46,"column":14},"end":{"line":46,"column":80}},"15":{"start":{"line":47,"column":2},"end":{"line":47,"column":18}},"16":{"start":{"line":51,"column":14},"end":{"line":51,"column":55}},"17":{"start":{"line":52,"column":2},"end":{"line":52,"column":18}},"18":{"start":{"line":56,"column":14},"end":{"line":56,"column":55}},"19":{"start":{"line":57,"column":2},"end":{"line":57,"column":18}},"20":{"start":{"line":61,"column":14},"end":{"line":61,"column":65}},"21":{"start":{"line":62,"column":2},"end":{"line":62,"column":18}},"22":{"start":{"line":66,"column":14},"end":{"line":66,"column":56}},"23":{"start":{"line":67,"column":2},"end":{"line":67,"column":18}},"24":{"start":{"line":76,"column":14},"end":{"line":76,"column":66}},"25":{"start":{"line":77,"column":2},"end":{"line":77,"column":18}},"26":{"start":{"line":81,"column":14},"end":{"line":81,"column":71}},"27":{"start":{"line":82,"column":2},"end":{"line":82,"column":18}},"28":{"start":{"line":86,"column":14},"end":{"line":86,"column":60}},"29":{"start":{"line":87,"column":2},"end":{"line":87,"column":18}},"30":{"start":{"line":91,"column":14},"end":{"line":91,"column":69}},"31":{"start":{"line":92,"column":2},"end":{"line":92,"column":18}},"32":{"start":{"line":96,"column":14},"end":{"line":96,"column":54}},"33":{"start":{"line":97,"column":2},"end":{"line":97,"column":18}}},"fnMap":{"0":{"name":"createPhase4Client","decl":{"start":{"line":9,"column":9},"end":{"line":9,"column":27}},"loc":{"start":{"line":9,"column":45},"end":{"line":27,"column":1}},"line":9},"1":{"name":"(anonymous_1)","decl":{"start":{"line":16,"column":4},"end":{"line":16,"column":5}},"loc":{"start":{"line":16,"column":50},"end":{"line":22,"column":5}},"line":16},"2":{"name":"(anonymous_2)","decl":{"start":{"line":23,"column":4},"end":{"line":23,"column":5}},"loc":{"start":{"line":23,"column":13},"end":{"line":23,"column":34}},"line":23},"3":{"name":"getForYou","decl":{"start":{"line":31,"column":22},"end":{"line":31,"column":31}},"loc":{"start":{"line":31,"column":50},"end":{"line":36,"column":1}},"line":31},"4":{"name":"getRelated","decl":{"start":{"line":38,"column":22},"end":{"line":38,"column":32}},"loc":{"start":{"line":38,"column":70},"end":{"line":43,"column":1}},"line":38},"5":{"name":"postReview","decl":{"start":{"line":45,"column":22},"end":{"line":45,"column":32}},"loc":{"start":{"line":45,"column":96},"end":{"line":48,"column":1}},"line":45},"6":{"name":"getLoyaltyStatus","decl":{"start":{"line":50,"column":22},"end":{"line":50,"column":38}},"loc":{"start":{"line":50,"column":41},"end":{"line":53,"column":1}},"line":50},"7":{"name":"getLoyaltyBadges","decl":{"start":{"line":55,"column":22},"end":{"line":55,"column":38}},"loc":{"start":{"line":55,"column":41},"end":{"line":58,"column":1}},"line":55},"8":{"name":"conciergeChat","decl":{"start":{"line":60,"column":22},"end":{"line":60,"column":35}},"loc":{"start":{"line":60,"column":83},"end":{"line":63,"column":1}},"line":60},"9":{"name":"getJournal","decl":{"start":{"line":65,"column":22},"end":{"line":65,"column":32}},"loc":{"start":{"line":65,"column":35},"end":{"line":68,"column":1}},"line":65},"10":{"name":"addJournal","decl":{"start":{"line":70,"column":22},"end":{"line":70,"column":32}},"loc":{"start":{"line":75,"column":3},"end":{"line":78,"column":1}},"line":75},"11":{"name":"updateJournal","decl":{"start":{"line":80,"column":22},"end":{"line":80,"column":35}},"loc":{"start":{"line":80,"column":62},"end":{"line":83,"column":1}},"line":80},"12":{"name":"getPrefs","decl":{"start":{"line":85,"column":22},"end":{"line":85,"column":30}},"loc":{"start":{"line":85,"column":33},"end":{"line":88,"column":1}},"line":85},"13":{"name":"updatePrefs","decl":{"start":{"line":90,"column":22},"end":{"line":90,"column":33}},"loc":{"start":{"line":90,"column":48},"end":{"line":93,"column":1}},"line":90},"14":{"name":"getAwardsStatus","decl":{"start":{"line":95,"column":22},"end":{"line":95,"column":37}},"loc":{"start":{"line":95,"column":40},"end":{"line":98,"column":1}},"line":95}},"branchMap":{"0":{"loc":{"start":{"line":18,"column":6},"end":{"line":20,"column":7}},"type":"if","locations":[{"start":{"line":18,"column":6},"end":{"line":20,"column":7}},{"start":{},"end":{}}],"line":18},"1":{"loc":{"start":{"line":18,"column":10},"end":{"line":18,"column":33}},"type":"binary-expr","locations":[{"start":{"line":18,"column":10},"end":{"line":18,"column":15}},{"start":{"line":18,"column":19},"end":{"line":18,"column":33}}],"line":18},"2":{"loc":{"start":{"line":33,"column":31},"end":{"line":33,"column":67}},"type":"cond-expr","locations":[{"start":{"line":33,"column":41},"end":{"line":33,"column":62}},{"start":{"line":33,"column":65},"end":{"line":33,"column":67}}],"line":33},"3":{"loc":{"start":{"line":40,"column":44},"end":{"line":40,"column":80}},"type":"cond-expr","locations":[{"start":{"line":40,"column":54},"end":{"line":40,"column":75}},{"start":{"line":40,"column":78},"end":{"line":40,"column":80}}],"line":40}},"s":{"0":7,"1":7,"2":7,"3":0,"4":0,"5":0,"6":0,"7":0,"8":7,"9":7,"10":0,"11":0,"12":0,"13":0,"14":0,"15":0,"16":0,"17":0,"18":0,"19":0,"20":0,"21":0,"22":0,"23":0,"24":0,"25":0,"26":0,"27":0,"28":0,"29":0,"30":0,"31":0,"32":0,"33":0},"f":{"0":7,"1":0,"2":0,"3":0,"4":0,"5":0,"6":0,"7":0,"8":0,"9":0,"10":0,"11":0,"12":0,"13":0,"14":0},"b":{"0":[0,0],"1":[0,0],"2":[0,0],"3":[0,0]},"_coverageSchema":"1a1c01bbd47fc00a2c39e90264f33305004495a9","hash":"cc624537b85eb5fe444ff514ceb4a59d3c13468e"}
,"/workspaces/jars-cannabis-mobile-app/src/api/stripe.ts": {"path":"/workspaces/jars-cannabis-mobile-app/src/api/stripe.ts","statementMap":{"0":{"start":{"line":6,"column":16},"end":{"line":6,"column":28}},"1":{"start":{"line":15,"column":14},"end":{"line":19,"column":4}},"2":{"start":{"line":21,"column":2},"end":{"line":23,"column":3}},"3":{"start":{"line":22,"column":4},"end":{"line":22,"column":57}},"4":{"start":{"line":25,"column":2},"end":{"line":25,"column":20}}},"fnMap":{"0":{"name":"fetchPaymentSheetParams","decl":{"start":{"line":14,"column":22},"end":{"line":14,"column":45}},"loc":{"start":{"line":14,"column":77},"end":{"line":26,"column":1}},"line":14}},"branchMap":{"0":{"loc":{"start":{"line":21,"column":2},"end":{"line":23,"column":3}},"type":"if","locations":[{"start":{"line":21,"column":2},"end":{"line":23,"column":3}},{"start":{},"end":{}}],"line":21}},"s":{"0":0,"1":0,"2":0,"3":0,"4":0},"f":{"0":0},"b":{"0":[0,0]}}
,"/workspaces/jars-cannabis-mobile-app/src/api/hooks/useDataCategories.ts": {"path":"/workspaces/jars-cannabis-mobile-app/src/api/hooks/useDataCategories.ts","statementMap":{"0":{"start":{"line":11,"column":14},"end":{"line":11,"column":64}},"1":{"start":{"line":12,"column":2},"end":{"line":12,"column":18}},"2":{"start":{"line":16,"column":2},"end":{"line":20,"column":5}}},"fnMap":{"0":{"name":"fetchCategories","decl":{"start":{"line":10,"column":15},"end":{"line":10,"column":30}},"loc":{"start":{"line":10,"column":58},"end":{"line":13,"column":1}},"line":10},"1":{"name":"useDataCategories","decl":{"start":{"line":15,"column":16},"end":{"line":15,"column":33}},"loc":{"start":{"line":15,"column":36},"end":{"line":21,"column":1}},"line":15}},"branchMap":{},"s":{"0":2,"1":1,"2":4},"f":{"0":2,"1":4},"b":{},"_coverageSchema":"1a1c01bbd47fc00a2c39e90264f33305004495a9","hash":"36580c711200cc467abb3d1b04fd404a2e10fb93"}
,"/workspaces/jars-cannabis-mobile-app/src/api/hooks/useLoyaltyStatus.ts": {"path":"/workspaces/jars-cannabis-mobile-app/src/api/hooks/useLoyaltyStatus.ts","statementMap":{"0":{"start":{"line":11,"column":14},"end":{"line":11,"column":55}},"1":{"start":{"line":12,"column":12},"end":{"line":12,"column":26}},"2":{"start":{"line":14,"column":2},"end":{"line":17,"column":21}},"3":{"start":{"line":21,"column":2},"end":{"line":25,"column":5}}},"fnMap":{"0":{"name":"fetchLoyalty","decl":{"start":{"line":10,"column":15},"end":{"line":10,"column":27}},"loc":{"start":{"line":10,"column":54},"end":{"line":18,"column":1}},"line":10},"1":{"name":"useLoyaltyStatus","decl":{"start":{"line":20,"column":16},"end":{"line":20,"column":32}},"loc":{"start":{"line":20,"column":35},"end":{"line":26,"column":1}},"line":20}},"branchMap":{"0":{"loc":{"start":{"line":12,"column":12},"end":{"line":12,"column":26}},"type":"binary-expr","locations":[{"start":{"line":12,"column":12},"end":{"line":12,"column":20}},{"start":{"line":12,"column":24},"end":{"line":12,"column":26}}],"line":12},"1":{"loc":{"start":{"line":15,"column":12},"end":{"line":15,"column":38}},"type":"binary-expr","locations":[{"start":{"line":15,"column":12},"end":{"line":15,"column":20}},{"start":{"line":15,"column":24},"end":{"line":15,"column":33}},{"start":{"line":15,"column":37},"end":{"line":15,"column":38}}],"line":15},"2":{"loc":{"start":{"line":16,"column":11},"end":{"line":16,"column":40}},"type":"binary-expr","locations":[{"start":{"line":16,"column":11},"end":{"line":16,"column":18}},{"start":{"line":16,"column":22},"end":{"line":16,"column":28}},{"start":{"line":16,"column":32},"end":{"line":16,"column":40}}],"line":16}},"s":{"0":2,"1":1,"2":1,"3":4},"f":{"0":2,"1":4},"b":{"0":[1,0],"1":[1,0,0],"2":[1,0,0]},"_coverageSchema":"1a1c01bbd47fc00a2c39e90264f33305004495a9","hash":"484e8497abdcea3b6409b275014250595ebd5214"}
,"/workspaces/jars-cannabis-mobile-app/src/api/hooks/usePrivacyPreferences.ts": {"path":"/workspaces/jars-cannabis-mobile-app/src/api/hooks/usePrivacyPreferences.ts","statementMap":{"0":{"start":{"line":11,"column":14},"end":{"line":11,"column":60}},"1":{"start":{"line":12,"column":2},"end":{"line":12,"column":18}},"2":{"start":{"line":16,"column":14},"end":{"line":16,"column":69}},"3":{"start":{"line":17,"column":2},"end":{"line":17,"column":18}},"4":{"start":{"line":21,"column":22},"end":{"line":21,"column":38}},"5":{"start":{"line":22,"column":16},"end":{"line":25,"column":4}},"6":{"start":{"line":27,"column":19},"end":{"line":35,"column":4}},"7":{"start":{"line":30,"column":6},"end":{"line":30,"column":75}},"8":{"start":{"line":33,"column":6},"end":{"line":33,"column":36}},"9":{"start":{"line":37,"column":2},"end":{"line":37,"column":58}}},"fnMap":{"0":{"name":"fetchPrefs","decl":{"start":{"line":10,"column":15},"end":{"line":10,"column":25}},"loc":{"start":{"line":10,"column":57},"end":{"line":13,"column":1}},"line":10},"1":{"name":"updatePrefs","decl":{"start":{"line":15,"column":15},"end":{"line":15,"column":26}},"loc":{"start":{"line":15,"column":56},"end":{"line":18,"column":1}},"line":15},"2":{"name":"usePrivacyPreferences","decl":{"start":{"line":20,"column":16},"end":{"line":20,"column":37}},"loc":{"start":{"line":20,"column":40},"end":{"line":38,"column":1}},"line":20},"3":{"name":"(anonymous_3)","decl":{"start":{"line":29,"column":15},"end":{"line":29,"column":16}},"loc":{"start":{"line":29,"column":21},"end":{"line":31,"column":5}},"line":29},"4":{"name":"(anonymous_4)","decl":{"start":{"line":32,"column":13},"end":{"line":32,"column":14}},"loc":{"start":{"line":32,"column":20},"end":{"line":34,"column":5}},"line":32}},"branchMap":{},"s":{"0":3,"1":3,"2":2,"3":1,"4":4,"5":4,"6":4,"7":1,"8":1,"9":4},"f":{"0":3,"1":2,"2":4,"3":1,"4":1},"b":{},"_coverageSchema":"1a1c01bbd47fc00a2c39e90264f33305004495a9","hash":"a68a00b90a9a872916e1142266572dd5058188f1"}
,"/workspaces/jars-cannabis-mobile-app/src/api/hooks/useRedeemReward.ts": {"path":"/workspaces/jars-cannabis-mobile-app/src/api/hooks/useRedeemReward.ts","statementMap":{"0":{"start":{"line":12,"column":2},"end":{"line":12,"column":58}},"1":{"start":{"line":16,"column":22},"end":{"line":16,"column":38}},"2":{"start":{"line":18,"column":29},"end":{"line":28,"column":3}},"3":{"start":{"line":21,"column":4},"end":{"line":21,"column":69}},"4":{"start":{"line":22,"column":21},"end":{"line":22,"column":64}},"5":{"start":{"line":23,"column":4},"end":{"line":26,"column":7}},"6":{"start":{"line":24,"column":6},"end":{"line":24,"column":27}},"7":{"start":{"line":24,"column":16},"end":{"line":24,"column":27}},"8":{"start":{"line":25,"column":6},"end":{"line":25,"column":60}},"9":{"start":{"line":27,"column":4},"end":{"line":27,"column":24}},"10":{"start":{"line":30,"column":19},"end":{"line":35,"column":3}},"11":{"start":{"line":31,"column":4},"end":{"line":33,"column":5}},"12":{"start":{"line":32,"column":6},"end":{"line":32,"column":68}},"13":{"start":{"line":34,"column":4},"end":{"line":34,"column":23}},"14":{"start":{"line":37,"column":2},"end":{"line":44,"column":5}},"15":{"start":{"line":42,"column":6},"end":{"line":42,"column":69}}},"fnMap":{"0":{"name":"redeemReward","decl":{"start":{"line":11,"column":15},"end":{"line":11,"column":27}},"loc":{"start":{"line":11,"column":51},"end":{"line":13,"column":1}},"line":11},"1":{"name":"useRedeemReward","decl":{"start":{"line":15,"column":16},"end":{"line":15,"column":31}},"loc":{"start":{"line":15,"column":34},"end":{"line":45,"column":1}},"line":15},"2":{"name":"(anonymous_2)","decl":{"start":{"line":18,"column":29},"end":{"line":18,"column":30}},"loc":{"start":{"line":20,"column":47},"end":{"line":28,"column":3}},"line":20},"3":{"name":"(anonymous_3)","decl":{"start":{"line":23,"column":48},"end":{"line":23,"column":49}},"loc":{"start":{"line":23,"column":62},"end":{"line":26,"column":5}},"line":23},"4":{"name":"(anonymous_4)","decl":{"start":{"line":30,"column":19},"end":{"line":30,"column":20}},"loc":{"start":{"line":30,"column":89},"end":{"line":35,"column":3}},"line":30},"5":{"name":"(anonymous_5)","decl":{"start":{"line":41,"column":15},"end":{"line":41,"column":16}},"loc":{"start":{"line":41,"column":21},"end":{"line":43,"column":5}},"line":41}},"branchMap":{"0":{"loc":{"start":{"line":24,"column":6},"end":{"line":24,"column":27}},"type":"if","locations":[{"start":{"line":24,"column":6},"end":{"line":24,"column":27}},{"start":{},"end":{}}],"line":24},"1":{"loc":{"start":{"line":31,"column":4},"end":{"line":33,"column":5}},"type":"if","locations":[{"start":{"line":31,"column":4},"end":{"line":33,"column":5}},{"start":{},"end":{}}],"line":31}},"s":{"0":2,"1":4,"2":4,"3":2,"4":2,"5":2,"6":2,"7":2,"8":0,"9":2,"10":4,"11":1,"12":0,"13":1,"14":4,"15":2},"f":{"0":2,"1":4,"2":2,"3":2,"4":1,"5":2},"b":{"0":[2,0],"1":[0,1]},"_coverageSchema":"1a1c01bbd47fc00a2c39e90264f33305004495a9","hash":"76783fac44eea93ffbe43e2e099a0ef6f6aa28aa"}
,"/workspaces/jars-cannabis-mobile-app/src/api/hooks/useUpdateUserProfile.ts": {"path":"/workspaces/jars-cannabis-mobile-app/src/api/hooks/useUpdateUserProfile.ts","statementMap":{"0":{"start":{"line":7,"column":14},"end":{"line":7,"column":57}},"1":{"start":{"line":8,"column":2},"end":{"line":8,"column":18}},"2":{"start":{"line":12,"column":22},"end":{"line":12,"column":38}},"3":{"start":{"line":14,"column":2},"end":{"line":22,"column":5}},"4":{"start":{"line":17,"column":6},"end":{"line":17,"column":63}},"5":{"start":{"line":20,"column":6},"end":{"line":20,"column":36}}},"fnMap":{"0":{"name":"updateProfile","decl":{"start":{"line":6,"column":15},"end":{"line":6,"column":28}},"loc":{"start":{"line":6,"column":43},"end":{"line":9,"column":1}},"line":6},"1":{"name":"useUpdateUserProfile","decl":{"start":{"line":11,"column":16},"end":{"line":11,"column":36}},"loc":{"start":{"line":11,"column":39},"end":{"line":23,"column":1}},"line":11},"2":{"name":"(anonymous_2)","decl":{"start":{"line":16,"column":15},"end":{"line":16,"column":16}},"loc":{"start":{"line":16,"column":21},"end":{"line":18,"column":5}},"line":16},"3":{"name":"(anonymous_3)","decl":{"start":{"line":19,"column":13},"end":{"line":19,"column":14}},"loc":{"start":{"line":19,"column":20},"end":{"line":21,"column":5}},"line":19}},"branchMap":{},"s":{"0":2,"1":1,"2":4,"3":4,"4":1,"5":1},"f":{"0":2,"1":4,"2":1,"3":1},"b":{},"_coverageSchema":"1a1c01bbd47fc00a2c39e90264f33305004495a9","hash":"df77cbc9bb451e8ba3ce81fb1d7b0598e02f41c4"}
,"/workspaces/jars-cannabis-mobile-app/src/api/hooks/useUserProfile.ts": {"path":"/workspaces/jars-cannabis-mobile-app/src/api/hooks/useUserProfile.ts","statementMap":{"0":{"start":{"line":14,"column":14},"end":{"line":14,"column":48}},"1":{"start":{"line":15,"column":2},"end":{"line":15,"column":18}},"2":{"start":{"line":19,"column":2},"end":{"line":25,"column":12}},"3":{"start":{"line":24,"column":29},"end":{"line":24,"column":86}}},"fnMap":{"0":{"name":"fetchProfile","decl":{"start":{"line":13,"column":15},"end":{"line":13,"column":27}},"loc":{"start":{"line":13,"column":52},"end":{"line":16,"column":1}},"line":13},"1":{"name":"useUserProfile","decl":{"start":{"line":18,"column":16},"end":{"line":18,"column":30}},"loc":{"start":{"line":18,"column":33},"end":{"line":26,"column":1}},"line":18},"2":{"name":"(anonymous_2)","decl":{"start":{"line":24,"column":13},"end":{"line":24,"column":14}},"loc":{"start":{"line":24,"column":29},"end":{"line":24,"column":86}},"line":24}},"branchMap":{},"s":{"0":0,"1":0,"2":0,"3":0},"f":{"0":0,"1":0,"2":0},"b":{}}
,"/workspaces/jars-cannabis-mobile-app/src/clients/authClient.ts": {"path":"/workspaces/jars-cannabis-mobile-app/src/clients/authClient.ts","statementMap":{"0":{"start":{"line":5,"column":17},"end":{"line":5,"column":29}},"1":{"start":{"line":7,"column":26},"end":{"line":10,"column":2}},"2":{"start":{"line":13,"column":2},"end":{"line":13,"column":61}}},"fnMap":{"0":{"name":"requestPasswordReset","decl":{"start":{"line":12,"column":16},"end":{"line":12,"column":36}},"loc":{"start":{"line":12,"column":52},"end":{"line":14,"column":1}},"line":12}},"branchMap":{},"s":{"0":0,"1":0,"2":0},"f":{"0":0},"b":{}}
,"/workspaces/jars-cannabis-mobile-app/src/clients/orderClient.ts": {"path":"/workspaces/jars-cannabis-mobile-app/src/clients/orderClient.ts","statementMap":{"0":{"start":{"line":7,"column":17},"end":{"line":7,"column":29}},"1":{"start":{"line":10,"column":17},"end":{"line":13,"column":4}},"2":{"start":{"line":15,"column":2},"end":{"line":24,"column":4}},"3":{"start":{"line":17,"column":20},"end":{"line":17,"column":40}},"4":{"start":{"line":18,"column":6},"end":{"line":20,"column":7}},"5":{"start":{"line":19,"column":8},"end":{"line":19,"column":66}},"6":{"start":{"line":21,"column":6},"end":{"line":21,"column":20}},"7":{"start":{"line":23,"column":13},"end":{"line":23,"column":34}},"8":{"start":{"line":26,"column":2},"end":{"line":26,"column":16}},"9":{"start":{"line":29,"column":27},"end":{"line":29,"column":46}},"10":{"start":{"line":32,"column":14},"end":{"line":32,"column":84}},"11":{"start":{"line":33,"column":2},"end":{"line":33,"column":18}}},"fnMap":{"0":{"name":"createOrderClient","decl":{"start":{"line":9,"column":9},"end":{"line":9,"column":26}},"loc":{"start":{"line":9,"column":44},"end":{"line":27,"column":1}},"line":9},"1":{"name":"(anonymous_1)","decl":{"start":{"line":16,"column":4},"end":{"line":16,"column":5}},"loc":{"start":{"line":16,"column":50},"end":{"line":22,"column":5}},"line":16},"2":{"name":"(anonymous_2)","decl":{"start":{"line":23,"column":4},"end":{"line":23,"column":5}},"loc":{"start":{"line":23,"column":13},"end":{"line":23,"column":34}},"line":23},"3":{"name":"fetchOrders","decl":{"start":{"line":31,"column":22},"end":{"line":31,"column":33}},"loc":{"start":{"line":31,"column":69},"end":{"line":34,"column":1}},"line":31}},"branchMap":{"0":{"loc":{"start":{"line":18,"column":6},"end":{"line":20,"column":7}},"type":"if","locations":[{"start":{"line":18,"column":6},"end":{"line":20,"column":7}},{"start":{},"end":{}}],"line":18},"1":{"loc":{"start":{"line":18,"column":10},"end":{"line":18,"column":33}},"type":"binary-expr","locations":[{"start":{"line":18,"column":10},"end":{"line":18,"column":15}},{"start":{"line":18,"column":19},"end":{"line":18,"column":33}}],"line":18},"2":{"loc":{"start":{"line":31,"column":34},"end":{"line":31,"column":42}},"type":"default-arg","locations":[{"start":{"line":31,"column":41},"end":{"line":31,"column":42}}],"line":31}},"s":{"0":1,"1":1,"2":1,"3":0,"4":0,"5":0,"6":0,"7":0,"8":1,"9":1,"10":0,"11":0},"f":{"0":1,"1":0,"2":0,"3":0},"b":{"0":[0,0],"1":[0,0],"2":[0]},"_coverageSchema":"1a1c01bbd47fc00a2c39e90264f33305004495a9","hash":"d831b659749be8664148f5a6c9d2f8fe04986349"}
,"/workspaces/jars-cannabis-mobile-app/src/clients/paymentClient.ts": {"path":"/workspaces/jars-cannabis-mobile-app/src/clients/paymentClient.ts","statementMap":{"0":{"start":{"line":4,"column":17},"end":{"line":4,"column":29}},"1":{"start":{"line":14,"column":16},"end":{"line":14,"column":36}},"2":{"start":{"line":15,"column":18},"end":{"line":19,"column":3}},"3":{"start":{"line":21,"column":14},"end":{"line":21,"column":72}},"4":{"start":{"line":22,"column":2},"end":{"line":24,"column":3}},"5":{"start":{"line":23,"column":4},"end":{"line":23,"column":38}},"6":{"start":{"line":25,"column":2},"end":{"line":25,"column":20}},"7":{"start":{"line":29,"column":2},"end":{"line":29,"column":90}},"8":{"start":{"line":33,"column":2},"end":{"line":33,"column":95}}},"fnMap":{"0":{"name":"authFetch","decl":{"start":{"line":13,"column":15},"end":{"line":13,"column":24}},"loc":{"start":{"line":13,"column":61},"end":{"line":26,"column":1}},"line":13},"1":{"name":"addPaymentMethod","decl":{"start":{"line":28,"column":22},"end":{"line":28,"column":38}},"loc":{"start":{"line":28,"column":64},"end":{"line":30,"column":1}},"line":28},"2":{"name":"updatePaymentMethod","decl":{"start":{"line":32,"column":22},"end":{"line":32,"column":41}},"loc":{"start":{"line":32,"column":79},"end":{"line":34,"column":1}},"line":32}},"branchMap":{"0":{"loc":{"start":{"line":17,"column":8},"end":{"line":17,"column":29}},"type":"binary-expr","locations":[{"start":{"line":17,"column":8},"end":{"line":17,"column":23}},{"start":{"line":17,"column":27},"end":{"line":17,"column":29}}],"line":17},"1":{"loc":{"start":{"line":18,"column":8},"end":{"line":18,"column":57}},"type":"cond-expr","locations":[{"start":{"line":18,"column":16},"end":{"line":18,"column":52}},{"start":{"line":18,"column":55},"end":{"line":18,"column":57}}],"line":18},"2":{"loc":{"start":{"line":22,"column":2},"end":{"line":24,"column":3}},"type":"if","locations":[{"start":{"line":22,"column":2},"end":{"line":24,"column":3}},{"start":{},"end":{}}],"line":22}},"s":{"0":1,"1":0,"2":0,"3":0,"4":0,"5":0,"6":0,"7":0,"8":0},"f":{"0":0,"1":0,"2":0},"b":{"0":[0,0],"1":[0,0],"2":[0,0]},"_coverageSchema":"1a1c01bbd47fc00a2c39e90264f33305004495a9","hash":"aed710dbb532b444dfc7ed64b581ccd322d68a9e"}
,"/workspaces/jars-cannabis-mobile-app/src/components/ARButton.tsx": {"path":"/workspaces/jars-cannabis-mobile-app/src/components/ARButton.tsx","statementMap":{"0":{"start":{"line":7,"column":2},"end":{"line":12,"column":4}},"1":{"start":{"line":10,"column":21},"end":{"line":10,"column":78}}},"fnMap":{"0":{"name":"ARButton","decl":{"start":{"line":6,"column":24},"end":{"line":6,"column":32}},"loc":{"start":{"line":6,"column":71},"end":{"line":13,"column":1}},"line":6},"1":{"name":"(anonymous_1)","decl":{"start":{"line":10,"column":15},"end":{"line":10,"column":16}},"loc":{"start":{"line":10,"column":21},"end":{"line":10,"column":78}},"line":10}},"branchMap":{},"s":{"0":0,"1":0},"f":{"0":0,"1":0},"b":{}}
,"/workspaces/jars-cannabis-mobile-app/src/components/AnimatedBackgroundGradient.tsx": {"path":"/workspaces/jars-cannabis-mobile-app/src/components/AnimatedBackgroundGradient.tsx","statementMap":{"0":{"start":{"line":6,"column":2},"end":{"line":10,"column":4}},"1":{"start":{"line":13,"column":15},"end":{"line":15,"column":2}}},"fnMap":{"0":{"name":"AnimatedBackgroundGradient","decl":{"start":{"line":5,"column":24},"end":{"line":5,"column":50}},"loc":{"start":{"line":5,"column":96},"end":{"line":11,"column":1}},"line":5}},"branchMap":{},"s":{"0":0,"1":0},"f":{"0":0},"b":{}}
,"/workspaces/jars-cannabis-mobile-app/src/components/AnimatedPulseGlow.tsx": {"path":"/workspaces/jars-cannabis-mobile-app/src/components/AnimatedPulseGlow.tsx","statementMap":{"0":{"start":{"line":11,"column":16},"end":{"line":11,"column":33}},"1":{"start":{"line":12,"column":2},"end":{"line":14,"column":14}},"2":{"start":{"line":13,"column":4},"end":{"line":13,"column":76}},"3":{"start":{"line":15,"column":24},"end":{"line":18,"column":5}},"4":{"start":{"line":15,"column":48},"end":{"line":18,"column":3}},"5":{"start":{"line":19,"column":2},"end":{"line":19,"column":65}},"6":{"start":{"line":22,"column":15},"end":{"line":29,"column":2}}},"fnMap":{"0":{"name":"AnimatedPulseGlow","decl":{"start":{"line":10,"column":24},"end":{"line":10,"column":41}},"loc":{"start":{"line":10,"column":44},"end":{"line":20,"column":1}},"line":10},"1":{"name":"(anonymous_1)","decl":{"start":{"line":12,"column":18},"end":{"line":12,"column":19}},"loc":{"start":{"line":12,"column":24},"end":{"line":14,"column":3}},"line":12},"2":{"name":"(anonymous_2)","decl":{"start":{"line":15,"column":41},"end":{"line":15,"column":42}},"loc":{"start":{"line":15,"column":48},"end":{"line":18,"column":3}},"line":15}},"branchMap":{},"s":{"0":0,"1":0,"2":0,"3":0,"4":0,"5":0,"6":0},"f":{"0":0,"1":0,"2":0},"b":{}}
,"/workspaces/jars-cannabis-mobile-app/src/components/AnimatedShimmerOverlay.tsx": {"path":"/workspaces/jars-cannabis-mobile-app/src/components/AnimatedShimmerOverlay.tsx","statementMap":{"0":{"start":{"line":5,"column":21},"end":{"line":5,"column":67}},"1":{"start":{"line":7,"column":2},"end":{"line":16,"column":19}},"2":{"start":{"line":8,"column":4},"end":{"line":15,"column":14}},"3":{"start":{"line":18,"column":2},"end":{"line":20,"column":4}},"4":{"start":{"line":23,"column":15},"end":{"line":28,"column":2}}},"fnMap":{"0":{"name":"AnimatedShimmerOverlay","decl":{"start":{"line":4,"column":24},"end":{"line":4,"column":46}},"loc":{"start":{"line":4,"column":49},"end":{"line":21,"column":1}},"line":4},"1":{"name":"(anonymous_1)","decl":{"start":{"line":7,"column":18},"end":{"line":7,"column":19}},"loc":{"start":{"line":7,"column":24},"end":{"line":16,"column":3}},"line":7}},"branchMap":{},"s":{"0":0,"1":0,"2":0,"3":0,"4":0},"f":{"0":0,"1":0},"b":{}}
,"/workspaces/jars-cannabis-mobile-app/src/components/ArticlePreviewCard.tsx": {"path":"/workspaces/jars-cannabis-mobile-app/src/components/ArticlePreviewCard.tsx","statementMap":{"0":{"start":{"line":13,"column":18},"end":{"line":13,"column":51}},"1":{"start":{"line":14,"column":2},"end":{"line":30,"column":4}},"2":{"start":{"line":18,"column":8},"end":{"line":18,"column":22}},"3":{"start":{"line":19,"column":8},"end":{"line":19,"column":18}},"4":{"start":{"line":33,"column":15},"end":{"line":50,"column":2}}},"fnMap":{"0":{"name":"ArticlePreviewCard","decl":{"start":{"line":12,"column":24},"end":{"line":12,"column":42}},"loc":{"start":{"line":12,"column":72},"end":{"line":31,"column":1}},"line":12},"1":{"name":"(anonymous_1)","decl":{"start":{"line":17,"column":15},"end":{"line":17,"column":16}},"loc":{"start":{"line":17,"column":21},"end":{"line":20,"column":7}},"line":17}},"branchMap":{"0":{"loc":{"start":{"line":22,"column":7},"end":{"line":26,"column":7}},"type":"binary-expr","locations":[{"start":{"line":22,"column":7},"end":{"line":22,"column":24}},{"start":{"line":23,"column":8},"end":{"line":25,"column":15}}],"line":22}},"s":{"0":0,"1":0,"2":0,"3":0,"4":0},"f":{"0":0,"1":0},"b":{"0":[0,0]}}
,"/workspaces/jars-cannabis-mobile-app/src/components/ArticleSkeletonCard.tsx": {"path":"/workspaces/jars-cannabis-mobile-app/src/components/ArticleSkeletonCard.tsx","statementMap":{},"fnMap":{},"branchMap":{},"s":{},"f":{},"b":{}}
,"/workspaces/jars-cannabis-mobile-app/src/components/AudioPlayer.tsx": {"path":"/workspaces/jars-cannabis-mobile-app/src/components/AudioPlayer.tsx","statementMap":{"0":{"start":{"line":32,"column":2},"end":{"line":42,"column":48}},"1":{"start":{"line":34,"column":4},"end":{"line":36,"column":5}},"2":{"start":{"line":35,"column":6},"end":{"line":35,"column":56}},"3":{"start":{"line":39,"column":4},"end":{"line":41,"column":6}},"4":{"start":{"line":40,"column":6},"end":{"line":40,"column":27}},"5":{"start":{"line":44,"column":2},"end":{"line":50,"column":45}},"6":{"start":{"line":45,"column":4},"end":{"line":49,"column":5}},"7":{"start":{"line":46,"column":6},"end":{"line":46,"column":53}},"8":{"start":{"line":48,"column":6},"end":{"line":48,"column":27}},"9":{"start":{"line":53,"column":2},"end":{"line":53,"column":14}}},"fnMap":{"0":{"name":"AudioPlayer","decl":{"start":{"line":24,"column":24},"end":{"line":24,"column":35}},"loc":{"start":{"line":31,"column":21},"end":{"line":54,"column":1}},"line":31},"1":{"name":"(anonymous_1)","decl":{"start":{"line":32,"column":12},"end":{"line":32,"column":13}},"loc":{"start":{"line":32,"column":18},"end":{"line":42,"column":3}},"line":32},"2":{"name":"(anonymous_2)","decl":{"start":{"line":39,"column":11},"end":{"line":39,"column":12}},"loc":{"start":{"line":39,"column":17},"end":{"line":41,"column":5}},"line":39},"3":{"name":"(anonymous_3)","decl":{"start":{"line":44,"column":12},"end":{"line":44,"column":13}},"loc":{"start":{"line":44,"column":18},"end":{"line":50,"column":3}},"line":44}},"branchMap":{"0":{"loc":{"start":{"line":28,"column":2},"end":{"line":28,"column":14}},"type":"default-arg","locations":[{"start":{"line":28,"column":9},"end":{"line":28,"column":14}}],"line":28},"1":{"loc":{"start":{"line":29,"column":2},"end":{"line":29,"column":14}},"type":"default-arg","locations":[{"start":{"line":29,"column":11},"end":{"line":29,"column":14}}],"line":29},"2":{"loc":{"start":{"line":30,"column":2},"end":{"line":30,"column":16}},"type":"default-arg","locations":[{"start":{"line":30,"column":12},"end":{"line":30,"column":16}}],"line":30},"3":{"loc":{"start":{"line":34,"column":4},"end":{"line":36,"column":5}},"type":"if","locations":[{"start":{"line":34,"column":4},"end":{"line":36,"column":5}},{"start":{},"end":{}}],"line":34},"4":{"loc":{"start":{"line":45,"column":4},"end":{"line":49,"column":5}},"type":"if","locations":[{"start":{"line":45,"column":4},"end":{"line":49,"column":5}},{"start":{"line":47,"column":11},"end":{"line":49,"column":5}}],"line":45}},"s":{"0":9,"1":8,"2":7,"3":8,"4":8,"5":9,"6":9,"7":4,"8":5,"9":9},"f":{"0":9,"1":8,"2":8,"3":9},"b":{"0":[7],"1":[7],"2":[7],"3":[7,1],"4":[4,5]},"_coverageSchema":"1a1c01bbd47fc00a2c39e90264f33305004495a9","hash":"e8ec3c43f7c57a811fe8c110acf9f2b6df29e53d"}
,"/workspaces/jars-cannabis-mobile-app/src/components/BannerCarousel.tsx": {"path":"/workspaces/jars-cannabis-mobile-app/src/components/BannerCarousel.tsx","statementMap":{"0":{"start":{"line":15,"column":20},"end":{"line":15,"column":44}},"1":{"start":{"line":16,"column":2},"end":{"line":25,"column":16}},"2":{"start":{"line":17,"column":21},"end":{"line":23,"column":12}},"3":{"start":{"line":18,"column":6},"end":{"line":18,"column":61}},"4":{"start":{"line":18,"column":54},"end":{"line":18,"column":61}},"5":{"start":{"line":19,"column":6},"end":{"line":22,"column":9}},"6":{"start":{"line":24,"column":4},"end":{"line":24,"column":41}},"7":{"start":{"line":24,"column":17},"end":{"line":24,"column":40}},"8":{"start":{"line":27,"column":2},"end":{"line":49,"column":4}},"9":{"start":{"line":36,"column":8},"end":{"line":46,"column":20}},"10":{"start":{"line":39,"column":12},"end":{"line":39,"column":26}},"11":{"start":{"line":40,"column":12},"end":{"line":40,"column":25}},"12":{"start":{"line":52,"column":15},"end":{"line":57,"column":2}}},"fnMap":{"0":{"name":"BannerCarousel","decl":{"start":{"line":14,"column":24},"end":{"line":14,"column":38}},"loc":{"start":{"line":14,"column":68},"end":{"line":50,"column":1}},"line":14},"1":{"name":"(anonymous_1)","decl":{"start":{"line":16,"column":12},"end":{"line":16,"column":13}},"loc":{"start":{"line":16,"column":18},"end":{"line":25,"column":3}},"line":16},"2":{"name":"(anonymous_2)","decl":{"start":{"line":17,"column":33},"end":{"line":17,"column":34}},"loc":{"start":{"line":17,"column":39},"end":{"line":23,"column":5}},"line":17},"3":{"name":"(anonymous_3)","decl":{"start":{"line":24,"column":11},"end":{"line":24,"column":12}},"loc":{"start":{"line":24,"column":17},"end":{"line":24,"column":40}},"line":24},"4":{"name":"(anonymous_4)","decl":{"start":{"line":35,"column":19},"end":{"line":35,"column":20}},"loc":{"start":{"line":36,"column":8},"end":{"line":46,"column":20}},"line":36},"5":{"name":"(anonymous_5)","decl":{"start":{"line":38,"column":19},"end":{"line":38,"column":20}},"loc":{"start":{"line":38,"column":25},"end":{"line":41,"column":11}},"line":38}},"branchMap":{"0":{"loc":{"start":{"line":18,"column":6},"end":{"line":18,"column":61}},"type":"if","locations":[{"start":{"line":18,"column":6},"end":{"line":18,"column":61}},{"start":{},"end":{}}],"line":18},"1":{"loc":{"start":{"line":18,"column":10},"end":{"line":18,"column":52}},"type":"binary-expr","locations":[{"start":{"line":18,"column":10},"end":{"line":18,"column":28}},{"start":{"line":18,"column":32},"end":{"line":18,"column":52}}],"line":18},"2":{"loc":{"start":{"line":45,"column":11},"end":{"line":45,"column":65}},"type":"cond-expr","locations":[{"start":{"line":45,"column":19},"end":{"line":45,"column":58}},{"start":{"line":45,"column":61},"end":{"line":45,"column":65}}],"line":45}},"s":{"0":0,"1":0,"2":0,"3":0,"4":0,"5":0,"6":0,"7":0,"8":0,"9":0,"10":0,"11":0,"12":0},"f":{"0":0,"1":0,"2":0,"3":0,"4":0,"5":0},"b":{"0":[0,0],"1":[0,0],"2":[0,0]}}
,"/workspaces/jars-cannabis-mobile-app/src/components/Button.tsx": {"path":"/workspaces/jars-cannabis-mobile-app/src/components/Button.tsx","statementMap":{"0":{"start":{"line":25,"column":16},"end":{"line":25,"column":59}},"1":{"start":{"line":26,"column":19},"end":{"line":28,"column":3}},"2":{"start":{"line":27,"column":4},"end":{"line":27,"column":77}},"3":{"start":{"line":29,"column":20},"end":{"line":31,"column":3}},"4":{"start":{"line":30,"column":4},"end":{"line":30,"column":74}},"5":{"start":{"line":32,"column":22},"end":{"line":35,"column":3}},"6":{"start":{"line":33,"column":4},"end":{"line":33,"column":18}},"7":{"start":{"line":34,"column":4},"end":{"line":34,"column":14}},"8":{"start":{"line":36,"column":2},"end":{"line":52,"column":4}},"9":{"start":{"line":55,"column":15},"end":{"line":65,"column":2}}},"fnMap":{"0":{"name":"Button","decl":{"start":{"line":16,"column":24},"end":{"line":16,"column":30}},"loc":{"start":{"line":24,"column":10},"end":{"line":53,"column":1}},"line":24},"1":{"name":"(anonymous_1)","decl":{"start":{"line":26,"column":19},"end":{"line":26,"column":20}},"loc":{"start":{"line":26,"column":25},"end":{"line":28,"column":3}},"line":26},"2":{"name":"(anonymous_2)","decl":{"start":{"line":29,"column":20},"end":{"line":29,"column":21}},"loc":{"start":{"line":29,"column":26},"end":{"line":31,"column":3}},"line":29},"3":{"name":"(anonymous_3)","decl":{"start":{"line":32,"column":22},"end":{"line":32,"column":23}},"loc":{"start":{"line":32,"column":28},"end":{"line":35,"column":3}},"line":32}},"branchMap":{"0":{"loc":{"start":{"line":23,"column":2},"end":{"line":23,"column":30}},"type":"default-arg","locations":[{"start":{"line":23,"column":22},"end":{"line":23,"column":30}}],"line":23},"1":{"loc":{"start":{"line":43,"column":28},"end":{"line":43,"column":55}},"type":"binary-expr","locations":[{"start":{"line":43,"column":28},"end":{"line":43,"column":46}},{"start":{"line":43,"column":50},"end":{"line":43,"column":55}}],"line":43}},"s":{"0":0,"1":0,"2":0,"3":0,"4":0,"5":0,"6":0,"7":0,"8":0,"9":0},"f":{"0":0,"1":0,"2":0,"3":0},"b":{"0":[0],"1":[0,0]}}
,"/workspaces/jars-cannabis-mobile-app/src/components/CMSImage.tsx": {"path":"/workspaces/jars-cannabis-mobile-app/src/components/CMSImage.tsx","statementMap":{"0":{"start":{"line":12,"column":2},"end":{"line":20,"column":4}}},"fnMap":{"0":{"name":"CMSImage","decl":{"start":{"line":11,"column":24},"end":{"line":11,"column":32}},"loc":{"start":{"line":11,"column":74},"end":{"line":21,"column":1}},"line":11}},"branchMap":{},"s":{"0":0},"f":{"0":0},"b":{}}
,"/workspaces/jars-cannabis-mobile-app/src/components/CartErrorBanner.tsx": {"path":"/workspaces/jars-cannabis-mobile-app/src/components/CartErrorBanner.tsx","statementMap":{"0":{"start":{"line":9,"column":2},"end":{"line":16,"column":4}},"1":{"start":{"line":19,"column":15},"end":{"line":35,"column":2}}},"fnMap":{"0":{"name":"CartErrorBanner","decl":{"start":{"line":8,"column":24},"end":{"line":8,"column":39}},"loc":{"start":{"line":8,"column":60},"end":{"line":17,"column":1}},"line":8}},"branchMap":{},"s":{"0":0,"1":0},"f":{"0":0},"b":{}}
,"/workspaces/jars-cannabis-mobile-app/src/components/DataCategoryItem.tsx": {"path":"/workspaces/jars-cannabis-mobile-app/src/components/DataCategoryItem.tsx","statementMap":{"0":{"start":{"line":7,"column":2},"end":{"line":16,"column":4}},"1":{"start":{"line":19,"column":15},"end":{"line":26,"column":2}}},"fnMap":{"0":{"name":"DataCategoryItem","decl":{"start":{"line":6,"column":24},"end":{"line":6,"column":40}},"loc":{"start":{"line":6,"column":83},"end":{"line":17,"column":1}},"line":6}},"branchMap":{},"s":{"0":0,"1":0},"f":{"0":0},"b":{}}
,"/workspaces/jars-cannabis-mobile-app/src/components/ErrorBoundary.tsx": {"path":"/workspaces/jars-cannabis-mobile-app/src/components/ErrorBoundary.tsx","statementMap":{"0":{"start":{"line":11,"column":4},"end":{"line":11,"column":17}},"1":{"start":{"line":12,"column":4},"end":{"line":12,"column":37}},"2":{"start":{"line":16,"column":4},"end":{"line":16,"column":30}},"3":{"start":{"line":20,"column":4},"end":{"line":20,"column":64}},"4":{"start":{"line":24,"column":4},"end":{"line":34,"column":5}},"5":{"start":{"line":25,"column":6},"end":{"line":33,"column":8}},"6":{"start":{"line":36,"column":4},"end":{"line":36,"column":50}}},"fnMap":{"0":{"name":"(anonymous_0)","decl":{"start":{"line":10,"column":2},"end":{"line":10,"column":3}},"loc":{"start":{"line":10,"column":46},"end":{"line":13,"column":3}},"line":10},"1":{"name":"(anonymous_1)","decl":{"start":{"line":15,"column":2},"end":{"line":15,"column":3}},"loc":{"start":{"line":15,"column":43},"end":{"line":17,"column":3}},"line":15},"2":{"name":"(anonymous_2)","decl":{"start":{"line":19,"column":2},"end":{"line":19,"column":3}},"loc":{"start":{"line":19,"column":62},"end":{"line":21,"column":3}},"line":19},"3":{"name":"(anonymous_3)","decl":{"start":{"line":23,"column":2},"end":{"line":23,"column":3}},"loc":{"start":{"line":23,"column":11},"end":{"line":37,"column":3}},"line":23}},"branchMap":{"0":{"loc":{"start":{"line":24,"column":4},"end":{"line":34,"column":5}},"type":"if","locations":[{"start":{"line":24,"column":4},"end":{"line":34,"column":5}},{"start":{},"end":{}}],"line":24}},"s":{"0":0,"1":0,"2":0,"3":0,"4":0,"5":0,"6":0},"f":{"0":0,"1":0,"2":0,"3":0},"b":{"0":[0,0]}}
,"/workspaces/jars-cannabis-mobile-app/src/components/ErrorCard.tsx": {"path":"/workspaces/jars-cannabis-mobile-app/src/components/ErrorCard.tsx","statementMap":{"0":{"start":{"line":11,"column":2},"end":{"line":18,"column":4}},"1":{"start":{"line":21,"column":15},"end":{"line":36,"column":2}}},"fnMap":{"0":{"name":"ErrorCard","decl":{"start":{"line":10,"column":24},"end":{"line":10,"column":33}},"loc":{"start":{"line":10,"column":69},"end":{"line":19,"column":1}},"line":10}},"branchMap":{},"s":{"0":0,"1":0},"f":{"0":0},"b":{}}
,"/workspaces/jars-cannabis-mobile-app/src/components/FAQSkeleton.tsx": {"path":"/workspaces/jars-cannabis-mobile-app/src/components/FAQSkeleton.tsx","statementMap":{"0":{"start":{"line":6,"column":21},"end":{"line":6,"column":67}},"1":{"start":{"line":8,"column":2},"end":{"line":17,"column":19}},"2":{"start":{"line":9,"column":4},"end":{"line":16,"column":14}},"3":{"start":{"line":19,"column":2},"end":{"line":34,"column":4}},"4":{"start":{"line":37,"column":15},"end":{"line":39,"column":2}}},"fnMap":{"0":{"name":"FAQSkeleton","decl":{"start":{"line":5,"column":24},"end":{"line":5,"column":35}},"loc":{"start":{"line":5,"column":38},"end":{"line":35,"column":1}},"line":5},"1":{"name":"(anonymous_1)","decl":{"start":{"line":8,"column":18},"end":{"line":8,"column":19}},"loc":{"start":{"line":8,"column":24},"end":{"line":17,"column":3}},"line":8}},"branchMap":{},"s":{"0":0,"1":0,"2":0,"3":0,"4":0},"f":{"0":0,"1":0},"b":{}}
,"/workspaces/jars-cannabis-mobile-app/src/components/ForYouTodayCard.tsx": {"path":"/workspaces/jars-cannabis-mobile-app/src/components/ForYouTodayCard.tsx","statementMap":{"0":{"start":{"line":15,"column":2},"end":{"line":30,"column":4}},"1":{"start":{"line":21,"column":10},"end":{"line":21,"column":87}},"2":{"start":{"line":21,"column":62},"end":{"line":21,"column":83}},"3":{"start":{"line":33,"column":15},"end":{"line":49,"column":2}}},"fnMap":{"0":{"name":"ForYouTodayCard","decl":{"start":{"line":14,"column":24},"end":{"line":14,"column":39}},"loc":{"start":{"line":14,"column":84},"end":{"line":31,"column":1}},"line":14},"1":{"name":"(anonymous_1)","decl":{"start":{"line":20,"column":27},"end":{"line":20,"column":28}},"loc":{"start":{"line":21,"column":10},"end":{"line":21,"column":87}},"line":21},"2":{"name":"(anonymous_2)","decl":{"start":{"line":21,"column":56},"end":{"line":21,"column":57}},"loc":{"start":{"line":21,"column":62},"end":{"line":21,"column":83}},"line":21}},"branchMap":{"0":{"loc":{"start":{"line":24,"column":7},"end":{"line":28,"column":7}},"type":"binary-expr","locations":[{"start":{"line":24,"column":7},"end":{"line":24,"column":19}},{"start":{"line":25,"column":8},"end":{"line":27,"column":15}}],"line":24}},"s":{"0":0,"1":0,"2":0,"3":0},"f":{"0":0,"1":0,"2":0},"b":{"0":[0,0]}}
,"/workspaces/jars-cannabis-mobile-app/src/components/ForYouTodaySkeleton.tsx": {"path":"/workspaces/jars-cannabis-mobile-app/src/components/ForYouTodaySkeleton.tsx","statementMap":{"0":{"start":{"line":6,"column":21},"end":{"line":6,"column":67}},"1":{"start":{"line":8,"column":2},"end":{"line":17,"column":19}},"2":{"start":{"line":9,"column":4},"end":{"line":16,"column":14}},"3":{"start":{"line":19,"column":2},"end":{"line":32,"column":4}},"4":{"start":{"line":35,"column":15},"end":{"line":44,"column":2}}},"fnMap":{"0":{"name":"ForYouTodaySkeleton","decl":{"start":{"line":5,"column":24},"end":{"line":5,"column":43}},"loc":{"start":{"line":5,"column":46},"end":{"line":33,"column":1}},"line":5},"1":{"name":"(anonymous_1)","decl":{"start":{"line":8,"column":18},"end":{"line":8,"column":19}},"loc":{"start":{"line":8,"column":24},"end":{"line":17,"column":3}},"line":8}},"branchMap":{},"s":{"0":0,"1":0,"2":0,"3":0,"4":0},"f":{"0":0,"1":0},"b":{}}
,"/workspaces/jars-cannabis-mobile-app/src/components/LegalDisclaimerModal.tsx": {"path":"/workspaces/jars-cannabis-mobile-app/src/components/LegalDisclaimerModal.tsx","statementMap":{"0":{"start":{"line":13,"column":57},"end":{"line":13,"column":81}},"1":{"start":{"line":15,"column":2},"end":{"line":39,"column":4}},"2":{"start":{"line":30,"column":14},"end":{"line":30,"column":28}},"3":{"start":{"line":31,"column":14},"end":{"line":31,"column":24}},"4":{"start":{"line":42,"column":15},"end":{"line":50,"column":2}}},"fnMap":{"0":{"name":"LegalDisclaimerModal","decl":{"start":{"line":12,"column":24},"end":{"line":12,"column":44}},"loc":{"start":{"line":12,"column":74},"end":{"line":40,"column":1}},"line":12},"1":{"name":"(anonymous_1)","decl":{"start":{"line":29,"column":21},"end":{"line":29,"column":22}},"loc":{"start":{"line":29,"column":27},"end":{"line":32,"column":13}},"line":29}},"branchMap":{},"s":{"0":0,"1":0,"2":0,"3":0,"4":0},"f":{"0":0,"1":0},"b":{}}
,"/workspaces/jars-cannabis-mobile-app/src/components/LocationStatusDisplay.tsx": {"path":"/workspaces/jars-cannabis-mobile-app/src/components/LocationStatusDisplay.tsx","statementMap":{"0":{"start":{"line":10,"column":2},"end":{"line":17,"column":3}},"1":{"start":{"line":11,"column":4},"end":{"line":16,"column":6}},"2":{"start":{"line":19,"column":2},"end":{"line":26,"column":4}},"3":{"start":{"line":29,"column":15},"end":{"line":33,"column":2}}},"fnMap":{"0":{"name":"LocationStatusDisplay","decl":{"start":{"line":9,"column":24},"end":{"line":9,"column":45}},"loc":{"start":{"line":9,"column":74},"end":{"line":27,"column":1}},"line":9}},"branchMap":{"0":{"loc":{"start":{"line":10,"column":2},"end":{"line":17,"column":3}},"type":"if","locations":[{"start":{"line":10,"column":2},"end":{"line":17,"column":3}},{"start":{},"end":{}}],"line":10}},"s":{"0":0,"1":0,"2":0,"3":0},"f":{"0":0},"b":{"0":[0,0]}}
,"/workspaces/jars-cannabis-mobile-app/src/components/OfflineNotice.tsx": {"path":"/workspaces/jars-cannabis-mobile-app/src/components/OfflineNotice.tsx","statementMap":{"0":{"start":{"line":6,"column":18},"end":{"line":6,"column":30}},"1":{"start":{"line":7,"column":2},"end":{"line":13,"column":3}},"2":{"start":{"line":8,"column":4},"end":{"line":12,"column":6}},"3":{"start":{"line":14,"column":2},"end":{"line":14,"column":14}},"4":{"start":{"line":17,"column":15},"end":{"line":24,"column":2}}},"fnMap":{"0":{"name":"OfflineNotice","decl":{"start":{"line":5,"column":24},"end":{"line":5,"column":37}},"loc":{"start":{"line":5,"column":40},"end":{"line":15,"column":1}},"line":5}},"branchMap":{"0":{"loc":{"start":{"line":7,"column":2},"end":{"line":13,"column":3}},"type":"if","locations":[{"start":{"line":7,"column":2},"end":{"line":13,"column":3}},{"start":{},"end":{}}],"line":7}},"s":{"0":0,"1":0,"2":0,"3":0,"4":0},"f":{"0":0},"b":{"0":[0,0]}}
,"/workspaces/jars-cannabis-mobile-app/src/components/OnboardingSlide.tsx": {"path":"/workspaces/jars-cannabis-mobile-app/src/components/OnboardingSlide.tsx","statementMap":{"0":{"start":{"line":15,"column":2},"end":{"line":26,"column":4}},"1":{"start":{"line":29,"column":15},"end":{"line":35,"column":2}}},"fnMap":{"0":{"name":"OnboardingSlide","decl":{"start":{"line":14,"column":24},"end":{"line":14,"column":39}},"loc":{"start":{"line":14,"column":88},"end":{"line":27,"column":1}},"line":14}},"branchMap":{"0":{"loc":{"start":{"line":17,"column":7},"end":{"line":22,"column":7}},"type":"binary-expr","locations":[{"start":{"line":17,"column":7},"end":{"line":17,"column":19}},{"start":{"line":18,"column":8},"end":{"line":21,"column":24}}],"line":17}},"s":{"0":0,"1":0},"f":{"0":0},"b":{"0":[0,0]}}
,"/workspaces/jars-cannabis-mobile-app/src/components/OrderCard.tsx": {"path":"/workspaces/jars-cannabis-mobile-app/src/components/OrderCard.tsx","statementMap":{"0":{"start":{"line":14,"column":15},"end":{"line":14,"column":61}},"1":{"start":{"line":15,"column":16},"end":{"line":15,"column":100}},"2":{"start":{"line":17,"column":2},"end":{"line":35,"column":4}},"3":{"start":{"line":38,"column":15},"end":{"line":53,"column":2}}},"fnMap":{"0":{"name":"OrderCard","decl":{"start":{"line":13,"column":24},"end":{"line":13,"column":33}},"loc":{"start":{"line":13,"column":91},"end":{"line":36,"column":1}},"line":13}},"branchMap":{},"s":{"0":1,"1":1,"2":1,"3":1},"f":{"0":1},"b":{},"_coverageSchema":"1a1c01bbd47fc00a2c39e90264f33305004495a9","hash":"91810cc90fd60a77642f80d4f0261d57a93a071c"}
,"/workspaces/jars-cannabis-mobile-app/src/components/PaginationDots.tsx": {"path":"/workspaces/jars-cannabis-mobile-app/src/components/PaginationDots.tsx","statementMap":{"0":{"start":{"line":10,"column":2},"end":{"line":16,"column":4}},"1":{"start":{"line":13,"column":8},"end":{"line":13,"column":77}},"2":{"start":{"line":19,"column":15},"end":{"line":23,"column":2}}},"fnMap":{"0":{"name":"PaginationDots","decl":{"start":{"line":9,"column":24},"end":{"line":9,"column":38}},"loc":{"start":{"line":9,"column":66},"end":{"line":17,"column":1}},"line":9},"1":{"name":"(anonymous_1)","decl":{"start":{"line":12,"column":41},"end":{"line":12,"column":42}},"loc":{"start":{"line":13,"column":8},"end":{"line":13,"column":77}},"line":13}},"branchMap":{"0":{"loc":{"start":{"line":13,"column":42},"end":{"line":13,"column":72}},"type":"binary-expr","locations":[{"start":{"line":13,"column":42},"end":{"line":13,"column":55}},{"start":{"line":13,"column":59},"end":{"line":13,"column":72}}],"line":13}},"s":{"0":0,"1":0,"2":0},"f":{"0":0,"1":0},"b":{"0":[0,0]}}
,"/workspaces/jars-cannabis-mobile-app/src/components/PasswordStrengthBar.tsx": {"path":"/workspaces/jars-cannabis-mobile-app/src/components/PasswordStrengthBar.tsx","statementMap":{"0":{"start":{"line":9,"column":22},"end":{"line":14,"column":3}},"1":{"start":{"line":10,"column":4},"end":{"line":10,"column":94}},"2":{"start":{"line":10,"column":78},"end":{"line":10,"column":94}},"3":{"start":{"line":11,"column":4},"end":{"line":11,"column":45}},"4":{"start":{"line":11,"column":29},"end":{"line":11,"column":45}},"5":{"start":{"line":12,"column":4},"end":{"line":12,"column":43}},"6":{"start":{"line":12,"column":29},"end":{"line":12,"column":43}},"7":{"start":{"line":13,"column":4},"end":{"line":13,"column":18}},"8":{"start":{"line":15,"column":19},"end":{"line":15,"column":32}},"9":{"start":{"line":17,"column":4},"end":{"line":23,"column":23}},"10":{"start":{"line":25,"column":2},"end":{"line":25,"column":46}},"11":{"start":{"line":28,"column":15},"end":{"line":34,"column":2}}},"fnMap":{"0":{"name":"PasswordStrengthBar","decl":{"start":{"line":8,"column":24},"end":{"line":8,"column":43}},"loc":{"start":{"line":8,"column":65},"end":{"line":26,"column":1}},"line":8},"1":{"name":"(anonymous_1)","decl":{"start":{"line":9,"column":22},"end":{"line":9,"column":23}},"loc":{"start":{"line":9,"column":28},"end":{"line":14,"column":3}},"line":9}},"branchMap":{"0":{"loc":{"start":{"line":10,"column":4},"end":{"line":10,"column":94}},"type":"if","locations":[{"start":{"line":10,"column":4},"end":{"line":10,"column":94}},{"start":{},"end":{}}],"line":10},"1":{"loc":{"start":{"line":10,"column":8},"end":{"line":10,"column":76}},"type":"binary-expr","locations":[{"start":{"line":10,"column":8},"end":{"line":10,"column":27}},{"start":{"line":10,"column":31},"end":{"line":10,"column":53}},{"start":{"line":10,"column":57},"end":{"line":10,"column":76}}],"line":10},"2":{"loc":{"start":{"line":11,"column":4},"end":{"line":11,"column":45}},"type":"if","locations":[{"start":{"line":11,"column":4},"end":{"line":11,"column":45}},{"start":{},"end":{}}],"line":11},"3":{"loc":{"start":{"line":12,"column":4},"end":{"line":12,"column":43}},"type":"if","locations":[{"start":{"line":12,"column":4},"end":{"line":12,"column":43}},{"start":{},"end":{}}],"line":12},"4":{"loc":{"start":{"line":17,"column":4},"end":{"line":23,"column":23}},"type":"cond-expr","locations":[{"start":{"line":18,"column":8},"end":{"line":18,"column":20}},{"start":{"line":19,"column":8},"end":{"line":23,"column":23}}],"line":17},"5":{"loc":{"start":{"line":19,"column":8},"end":{"line":23,"column":23}},"type":"cond-expr","locations":[{"start":{"line":20,"column":10},"end":{"line":20,"column":23}},{"start":{"line":21,"column":10},"end":{"line":23,"column":23}}],"line":19},"6":{"loc":{"start":{"line":21,"column":10},"end":{"line":23,"column":23}},"type":"cond-expr","locations":[{"start":{"line":22,"column":12},"end":{"line":22,"column":22}},{"start":{"line":23,"column":12},"end":{"line":23,"column":23}}],"line":21}},"s":{"0":0,"1":0,"2":0,"3":0,"4":0,"5":0,"6":0,"7":0,"8":0,"9":0,"10":0,"11":0},"f":{"0":0,"1":0},"b":{"0":[0,0],"1":[0,0,0],"2":[0,0],"3":[0,0],"4":[0,0],"5":[0,0],"6":[0,0]}}
,"/workspaces/jars-cannabis-mobile-app/src/components/PermissionRationaleModal.tsx": {"path":"/workspaces/jars-cannabis-mobile-app/src/components/PermissionRationaleModal.tsx","statementMap":{"0":{"start":{"line":11,"column":2},"end":{"line":11,"column":30}},"1":{"start":{"line":11,"column":18},"end":{"line":11,"column":30}},"2":{"start":{"line":12,"column":2},"end":{"line":46,"column":4}},"3":{"start":{"line":49,"column":15},"end":{"line":61,"column":2}}},"fnMap":{"0":{"name":"PermissionRationaleModal","decl":{"start":{"line":10,"column":24},"end":{"line":10,"column":48}},"loc":{"start":{"line":10,"column":90},"end":{"line":47,"column":1}},"line":10}},"branchMap":{"0":{"loc":{"start":{"line":11,"column":2},"end":{"line":11,"column":30}},"type":"if","locations":[{"start":{"line":11,"column":2},"end":{"line":11,"column":30}},{"start":{},"end":{}}],"line":11}},"s":{"0":0,"1":0,"2":0,"3":0},"f":{"0":0},"b":{"0":[0,0]}}
,"/workspaces/jars-cannabis-mobile-app/src/components/PointsProgressBar.tsx": {"path":"/workspaces/jars-cannabis-mobile-app/src/components/PointsProgressBar.tsx","statementMap":{"0":{"start":{"line":12,"column":19},"end":{"line":12,"column":53}},"1":{"start":{"line":13,"column":2},"end":{"line":20,"column":4}},"2":{"start":{"line":23,"column":15},"end":{"line":43,"column":2}}},"fnMap":{"0":{"name":"PointsProgressBar","decl":{"start":{"line":11,"column":24},"end":{"line":11,"column":41}},"loc":{"start":{"line":11,"column":84},"end":{"line":21,"column":1}},"line":11}},"branchMap":{},"s":{"0":0,"1":0,"2":0},"f":{"0":0},"b":{}}
,"/workspaces/jars-cannabis-mobile-app/src/components/PreviewBadge.tsx": {"path":"/workspaces/jars-cannabis-mobile-app/src/components/PreviewBadge.tsx","statementMap":{"0":{"start":{"line":5,"column":2},"end":{"line":9,"column":4}},"1":{"start":{"line":12,"column":15},"end":{"line":27,"column":2}}},"fnMap":{"0":{"name":"PreviewBadge","decl":{"start":{"line":4,"column":24},"end":{"line":4,"column":36}},"loc":{"start":{"line":4,"column":39},"end":{"line":10,"column":1}},"line":4}},"branchMap":{},"s":{"0":0,"1":0},"f":{"0":0},"b":{}}
,"/workspaces/jars-cannabis-mobile-app/src/components/ProductCardMini.tsx": {"path":"/workspaces/jars-cannabis-mobile-app/src/components/ProductCardMini.tsx","statementMap":{"0":{"start":{"line":13,"column":22},"end":{"line":16,"column":3}},"1":{"start":{"line":14,"column":4},"end":{"line":14,"column":18}},"2":{"start":{"line":15,"column":4},"end":{"line":15,"column":14}},"3":{"start":{"line":18,"column":2},"end":{"line":26,"column":4}},"4":{"start":{"line":29,"column":15},"end":{"line":44,"column":2}}},"fnMap":{"0":{"name":"ProductCardMini","decl":{"start":{"line":12,"column":24},"end":{"line":12,"column":39}},"loc":{"start":{"line":12,"column":66},"end":{"line":27,"column":1}},"line":12},"1":{"name":"(anonymous_1)","decl":{"start":{"line":13,"column":22},"end":{"line":13,"column":23}},"loc":{"start":{"line":13,"column":28},"end":{"line":16,"column":3}},"line":13}},"branchMap":{"0":{"loc":{"start":{"line":20,"column":7},"end":{"line":20,"column":86}},"type":"binary-expr","locations":[{"start":{"line":20,"column":7},"end":{"line":20,"column":20}},{"start":{"line":20,"column":24},"end":{"line":20,"column":86}}],"line":20}},"s":{"0":0,"1":0,"2":0,"3":0,"4":0},"f":{"0":0,"1":0},"b":{"0":[0,0]}}
,"/workspaces/jars-cannabis-mobile-app/src/components/ProductCardSkeleton.tsx": {"path":"/workspaces/jars-cannabis-mobile-app/src/components/ProductCardSkeleton.tsx","statementMap":{"0":{"start":{"line":6,"column":21},"end":{"line":6,"column":67}},"1":{"start":{"line":8,"column":2},"end":{"line":17,"column":19}},"2":{"start":{"line":9,"column":4},"end":{"line":16,"column":14}},"3":{"start":{"line":19,"column":2},"end":{"line":33,"column":4}},"4":{"start":{"line":36,"column":15},"end":{"line":44,"column":2}}},"fnMap":{"0":{"name":"ProductCardSkeleton","decl":{"start":{"line":5,"column":24},"end":{"line":5,"column":43}},"loc":{"start":{"line":5,"column":74},"end":{"line":34,"column":1}},"line":5},"1":{"name":"(anonymous_1)","decl":{"start":{"line":8,"column":18},"end":{"line":8,"column":19}},"loc":{"start":{"line":8,"column":24},"end":{"line":17,"column":3}},"line":8}},"branchMap":{},"s":{"0":0,"1":0,"2":0,"3":0,"4":0},"f":{"0":0,"1":0},"b":{}}
,"/workspaces/jars-cannabis-mobile-app/src/components/ProductDropCarousel.tsx": {"path":"/workspaces/jars-cannabis-mobile-app/src/components/ProductDropCarousel.tsx","statementMap":{"0":{"start":{"line":15,"column":20},"end":{"line":15,"column":44}},"1":{"start":{"line":16,"column":2},"end":{"line":25,"column":14}},"2":{"start":{"line":17,"column":21},"end":{"line":23,"column":12}},"3":{"start":{"line":18,"column":6},"end":{"line":18,"column":59}},"4":{"start":{"line":18,"column":52},"end":{"line":18,"column":59}},"5":{"start":{"line":19,"column":6},"end":{"line":22,"column":9}},"6":{"start":{"line":24,"column":4},"end":{"line":24,"column":41}},"7":{"start":{"line":24,"column":17},"end":{"line":24,"column":40}},"8":{"start":{"line":27,"column":2},"end":{"line":53,"column":4}},"9":{"start":{"line":36,"column":8},"end":{"line":50,"column":20}},"10":{"start":{"line":39,"column":12},"end":{"line":39,"column":26}},"11":{"start":{"line":40,"column":12},"end":{"line":40,"column":25}},"12":{"start":{"line":56,"column":15},"end":{"line":64,"column":2}}},"fnMap":{"0":{"name":"ProductDropCarousel","decl":{"start":{"line":14,"column":24},"end":{"line":14,"column":43}},"loc":{"start":{"line":14,"column":71},"end":{"line":54,"column":1}},"line":14},"1":{"name":"(anonymous_1)","decl":{"start":{"line":16,"column":12},"end":{"line":16,"column":13}},"loc":{"start":{"line":16,"column":18},"end":{"line":25,"column":3}},"line":16},"2":{"name":"(anonymous_2)","decl":{"start":{"line":17,"column":33},"end":{"line":17,"column":34}},"loc":{"start":{"line":17,"column":39},"end":{"line":23,"column":5}},"line":17},"3":{"name":"(anonymous_3)","decl":{"start":{"line":24,"column":11},"end":{"line":24,"column":12}},"loc":{"start":{"line":24,"column":17},"end":{"line":24,"column":40}},"line":24},"4":{"name":"(anonymous_4)","decl":{"start":{"line":35,"column":17},"end":{"line":35,"column":18}},"loc":{"start":{"line":36,"column":8},"end":{"line":50,"column":20}},"line":36},"5":{"name":"(anonymous_5)","decl":{"start":{"line":38,"column":19},"end":{"line":38,"column":20}},"loc":{"start":{"line":38,"column":25},"end":{"line":41,"column":11}},"line":38}},"branchMap":{"0":{"loc":{"start":{"line":18,"column":6},"end":{"line":18,"column":59}},"type":"if","locations":[{"start":{"line":18,"column":6},"end":{"line":18,"column":59}},{"start":{},"end":{}}],"line":18},"1":{"loc":{"start":{"line":18,"column":10},"end":{"line":18,"column":50}},"type":"binary-expr","locations":[{"start":{"line":18,"column":10},"end":{"line":18,"column":28}},{"start":{"line":18,"column":32},"end":{"line":18,"column":50}}],"line":18},"2":{"loc":{"start":{"line":47,"column":13},"end":{"line":47,"column":85}},"type":"cond-expr","locations":[{"start":{"line":47,"column":27},"end":{"line":47,"column":78}},{"start":{"line":47,"column":81},"end":{"line":47,"column":85}}],"line":47}},"s":{"0":0,"1":0,"2":0,"3":0,"4":0,"5":0,"6":0,"7":0,"8":0,"9":0,"10":0,"11":0,"12":0},"f":{"0":0,"1":0,"2":0,"3":0,"4":0,"5":0},"b":{"0":[0,0],"1":[0,0],"2":[0,0]}}
,"/workspaces/jars-cannabis-mobile-app/src/components/ProductFallback.tsx": {"path":"/workspaces/jars-cannabis-mobile-app/src/components/ProductFallback.tsx","statementMap":{"0":{"start":{"line":12,"column":2},"end":{"line":30,"column":4}},"1":{"start":{"line":18,"column":10},"end":{"line":18,"column":33}},"2":{"start":{"line":19,"column":10},"end":{"line":19,"column":20}},"3":{"start":{"line":33,"column":15},"end":{"line":44,"column":2}}},"fnMap":{"0":{"name":"ProductFallback","decl":{"start":{"line":11,"column":24},"end":{"line":11,"column":39}},"loc":{"start":{"line":11,"column":69},"end":{"line":31,"column":1}},"line":11},"1":{"name":"(anonymous_1)","decl":{"start":{"line":17,"column":17},"end":{"line":17,"column":18}},"loc":{"start":{"line":17,"column":23},"end":{"line":20,"column":9}},"line":17}},"branchMap":{"0":{"loc":{"start":{"line":23,"column":9},"end":{"line":27,"column":9}},"type":"cond-expr","locations":[{"start":{"line":24,"column":10},"end":{"line":24,"column":44}},{"start":{"line":26,"column":10},"end":{"line":26,"column":54}}],"line":23}},"s":{"0":0,"1":0,"2":0,"3":0},"f":{"0":0,"1":0},"b":{"0":[0,0]}}
,"/workspaces/jars-cannabis-mobile-app/src/components/ReviewForm.tsx": {"path":"/workspaces/jars-cannabis-mobile-app/src/components/ReviewForm.tsx","statementMap":{"0":{"start":{"line":9,"column":30},"end":{"line":9,"column":41}},"1":{"start":{"line":10,"column":26},"end":{"line":10,"column":38}},"2":{"start":{"line":11,"column":2},"end":{"line":22,"column":4}},"3":{"start":{"line":17,"column":27},"end":{"line":17,"column":52}},"4":{"start":{"line":20,"column":51},"end":{"line":20,"column":77}}},"fnMap":{"0":{"name":"ReviewForm","decl":{"start":{"line":4,"column":24},"end":{"line":4,"column":34}},"loc":{"start":{"line":8,"column":3},"end":{"line":23,"column":1}},"line":8},"1":{"name":"(anonymous_1)","decl":{"start":{"line":17,"column":22},"end":{"line":17,"column":23}},"loc":{"start":{"line":17,"column":27},"end":{"line":17,"column":52}},"line":17},"2":{"name":"(anonymous_2)","decl":{"start":{"line":20,"column":45},"end":{"line":20,"column":46}},"loc":{"start":{"line":20,"column":51},"end":{"line":20,"column":77}},"line":20}},"branchMap":{"0":{"loc":{"start":{"line":17,"column":37},"end":{"line":17,"column":51}},"type":"binary-expr","locations":[{"start":{"line":17,"column":37},"end":{"line":17,"column":46}},{"start":{"line":17,"column":50},"end":{"line":17,"column":51}}],"line":17}},"s":{"0":0,"1":0,"2":0,"3":0,"4":0},"f":{"0":0,"1":0,"2":0},"b":{"0":[0,0]}}
,"/workspaces/jars-cannabis-mobile-app/src/components/ScreenReaderOnly.tsx": {"path":"/workspaces/jars-cannabis-mobile-app/src/components/ScreenReaderOnly.tsx","statementMap":{"0":{"start":{"line":9,"column":2},"end":{"line":13,"column":4}},"1":{"start":{"line":16,"column":15},"end":{"line":27,"column":2}}},"fnMap":{"0":{"name":"ScreenReaderOnly","decl":{"start":{"line":8,"column":24},"end":{"line":8,"column":40}},"loc":{"start":{"line":8,"column":62},"end":{"line":14,"column":1}},"line":8}},"branchMap":{},"s":{"0":0,"1":0},"f":{"0":0},"b":{}}
,"/workspaces/jars-cannabis-mobile-app/src/components/ScreenTransition.tsx": {"path":"/workspaces/jars-cannabis-mobile-app/src/components/ScreenTransition.tsx","statementMap":{"0":{"start":{"line":25,"column":18},"end":{"line":25,"column":35}},"1":{"start":{"line":27,"column":2},"end":{"line":37,"column":26}},"2":{"start":{"line":29,"column":4},"end":{"line":29,"column":81}},"3":{"start":{"line":30,"column":4},"end":{"line":36,"column":6}},"4":{"start":{"line":32,"column":6},"end":{"line":35,"column":8}},"5":{"start":{"line":39,"column":16},"end":{"line":41,"column":5}},"6":{"start":{"line":39,"column":40},"end":{"line":41,"column":3}},"7":{"start":{"line":43,"column":2},"end":{"line":43,"column":85}},"8":{"start":{"line":46,"column":15},"end":{"line":50,"column":2}}},"fnMap":{"0":{"name":"ScreenTransition","decl":{"start":{"line":24,"column":24},"end":{"line":24,"column":40}},"loc":{"start":{"line":24,"column":94},"end":{"line":44,"column":1}},"line":24},"1":{"name":"(anonymous_1)","decl":{"start":{"line":27,"column":12},"end":{"line":27,"column":13}},"loc":{"start":{"line":27,"column":18},"end":{"line":37,"column":3}},"line":27},"2":{"name":"(anonymous_2)","decl":{"start":{"line":30,"column":11},"end":{"line":30,"column":12}},"loc":{"start":{"line":30,"column":17},"end":{"line":36,"column":5}},"line":30},"3":{"name":"(anonymous_3)","decl":{"start":{"line":39,"column":33},"end":{"line":39,"column":34}},"loc":{"start":{"line":39,"column":40},"end":{"line":41,"column":3}},"line":39}},"branchMap":{"0":{"loc":{"start":{"line":24,"column":53},"end":{"line":24,"column":67}},"type":"default-arg","locations":[{"start":{"line":24,"column":64},"end":{"line":24,"column":67}}],"line":24}},"s":{"0":0,"1":0,"2":0,"3":0,"4":0,"5":0,"6":0,"7":0,"8":0},"f":{"0":0,"1":0,"2":0,"3":0},"b":{"0":[0]}}
,"/workspaces/jars-cannabis-mobile-app/src/components/SkeletonArticleCard.tsx": {"path":"/workspaces/jars-cannabis-mobile-app/src/components/SkeletonArticleCard.tsx","statementMap":{"0":{"start":{"line":6,"column":21},"end":{"line":6,"column":67}},"1":{"start":{"line":8,"column":2},"end":{"line":17,"column":19}},"2":{"start":{"line":9,"column":4},"end":{"line":16,"column":14}},"3":{"start":{"line":19,"column":2},"end":{"line":31,"column":4}},"4":{"start":{"line":34,"column":15},"end":{"line":41,"column":2}}},"fnMap":{"0":{"name":"SkeletonArticleCard","decl":{"start":{"line":5,"column":24},"end":{"line":5,"column":43}},"loc":{"start":{"line":5,"column":46},"end":{"line":32,"column":1}},"line":5},"1":{"name":"(anonymous_1)","decl":{"start":{"line":8,"column":18},"end":{"line":8,"column":19}},"loc":{"start":{"line":8,"column":24},"end":{"line":17,"column":3}},"line":8}},"branchMap":{},"s":{"0":0,"1":0,"2":0,"3":0,"4":0},"f":{"0":0,"1":0},"b":{}}
,"/workspaces/jars-cannabis-mobile-app/src/components/StashItemCard.tsx": {"path":"/workspaces/jars-cannabis-mobile-app/src/components/StashItemCard.tsx","statementMap":{"0":{"start":{"line":15,"column":24},"end":{"line":18,"column":3}},"1":{"start":{"line":16,"column":4},"end":{"line":16,"column":18}},"2":{"start":{"line":17,"column":4},"end":{"line":17,"column":16}},"3":{"start":{"line":19,"column":24},"end":{"line":24,"column":3}},"4":{"start":{"line":20,"column":4},"end":{"line":23,"column":5}},"5":{"start":{"line":21,"column":6},"end":{"line":21,"column":20}},"6":{"start":{"line":22,"column":6},"end":{"line":22,"column":18}},"7":{"start":{"line":26,"column":2},"end":{"line":47,"column":4}},"8":{"start":{"line":50,"column":15},"end":{"line":70,"column":2}}},"fnMap":{"0":{"name":"StashItemCard","decl":{"start":{"line":14,"column":24},"end":{"line":14,"column":37}},"loc":{"start":{"line":14,"column":77},"end":{"line":48,"column":1}},"line":14},"1":{"name":"(anonymous_1)","decl":{"start":{"line":15,"column":24},"end":{"line":15,"column":25}},"loc":{"start":{"line":15,"column":30},"end":{"line":18,"column":3}},"line":15},"2":{"name":"(anonymous_2)","decl":{"start":{"line":19,"column":24},"end":{"line":19,"column":25}},"loc":{"start":{"line":19,"column":30},"end":{"line":24,"column":3}},"line":19}},"branchMap":{"0":{"loc":{"start":{"line":20,"column":4},"end":{"line":23,"column":5}},"type":"if","locations":[{"start":{"line":20,"column":4},"end":{"line":23,"column":5}},{"start":{},"end":{}}],"line":20},"1":{"loc":{"start":{"line":28,"column":7},"end":{"line":28,"column":86}},"type":"binary-expr","locations":[{"start":{"line":28,"column":7},"end":{"line":28,"column":20}},{"start":{"line":28,"column":24},"end":{"line":28,"column":86}}],"line":28},"2":{"loc":{"start":{"line":39,"column":9},"end":{"line":44,"column":9}},"type":"binary-expr","locations":[{"start":{"line":39,"column":9},"end":{"line":39,"column":18}},{"start":{"line":40,"column":10},"end":{"line":43,"column":22}}],"line":39}},"s":{"0":0,"1":0,"2":0,"3":0,"4":0,"5":0,"6":0,"7":0,"8":0},"f":{"0":0,"1":0,"2":0},"b":{"0":[0,0],"1":[0,0],"2":[0,0]}}
,"/workspaces/jars-cannabis-mobile-app/src/components/StockAlert.tsx": {"path":"/workspaces/jars-cannabis-mobile-app/src/components/StockAlert.tsx","statementMap":{"0":{"start":{"line":10,"column":2},"end":{"line":14,"column":4}},"1":{"start":{"line":17,"column":15},"end":{"line":25,"column":2}}},"fnMap":{"0":{"name":"StockAlert","decl":{"start":{"line":9,"column":24},"end":{"line":9,"column":34}},"loc":{"start":{"line":9,"column":55},"end":{"line":15,"column":1}},"line":9}},"branchMap":{},"s":{"0":0,"1":0},"f":{"0":0},"b":{}}
,"/workspaces/jars-cannabis-mobile-app/src/components/StoreCard.tsx": {"path":"/workspaces/jars-cannabis-mobile-app/src/components/StoreCard.tsx","statementMap":{"0":{"start":{"line":30,"column":23},"end":{"line":33,"column":3}},"1":{"start":{"line":31,"column":4},"end":{"line":31,"column":18}},"2":{"start":{"line":32,"column":4},"end":{"line":32,"column":15}},"3":{"start":{"line":35,"column":27},"end":{"line":38,"column":3}},"4":{"start":{"line":36,"column":4},"end":{"line":36,"column":19}},"5":{"start":{"line":37,"column":4},"end":{"line":37,"column":22}},"6":{"start":{"line":40,"column":26},"end":{"line":43,"column":3}},"7":{"start":{"line":41,"column":4},"end":{"line":41,"column":19}},"8":{"start":{"line":42,"column":4},"end":{"line":42,"column":21}},"9":{"start":{"line":45,"column":2},"end":{"line":52,"column":3}},"10":{"start":{"line":46,"column":4},"end":{"line":51,"column":6}},"11":{"start":{"line":54,"column":2},"end":{"line":78,"column":4}},"12":{"start":{"line":81,"column":15},"end":{"line":99,"column":2}}},"fnMap":{"0":{"name":"StoreCard","decl":{"start":{"line":20,"column":24},"end":{"line":20,"column":33}},"loc":{"start":{"line":29,"column":10},"end":{"line":79,"column":1}},"line":29},"1":{"name":"(anonymous_1)","decl":{"start":{"line":30,"column":23},"end":{"line":30,"column":24}},"loc":{"start":{"line":30,"column":29},"end":{"line":33,"column":3}},"line":30},"2":{"name":"(anonymous_2)","decl":{"start":{"line":35,"column":27},"end":{"line":35,"column":28}},"loc":{"start":{"line":35,"column":33},"end":{"line":38,"column":3}},"line":35},"3":{"name":"(anonymous_3)","decl":{"start":{"line":40,"column":26},"end":{"line":40,"column":27}},"loc":{"start":{"line":40,"column":32},"end":{"line":43,"column":3}},"line":40}},"branchMap":{"0":{"loc":{"start":{"line":45,"column":2},"end":{"line":52,"column":3}},"type":"if","locations":[{"start":{"line":45,"column":2},"end":{"line":52,"column":3}},{"start":{},"end":{}}],"line":45},"1":{"loc":{"start":{"line":58,"column":9},"end":{"line":58,"column":58}},"type":"binary-expr","locations":[{"start":{"line":58,"column":9},"end":{"line":58,"column":20}},{"start":{"line":58,"column":24},"end":{"line":58,"column":58}}],"line":58},"2":{"loc":{"start":{"line":61,"column":7},"end":{"line":61,"column":76}},"type":"binary-expr","locations":[{"start":{"line":61,"column":7},"end":{"line":61,"column":20}},{"start":{"line":61,"column":24},"end":{"line":61,"column":76}}],"line":61},"3":{"loc":{"start":{"line":68,"column":33},"end":{"line":68,"column":65}},"type":"cond-expr","locations":[{"start":{"line":68,"column":47},"end":{"line":68,"column":56}},{"start":{"line":68,"column":59},"end":{"line":68,"column":65}}],"line":68},"4":{"loc":{"start":{"line":71,"column":9},"end":{"line":75,"column":9}},"type":"binary-expr","locations":[{"start":{"line":71,"column":9},"end":{"line":71,"column":22}},{"start":{"line":72,"column":10},"end":{"line":74,"column":22}}],"line":71}},"s":{"0":0,"1":0,"2":0,"3":0,"4":0,"5":0,"6":0,"7":0,"8":0,"9":0,"10":0,"11":0,"12":0},"f":{"0":0,"1":0,"2":0,"3":0},"b":{"0":[0,0],"1":[0,0],"2":[0,0],"3":[0,0],"4":[0,0]}}
,"/workspaces/jars-cannabis-mobile-app/src/components/TerpeneInfoModal.tsx": {"path":"/workspaces/jars-cannabis-mobile-app/src/components/TerpeneInfoModal.tsx","statementMap":{"0":{"start":{"line":11,"column":42},"end":{"line":59,"column":1}},"1":{"start":{"line":12,"column":2},"end":{"line":58,"column":4}},"2":{"start":{"line":61,"column":15},"end":{"line":78,"column":2}}},"fnMap":{"0":{"name":"(anonymous_0)","decl":{"start":{"line":11,"column":42},"end":{"line":11,"column":43}},"loc":{"start":{"line":11,"column":68},"end":{"line":59,"column":1}},"line":11}},"branchMap":{"0":{"loc":{"start":{"line":29,"column":9},"end":{"line":44,"column":9}},"type":"binary-expr","locations":[{"start":{"line":29,"column":9},"end":{"line":29,"column":16}},{"start":{"line":30,"column":10},"end":{"line":43,"column":13}}],"line":29}},"s":{"0":0,"1":0,"2":0},"f":{"0":0},"b":{"0":[0,0]}}
,"/workspaces/jars-cannabis-mobile-app/src/components/WelcomeBanner.tsx": {"path":"/workspaces/jars-cannabis-mobile-app/src/components/WelcomeBanner.tsx","statementMap":{"0":{"start":{"line":9,"column":19},"end":{"line":9,"column":45}},"1":{"start":{"line":10,"column":29},"end":{"line":10,"column":39}},"2":{"start":{"line":11,"column":23},"end":{"line":11,"column":34}},"3":{"start":{"line":12,"column":16},"end":{"line":12,"column":37}},"4":{"start":{"line":14,"column":16},"end":{"line":14,"column":26}},"5":{"start":{"line":15,"column":2},"end":{"line":19,"column":3}},"6":{"start":{"line":16,"column":4},"end":{"line":16,"column":56}},"7":{"start":{"line":17,"column":9},"end":{"line":19,"column":3}},"8":{"start":{"line":18,"column":4},"end":{"line":18,"column":59}},"9":{"start":{"line":21,"column":2},"end":{"line":25,"column":4}},"10":{"start":{"line":28,"column":15},"end":{"line":34,"column":2}}},"fnMap":{"0":{"name":"WelcomeBanner","decl":{"start":{"line":8,"column":24},"end":{"line":8,"column":37}},"loc":{"start":{"line":8,"column":40},"end":{"line":26,"column":1}},"line":8}},"branchMap":{"0":{"loc":{"start":{"line":15,"column":2},"end":{"line":19,"column":3}},"type":"if","locations":[{"start":{"line":15,"column":2},"end":{"line":19,"column":3}},{"start":{"line":17,"column":9},"end":{"line":19,"column":3}}],"line":15},"1":{"loc":{"start":{"line":17,"column":9},"end":{"line":19,"column":3}},"type":"if","locations":[{"start":{"line":17,"column":9},"end":{"line":19,"column":3}},{"start":{},"end":{}}],"line":17},"2":{"loc":{"start":{"line":17,"column":13},"end":{"line":17,"column":42}},"type":"binary-expr","locations":[{"start":{"line":17,"column":13},"end":{"line":17,"column":18}},{"start":{"line":17,"column":22},"end":{"line":17,"column":42}}],"line":17}},"s":{"0":3,"1":3,"2":3,"3":3,"4":3,"5":3,"6":1,"7":2,"8":1,"9":3,"10":1},"f":{"0":3},"b":{"0":[1,2],"1":[1,1],"2":[2,1]},"_coverageSchema":"1a1c01bbd47fc00a2c39e90264f33305004495a9","hash":"badb72670e3e8dae9a9a1cfc5cd897bae4d54405"}
,"/workspaces/jars-cannabis-mobile-app/src/components/useSkeletonText.tsx": {"path":"/workspaces/jars-cannabis-mobile-app/src/components/useSkeletonText.tsx","statementMap":{"0":{"start":{"line":6,"column":21},"end":{"line":6,"column":67}},"1":{"start":{"line":8,"column":2},"end":{"line":17,"column":19}},"2":{"start":{"line":9,"column":4},"end":{"line":16,"column":14}},"3":{"start":{"line":19,"column":2},"end":{"line":34,"column":4}},"4":{"start":{"line":37,"column":15},"end":{"line":39,"column":2}}},"fnMap":{"0":{"name":"useSkeletonText","decl":{"start":{"line":5,"column":24},"end":{"line":5,"column":39}},"loc":{"start":{"line":5,"column":71},"end":{"line":35,"column":1}},"line":5},"1":{"name":"(anonymous_1)","decl":{"start":{"line":8,"column":18},"end":{"line":8,"column":19}},"loc":{"start":{"line":8,"column":24},"end":{"line":17,"column":3}},"line":8}},"branchMap":{},"s":{"0":0,"1":0,"2":0,"3":0,"4":0},"f":{"0":0,"1":0},"b":{}}
,"/workspaces/jars-cannabis-mobile-app/src/components/TerpeneWheel/TerpeneInfoModal.tsx": {"path":"/workspaces/jars-cannabis-mobile-app/src/components/TerpeneWheel/TerpeneInfoModal.tsx","statementMap":{"0":{"start":{"line":11,"column":25},"end":{"line":28,"column":2}},"1":{"start":{"line":12,"column":21},"end":{"line":12,"column":53}},"2":{"start":{"line":12,"column":41},"end":{"line":12,"column":48}},"3":{"start":{"line":14,"column":2},"end":{"line":16,"column":3}},"4":{"start":{"line":15,"column":4},"end":{"line":15,"column":16}},"5":{"start":{"line":18,"column":2},"end":{"line":27,"column":4}},"6":{"start":{"line":32,"column":15},"end":{"line":37,"column":2}}},"fnMap":{"0":{"name":"(anonymous_0)","decl":{"start":{"line":11,"column":67},"end":{"line":11,"column":68}},"loc":{"start":{"line":11,"column":86},"end":{"line":28,"column":1}},"line":11},"1":{"name":"(anonymous_1)","decl":{"start":{"line":12,"column":35},"end":{"line":12,"column":36}},"loc":{"start":{"line":12,"column":41},"end":{"line":12,"column":48}},"line":12}},"branchMap":{"0":{"loc":{"start":{"line":14,"column":2},"end":{"line":16,"column":3}},"type":"if","locations":[{"start":{"line":14,"column":2},"end":{"line":16,"column":3}},{"start":{},"end":{}}],"line":14}},"s":{"0":0,"1":0,"2":0,"3":0,"4":0,"5":0,"6":0},"f":{"0":0,"1":0},"b":{"0":[0,0]}}
[...]
,"/workspaces/jars-cannabis-mobile-app/src/types/cms.ts": {"path":"/workspaces/jars-cannabis-mobile-app/src/types/cms.ts","statementMap":{},"fnMap":{},"branchMap":{},"s":{},"f":{},"b":{}}
,"/workspaces/jars-cannabis-mobile-app/src/types/cmsExtra.ts": {"path":"/workspaces/jars-cannabis-mobile-app/src/types/cmsExtra.ts","statementMap":{},"fnMap":{},"branchMap":{},"s":{},"f":{},"b":{}}
,"/workspaces/jars-cannabis-mobile-app/src/types/expo-linking.d.ts": {"path":"/workspaces/jars-cannabis-mobile-app/src/types/expo-linking.d.ts","statementMap":{},"fnMap":{},"branchMap":{},"s":{},"f":{},"b":{}}
,"/workspaces/jars-cannabis-mobile-app/src/types/order.ts": {"path":"/workspaces/jars-cannabis-mobile-app/src/types/order.ts","statementMap":{},"fnMap":{},"branchMap":{},"s":{},"f":{},"b":{}}
,"/workspaces/jars-cannabis-mobile-app/src/types/react-native-firebase-auth.d.ts": {"path":"/workspaces/jars-cannabis-mobile-app/src/types/react-native-firebase-auth.d.ts","statementMap":{},"fnMap":{},"branchMap":{},"s":{},"f":{},"b":{}}
,"/workspaces/jars-cannabis-mobile-app/src/types/terpene.ts": {"path":"/workspaces/jars-cannabis-mobile-app/src/types/terpene.ts","statementMap":{},"fnMap":{},"branchMap":{},"s":{},"f":{},"b":{}}
,"/workspaces/jars-cannabis-mobile-app/src/utils/analytics.ts": {"path":"/workspaces/jars-cannabis-mobile-app/src/utils/analytics.ts","statementMap":{"0":{"start":{"line":6,"column":2},"end":{"line":8,"column":3}},"1":{"start":{"line":7,"column":4},"end":{"line":7,"column":49}},"2":{"start":{"line":12,"column":26},"end":{"line":12,"column":34}}},"fnMap":{"0":{"name":"logEvent","decl":{"start":{"line":4,"column":16},"end":{"line":4,"column":24}},"loc":{"start":{"line":4,"column":66},"end":{"line":10,"column":1}},"line":4}},"branchMap":{"0":{"loc":{"start":{"line":6,"column":2},"end":{"line":8,"column":3}},"type":"if","locations":[{"start":{"line":6,"column":2},"end":{"line":8,"column":3}},{"start":{},"end":{}}],"line":6}},"s":{"0":0,"1":0,"2":0},"f":{"0":0},"b":{"0":[0,0]}}
,"/workspaces/jars-cannabis-mobile-app/src/utils/apiConfig.ts": {"path":"/workspaces/jars-cannabis-mobile-app/src/utils/apiConfig.ts","statementMap":{"0":{"start":{"line":1,"column":28},"end":{"line":1,"column":91}}},"fnMap":{},"branchMap":{"0":{"loc":{"start":{"line":1,"column":28},"end":{"line":1,"column":91}},"type":"binary-expr","locations":[{"start":{"line":1,"column":28},"end":{"line":1,"column":64}},{"start":{"line":1,"column":68},"end":{"line":1,"column":91}}],"line":1}},"s":{"0":9},"f":{},"b":{"0":[9,9]},"_coverageSchema":"1a1c01bbd47fc00a2c39e90264f33305004495a9","hash":"d329356f41db0713cb109cef51a7a7fb45ef469c"}
,"/workspaces/jars-cannabis-mobile-app/src/utils/auth.ts": {"path":"/workspaces/jars-cannabis-mobile-app/src/utils/auth.ts","statementMap":{"0":{"start":{"line":5,"column":2},"end":{"line":5,"column":43}}},"fnMap":{"0":{"name":"getAuthToken","decl":{"start":{"line":4,"column":22},"end":{"line":4,"column":34}},"loc":{"start":{"line":4,"column":61},"end":{"line":6,"column":1}},"line":4}},"branchMap":{},"s":{"0":0},"f":{"0":0},"b":{},"_coverageSchema":"1a1c01bbd47fc00a2c39e90264f33305004495a9","hash":"8959bcf788619145d8a17bbc1f4bad956bd46c26"}
,"/workspaces/jars-cannabis-mobile-app/src/utils/cmsConfig.ts": {"path":"/workspaces/jars-cannabis-mobile-app/src/utils/cmsConfig.ts","statementMap":{"0":{"start":{"line":1,"column":27},"end":{"line":1,"column":89}}},"fnMap":{},"branchMap":{"0":{"loc":{"start":{"line":1,"column":27},"end":{"line":1,"column":89}},"type":"binary-expr","locations":[{"start":{"line":1,"column":27},"end":{"line":1,"column":62}},{"start":{"line":1,"column":66},"end":{"line":1,"column":89}}],"line":1}},"s":{"0":0},"f":{},"b":{"0":[0,0]}}
,"/workspaces/jars-cannabis-mobile-app/src/utils/deepLinkUtils.ts": {"path":"/workspaces/jars-cannabis-mobile-app/src/utils/deepLinkUtils.ts","statementMap":{"0":{"start":{"line":13,"column":2},"end":{"line":44,"column":3}},"1":{"start":{"line":15,"column":15},"end":{"line":15,"column":18}},"2":{"start":{"line":16,"column":4},"end":{"line":21,"column":5}},"3":{"start":{"line":17,"column":6},"end":{"line":20,"column":7}},"4":{"start":{"line":18,"column":8},"end":{"line":18,"column":40}},"5":{"start":{"line":19,"column":8},"end":{"line":19,"column":14}},"6":{"start":{"line":24,"column":4},"end":{"line":26,"column":5}},"7":{"start":{"line":25,"column":6},"end":{"line":25,"column":27}},"8":{"start":{"line":29,"column":20},"end":{"line":29,"column":42}},"9":{"start":{"line":30,"column":4},"end":{"line":38,"column":5}},"10":{"start":{"line":31,"column":20},"end":{"line":31,"column":47}},"11":{"start":{"line":32,"column":6},"end":{"line":37,"column":7}},"12":{"start":{"line":33,"column":8},"end":{"line":36,"column":10}},"13":{"start":{"line":40,"column":4},"end":{"line":40,"column":16}},"14":{"start":{"line":42,"column":4},"end":{"line":42,"column":61}},"15":{"start":{"line":43,"column":4},"end":{"line":43,"column":16}},"16":{"start":{"line":52,"column":2},"end":{"line":54,"column":3}},"17":{"start":{"line":53,"column":4},"end":{"line":53,"column":26}},"18":{"start":{"line":57,"column":31},"end":{"line":57,"column":33}},"19":{"start":{"line":58,"column":23},"end":{"line":61,"column":4}},"20":{"start":{"line":59,"column":4},"end":{"line":59,"column":31}},"21":{"start":{"line":60,"column":4},"end":{"line":60,"column":21}},"22":{"start":{"line":63,"column":16},"end":{"line":63,"column":47}},"23":{"start":{"line":64,"column":16},"end":{"line":64,"column":33}},"24":{"start":{"line":66,"column":2},"end":{"line":68,"column":3}},"25":{"start":{"line":67,"column":4},"end":{"line":67,"column":16}},"26":{"start":{"line":71,"column":41},"end":{"line":71,"column":43}},"27":{"start":{"line":72,"column":2},"end":{"line":74,"column":3}},"28":{"start":{"line":72,"column":15},"end":{"line":72,"column":16}},"29":{"start":{"line":73,"column":4},"end":{"line":73,"column":41}},"30":{"start":{"line":76,"column":2},"end":{"line":76,"column":20}},"31":{"start":{"line":83,"column":18},"end":{"line":83,"column":40}},"32":{"start":{"line":84,"column":18},"end":{"line":84,"column":60}},"33":{"start":{"line":86,"column":2},"end":{"line":88,"column":3}},"34":{"start":{"line":87,"column":4},"end":{"line":87,"column":77}},"35":{"start":{"line":90,"column":13},"end":{"line":90,"column":20}},"36":{"start":{"line":93,"column":2},"end":{"line":97,"column":3}},"37":{"start":{"line":94,"column":4},"end":{"line":96,"column":5}},"38":{"start":{"line":95,"column":6},"end":{"line":95,"column":44}},"39":{"start":{"line":100,"column":2},"end":{"line":100,"column":41}},"40":{"start":{"line":107,"column":2},"end":{"line":107,"column":65}},"41":{"start":{"line":107,"column":41},"end":{"line":107,"column":63}},"42":{"start":{"line":114,"column":2},"end":{"line":114,"column":39}},"43":{"start":{"line":121,"column":2},"end":{"line":131,"column":3}},"44":{"start":{"line":123,"column":25},"end":{"line":123,"column":51}},"45":{"start":{"line":124,"column":4},"end":{"line":127,"column":5}},"46":{"start":{"line":126,"column":6},"end":{"line":126,"column":81}},"47":{"start":{"line":126,"column":41},"end":{"line":126,"column":79}},"48":{"start":{"line":128,"column":4},"end":{"line":128,"column":16}},"49":{"start":{"line":130,"column":4},"end":{"line":130,"column":17}}},"fnMap":{"0":{"name":"parseDeepLink","decl":{"start":{"line":12,"column":16},"end":{"line":12,"column":29}},"loc":{"start":{"line":12,"column":63},"end":{"line":45,"column":1}},"line":12},"1":{"name":"matchPattern","decl":{"start":{"line":50,"column":9},"end":{"line":50,"column":21}},"loc":{"start":{"line":50,"column":96},"end":{"line":77,"column":1}},"line":50},"2":{"name":"(anonymous_2)","decl":{"start":{"line":58,"column":52},"end":{"line":58,"column":53}},"loc":{"start":{"line":58,"column":70},"end":{"line":61,"column":3}},"line":58},"3":{"name":"buildDeepLink","decl":{"start":{"line":82,"column":16},"end":{"line":82,"column":29}},"loc":{"start":{"line":82,"column":90},"end":{"line":101,"column":1}},"line":82},"4":{"name":"isJarsDeepLink","decl":{"start":{"line":106,"column":16},"end":{"line":106,"column":30}},"loc":{"start":{"line":106,"column":53},"end":{"line":108,"column":1}},"line":106},"5":{"name":"(anonymous_5)","decl":{"start":{"line":107,"column":31},"end":{"line":107,"column":32}},"loc":{"start":{"line":107,"column":41},"end":{"line":107,"column":63}},"line":107},"6":{"name":"getAvailableRoutes","decl":{"start":{"line":113,"column":16},"end":{"line":113,"column":34}},"loc":{"start":{"line":113,"column":61},"end":{"line":115,"column":1}},"line":113},"7":{"name":"validateRoutePattern","decl":{"start":{"line":120,"column":16},"end":{"line":120,"column":36}},"loc":{"start":{"line":120,"column":63},"end":{"line":132,"column":1}},"line":120},"8":{"name":"(anonymous_8)","decl":{"start":{"line":126,"column":32},"end":{"line":126,"column":33}},"loc":{"start":{"line":126,"column":41},"end":{"line":126,"column":79}},"line":126}},"branchMap":{"0":{"loc":{"start":{"line":17,"column":6},"end":{"line":20,"column":7}},"type":"if","locations":[{"start":{"line":17,"column":6},"end":{"line":20,"column":7}},{"start":{},"end":{}}],"line":17},"1":{"loc":{"start":{"line":24,"column":4},"end":{"line":26,"column":5}},"type":"if","locations":[{"start":{"line":24,"column":4},"end":{"line":26,"column":5}},{"start":{},"end":{}}],"line":24},"2":{"loc":{"start":{"line":32,"column":6},"end":{"line":37,"column":7}},"type":"if","locations":[{"start":{"line":32,"column":6},"end":{"line":37,"column":7}},{"start":{},"end":{}}],"line":32},"3":{"loc":{"start":{"line":52,"column":2},"end":{"line":54,"column":3}},"type":"if","locations":[{"start":{"line":52,"column":2},"end":{"line":54,"column":3}},{"start":{},"end":{}}],"line":52},"4":{"loc":{"start":{"line":52,"column":6},"end":{"line":52,"column":23}},"type":"binary-expr","locations":[{"start":{"line":52,"column":6},"end":{"line":52,"column":14}},{"start":{"line":52,"column":18},"end":{"line":52,"column":23}}],"line":52},"5":{"loc":{"start":{"line":66,"column":2},"end":{"line":68,"column":3}},"type":"if","locations":[{"start":{"line":66,"column":2},"end":{"line":68,"column":3}},{"start":{},"end":{}}],"line":66},"6":{"loc":{"start":{"line":86,"column":2},"end":{"line":88,"column":3}},"type":"if","locations":[{"start":{"line":86,"column":2},"end":{"line":88,"column":3}},{"start":{},"end":{}}],"line":86},"7":{"loc":{"start":{"line":93,"column":2},"end":{"line":97,"column":3}},"type":"if","locations":[{"start":{"line":93,"column":2},"end":{"line":97,"column":3}},{"start":{},"end":{}}],"line":93},"8":{"loc":{"start":{"line":124,"column":4},"end":{"line":127,"column":5}},"type":"if","locations":[{"start":{"line":124,"column":4},"end":{"line":127,"column":5}},{"start":{},"end":{}}],"line":124}},"s":{"0":0,"1":0,"2":0,"3":0,"4":0,"5":0,"6":0,"7":0,"8":0,"9":0,"10":0,"11":0,"12":0,"13":0,"14":0,"15":0,"16":0,"17":0,"18":0,"19":0,"20":0,"21":0,"22":0,"23":0,"24":0,"25":0,"26":0,"27":0,"28":0,"29":0,"30":0,"31":0,"32":0,"33":0,"34":0,"35":0,"36":0,"37":0,"38":0,"39":0,"40":0,"41":0,"42":0,"43":0,"44":0,"45":0,"46":0,"47":0,"48":0,"49":0},"f":{"0":0,"1":0,"2":0,"3":0,"4":0,"5":0,"6":0,"7":0,"8":0},"b":{"0":[0,0],"1":[0,0],"2":[0,0],"3":[0,0],"4":[0,0],"5":[0,0],"6":[0,0],"7":[0,0],"8":[0,0]}}
,"/workspaces/jars-cannabis-mobile-app/src/utils/featureFlags.ts": {"path":"/workspaces/jars-cannabis-mobile-app/src/utils/featureFlags.ts","statementMap":{"0":{"start":{"line":17,"column":42},"end":{"line":21,"column":1}},"1":{"start":{"line":34,"column":2},"end":{"line":34,"column":36}},"2":{"start":{"line":41,"column":16},"end":{"line":41,"column":33}},"3":{"start":{"line":42,"column":2},"end":{"line":42,"column":21}},"4":{"start":{"line":54,"column":2},"end":{"line":54,"column":27}},"5":{"start":{"line":61,"column":16},"end":{"line":61,"column":33}},"6":{"start":{"line":62,"column":2},"end":{"line":62,"column":21}}},"fnMap":{"0":{"name":"getFeatureFlags","decl":{"start":{"line":31,"column":16},"end":{"line":31,"column":31}},"loc":{"start":{"line":31,"column":48},"end":{"line":35,"column":1}},"line":31},"1":{"name":"isFeatureEnabled","decl":{"start":{"line":40,"column":16},"end":{"line":40,"column":32}},"loc":{"start":{"line":40,"column":68},"end":{"line":43,"column":1}},"line":40},"2":{"name":"useFeatureFlags","decl":{"start":{"line":48,"column":16},"end":{"line":48,"column":31}},"loc":{"start":{"line":48,"column":48},"end":{"line":55,"column":1}},"line":48},"3":{"name":"useFeatureFlag","decl":{"start":{"line":60,"column":16},"end":{"line":60,"column":30}},"loc":{"start":{"line":60,"column":66},"end":{"line":63,"column":1}},"line":60}},"branchMap":{},"s":{"0":1,"1":27,"2":12,"3":12,"4":8,"5":6,"6":6},"f":{"0":27,"1":12,"2":8,"3":6},"b":{},"_coverageSchema":"1a1c01bbd47fc00a2c39e90264f33305004495a9","hash":"31cb953b53360b51afa1d235f703ff0190ddd66e"}
,"/workspaces/jars-cannabis-mobile-app/src/utils/haptic.ts": {"path":"/workspaces/jars-cannabis-mobile-app/src/utils/haptic.ts","statementMap":{"0":{"start":{"line":5,"column":27},"end":{"line":5,"column":54}},"1":{"start":{"line":5,"column":33},"end":{"line":5,"column":54}},"2":{"start":{"line":8,"column":28},"end":{"line":8,"column":56}},"3":{"start":{"line":8,"column":34},"end":{"line":8,"column":56}},"4":{"start":{"line":11,"column":27},"end":{"line":11,"column":54}},"5":{"start":{"line":11,"column":33},"end":{"line":11,"column":54}},"6":{"start":{"line":14,"column":29},"end":{"line":14,"column":52}},"7":{"start":{"line":14,"column":35},"end":{"line":14,"column":52}},"8":{"start":{"line":15,"column":29},"end":{"line":15,"column":52}},"9":{"start":{"line":15,"column":35},"end":{"line":15,"column":52}},"10":{"start":{"line":16,"column":27},"end":{"line":16,"column":48}},"11":{"start":{"line":16,"column":33},"end":{"line":16,"column":48}}},"fnMap":{"0":{"name":"(anonymous_0)","decl":{"start":{"line":5,"column":27},"end":{"line":5,"column":28}},"loc":{"start":{"line":5,"column":33},"end":{"line":5,"column":54}},"line":5},"1":{"name":"(anonymous_1)","decl":{"start":{"line":8,"column":28},"end":{"line":8,"column":29}},"loc":{"start":{"line":8,"column":34},"end":{"line":8,"column":56}},"line":8},"2":{"name":"(anonymous_2)","decl":{"start":{"line":11,"column":27},"end":{"line":11,"column":28}},"loc":{"start":{"line":11,"column":33},"end":{"line":11,"column":54}},"line":11},"3":{"name":"(anonymous_3)","decl":{"start":{"line":14,"column":29},"end":{"line":14,"column":30}},"loc":{"start":{"line":14,"column":35},"end":{"line":14,"column":52}},"line":14},"4":{"name":"(anonymous_4)","decl":{"start":{"line":15,"column":29},"end":{"line":15,"column":30}},"loc":{"start":{"line":15,"column":35},"end":{"line":15,"column":52}},"line":15},"5":{"name":"(anonymous_5)","decl":{"start":{"line":16,"column":27},"end":{"line":16,"column":28}},"loc":{"start":{"line":16,"column":33},"end":{"line":16,"column":48}},"line":16}},"branchMap":{},"s":{"0":1,"1":1,"2":1,"3":1,"4":1,"5":1,"6":1,"7":1,"8":1,"9":1,"10":1,"11":1},"f":{"0":1,"1":1,"2":1,"3":1,"4":1,"5":1},"b":{},"_coverageSchema":"1a1c01bbd47fc00a2c39e90264f33305004495a9","hash":"e8252a0dadcf56e3f45fbf9140b786a396d0d92d"}
,"/workspaces/jars-cannabis-mobile-app/src/utils/i18n.ts": {"path":"/workspaces/jars-cannabis-mobile-app/src/utils/i18n.ts","statementMap":{"0":{"start":{"line":3,"column":21},"end":{"line":16,"column":1}},"1":{"start":{"line":18,"column":20},"end":{"line":18,"column":70}},"2":{"start":{"line":20,"column":25},"end":{"line":22,"column":1}},"3":{"start":{"line":21,"column":2},"end":{"line":21,"column":25}},"4":{"start":{"line":24,"column":17},"end":{"line":33,"column":1}},"5":{"start":{"line":31,"column":17},"end":{"line":31,"column":96}},"6":{"start":{"line":32,"column":2},"end":{"line":32,"column":88}}},"fnMap":{"0":{"name":"(anonymous_0)","decl":{"start":{"line":20,"column":25},"end":{"line":20,"column":26}},"loc":{"start":{"line":20,"column":45},"end":{"line":22,"column":1}},"line":20},"1":{"name":"(anonymous_1)","decl":{"start":{"line":24,"column":17},"end":{"line":24,"column":18}},"loc":{"start":{"line":24,"column":61},"end":{"line":33,"column":1}},"line":24}},"branchMap":{"0":{"loc":{"start":{"line":18,"column":20},"end":{"line":18,"column":70}},"type":"binary-expr","locations":[{"start":{"line":18,"column":20},"end":{"line":18,"column":62}},{"start":{"line":18,"column":66},"end":{"line":18,"column":70}}],"line":18},"1":{"loc":{"start":{"line":31,"column":17},"end":{"line":31,"column":96}},"type":"cond-expr","locations":[{"start":{"line":31,"column":76},"end":{"line":31,"column":89}},{"start":{"line":31,"column":92},"end":{"line":31,"column":96}}],"line":31},"2":{"loc":{"start":{"line":32,"column":9},"end":{"line":32,"column":87}},"type":"binary-expr","locations":[{"start":{"line":32,"column":9},"end":{"line":32,"column":80}},{"start":{"line":32,"column":84},"end":{"line":32,"column":87}}],"line":32}},"s":{"0":0,"1":0,"2":0,"3":0,"4":0,"5":0,"6":0},"f":{"0":0,"1":0},"b":{"0":[0,0],"1":[0,0],"2":[0,0]}}
,"/workspaces/jars-cannabis-mobile-app/src/utils/progress.ts": {"path":"/workspaces/jars-cannabis-mobile-app/src/utils/progress.ts","statementMap":{"0":{"start":{"line":2,"column":2},"end":{"line":2,"column":39}}},"fnMap":{"0":{"name":"calculateProgress","decl":{"start":{"line":1,"column":16},"end":{"line":1,"column":33}},"loc":{"start":{"line":1,"column":75},"end":{"line":3,"column":1}},"line":1}},"branchMap":{},"s":{"0":2},"f":{"0":2},"b":{},"_coverageSchema":"1a1c01bbd47fc00a2c39e90264f33305004495a9","hash":"c79357eaed8bdae462624f3e82c8ec41f312cf9c"}
,"/workspaces/jars-cannabis-mobile-app/src/utils/secureStorage.ts": {"path":"/workspaces/jars-cannabis-mobile-app/src/utils/secureStorage.ts","statementMap":{"0":{"start":{"line":5,"column":2},"end":{"line":9,"column":3}},"1":{"start":{"line":6,"column":4},"end":{"line":6,"column":47}},"2":{"start":{"line":8,"column":4},"end":{"line":8,"column":43}},"3":{"start":{"line":13,"column":2},"end":{"line":19,"column":3}},"4":{"start":{"line":14,"column":18},"end":{"line":14,"column":53}},"5":{"start":{"line":15,"column":4},"end":{"line":15,"column":36}},"6":{"start":{"line":15,"column":23},"end":{"line":15,"column":36}},"7":{"start":{"line":16,"column":4},"end":{"line":16,"column":43}},"8":{"start":{"line":18,"column":4},"end":{"line":18,"column":43}},"9":{"start":{"line":23,"column":2},"end":{"line":27,"column":3}},"10":{"start":{"line":24,"column":4},"end":{"line":24,"column":43}},"11":{"start":{"line":26,"column":4},"end":{"line":26,"column":39}}},"fnMap":{"0":{"name":"saveSecure","decl":{"start":{"line":4,"column":22},"end":{"line":4,"column":32}},"loc":{"start":{"line":4,"column":61},"end":{"line":10,"column":1}},"line":4},"1":{"name":"getSecure","decl":{"start":{"line":12,"column":22},"end":{"line":12,"column":31}},"loc":{"start":{"line":12,"column":69},"end":{"line":20,"column":1}},"line":12},"2":{"name":"deleteSecure","decl":{"start":{"line":22,"column":22},"end":{"line":22,"column":34}},"loc":{"start":{"line":22,"column":48},"end":{"line":28,"column":1}},"line":22}},"branchMap":{"0":{"loc":{"start":{"line":15,"column":4},"end":{"line":15,"column":36}},"type":"if","locations":[{"start":{"line":15,"column":4},"end":{"line":15,"column":36}},{"start":{},"end":{}}],"line":15}},"s":{"0":0,"1":0,"2":0,"3":0,"4":0,"5":0,"6":0,"7":0,"8":0,"9":0,"10":0,"11":0},"f":{"0":0,"1":0,"2":0},"b":{"0":[0,0]}}
,"/workspaces/jars-cannabis-mobile-app/src/utils/toast.ts": {"path":"/workspaces/jars-cannabis-mobile-app/src/utils/toast.ts","statementMap":{"0":{"start":{"line":4,"column":2},"end":{"line":4,"column":23}}},"fnMap":{"0":{"name":"toast","decl":{"start":{"line":3,"column":16},"end":{"line":3,"column":21}},"loc":{"start":{"line":3,"column":39},"end":{"line":5,"column":1}},"line":3}},"branchMap":{},"s":{"0":0},"f":{"0":0},"b":{},"_coverageSchema":"1a1c01bbd47fc00a2c39e90264f33305004495a9","hash":"f44295250ea725fddad3fbd2a8417f938d6f4430"}
}
