TN:
SF:src/@types/declarations.d.ts
FNF:0
FNH:0
LF:0
LH:0
BRF:0
BRH:0
end_of_record
TN:
SF:src/@types/external.d.ts
FNF:0
FNH:0
LF:0
LH:0
BRF:0
BRH:0
end_of_record
TN:
SF:src/@types/jars.ts
FNF:0
FNH:0
LF:0
LH:0
BRF:0
BRH:0
end_of_record
TN:
SF:src/@types/nativewind.d.ts
FNF:0
FNH:0
LF:0
LH:0
BRF:0
BRH:0
end_of_record
TN:
SF:src/@types/personalization.ts
FNF:0
FNH:0
LF:0
LH:0
BRF:0
BRH:0
end_of_record
TN:
SF:src/@types/store.ts
FNF:0
FNH:0
LF:0
LH:0
BRF:0
BRH:0
end_of_record
TN:
SF:src/@types/terpene.ts
FNF:0
FNH:0
LF:0
LH:0
BRF:0
BRH:0
end_of_record
TN:
SF:src/api/cmsClient.ts
FNF:0
FNH:0
DA:5,0
LF:1
LH:0
BRF:0
BRH:0
end_of_record
TN:
SF:src/api/phase4Client.ts
FN:9,createPhase4Client
FN:16,(anonymous_1)
FN:23,(anonymous_2)
FN:31,getForYou
FN:38,getRelated
FN:45,postReview
FN:50,getLoyaltyStatus
FN:55,getLoyaltyBadges
FN:60,conciergeChat
FN:65,getJournal
FN:70,addJournal
FN:80,updateJournal
FN:85,getPrefs
FN:90,updatePrefs
FN:95,getAwardsStatus
FNF:15
FNH:0
FNDA:0,createPhase4Client
FNDA:0,(anonymous_1)
FNDA:0,(anonymous_2)
FNDA:0,getForYou
FNDA:0,getRelated
FNDA:0,postReview
FNDA:0,getLoyaltyStatus
FNDA:0,getLoyaltyBadges
FNDA:0,conciergeChat
FNDA:0,getJournal
FNDA:0,addJournal
FNDA:0,updateJournal
FNDA:0,getPrefs
FNDA:0,updatePrefs
FNDA:0,getAwardsStatus
DA:7,0
DA:10,0
DA:15,0
DA:17,0
DA:18,0
DA:19,0
DA:21,0
DA:23,0
DA:26,0
DA:29,0
DA:32,0
DA:35,0
DA:39,0
DA:42,0
DA:46,0
DA:47,0
DA:51,0
DA:52,0
DA:56,0
DA:57,0
DA:61,0
DA:62,0
DA:66,0
DA:67,0
DA:76,0
DA:77,0
DA:81,0
DA:82,0
DA:86,0
DA:87,0
DA:91,0
DA:92,0
DA:96,0
DA:97,0
LF:34
LH:0
BRDA:18,0,0,0
BRDA:18,0,1,0
BRDA:18,1,0,0
BRDA:18,1,1,0
BRDA:33,2,0,0
BRDA:33,2,1,0
BRDA:40,3,0,0
BRDA:40,3,1,0
BRF:8
BRH:0
end_of_record
TN:
SF:src/api/stripe.ts
FN:14,fetchPaymentSheetParams
FNF:1
FNH:0
FNDA:0,fetchPaymentSheetParams
DA:6,0
DA:15,0
DA:21,0
DA:22,0
DA:25,0
LF:5
LH:0
BRDA:21,0,0,0
BRDA:21,0,1,0
BRF:2
BRH:0
end_of_record
TN:
SF:src/api/hooks/useDataCategories.ts
FN:10,fetchCategories
FN:15,useDataCategories
FNF:2
FNH:0
FNDA:0,fetchCategories
FNDA:0,useDataCategories
DA:11,0
DA:12,0
DA:16,0
LF:3
LH:0
BRF:0
BRH:0
end_of_record
TN:
SF:src/api/hooks/useLoyaltyStatus.ts
FN:10,fetchLoyalty
FN:15,useLoyaltyStatus
FNF:2
FNH:0
FNDA:0,fetchLoyalty
FNDA:0,useLoyaltyStatus
DA:11,0
DA:12,0
DA:16,0
LF:3
LH:0
BRF:0
BRH:0
end_of_record
TN:
SF:src/api/hooks/usePrivacyPreferences.ts
FN:10,fetchPrefs
FN:15,updatePrefs
FN:20,usePrivacyPreferences
FN:29,(anonymous_3)
FN:32,(anonymous_4)
FNF:5
FNH:0
FNDA:0,fetchPrefs
FNDA:0,updatePrefs
FNDA:0,usePrivacyPreferences
FNDA:0,(anonymous_3)
FNDA:0,(anonymous_4)
DA:11,0
DA:12,0
DA:16,0
DA:17,0
DA:21,0
DA:22,0
DA:27,0
DA:30,0
DA:33,0
DA:37,0
LF:10
LH:0
BRF:0
BRH:0
end_of_record
TN:
SF:src/api/hooks/useRedeemReward.ts
FN:11,redeemReward
FN:15,useRedeemReward
FN:18,(anonymous_2)
FN:23,(anonymous_3)
FN:30,(anonymous_4)
FN:41,(anonymous_5)
FNF:6
FNH:0
FNDA:0,redeemReward
FNDA:0,useRedeemReward
FNDA:0,(anonymous_2)
FNDA:0,(anonymous_3)
FNDA:0,(anonymous_4)
FNDA:0,(anonymous_5)
DA:12,0
DA:16,0
DA:18,0
DA:21,0
DA:22,0
DA:23,0
DA:24,0
DA:25,0
DA:27,0
DA:30,0
DA:31,0
DA:32,0
DA:34,0
DA:37,0
DA:42,0
LF:15
LH:0
BRDA:24,0,0,0
BRDA:24,0,1,0
BRDA:31,1,0,0
BRDA:31,1,1,0
BRF:4
BRH:0
end_of_record
TN:
SF:src/api/hooks/useUpdateUserProfile.ts
FN:6,updateProfile
FN:11,useUpdateUserProfile
FN:16,(anonymous_2)
FN:19,(anonymous_3)
FNF:4
FNH:0
FNDA:0,updateProfile
FNDA:0,useUpdateUserProfile
FNDA:0,(anonymous_2)
FNDA:0,(anonymous_3)
DA:7,0
DA:8,0
DA:12,0
DA:14,0
DA:17,0
DA:20,0
LF:6
LH:0
BRF:0
BRH:0
end_of_record
TN:
SF:src/api/hooks/useUserProfile.ts
FN:12,fetchProfile
FN:17,useUserProfile
FN:23,(anonymous_2)
FNF:3
FNH:0
FNDA:0,fetchProfile
FNDA:0,useUserProfile
FNDA:0,(anonymous_2)
DA:13,0
DA:14,0
DA:18,0
DA:23,0
LF:4
LH:0
BRF:0
BRH:0
end_of_record
TN:
SF:src/clients/authClient.ts
FN:12,requestPasswordReset
FNF:1
FNH:0
FNDA:0,requestPasswordReset
DA:5,0
DA:7,0
DA:13,0
LF:3
LH:0
BRF:0
BRH:0
end_of_record
TN:
SF:src/clients/orderClient.ts
FN:9,createOrderClient
FN:16,(anonymous_1)
FN:23,(anonymous_2)
FN:31,fetchOrders
FNF:4
FNH:0
FNDA:0,createOrderClient
FNDA:0,(anonymous_1)
FNDA:0,(anonymous_2)
FNDA:0,fetchOrders
DA:7,0
DA:10,0
DA:15,0
DA:17,0
DA:18,0
DA:19,0
DA:21,0
DA:23,0
DA:26,0
DA:29,0
DA:32,0
DA:33,0
LF:12
LH:0
BRDA:18,0,0,0
BRDA:18,0,1,0
BRDA:18,1,0,0
BRDA:18,1,1,0
BRDA:31,2,0,0
BRF:5
BRH:0
end_of_record
TN:
SF:src/clients/paymentClient.ts
FN:13,authFetch
FN:28,addPaymentMethod
FN:32,updatePaymentMethod
FNF:3
FNH:0
FNDA:0,authFetch
FNDA:0,addPaymentMethod
FNDA:0,updatePaymentMethod
DA:4,0
DA:14,0
DA:15,0
DA:21,0
DA:22,0
DA:23,0
DA:25,0
DA:29,0
DA:33,0
LF:9
LH:0
BRDA:17,0,0,0
BRDA:17,0,1,0
BRDA:18,1,0,0
BRDA:18,1,1,0
BRDA:22,2,0,0
BRDA:22,2,1,0
BRF:6
BRH:0
end_of_record
TN:
SF:src/components/ARButton.tsx
FN:6,ARButton
FN:10,(anonymous_1)
FNF:2
FNH:0
FNDA:0,ARButton
FNDA:0,(anonymous_1)
DA:7,0
DA:10,0
LF:2
LH:0
BRF:0
BRH:0
end_of_record
TN:
SF:src/components/AnimatedBackgroundGradient.tsx
FN:5,AnimatedBackgroundGradient
FNF:1
FNH:0
FNDA:0,AnimatedBackgroundGradient
DA:6,0
DA:13,0
LF:2
LH:0
BRF:0
BRH:0
end_of_record
TN:
SF:src/components/AnimatedPulseGlow.tsx
FN:10,AnimatedPulseGlow
FN:12,(anonymous_1)
FN:15,(anonymous_2)
FNF:3
FNH:0
FNDA:0,AnimatedPulseGlow
FNDA:0,(anonymous_1)
FNDA:0,(anonymous_2)
DA:11,0
DA:12,0
DA:13,0
DA:15,0
DA:19,0
DA:22,0
LF:6
LH:0
BRF:0
BRH:0
end_of_record
TN:
SF:src/components/AnimatedShimmerOverlay.tsx
FN:4,AnimatedShimmerOverlay
FN:7,(anonymous_1)
FNF:2
FNH:0
FNDA:0,AnimatedShimmerOverlay
FNDA:0,(anonymous_1)
DA:5,0
DA:7,0
DA:8,0
DA:18,0
DA:23,0
LF:5
LH:0
BRF:0
BRH:0
end_of_record
TN:
SF:src/components/ArticlePreviewCard.tsx
FN:12,ArticlePreviewCard
FN:17,(anonymous_1)
FNF:2
FNH:0
FNDA:0,ArticlePreviewCard
FNDA:0,(anonymous_1)
DA:13,0
DA:14,0
DA:18,0
DA:19,0
DA:33,0
LF:5
LH:0
BRDA:22,0,0,0
BRDA:22,0,1,0
BRF:2
BRH:0
end_of_record
TN:
SF:src/components/ArticleSkeletonCard.tsx
FNF:0
FNH:0
LF:0
LH:0
BRF:0
BRH:0
end_of_record
TN:
SF:src/components/BannerCarousel.tsx
FN:14,BannerCarousel
FN:16,(anonymous_1)
FN:17,(anonymous_2)
FN:24,(anonymous_3)
FN:35,(anonymous_4)
FN:38,(anonymous_5)
FNF:6
FNH:0
FNDA:0,BannerCarousel
FNDA:0,(anonymous_1)
FNDA:0,(anonymous_2)
FNDA:0,(anonymous_3)
FNDA:0,(anonymous_4)
FNDA:0,(anonymous_5)
DA:15,0
DA:16,0
DA:17,0
DA:18,0
DA:19,0
DA:24,0
DA:27,0
DA:36,0
DA:39,0
DA:40,0
DA:52,0
LF:11
LH:0
BRDA:18,0,0,0
BRDA:18,0,1,0
BRDA:18,1,0,0
BRDA:18,1,1,0
BRDA:45,2,0,0
BRDA:45,2,1,0
BRF:6
BRH:0
end_of_record
TN:
SF:src/components/Button.tsx
FN:16,Button
FN:26,(anonymous_1)
FN:29,(anonymous_2)
FN:32,(anonymous_3)
FNF:4
FNH:0
FNDA:0,Button
FNDA:0,(anonymous_1)
FNDA:0,(anonymous_2)
FNDA:0,(anonymous_3)
DA:25,0
DA:26,0
DA:27,0
DA:29,0
DA:30,0
DA:32,0
DA:33,0
DA:34,0
DA:36,0
DA:55,0
LF:10
LH:0
BRDA:23,0,0,0
BRDA:43,1,0,0
BRDA:43,1,1,0
BRF:3
BRH:0
end_of_record
TN:
SF:src/components/CMSImage.tsx
FN:11,CMSImage
FNF:1
FNH:0
FNDA:0,CMSImage
DA:12,0
LF:1
LH:0
BRF:0
BRH:0
end_of_record
TN:
SF:src/components/CartErrorBanner.tsx
FN:8,CartErrorBanner
FNF:1
FNH:0
FNDA:0,CartErrorBanner
DA:9,0
DA:19,0
LF:2
LH:0
BRF:0
BRH:0
end_of_record
TN:
SF:src/components/CustomAudioPlayer.tsx
FN:4,CustomAudioPlayer
FN:5,(anonymous_1)
FN:6,(anonymous_2)
FN:9,(anonymous_3)
FN:10,(anonymous_4)
FNF:5
FNH:0
FNDA:0,CustomAudioPlayer
FNDA:0,(anonymous_1)
FNDA:0,(anonymous_2)
FNDA:0,(anonymous_3)
FNDA:0,(anonymous_4)
DA:5,0
DA:6,0
DA:7,0
DA:9,0
DA:10,0
DA:13,0
LF:6
LH:0
BRDA:7,0,0,0
BRDA:7,0,1,0
BRF:2
BRH:0
end_of_record
TN:
SF:src/components/DataCategoryItem.tsx
FN:6,DataCategoryItem
FNF:1
FNH:0
FNDA:0,DataCategoryItem
DA:7,0
DA:19,0
LF:2
LH:0
BRF:0
BRH:0
end_of_record
TN:
SF:src/components/ErrorBoundary.tsx
FN:10,(anonymous_0)
FN:15,(anonymous_1)
FN:19,(anonymous_2)
FN:23,(anonymous_3)
FNF:4
FNH:0
FNDA:0,(anonymous_0)
FNDA:0,(anonymous_1)
FNDA:0,(anonymous_2)
FNDA:0,(anonymous_3)
DA:11,0
DA:12,0
DA:16,0
DA:20,0
DA:24,0
DA:25,0
DA:36,0
LF:7
LH:0
BRDA:24,0,0,0
BRDA:24,0,1,0
BRF:2
BRH:0
end_of_record
TN:
SF:src/components/ErrorCard.tsx
FN:10,ErrorCard
FNF:1
FNH:0
FNDA:0,ErrorCard
DA:11,0
DA:21,0
LF:2
LH:0
BRF:0
BRH:0
end_of_record
TN:
SF:src/components/FAQSkeleton.tsx
FN:5,FAQSkeleton
FN:8,(anonymous_1)
FNF:2
FNH:0
FNDA:0,FAQSkeleton
FNDA:0,(anonymous_1)
DA:6,0
DA:8,0
DA:9,0
DA:19,0
DA:37,0
LF:5
LH:0
BRF:0
BRH:0
end_of_record
TN:
SF:src/components/ForYouTodayCard.tsx
FN:14,ForYouTodayCard
FN:20,(anonymous_1)
FN:21,(anonymous_2)
FNF:3
FNH:0
FNDA:0,ForYouTodayCard
FNDA:0,(anonymous_1)
FNDA:0,(anonymous_2)
DA:15,0
DA:21,0
DA:33,0
LF:3
LH:0
BRDA:24,0,0,0
BRDA:24,0,1,0
BRF:2
BRH:0
end_of_record
TN:
SF:src/components/ForYouTodaySkeleton.tsx
FN:5,ForYouTodaySkeleton
FN:8,(anonymous_1)
FNF:2
FNH:0
FNDA:0,ForYouTodaySkeleton
FNDA:0,(anonymous_1)
DA:6,0
DA:8,0
DA:9,0
DA:19,0
DA:35,0
LF:5
LH:0
BRF:0
BRH:0
end_of_record
TN:
SF:src/components/LegalDisclaimerModal.tsx
FN:12,LegalDisclaimerModal
FN:29,(anonymous_1)
FNF:2
FNH:0
FNDA:0,LegalDisclaimerModal
FNDA:0,(anonymous_1)
DA:13,0
DA:15,0
DA:30,0
DA:31,0
DA:42,0
LF:5
LH:0
BRF:0
BRH:0
end_of_record
TN:
SF:src/components/LocationStatusDisplay.tsx
FN:9,LocationStatusDisplay
FNF:1
FNH:0
FNDA:0,LocationStatusDisplay
DA:10,0
DA:11,0
DA:19,0
DA:29,0
LF:4
LH:0
BRDA:10,0,0,0
BRDA:10,0,1,0
BRF:2
BRH:0
end_of_record
TN:
SF:src/components/OfflineNotice.tsx
FN:5,OfflineNotice
FNF:1
FNH:0
FNDA:0,OfflineNotice
DA:6,0
DA:7,0
DA:8,0
DA:14,0
DA:17,0
LF:5
LH:0
BRDA:7,0,0,0
BRDA:7,0,1,0
BRF:2
BRH:0
end_of_record
TN:
SF:src/components/OnboardingSlide.tsx
FN:14,OnboardingSlide
FNF:1
FNH:0
FNDA:0,OnboardingSlide
DA:15,0
DA:29,0
LF:2
LH:0
BRDA:17,0,0,0
BRDA:17,0,1,0
BRF:2
BRH:0
end_of_record
TN:
SF:src/components/OrderCard.tsx
FN:13,OrderCard
FNF:1
FNH:0
FNDA:0,OrderCard
DA:14,0
DA:15,0
DA:17,0
DA:38,0
LF:4
LH:0
BRF:0
BRH:0
end_of_record
TN:
SF:src/components/PaginationDots.tsx
FN:9,PaginationDots
FN:12,(anonymous_1)
FNF:2
FNH:0
FNDA:0,PaginationDots
FNDA:0,(anonymous_1)
DA:10,0
DA:13,0
DA:19,0
LF:3
LH:0
BRDA:13,0,0,0
BRDA:13,0,1,0
BRF:2
BRH:0
end_of_record
TN:
SF:src/components/PasswordStrengthBar.tsx
FN:8,PasswordStrengthBar
FN:9,(anonymous_1)
FNF:2
FNH:0
FNDA:0,PasswordStrengthBar
FNDA:0,(anonymous_1)
DA:9,0
DA:10,0
DA:11,0
DA:12,0
DA:13,0
DA:15,0
DA:17,0
DA:25,0
DA:28,0
LF:9
LH:0
BRDA:10,0,0,0
BRDA:10,0,1,0
BRDA:10,1,0,0
BRDA:10,1,1,0
BRDA:10,1,2,0
BRDA:11,2,0,0
BRDA:11,2,1,0
BRDA:12,3,0,0
BRDA:12,3,1,0
BRDA:17,4,0,0
BRDA:17,4,1,0
BRDA:19,5,0,0
BRDA:19,5,1,0
BRDA:21,6,0,0
BRDA:21,6,1,0
BRF:15
BRH:0
end_of_record
TN:
SF:src/components/PermissionRationaleModal.tsx
FN:10,PermissionRationaleModal
FNF:1
FNH:0
FNDA:0,PermissionRationaleModal
DA:11,0
DA:12,0
DA:49,0
LF:3
LH:0
BRDA:11,0,0,0
BRDA:11,0,1,0
BRF:2
BRH:0
end_of_record
TN:
SF:src/components/PointsProgressBar.tsx
FN:11,PointsProgressBar
FNF:1
FNH:0
FNDA:0,PointsProgressBar
DA:12,0
DA:13,0
DA:23,0
LF:3
LH:0
BRF:0
BRH:0
end_of_record
TN:
SF:src/components/PreviewBadge.tsx
FN:4,PreviewBadge
FNF:1
FNH:0
FNDA:0,PreviewBadge
DA:5,0
DA:12,0
LF:2
LH:0
BRF:0
BRH:0
end_of_record
TN:
SF:src/components/ProductCardMini.tsx
FN:12,ProductCardMini
FN:13,(anonymous_1)
FNF:2
FNH:0
FNDA:0,ProductCardMini
FNDA:0,(anonymous_1)
DA:13,0
DA:14,0
DA:15,0
DA:18,0
DA:29,0
LF:5
LH:0
BRDA:20,0,0,0
BRDA:20,0,1,0
BRF:2
BRH:0
end_of_record
TN:
SF:src/components/ProductCardSkeleton.tsx
FN:5,ProductCardSkeleton
FN:8,(anonymous_1)
FNF:2
FNH:0
FNDA:0,ProductCardSkeleton
FNDA:0,(anonymous_1)
DA:6,0
DA:8,0
DA:9,0
DA:19,0
DA:36,0
LF:5
LH:0
BRF:0
BRH:0
end_of_record
TN:
SF:src/components/ProductDropCarousel.tsx
FN:14,ProductDropCarousel
FN:16,(anonymous_1)
FN:17,(anonymous_2)
FN:24,(anonymous_3)
FN:35,(anonymous_4)
FN:38,(anonymous_5)
FNF:6
FNH:0
FNDA:0,ProductDropCarousel
FNDA:0,(anonymous_1)
FNDA:0,(anonymous_2)
FNDA:0,(anonymous_3)
FNDA:0,(anonymous_4)
FNDA:0,(anonymous_5)
DA:15,0
DA:16,0
DA:17,0
DA:18,0
DA:19,0
DA:24,0
DA:27,0
DA:36,0
DA:39,0
DA:40,0
DA:56,0
LF:11
LH:0
BRDA:18,0,0,0
BRDA:18,0,1,0
BRDA:18,1,0,0
BRDA:18,1,1,0
BRDA:47,2,0,0
BRDA:47,2,1,0
BRF:6
BRH:0
end_of_record
TN:
SF:src/components/ProductFallback.tsx
FN:10,ProductFallback
FN:16,(anonymous_1)
FNF:2
FNH:0
FNDA:0,ProductFallback
FNDA:0,(anonymous_1)
DA:11,0
DA:17,0
DA:18,0
DA:32,0
LF:4
LH:0
BRDA:22,0,0,0
BRDA:22,0,1,0
BRF:2
BRH:0
end_of_record
TN:
SF:src/components/ReviewForm.tsx
FN:4,ReviewForm
FN:17,(anonymous_1)
FN:20,(anonymous_2)
FNF:3
FNH:0
FNDA:0,ReviewForm
FNDA:0,(anonymous_1)
FNDA:0,(anonymous_2)
DA:9,0
DA:10,0
DA:11,0
DA:17,0
DA:20,0
LF:5
LH:0
BRDA:17,0,0,0
BRDA:17,0,1,0
BRF:2
BRH:0
end_of_record
TN:
SF:src/components/ScreenReaderOnly.tsx
FN:8,ScreenReaderOnly
FNF:1
FNH:0
FNDA:0,ScreenReaderOnly
DA:9,0
DA:16,0
LF:2
LH:0
BRF:0
BRH:0
end_of_record
TN:
SF:src/components/ScreenTransition.tsx
FN:24,ScreenTransition
FN:27,(anonymous_1)
FN:30,(anonymous_2)
FN:39,(anonymous_3)
FNF:4
FNH:0
FNDA:0,ScreenTransition
FNDA:0,(anonymous_1)
FNDA:0,(anonymous_2)
FNDA:0,(anonymous_3)
DA:25,0
DA:27,0
DA:29,0
DA:30,0
DA:32,0
DA:39,0
DA:43,0
DA:46,0
LF:8
LH:0
BRDA:24,0,0,0
BRF:1
BRH:0
end_of_record
TN:
SF:src/components/SkeletonArticleCard.tsx
FN:5,SkeletonArticleCard
FN:8,(anonymous_1)
FNF:2
FNH:0
FNDA:0,SkeletonArticleCard
FNDA:0,(anonymous_1)
DA:6,0
DA:8,0
DA:9,0
DA:19,0
DA:34,0
LF:5
LH:0
BRF:0
BRH:0
end_of_record
TN:
SF:src/components/StashItemCard.tsx
FN:14,StashItemCard
FN:15,(anonymous_1)
FN:19,(anonymous_2)
FNF:3
FNH:0
FNDA:0,StashItemCard
FNDA:0,(anonymous_1)
FNDA:0,(anonymous_2)
DA:15,0
DA:16,0
DA:17,0
DA:19,0
DA:20,0
DA:21,0
DA:22,0
DA:26,0
DA:50,0
LF:9
LH:0
BRDA:20,0,0,0
BRDA:20,0,1,0
BRDA:28,1,0,0
BRDA:28,1,1,0
BRDA:39,2,0,0
BRDA:39,2,1,0
BRF:6
BRH:0
end_of_record
TN:
SF:src/components/StockAlert.tsx
FN:9,StockAlert
FNF:1
FNH:0
FNDA:0,StockAlert
DA:10,0
DA:17,0
LF:2
LH:0
BRF:0
BRH:0
end_of_record
TN:
SF:src/components/StoreCard.tsx
FN:20,StoreCard
FN:30,(anonymous_1)
FN:35,(anonymous_2)
FN:40,(anonymous_3)
FNF:4
FNH:0
FNDA:0,StoreCard
FNDA:0,(anonymous_1)
FNDA:0,(anonymous_2)
FNDA:0,(anonymous_3)
DA:30,0
DA:31,0
DA:32,0
DA:35,0
DA:36,0
DA:37,0
DA:40,0
DA:41,0
DA:42,0
DA:45,0
DA:46,0
DA:54,0
DA:81,0
LF:13
LH:0
BRDA:45,0,0,0
BRDA:45,0,1,0
BRDA:58,1,0,0
BRDA:58,1,1,0
BRDA:61,2,0,0
BRDA:61,2,1,0
BRDA:68,3,0,0
BRDA:68,3,1,0
BRDA:71,4,0,0
BRDA:71,4,1,0
BRF:10
BRH:0
end_of_record
TN:
SF:src/components/TerpeneInfoModal.tsx
FN:11,(anonymous_0)
FNF:1
FNH:0
FNDA:0,(anonymous_0)
DA:11,0
DA:12,0
DA:61,0
LF:3
LH:0
BRDA:29,0,0,0
BRDA:29,0,1,0
BRF:2
BRH:0
end_of_record
TN:
SF:src/components/WelcomeBanner.tsx
FN:8,WelcomeBanner
FNF:1
FNH:0
FNDA:0,WelcomeBanner
DA:9,0
DA:10,0
DA:11,0
DA:12,0
DA:14,0
DA:15,0
DA:16,0
DA:17,0
DA:18,0
DA:21,0
DA:28,0
LF:11
LH:0
BRDA:15,0,0,0
BRDA:15,0,1,0
BRDA:17,1,0,0
BRDA:17,1,1,0
BRDA:17,2,0,0
BRDA:17,2,1,0
BRF:6
BRH:0
end_of_record
TN:
SF:src/components/useSkeletonText.tsx
FN:5,useSkeletonText
FN:8,(anonymous_1)
FNF:2
FNH:0
FNDA:0,useSkeletonText
FNDA:0,(anonymous_1)
DA:6,0
DA:8,0
DA:9,0
DA:19,0
DA:37,0
LF:5
LH:0
BRF:0
BRH:0
end_of_record
TN:
SF:src/components/TerpeneWheel/TerpeneInfoModal.tsx
FN:11,(anonymous_0)
FN:12,(anonymous_1)
FNF:2
FNH:0
FNDA:0,(anonymous_0)
FNDA:0,(anonymous_1)
DA:11,0
DA:12,0
DA:14,0
DA:15,0
DA:18,0
DA:32,0
LF:6
LH:0
BRDA:14,0,0,0
BRDA:14,0,1,0
BRF:2
BRH:0
end_of_record
TN:
SF:src/constants/links.ts
FNF:0
FNH:0
DA:6,0
DA:8,0
LF:2
LH:0
BRF:0
BRH:0
end_of_record
TN:
SF:src/constants/terpenes.ts
FNF:0
FNH:0
DA:3,0
LF:1
LH:0
BRF:0
BRH:0
end_of_record
TN:
SF:src/context/AccessibilityContext.tsx
FN:10,AccessibilityProvider
FN:12,(anonymous_1)
FN:12,(anonymous_2)
FN:20,useAccessibility
FNF:4
FNH:0
FNDA:0,AccessibilityProvider
FNDA:0,(anonymous_1)
FNDA:0,(anonymous_2)
FNDA:0,useAccessibility
DA:8,0
DA:11,0
DA:12,0
DA:13,0
DA:21,0
DA:22,0
DA:23,0
LF:7
LH:0
BRDA:22,0,0,0
BRDA:22,0,1,0
BRF:2
BRH:0
end_of_record
TN:
SF:src/context/AuthContext.tsx
FN:26,(anonymous_0)
FN:27,(anonymous_1)
FN:38,(anonymous_2)
FN:41,(anonymous_3)
FN:49,(anonymous_4)
FN:58,(anonymous_5)
FN:68,(anonymous_6)
FN:69,(anonymous_7)
FN:100,(anonymous_8)
FN:101,(anonymous_9)
FNF:10
FNH:0
FNDA:0,(anonymous_0)
FNDA:0,(anonymous_1)
FNDA:0,(anonymous_2)
FNDA:0,(anonymous_3)
FNDA:0,(anonymous_4)
FNDA:0,(anonymous_5)
FNDA:0,(anonymous_6)
FNDA:0,(anonymous_7)
FNDA:0,(anonymous_8)
FNDA:0,(anonymous_9)
DA:24,0
DA:38,0
DA:39,0
DA:41,0
DA:42,0
DA:43,0
DA:44,0
DA:45,0
DA:46,0
DA:49,0
DA:50,0
DA:51,0
DA:58,0
DA:59,0
DA:60,0
DA:61,0
DA:62,0
DA:64,0
DA:68,0
DA:69,0
DA:70,0
DA:71,0
DA:72,0
DA:73,0
DA:74,0
DA:75,0
DA:77,0
DA:78,0
DA:79,0
DA:80,0
DA:81,0
DA:82,0
DA:83,0
DA:86,0
DA:87,0
DA:92,0
DA:93,0
DA:98,0
DA:101,0
DA:104,0
DA:105,0
DA:106,0
DA:107,0
DA:109,0
DA:110,0
DA:111,0
DA:114,0
DA:118,0
DA:121,0
DA:124,0
DA:126,0
LF:51
LH:0
BRDA:45,0,0,0
BRDA:45,0,1,0
BRDA:46,1,0,0
BRDA:46,1,1,0
BRDA:72,2,0,0
BRDA:72,2,1,0
BRDA:73,3,0,0
BRDA:73,3,1,0
BRDA:78,4,0,0
BRDA:78,4,1,0
BRDA:81,5,0,0
BRDA:81,5,1,0
BRDA:81,6,0,0
BRDA:81,6,1,0
BRDA:87,7,0,0
BRDA:87,7,1,0
BRDA:89,8,0,0
BRDA:89,8,1,0
BRDA:104,9,0,0
BRDA:104,9,1,0
BRDA:110,10,0,0
BRDA:110,10,1,0
BRF:22
BRH:0
end_of_record
TN:
SF:src/context/CMSPreviewContext.tsx
FN:11,CMSPreviewProvider
FN:14,(anonymous_1)
FN:15,(anonymous_2)
FN:25,(anonymous_3)
FN:25,(anonymous_4)
FN:32,(anonymous_5)
FNF:6
FNH:0
FNDA:0,CMSPreviewProvider
FNDA:0,(anonymous_1)
FNDA:0,(anonymous_2)
FNDA:0,(anonymous_3)
FNDA:0,(anonymous_4)
FNDA:0,(anonymous_5)
DA:9,0
DA:12,0
DA:14,0
DA:15,0
DA:16,0
DA:17,0
DA:18,0
DA:25,0
DA:27,0
DA:32,0
LF:10
LH:0
BRDA:18,0,0,0
BRDA:18,0,1,0
BRDA:18,1,0,0
BRDA:18,1,1,0
BRF:4
BRH:0
end_of_record
TN:
SF:src/context/LoyaltyContext.tsx
FN:19,LoyaltyProvider
FNF:1
FNH:0
FNDA:0,LoyaltyProvider
DA:12,0
DA:20,0
DA:22,0
LF:3
LH:0
BRF:0
BRH:0
end_of_record
TN:
SF:src/context/SettingsContext.tsx
FN:17,(anonymous_0)
FN:19,(anonymous_1)
FN:22,(anonymous_2)
FN:26,(anonymous_3)
FN:27,(anonymous_4)
FN:31,(anonymous_5)
FN:40,(anonymous_6)
FN:45,(anonymous_7)
FN:58,(anonymous_8)
FNF:9
FNH:0
FNDA:0,(anonymous_0)
FNDA:0,(anonymous_1)
FNDA:0,(anonymous_2)
FNDA:0,(anonymous_3)
FNDA:0,(anonymous_4)
FNDA:0,(anonymous_5)
FNDA:0,(anonymous_6)
FNDA:0,(anonymous_7)
FNDA:0,(anonymous_8)
DA:15,0
DA:22,0
DA:23,0
DA:24,0
DA:26,0
DA:27,0
DA:28,0
DA:29,0
DA:31,0
DA:32,0
DA:33,0
DA:34,0
DA:35,0
DA:40,0
DA:41,0
DA:42,0
DA:45,0
DA:46,0
DA:47,0
DA:48,0
DA:51,0
DA:58,0
LF:22
LH:0
BRDA:29,0,0,0
BRDA:29,0,1,0
BRDA:33,1,0,0
BRDA:33,1,1,0
BRF:4
BRH:0
end_of_record
TN:
SF:src/context/StoreContext.tsx
FN:14,(anonymous_0)
FN:17,(anonymous_1)
FN:21,(anonymous_2)
FN:33,(anonymous_3)
FNF:4
FNH:0
FNDA:0,(anonymous_0)
FNDA:0,(anonymous_1)
FNDA:0,(anonymous_2)
FNDA:0,(anonymous_3)
DA:12,0
DA:17,0
DA:18,0
DA:19,0
DA:21,0
DA:22,0
DA:23,0
DA:26,0
DA:33,0
LF:9
LH:0
BRF:0
BRH:0
end_of_record
TN:
SF:src/context/ThemeContext.tsx
FN:40,(anonymous_0)
FN:45,(anonymous_1)
FN:53,(anonymous_2)
FN:54,(anonymous_3)
FNF:4
FNH:0
FNDA:0,(anonymous_0)
FNDA:0,(anonymous_1)
FNDA:0,(anonymous_2)
FNDA:0,(anonymous_3)
DA:6,0
DA:9,0
DA:10,0
DA:11,0
DA:12,0
DA:15,0
DA:16,0
DA:28,0
DA:40,0
DA:41,0
DA:42,0
DA:45,0
DA:46,0
DA:47,0
DA:48,0
DA:49,0
DA:50,0
DA:53,0
DA:54,0
DA:55,0
DA:57,0
DA:60,0
DA:61,0
DA:62,0
DA:63,0
DA:67,0
DA:69,0
DA:70,0
DA:73,0
DA:74,0
DA:75,0
DA:76,0
DA:80,0
DA:84,0
DA:85,0
DA:86,0
DA:89,0
DA:90,0
DA:92,0
DA:93,0
DA:94,0
DA:96,0
DA:98,0
DA:99,0
DA:100,0
DA:101,0
DA:103,0
DA:104,0
DA:105,0
DA:109,0
DA:111,0
DA:112,0
DA:113,0
DA:114,0
DA:119,0
DA:121,0
DA:122,0
DA:124,0
DA:130,0
DA:132,0
DA:140,0
LF:61
LH:0
BRDA:47,0,0,0
BRDA:47,0,1,0
BRDA:47,1,0,0
BRDA:47,1,1,0
BRDA:48,2,0,0
BRDA:48,2,1,0
BRDA:48,3,0,0
BRDA:48,3,1,0
BRDA:49,4,0,0
BRDA:49,4,1,0
BRDA:49,5,0,0
BRDA:49,5,1,0
BRDA:60,6,0,0
BRDA:60,6,1,0
BRDA:70,7,0,0
BRDA:70,7,1,0
BRDA:74,8,0,0
BRDA:74,8,1,0
BRDA:85,9,0,0
BRDA:85,9,1,0
BRDA:96,10,0,0
BRDA:96,10,1,0
BRDA:98,11,0,0
BRDA:98,11,1,0
BRDA:99,12,0,0
BRDA:99,12,1,0
BRDA:100,13,0,0
BRDA:100,13,1,0
BRDA:103,14,0,0
BRDA:103,14,1,0
BRDA:104,15,0,0
BRDA:104,15,1,0
BRDA:109,16,0,0
BRDA:109,16,1,0
BRDA:111,17,0,0
BRDA:111,17,1,0
BRDA:112,18,0,0
BRDA:112,18,1,0
BRDA:113,19,0,0
BRDA:113,19,1,0
BRDA:114,20,0,0
BRDA:114,20,1,0
BRDA:134,21,0,0
BRDA:134,21,1,0
BRDA:136,22,0,0
BRDA:136,22,1,0
BRF:46
BRH:0
end_of_record
TN:
SF:src/hooks/useArticleBySlug.ts
FN:9,fetchArticle
FN:24,useArticleBySlug
FN:28,(anonymous_2)
FNF:3
FNH:0
FNDA:0,fetchArticle
FNDA:0,useArticleBySlug
FNDA:0,(anonymous_2)
DA:10,0
DA:11,0
DA:12,0
DA:15,0
DA:16,0
DA:18,0
DA:19,0
DA:20,0
DA:25,0
DA:26,0
DA:29,0
DA:30,0
DA:31,0
DA:33,0
LF:14
LH:0
BRDA:10,0,0,0
BRDA:10,0,1,0
BRDA:13,1,0,0
BRDA:13,1,1,0
BRDA:19,2,0,0
BRDA:19,2,1,0
BRDA:30,3,0,0
BRDA:30,3,1,0
BRF:8
BRH:0
end_of_record
TN:
SF:src/hooks/useArticles.ts
FN:5,useArticlesQuery
FNF:1
FNH:0
FNDA:0,useArticlesQuery
DA:6,0
LF:1
LH:0
BRF:0
BRH:0
end_of_record
TN:
SF:src/hooks/useAuth.ts
FN:14,useAuth
FN:17,(anonymous_1)
FN:24,(anonymous_2)
FN:32,(anonymous_3)
FN:37,(anonymous_4)
FNF:5
FNH:0
FNDA:0,useAuth
FNDA:0,(anonymous_1)
FNDA:0,(anonymous_2)
FNDA:0,(anonymous_3)
FNDA:0,(anonymous_4)
DA:15,0
DA:17,0
DA:18,0
DA:19,0
DA:20,0
DA:21,0
DA:24,0
DA:25,0
DA:26,0
DA:27,0
DA:28,0
DA:29,0
DA:32,0
DA:33,0
DA:34,0
DA:37,0
DA:39,0
DA:42,0
LF:18
LH:0
BRF:0
BRH:0
end_of_record
TN:
SF:src/hooks/useCMSContent.ts
FN:8,useCMSContent
FN:13,(anonymous_1)
FNF:2
FNH:0
FNDA:0,useCMSContent
FNDA:0,(anonymous_1)
DA:9,0
DA:11,0
DA:14,0
DA:15,0
DA:17,0
DA:18,0
DA:19,0
DA:20,0
DA:22,0
DA:25,0
DA:26,0
DA:29,0
DA:30,0
DA:32,0
DA:33,0
DA:34,0
DA:36,0
LF:17
LH:0
BRDA:15,0,0,0
BRDA:15,0,1,0
BRDA:17,1,0,0
BRDA:17,1,1,0
BRDA:19,2,0,0
BRDA:19,2,1,0
BRDA:27,3,0,0
BRDA:27,3,1,0
BRDA:33,4,0,0
BRDA:33,4,1,0
BRF:10
BRH:0
end_of_record
TN:
SF:src/hooks/useCMSProducts.ts
FN:6,fetchProducts
FN:11,useCMSProducts
FNF:2
FNH:0
FNDA:0,fetchProducts
FNDA:0,useCMSProducts
DA:7,0
DA:8,0
DA:12,0
LF:3
LH:0
BRF:0
BRH:0
end_of_record
TN:
SF:src/hooks/useCart.ts
FN:22,useCart
FN:27,(anonymous_1)
FN:47,(anonymous_2)
FN:52,(anonymous_3)
FN:61,(anonymous_4)
FN:70,(anonymous_5)
FN:73,(anonymous_6)
FN:75,(anonymous_7)
FN:79,(anonymous_8)
FNF:9
FNH:0
FNDA:0,useCart
FNDA:0,(anonymous_1)
FNDA:0,(anonymous_2)
FNDA:0,(anonymous_3)
FNDA:0,(anonymous_4)
FNDA:0,(anonymous_5)
FNDA:0,(anonymous_6)
FNDA:0,(anonymous_7)
FNDA:0,(anonymous_8)
DA:23,0
DA:24,0
DA:25,0
DA:27,0
DA:28,0
DA:29,0
DA:30,0
DA:31,0
DA:32,0
DA:33,0
DA:35,0
DA:37,0
DA:38,0
DA:39,0
DA:42,0
DA:47,0
DA:48,0
DA:51,0
DA:53,0
DA:54,0
DA:55,0
DA:56,0
DA:58,0
DA:59,0
DA:62,0
DA:63,0
DA:64,0
DA:65,0
DA:66,0
DA:68,0
DA:71,0
DA:74,0
DA:75,0
DA:79,0
DA:80,0
DA:83,0
LF:36
LH:0
BRDA:29,0,0,0
BRDA:29,0,1,0
BRDA:31,1,0,0
BRDA:31,1,1,0
BRDA:54,2,0,0
BRDA:54,2,1,0
BRDA:64,3,0,0
BRDA:64,3,1,0
BRDA:71,4,0,0
BRDA:71,4,1,0
BRDA:85,5,0,0
BRDA:85,5,1,0
BRF:12
BRH:0
end_of_record
TN:
SF:src/hooks/useCartValidation.ts
FN:7,useCartValidation
FN:8,(anonymous_1)
FN:9,(anonymous_2)
FN:12,(anonymous_3)
FN:14,run
FN:20,(anonymous_5)
FN:42,(anonymous_6)
FNF:7
FNH:0
FNDA:0,useCartValidation
FNDA:0,(anonymous_1)
FNDA:0,(anonymous_2)
FNDA:0,(anonymous_3)
FNDA:0,run
FNDA:0,(anonymous_5)
FNDA:0,(anonymous_6)
DA:8,0
DA:9,0
DA:10,0
DA:12,0
DA:13,0
DA:15,0
DA:16,0
DA:17,0
DA:18,0
DA:19,0
DA:20,0
DA:22,0
DA:23,0
DA:24,0
DA:26,0
DA:27,0
DA:29,0
DA:32,0
DA:36,0
DA:37,0
DA:38,0
DA:41,0
DA:42,0
DA:43,0
DA:47,0
LF:25
LH:0
BRDA:19,0,0,0
BRDA:19,0,1,0
BRDA:22,1,0,0
BRDA:22,1,1,0
BRDA:22,2,0,0
BRDA:22,2,1,0
BRDA:26,3,0,0
BRDA:26,3,1,0
BRDA:36,4,0,0
BRDA:36,4,1,0
BRF:10
BRH:0
end_of_record
TN:
SF:src/hooks/useDeepLinkHandler.ts
FN:8,useDeepLinkHandler
FN:12,(anonymous_1)
FN:13,(anonymous_2)
FN:20,(anonymous_3)
FN:32,(anonymous_4)
FN:34,(anonymous_5)
FN:35,(anonymous_6)
FNF:7
FNH:0
FNDA:0,useDeepLinkHandler
FNDA:0,(anonymous_1)
FNDA:0,(anonymous_2)
FNDA:0,(anonymous_3)
FNDA:0,(anonymous_4)
FNDA:0,(anonymous_5)
FNDA:0,(anonymous_6)
DA:9,0
DA:10,0
DA:12,0
DA:13,0
DA:14,0
DA:15,0
DA:16,0
DA:17,0
DA:18,0
DA:19,0
DA:20,0
DA:22,0
DA:23,0
DA:24,0
DA:32,0
DA:33,0
DA:34,0
DA:35,0
LF:18
LH:0
BRDA:16,0,0,0
BRDA:16,0,1,0
BRDA:18,1,0,0
BRDA:18,1,1,0
BRDA:20,2,0,0
BRDA:20,2,1,0
BRDA:22,3,0,0
BRDA:22,3,1,0
BRDA:34,4,0,0
BRDA:34,4,1,0
BRF:10
BRH:0
end_of_record
TN:
SF:src/hooks/useEducationalArticles.ts
FN:6,fetchArticles
FN:11,useEducationalArticles
FNF:2
FNH:0
FNDA:0,fetchArticles
FNDA:0,useEducationalArticles
DA:7,0
DA:8,0
DA:12,0
LF:3
LH:0
BRF:0
BRH:0
end_of_record
TN:
SF:src/hooks/useFAQ.ts
FN:5,useFAQQuery
FNF:1
FNH:0
FNDA:0,useFAQQuery
DA:6,0
LF:1
LH:0
BRF:0
BRH:0
end_of_record
TN:
SF:src/hooks/useFilters.ts
FN:5,useFiltersQuery
FNF:1
FNH:0
FNDA:0,useFiltersQuery
DA:6,0
LF:1
LH:0
BRF:0
BRH:0
end_of_record
TN:
SF:src/hooks/useForYouToday.ts
FN:8,useForYouToday
FN:12,(anonymous_1)
FNF:2
FNH:0
FNDA:0,useForYouToday
FNDA:0,(anonymous_1)
DA:9,0
DA:13,0
DA:14,0
DA:16,0
DA:17,0
DA:18,0
DA:19,0
DA:22,0
DA:23,0
DA:26,0
DA:27,0
DA:29,0
DA:30,0
DA:31,0
LF:14
LH:0
BRDA:11,0,0,0
BRDA:11,0,1,0
BRDA:16,1,0,0
BRDA:16,1,1,0
BRDA:18,2,0,0
BRDA:18,2,1,0
BRDA:30,3,0,0
BRDA:30,3,1,0
BRF:8
BRH:0
end_of_record
TN:
SF:src/hooks/useHomeBanners.ts
FN:6,fetchBanners
FN:11,useHomeBanners
FNF:2
FNH:0
FNDA:0,fetchBanners
FNDA:0,useHomeBanners
DA:7,0
DA:8,0
DA:12,0
LF:3
LH:0
BRF:0
BRH:0
end_of_record
TN:
SF:src/hooks/useLegal.ts
FN:5,useLegal
FNF:1
FNH:0
FNDA:0,useLegal
DA:6,0
LF:1
LH:0
BRF:0
BRH:0
end_of_record
TN:
SF:src/hooks/useOfflineCartQueue.ts
FN:12,useOfflineCartQueue
FN:14,(anonymous_1)
FN:15,(anonymous_2)
FN:35,(anonymous_3)
FN:38,(anonymous_4)
FN:41,(anonymous_5)
FNF:6
FNH:0
FNDA:0,useOfflineCartQueue
FNDA:0,(anonymous_1)
FNDA:0,(anonymous_2)
FNDA:0,(anonymous_3)
FNDA:0,(anonymous_4)
FNDA:0,(anonymous_5)
DA:13,0
DA:14,0
DA:15,0
DA:16,0
DA:17,0
DA:18,0
DA:19,0
DA:20,0
DA:21,0
DA:23,0
DA:24,0
DA:25,0
DA:26,0
DA:28,0
DA:31,0
DA:32,0
DA:34,0
DA:35,0
DA:36,0
DA:38,0
DA:41,0
DA:42,0
DA:43,0
DA:44,0
DA:45,0
DA:46,0
DA:49,0
LF:27
LH:0
BRDA:17,0,0,0
BRDA:17,0,1,0
BRDA:19,1,0,0
BRDA:19,1,1,0
BRDA:36,2,0,0
BRDA:36,2,1,0
BRDA:43,3,0,0
BRDA:43,3,1,0
BRF:8
BRH:0
end_of_record
TN:
SF:src/hooks/usePersonalization.ts
FN:6,usePersonalization
FN:9,(anonymous_1)
FN:10,(anonymous_2)
FN:15,(anonymous_3)
FNF:4
FNH:0
FNDA:0,usePersonalization
FNDA:0,(anonymous_1)
FNDA:0,(anonymous_2)
FNDA:0,(anonymous_3)
DA:4,0
DA:7,0
DA:9,0
DA:10,0
DA:11,0
DA:15,0
DA:16,0
DA:17,0
DA:20,0
LF:9
LH:0
BRDA:11,0,0,0
BRDA:11,0,1,0
BRDA:17,1,0,0
BRDA:17,1,1,0
BRF:4
BRH:0
end_of_record
TN:
SF:src/hooks/useProductDetails.ts
FN:20,fetchProduct
FN:25,useProductDetails
FN:29,(anonymous_2)
FNF:3
FNH:0
FNDA:0,fetchProduct
FNDA:0,useProductDetails
FNDA:0,(anonymous_2)
DA:21,0
DA:22,0
DA:26,0
DA:30,0
DA:31,0
DA:32,0
DA:33,0
DA:34,0
DA:35,0
DA:36,0
DA:38,0
DA:39,0
DA:40,0
DA:41,0
DA:43,0
DA:44,0
DA:45,0
LF:17
LH:0
BRDA:30,0,0,0
BRDA:30,0,1,0
BRDA:31,1,0,0
BRDA:31,1,1,0
BRDA:33,2,0,0
BRDA:33,2,1,0
BRDA:35,3,0,0
BRDA:35,3,1,0
BRDA:44,4,0,0
BRDA:44,4,1,0
BRF:10
BRH:0
end_of_record
TN:
SF:src/hooks/useProductDrops.ts
FN:6,fetchDrops
FN:11,useProductDrops
FNF:2
FNH:0
FNDA:0,fetchDrops
FNDA:0,useProductDrops
DA:7,0
DA:8,0
DA:12,0
LF:3
LH:0
BRF:0
BRH:0
end_of_record
TN:
SF:src/hooks/useProducts.ts
FN:10,fetchPage
FN:17,useProducts
FN:20,(anonymous_2)
FN:40,(anonymous_3)
FNF:4
FNH:0
FNDA:0,fetchPage
FNDA:0,useProducts
FNDA:0,(anonymous_2)
FNDA:0,(anonymous_3)
DA:8,0
DA:11,0
DA:14,0
DA:18,0
DA:21,0
DA:22,0
DA:24,0
DA:25,0
DA:26,0
DA:27,0
DA:30,0
DA:31,0
DA:32,0
DA:33,0
DA:35,0
DA:36,0
DA:37,0
DA:41,0
LF:18
LH:0
BRDA:20,0,0,0
BRDA:21,1,0,0
BRDA:21,1,1,0
BRDA:21,2,0,0
BRDA:21,2,1,0
BRDA:24,3,0,0
BRDA:24,3,1,0
BRDA:26,4,0,0
BRDA:26,4,1,0
BRDA:36,5,0,0
BRDA:36,5,1,0
BRDA:41,6,0,0
BRDA:41,6,1,0
BRF:13
BRH:0
end_of_record
TN:
SF:src/hooks/usePulse.ts
FN:20,usePulse
FN:23,(anonymous_1)
FN:30,(anonymous_2)
FNF:3
FNH:0
FNDA:0,usePulse
FNDA:0,(anonymous_1)
FNDA:0,(anonymous_2)
DA:21,0
DA:23,0
DA:24,0
DA:30,0
DA:34,0
LF:5
LH:0
BRDA:20,0,0,0
BRDA:20,1,0,0
BRF:2
BRH:0
end_of_record
TN:
SF:src/navigation/AuthStack.tsx
FN:16,AuthStack
FNF:1
FNH:0
FNDA:0,AuthStack
DA:14,0
DA:17,0
LF:2
LH:0
BRF:0
BRH:0
end_of_record
TN:
SF:src/navigation/index.ts
FNF:0
FNH:0
DA:1,0
LF:1
LH:0
BRF:0
BRH:0
end_of_record
TN:
SF:src/navigation/types.ts
FNF:0
FNH:0
LF:0
LH:0
BRF:0
BRH:0
end_of_record
TN:
SF:src/screens/AccessibilitySettingsScreen.tsx
FN:40,AccessibilitySettingsScreen
FN:51,(anonymous_1)
FN:52,(anonymous_2)
FN:66,(anonymous_3)
FN:82,(anonymous_4)
FN:88,(anonymous_5)
FN:110,(anonymous_6)
FN:115,(anonymous_7)
FN:116,(anonymous_8)
FN:144,(anonymous_9)
FN:153,(anonymous_10)
FN:162,(anonymous_11)
FNF:12
FNH:0
FNDA:0,AccessibilitySettingsScreen
FNDA:0,(anonymous_1)
FNDA:0,(anonymous_2)
FNDA:0,(anonymous_3)
FNDA:0,(anonymous_4)
FNDA:0,(anonymous_5)
FNDA:0,(anonymous_6)
FNDA:0,(anonymous_7)
FNDA:0,(anonymous_8)
FNDA:0,(anonymous_9)
FNDA:0,(anonymous_10)
FNDA:0,(anonymous_11)
DA:27,0
DA:28,0
DA:41,0
DA:42,0
DA:44,0
DA:46,0
DA:47,0
DA:48,0
DA:51,0
DA:52,0
DA:53,0
DA:54,0
DA:55,0
DA:57,0
DA:59,0
DA:60,0
DA:66,0
DA:67,0
DA:68,0
DA:69,0
DA:70,0
DA:71,0
DA:72,0
DA:73,0
DA:75,0
DA:77,0
DA:82,0
DA:83,0
DA:84,0
DA:85,0
DA:88,0
DA:89,0
DA:90,0
DA:91,0
DA:95,0
DA:96,0
DA:103,0
DA:104,0
DA:111,0
DA:112,0
DA:113,0
DA:115,0
DA:116,0
DA:126,0
DA:128,0
DA:144,0
DA:153,0
DA:162,0
DA:173,0
LF:49
LH:0
BRDA:27,0,0,0
BRDA:27,0,1,0
BRDA:27,1,0,0
BRDA:27,1,1,0
BRDA:44,2,0,0
BRDA:44,2,1,0
BRDA:44,3,0,0
BRDA:44,3,1,0
BRDA:67,4,0,0
BRDA:67,4,1,0
BRDA:83,5,0,0
BRDA:83,5,1,0
BRDA:95,6,0,0
BRDA:95,6,1,0
BRDA:103,7,0,0
BRDA:103,7,1,0
BRDA:126,8,0,0
BRDA:126,8,1,0
BRF:18
BRH:0
end_of_record
TN:
SF:src/screens/AddAddressScreen.tsx
FN:36,AddAddressScreen
FN:45,(anonymous_1)
FN:71,(anonymous_2)
FN:77,(anonymous_3)
FN:108,(anonymous_4)
FN:114,(anonymous_5)
FN:125,(anonymous_6)
FNF:7
FNH:0
FNDA:0,AddAddressScreen
FNDA:0,(anonymous_1)
FNDA:0,(anonymous_2)
FNDA:0,(anonymous_3)
FNDA:0,(anonymous_4)
FNDA:0,(anonymous_5)
FNDA:0,(anonymous_6)
DA:30,0
DA:31,0
DA:37,0
DA:38,0
DA:40,0
DA:43,0
DA:45,0
DA:46,0
DA:50,0
DA:53,0
DA:71,0
DA:72,0
DA:73,0
DA:74,0
DA:77,0
DA:78,0
DA:79,0
DA:80,0
DA:81,0
DA:82,0
DA:83,0
DA:84,0
DA:86,0
DA:88,0
DA:92,0
DA:109,0
DA:115,0
DA:126,0
DA:127,0
DA:154,0
LF:30
LH:0
BRDA:30,0,0,0
BRDA:30,0,1,0
BRDA:30,1,0,0
BRDA:30,1,1,0
BRDA:50,2,0,0
BRDA:50,2,1,0
BRDA:50,3,0,0
BRDA:50,3,1,0
BRDA:53,4,0,0
BRDA:53,4,1,0
BRDA:61,5,0,0
BRDA:61,5,1,0
BRDA:86,6,0,0
BRDA:86,6,1,0
BRDA:130,7,0,0
BRDA:130,7,1,0
BRDA:143,8,0,0
BRDA:143,8,1,0
BRF:18
BRH:0
end_of_record
TN:
SF:src/screens/AddPaymentScreen.tsx
FN:44,AddPaymentScreen
FN:58,(anonymous_1)
FN:84,(anonymous_2)
FN:90,(anonymous_3)
FN:150,(anonymous_4)
FN:156,(anonymous_5)
FN:165,(anonymous_6)
FNF:7
FNH:0
FNDA:0,AddPaymentScreen
FNDA:0,(anonymous_1)
FNDA:0,(anonymous_2)
FNDA:0,(anonymous_3)
FNDA:0,(anonymous_4)
FNDA:0,(anonymous_5)
FNDA:0,(anonymous_6)
DA:30,0
DA:31,0
DA:37,0
DA:45,0
DA:46,0
DA:47,0
DA:53,0
DA:58,0
DA:59,0
DA:63,0
DA:66,0
DA:84,0
DA:85,0
DA:86,0
DA:87,0
DA:90,0
DA:91,0
DA:92,0
DA:93,0
DA:94,0
DA:95,0
DA:96,0
DA:97,0
DA:99,0
DA:103,0
DA:134,0
DA:151,0
DA:157,0
DA:166,0
DA:167,0
DA:205,0
LF:31
LH:0
BRDA:30,0,0,0
BRDA:30,0,1,0
BRDA:30,1,0,0
BRDA:30,1,1,0
BRDA:63,2,0,0
BRDA:63,2,1,0
BRDA:63,3,0,0
BRDA:63,3,1,0
BRDA:66,4,0,0
BRDA:66,4,1,0
BRDA:74,5,0,0
BRDA:74,5,1,0
BRDA:174,6,0,0
BRDA:174,6,1,0
BRDA:186,7,0,0
BRDA:186,7,1,0
BRDA:186,7,2,0
BRDA:189,8,0,0
BRDA:189,8,1,0
BRDA:194,9,0,0
BRDA:194,9,1,0
BRF:21
BRH:0
end_of_record
TN:
SF:src/screens/AppSettingsScreen.tsx
FN:29,AppSettingsScreen
FN:37,(anonymous_1)
FN:39,(anonymous_2)
FN:40,(anonymous_3)
FN:43,(anonymous_4)
FN:49,(anonymous_5)
FN:55,(anonymous_6)
FN:62,(anonymous_7)
FN:69,(anonymous_8)
FN:137,(anonymous_9)
FNF:10
FNH:0
FNDA:0,AppSettingsScreen
FNDA:0,(anonymous_1)
FNDA:0,(anonymous_2)
FNDA:0,(anonymous_3)
FNDA:0,(anonymous_4)
FNDA:0,(anonymous_5)
FNDA:0,(anonymous_6)
FNDA:0,(anonymous_7)
FNDA:0,(anonymous_8)
FNDA:0,(anonymous_9)
DA:25,0
DA:26,0
DA:30,0
DA:31,0
DA:32,0
DA:33,0
DA:34,0
DA:35,0
DA:37,0
DA:38,0
DA:39,0
DA:40,0
DA:43,0
DA:44,0
DA:45,0
DA:46,0
DA:49,0
DA:50,0
DA:51,0
DA:52,0
DA:55,0
DA:56,0
DA:57,0
DA:58,0
DA:59,0
DA:62,0
DA:63,0
DA:64,0
DA:65,0
DA:66,0
DA:69,0
DA:70,0
DA:71,0
DA:72,0
DA:76,0
DA:78,0
DA:138,0
DA:139,0
DA:141,0
DA:162,0
LF:40
LH:0
BRDA:25,0,0,0
BRDA:25,0,1,0
BRDA:25,1,0,0
BRDA:25,1,1,0
BRDA:76,2,0,0
BRDA:76,2,1,0
BRDA:76,3,0,0
BRDA:76,3,1,0
BRDA:146,4,0,0
BRDA:146,4,1,0
BRF:10
BRH:0
end_of_record
TN:
SF:src/screens/ArticleDetailScreen.tsx
FN:33,ArticleDetailScreen
FN:41,(anonymous_1)
FN:48,(anonymous_2)
FNF:3
FNH:0
FNDA:0,ArticleDetailScreen
FNDA:0,(anonymous_1)
FNDA:0,(anonymous_2)
DA:26,0
DA:27,0
DA:34,0
DA:35,0
DA:36,0
DA:37,0
DA:39,0
DA:41,0
DA:42,0
DA:46,0
DA:48,0
DA:49,0
DA:50,0
DA:51,0
DA:54,0
DA:55,0
DA:67,0
DA:68,0
DA:80,0
DA:101,0
LF:20
LH:0
BRDA:26,0,0,0
BRDA:26,0,1,0
BRDA:26,1,0,0
BRDA:26,1,1,0
BRDA:46,2,0,0
BRDA:46,2,1,0
BRDA:46,3,0,0
BRDA:46,3,1,0
BRDA:54,4,0,0
BRDA:54,4,1,0
BRDA:67,5,0,0
BRDA:67,5,1,0
BRDA:67,6,0,0
BRDA:67,6,1,0
BRDA:91,7,0,0
BRDA:91,7,1,0
BRF:16
BRH:0
end_of_record
TN:
SF:src/screens/ArticleListScreen.tsx
FN:28,ArticleListScreen
FN:33,(anonymous_1)
FN:55,(anonymous_2)
FN:65,(anonymous_3)
FN:66,(anonymous_4)
FN:67,(anonymous_5)
FNF:6
FNH:0
FNDA:0,ArticleListScreen
FNDA:0,(anonymous_1)
FNDA:0,(anonymous_2)
FNDA:0,(anonymous_3)
FNDA:0,(anonymous_4)
FNDA:0,(anonymous_5)
DA:22,0
DA:23,0
DA:29,0
DA:30,0
DA:31,0
DA:33,0
DA:34,0
DA:38,0
DA:40,0
DA:41,0
DA:53,0
DA:55,0
DA:56,0
DA:57,0
DA:58,0
DA:61,0
DA:65,0
DA:67,0
DA:76,0
LF:19
LH:0
BRDA:22,0,0,0
BRDA:22,0,1,0
BRDA:22,1,0,0
BRDA:22,1,1,0
BRDA:38,2,0,0
BRDA:38,2,1,0
BRDA:38,3,0,0
BRDA:38,3,1,0
BRDA:40,4,0,0
BRDA:40,4,1,0
BRDA:53,5,0,0
BRDA:53,5,1,0
BRF:12
BRH:0
end_of_record
TN:
SF:src/screens/AwardsScreen.tsx
FN:50,AwardsScreen
FN:59,(anonymous_1)
FN:84,(anonymous_2)
FN:93,(anonymous_3)
FN:97,(anonymous_4)
FN:110,(anonymous_5)
FN:116,(anonymous_6)
FN:124,(anonymous_7)
FN:135,(anonymous_8)
FN:139,(anonymous_9)
FN:146,(anonymous_10)
FN:182,(anonymous_11)
FN:258,(anonymous_12)
FN:262,(anonymous_13)
FN:264,(anonymous_14)
FN:301,(anonymous_15)
FNF:16
FNH:0
FNDA:0,AwardsScreen
FNDA:0,(anonymous_1)
FNDA:0,(anonymous_2)
FNDA:0,(anonymous_3)
FNDA:0,(anonymous_4)
FNDA:0,(anonymous_5)
FNDA:0,(anonymous_6)
FNDA:0,(anonymous_7)
FNDA:0,(anonymous_8)
FNDA:0,(anonymous_9)
FNDA:0,(anonymous_10)
FNDA:0,(anonymous_11)
FNDA:0,(anonymous_12)
FNDA:0,(anonymous_13)
FNDA:0,(anonymous_14)
FNDA:0,(anonymous_15)
DA:44,0
DA:45,0
DA:51,0
DA:54,0
DA:60,0
DA:61,0
DA:65,0
DA:67,0
DA:69,0
DA:71,0
DA:72,0
DA:74,0
DA:75,0
DA:76,0
DA:82,0
DA:84,0
DA:85,0
DA:86,0
DA:92,0
DA:93,0
DA:97,0
DA:98,0
DA:104,0
DA:105,0
DA:107,0
DA:110,0
DA:111,0
DA:112,0
DA:113,0
DA:116,0
DA:117,0
DA:118,0
DA:119,0
DA:122,0
DA:124,0
DA:125,0
DA:126,0
DA:127,0
DA:128,0
DA:130,0
DA:131,0
DA:132,0
DA:133,0
DA:135,0
DA:139,0
DA:140,0
DA:141,0
DA:142,0
DA:146,0
DA:147,0
DA:166,0
DA:167,0
DA:175,0
DA:176,0
DA:183,0
DA:184,0
DA:194,0
DA:258,0
DA:263,0
DA:264,0
DA:301,0
DA:322,0
LF:62
LH:0
BRDA:44,0,0,0
BRDA:44,0,1,0
BRDA:44,1,0,0
BRDA:44,1,1,0
BRDA:65,2,0,0
BRDA:65,2,1,0
BRDA:69,3,0,0
BRDA:69,3,1,0
BRDA:69,4,0,0
BRDA:69,4,1,0
BRDA:74,5,0,0
BRDA:74,5,1,0
BRDA:104,6,0,0
BRDA:104,6,1,0
BRDA:125,7,0,0
BRDA:125,7,1,0
BRDA:166,8,0,0
BRDA:166,8,1,0
BRDA:175,9,0,0
BRDA:175,9,1,0
BRDA:271,10,0,0
BRDA:271,10,1,0
BRDA:300,11,0,0
BRDA:300,11,1,0
BRF:24
BRH:0
end_of_record
TN:
SF:src/screens/CartScreen.tsx
FN:42,CartScreen
FN:45,(anonymous_1)
FN:46,(anonymous_2)
FN:47,(anonymous_3)
FN:53,(anonymous_4)
FN:54,(anonymous_5)
FN:57,(anonymous_6)
FN:98,(anonymous_7)
FN:105,(anonymous_8)
FN:108,(anonymous_9)
FN:114,(anonymous_10)
FN:121,(anonymous_11)
FN:129,(anonymous_12)
FN:134,(anonymous_13)
FN:145,(anonymous_14)
FN:162,(anonymous_15)
FN:165,(anonymous_16)
FN:171,(anonymous_17)
FN:192,(anonymous_18)
FN:200,(anonymous_19)
FN:207,(anonymous_20)
FN:261,(anonymous_21)
FNF:22
FNH:0
FNDA:0,CartScreen
FNDA:0,(anonymous_1)
FNDA:0,(anonymous_2)
FNDA:0,(anonymous_3)
FNDA:0,(anonymous_4)
FNDA:0,(anonymous_5)
FNDA:0,(anonymous_6)
FNDA:0,(anonymous_7)
FNDA:0,(anonymous_8)
FNDA:0,(anonymous_9)
FNDA:0,(anonymous_10)
FNDA:0,(anonymous_11)
FNDA:0,(anonymous_12)
FNDA:0,(anonymous_13)
FNDA:0,(anonymous_14)
FNDA:0,(anonymous_15)
FNDA:0,(anonymous_16)
FNDA:0,(anonymous_17)
FNDA:0,(anonymous_18)
FNDA:0,(anonymous_19)
FNDA:0,(anonymous_20)
FNDA:0,(anonymous_21)
DA:33,0
DA:34,0
DA:40,0
DA:43,0
DA:44,0
DA:45,0
DA:46,0
DA:47,0
DA:48,0
DA:50,0
DA:51,0
DA:53,0
DA:54,0
DA:57,0
DA:58,0
DA:63,0
DA:67,0
DA:85,0
DA:86,0
DA:97,0
DA:98,0
DA:101,0
DA:102,0
DA:103,0
DA:105,0
DA:106,0
DA:107,0
DA:108,0
DA:109,0
DA:110,0
DA:114,0
DA:115,0
DA:116,0
DA:122,0
DA:123,0
DA:129,0
DA:130,0
DA:131,0
DA:134,0
DA:135,0
DA:136,0
DA:137,0
DA:140,0
DA:146,0
DA:147,0
DA:148,0
DA:162,0
DA:166,0
DA:171,0
DA:192,0
DA:200,0
DA:207,0
DA:262,0
DA:263,0
DA:264,0
DA:273,0
LF:56
LH:0
BRDA:33,0,0,0
BRDA:33,0,1,0
BRDA:33,1,0,0
BRDA:33,1,1,0
BRDA:63,2,0,0
BRDA:63,2,1,0
BRDA:63,3,0,0
BRDA:63,3,1,0
BRDA:67,4,0,0
BRDA:67,4,1,0
BRDA:75,5,0,0
BRDA:75,5,1,0
BRDA:85,6,0,0
BRDA:85,6,1,0
BRDA:85,7,0,0
BRDA:85,7,1,0
BRDA:97,8,0,0
BRDA:97,8,1,0
BRDA:98,9,0,0
BRDA:98,9,1,0
BRDA:109,10,0,0
BRDA:109,10,1,0
BRDA:166,11,0,0
BRDA:166,11,1,0
BRDA:182,12,0,0
BRDA:182,12,1,0
BRF:26
BRH:0
end_of_record
TN:
SF:src/screens/CheckoutScreen.tsx
FN:38,CheckoutScreen
FN:53,(anonymous_1)
FN:81,(anonymous_2)
FN:86,(anonymous_3)
FN:91,(anonymous_4)
FN:129,(anonymous_5)
FN:180,(anonymous_6)
FN:197,(anonymous_7)
FN:207,(anonymous_8)
FN:224,(anonymous_9)
FN:245,(anonymous_10)
FN:257,(anonymous_11)
FN:269,(anonymous_12)
FN:286,(anonymous_13)
FN:296,(anonymous_14)
FN:336,(anonymous_15)
FNF:16
FNH:0
FNDA:0,CheckoutScreen
FNDA:0,(anonymous_1)
FNDA:0,(anonymous_2)
FNDA:0,(anonymous_3)
FNDA:0,(anonymous_4)
FNDA:0,(anonymous_5)
FNDA:0,(anonymous_6)
FNDA:0,(anonymous_7)
FNDA:0,(anonymous_8)
FNDA:0,(anonymous_9)
FNDA:0,(anonymous_10)
FNDA:0,(anonymous_11)
FNDA:0,(anonymous_12)
FNDA:0,(anonymous_13)
FNDA:0,(anonymous_14)
FNDA:0,(anonymous_15)
DA:30,0
DA:31,0
DA:36,0
DA:39,0
DA:40,0
DA:42,0
DA:43,0
DA:44,0
DA:45,0
DA:46,0
DA:47,0
DA:48,0
DA:49,0
DA:50,0
DA:53,0
DA:54,0
DA:59,0
DA:63,0
DA:81,0
DA:82,0
DA:83,0
DA:86,0
DA:87,0
DA:88,0
DA:91,0
DA:92,0
DA:93,0
DA:94,0
DA:95,0
DA:112,0
DA:113,0
DA:114,0
DA:116,0
DA:117,0
DA:118,0
DA:119,0
DA:121,0
DA:122,0
DA:124,0
DA:125,0
DA:129,0
DA:130,0
DA:131,0
DA:132,0
DA:134,0
DA:135,0
DA:136,0
DA:138,0
DA:139,0
DA:140,0
DA:143,0
DA:144,0
DA:145,0
DA:147,0
DA:148,0
DA:149,0
DA:150,0
DA:151,0
DA:154,0
DA:155,0
DA:161,0
DA:165,0
DA:181,0
DA:198,0
DA:208,0
DA:209,0
DA:225,0
DA:226,0
DA:246,0
DA:247,0
DA:258,0
DA:259,0
DA:270,0
DA:271,0
DA:287,0
DA:297,0
DA:298,0
DA:337,0
DA:338,0
DA:380,0
LF:80
LH:0
BRDA:30,0,0,0
BRDA:30,0,1,0
BRDA:30,1,0,0
BRDA:30,1,1,0
BRDA:59,2,0,0
BRDA:59,2,1,0
BRDA:59,3,0,0
BRDA:59,3,1,0
BRDA:63,4,0,0
BRDA:63,4,1,0
BRDA:71,5,0,0
BRDA:71,5,1,0
BRDA:100,6,0,0
BRDA:100,6,1,0
BRDA:105,7,0,0
BRDA:105,7,1,0
BRDA:112,8,0,0
BRDA:112,8,1,0
BRDA:117,9,0,0
BRDA:117,9,1,0
BRDA:130,10,0,0
BRDA:130,10,1,0
BRDA:130,11,0,0
BRDA:130,11,1,0
BRDA:130,11,2,0
BRDA:134,12,0,0
BRDA:134,12,1,0
BRDA:134,13,0,0
BRDA:134,13,1,0
BRDA:134,13,2,0
BRDA:134,13,3,0
BRDA:138,14,0,0
BRDA:138,14,1,0
BRDA:138,15,0,0
BRDA:138,15,1,0
BRDA:143,16,0,0
BRDA:143,16,1,0
BRDA:147,17,0,0
BRDA:147,17,1,0
BRDA:149,18,0,0
BRDA:149,18,1,0
BRDA:161,19,0,0
BRDA:161,19,1,0
BRDA:161,19,2,0
BRDA:161,19,3,0
BRDA:161,19,4,0
BRDA:161,19,5,0
BRDA:161,19,6,0
BRDA:161,19,7,0
BRDA:161,19,8,0
BRDA:183,20,0,0
BRDA:183,20,1,0
BRDA:191,21,0,0
BRDA:191,21,1,0
BRDA:202,22,0,0
BRDA:202,22,1,0
BRDA:213,23,0,0
BRDA:213,23,1,0
BRDA:218,24,0,0
BRDA:218,24,1,0
BRDA:234,25,0,0
BRDA:234,25,1,0
BRDA:282,26,0,0
BRDA:282,26,1,0
BRDA:291,27,0,0
BRDA:291,27,1,0
BRDA:302,28,0,0
BRDA:302,28,1,0
BRDA:311,29,0,0
BRDA:311,29,1,0
BRDA:318,30,0,0
BRDA:318,30,1,0
BRDA:330,31,0,0
BRDA:330,31,1,0
BRDA:344,32,0,0
BRDA:344,32,1,0
BRDA:366,33,0,0
BRDA:366,33,1,0
BRDA:370,34,0,0
BRDA:370,34,1,0
BRDA:373,35,0,0
BRDA:373,35,1,0
BRF:82
BRH:0
end_of_record
TN:
SF:src/screens/CommunityGardenScreen.tsx
FN:37,CommunityGardenScreen
FN:44,(anonymous_1)
FN:57,(anonymous_2)
FN:65,(anonymous_3)
FN:71,(anonymous_4)
FN:94,(anonymous_5)
FNF:6
FNH:0
FNDA:0,CommunityGardenScreen
FNDA:0,(anonymous_1)
FNDA:0,(anonymous_2)
FNDA:0,(anonymous_3)
FNDA:0,(anonymous_4)
FNDA:0,(anonymous_5)
DA:24,0
DA:25,0
DA:38,0
DA:39,0
DA:40,0
DA:41,0
DA:42,0
DA:44,0
DA:45,0
DA:46,0
DA:47,0
DA:48,0
DA:49,0
DA:51,0
DA:53,0
DA:57,0
DA:58,0
DA:59,0
DA:63,0
DA:65,0
DA:66,0
DA:67,0
DA:68,0
DA:71,0
DA:72,0
DA:73,0
DA:76,0
DA:95,0
DA:122,0
LF:29
LH:0
BRDA:24,0,0,0
BRDA:24,0,1,0
BRDA:24,1,0,0
BRDA:24,1,1,0
BRDA:49,2,0,0
BRDA:49,2,1,0
BRDA:49,2,2,0
BRDA:63,3,0,0
BRDA:63,3,1,0
BRDA:63,4,0,0
BRDA:63,4,1,0
BRDA:88,5,0,0
BRDA:88,5,1,0
BRDA:91,6,0,0
BRDA:91,6,1,0
BRDA:91,7,0,0
BRDA:91,7,1,0
BRF:17
BRH:0
end_of_record
TN:
SF:src/screens/ConciergeChatScreen.tsx
FN:38,ConciergeChatScreen
FN:53,(anonymous_1)
FN:57,(anonymous_2)
FN:61,(anonymous_3)
FN:70,(anonymous_4)
FN:74,(anonymous_5)
FN:80,(anonymous_6)
FN:89,(anonymous_7)
FN:103,(anonymous_8)
FN:130,(anonymous_9)
FN:132,(anonymous_10)
FN:170,(anonymous_11)
FNF:12
FNH:0
FNDA:0,ConciergeChatScreen
FNDA:0,(anonymous_1)
FNDA:0,(anonymous_2)
FNDA:0,(anonymous_3)
FNDA:0,(anonymous_4)
FNDA:0,(anonymous_5)
FNDA:0,(anonymous_6)
FNDA:0,(anonymous_7)
FNDA:0,(anonymous_8)
FNDA:0,(anonymous_9)
FNDA:0,(anonymous_10)
FNDA:0,(anonymous_11)
DA:32,0
DA:33,0
DA:39,0
DA:40,0
DA:43,0
DA:45,0
DA:48,0
DA:49,0
DA:50,0
DA:51,0
DA:53,0
DA:54,0
DA:57,0
DA:58,0
DA:61,0
DA:62,0
DA:63,0
DA:64,0
DA:65,0
DA:70,0
DA:74,0
DA:75,0
DA:76,0
DA:77,0
DA:78,0
DA:79,0
DA:80,0
DA:89,0
DA:97,0
DA:99,0
DA:103,0
DA:104,0
DA:105,0
DA:106,0
DA:109,0
DA:130,0
DA:133,0
DA:171,0
DA:172,0
DA:191,0
LF:40
LH:0
BRDA:32,0,0,0
BRDA:32,0,1,0
BRDA:32,1,0,0
BRDA:32,1,1,0
BRDA:43,2,0,0
BRDA:43,2,1,0
BRDA:43,3,0,0
BRDA:43,3,1,0
BRDA:62,4,0,0
BRDA:62,4,1,0
BRDA:62,5,0,0
BRDA:62,5,1,0
BRDA:71,6,0,0
BRDA:71,6,1,0
BRDA:136,7,0,0
BRDA:136,7,1,0
BRDA:144,8,0,0
BRDA:144,8,1,0
BRDA:153,9,0,0
BRDA:153,9,1,0
BRDA:156,10,0,0
BRDA:156,10,1,0
BRDA:178,11,0,0
BRDA:178,11,1,0
BRF:24
BRH:0
end_of_record
TN:
SF:src/screens/ContactUsScreen.tsx
FN:29,ContactUsScreen
FN:33,(anonymous_1)
FN:40,(anonymous_2)
FN:50,(anonymous_3)
FN:58,(anonymous_4)
FN:66,(anonymous_5)
FN:84,(anonymous_6)
FNF:7
FNH:0
FNDA:0,ContactUsScreen
FNDA:0,(anonymous_1)
FNDA:0,(anonymous_2)
FNDA:0,(anonymous_3)
FNDA:0,(anonymous_4)
FNDA:0,(anonymous_5)
FNDA:0,(anonymous_6)
DA:23,0
DA:24,0
DA:30,0
DA:31,0
DA:33,0
DA:34,0
DA:38,0
DA:40,0
DA:41,0
DA:42,0
DA:43,0
DA:46,0
DA:51,0
DA:52,0
DA:59,0
DA:60,0
DA:67,0
DA:68,0
DA:69,0
DA:74,0
DA:85,0
DA:100,0
LF:22
LH:0
BRDA:23,0,0,0
BRDA:23,0,1,0
BRDA:23,1,0,0
BRDA:23,1,1,0
BRDA:38,2,0,0
BRDA:38,2,1,0
BRDA:38,3,0,0
BRDA:38,3,1,0
BRF:8
BRH:0
end_of_record
TN:
SF:src/screens/DataTransparencyScreen.tsx
FN:26,DataTransparencyScreen
FN:39,(anonymous_1)
FN:42,(anonymous_2)
FN:43,(anonymous_3)
FN:46,(anonymous_4)
FN:63,(anonymous_5)
FN:81,(anonymous_6)
FN:84,(anonymous_7)
FN:106,(anonymous_8)
FN:126,(anonymous_9)
FN:142,(anonymous_10)
FN:156,(anonymous_11)
FN:185,(anonymous_12)
FNF:13
FNH:0
FNDA:0,DataTransparencyScreen
FNDA:0,(anonymous_1)
FNDA:0,(anonymous_2)
FNDA:0,(anonymous_3)
FNDA:0,(anonymous_4)
FNDA:0,(anonymous_5)
FNDA:0,(anonymous_6)
FNDA:0,(anonymous_7)
FNDA:0,(anonymous_8)
FNDA:0,(anonymous_9)
FNDA:0,(anonymous_10)
FNDA:0,(anonymous_11)
FNDA:0,(anonymous_12)
DA:27,0
DA:29,0
DA:31,0
DA:32,0
DA:33,0
DA:34,0
DA:35,0
DA:36,0
DA:37,0
DA:39,0
DA:40,0
DA:42,0
DA:43,0
DA:46,0
DA:47,0
DA:48,0
DA:49,0
DA:50,0
DA:51,0
DA:52,0
DA:53,0
DA:54,0
DA:56,0
DA:58,0
DA:63,0
DA:64,0
DA:65,0
DA:66,0
DA:67,0
DA:70,0
DA:71,0
DA:72,0
DA:74,0
DA:76,0
DA:81,0
DA:83,0
DA:84,0
DA:85,0
DA:86,0
DA:91,0
DA:92,0
DA:93,0
DA:94,0
DA:95,0
DA:97,0
DA:98,0
DA:101,0
DA:102,0
DA:106,0
DA:107,0
DA:111,0
DA:126,0
DA:142,0
DA:156,0
DA:185,0
DA:209,0
LF:56
LH:0
BRDA:29,0,0,0
BRDA:29,0,1,0
BRDA:29,1,0,0
BRDA:29,1,1,0
BRDA:47,2,0,0
BRDA:47,2,1,0
BRDA:83,3,0,0
BRDA:83,3,1,0
BRDA:83,4,0,0
BRDA:83,4,1,0
BRDA:92,5,0,0
BRDA:92,5,1,0
BRDA:93,6,0,0
BRDA:93,6,1,0
BRDA:97,7,0,0
BRDA:97,7,1,0
BRDA:107,8,0,0
BRDA:107,8,1,0
BRDA:114,9,0,0
BRDA:114,9,1,0
BRDA:124,10,0,0
BRDA:124,10,1,0
BRDA:125,11,0,0
BRDA:125,11,1,0
BRDA:130,12,0,0
BRDA:130,12,1,0
BRDA:140,13,0,0
BRDA:140,13,1,0
BRDA:141,14,0,0
BRDA:141,14,1,0
BRDA:146,15,0,0
BRDA:146,15,1,0
BRDA:154,16,0,0
BRDA:154,16,1,0
BRDA:155,17,0,0
BRDA:155,17,1,0
BRDA:160,18,0,0
BRDA:160,18,1,0
BRDA:169,19,0,0
BRDA:169,19,1,0
BRDA:172,20,0,0
BRDA:172,20,1,0
BRDA:176,21,0,0
BRDA:176,21,1,0
BRDA:176,21,2,0
BRDA:178,22,0,0
BRDA:178,22,1,0
BRDA:182,23,0,0
BRDA:182,23,1,0
BRDA:182,23,2,0
BRDA:193,24,0,0
BRDA:193,24,1,0
BRF:52
BRH:0
end_of_record
TN:
SF:src/screens/EditAddressScreen.tsx
FN:32,EditAddressScreen
FN:51,(anonymous_1)
FN:58,(anonymous_2)
FN:64,(anonymous_3)
FN:98,(anonymous_4)
FN:104,(anonymous_5)
FN:110,(anonymous_6)
FNF:7
FNH:0
FNDA:0,EditAddressScreen
FNDA:0,(anonymous_1)
FNDA:0,(anonymous_2)
FNDA:0,(anonymous_3)
FNDA:0,(anonymous_4)
FNDA:0,(anonymous_5)
FNDA:0,(anonymous_6)
DA:28,0
DA:29,0
DA:33,0
DA:34,0
DA:35,0
DA:38,0
DA:39,0
DA:49,0
DA:51,0
DA:52,0
DA:56,0
DA:58,0
DA:59,0
DA:60,0
DA:61,0
DA:64,0
DA:65,0
DA:66,0
DA:67,0
DA:68,0
DA:69,0
DA:70,0
DA:71,0
DA:73,0
DA:75,0
DA:79,0
DA:99,0
DA:105,0
DA:111,0
DA:112,0
DA:144,0
LF:31
LH:0
BRDA:28,0,0,0
BRDA:28,0,1,0
BRDA:28,1,0,0
BRDA:28,1,1,0
BRDA:38,2,0,0
BRDA:38,2,1,0
BRDA:56,3,0,0
BRDA:56,3,1,0
BRDA:56,4,0,0
BRDA:56,4,1,0
BRDA:73,5,0,0
BRDA:73,5,1,0
BRDA:120,6,0,0
BRDA:120,6,1,0
BRDA:133,7,0,0
BRDA:133,7,1,0
BRF:16
BRH:0
end_of_record
TN:
SF:src/screens/EditPaymentScreen.tsx
FN:45,EditPaymentScreen
FN:68,(anonymous_1)
FN:94,(anonymous_2)
FN:100,(anonymous_3)
FN:161,(anonymous_4)
FN:167,(anonymous_5)
FN:176,(anonymous_6)
FNF:7
FNH:0
FNDA:0,EditPaymentScreen
FNDA:0,(anonymous_1)
FNDA:0,(anonymous_2)
FNDA:0,(anonymous_3)
FNDA:0,(anonymous_4)
FNDA:0,(anonymous_5)
FNDA:0,(anonymous_6)
DA:30,0
DA:31,0
DA:38,0
DA:46,0
DA:47,0
DA:48,0
DA:49,0
DA:51,0
DA:57,0
DA:68,0
DA:69,0
DA:73,0
DA:76,0
DA:94,0
DA:95,0
DA:96,0
DA:97,0
DA:100,0
DA:101,0
DA:102,0
DA:103,0
DA:104,0
DA:105,0
DA:106,0
DA:107,0
DA:109,0
DA:113,0
DA:144,0
DA:162,0
DA:168,0
DA:177,0
DA:178,0
DA:216,0
LF:33
LH:0
BRDA:30,0,0,0
BRDA:30,0,1,0
BRDA:30,1,0,0
BRDA:30,1,1,0
BRDA:51,2,0,0
BRDA:51,2,1,0
BRDA:61,3,0,0
BRDA:61,3,1,0
BRDA:62,4,0,0
BRDA:62,4,1,0
BRDA:63,5,0,0
BRDA:63,5,1,0
BRDA:64,6,0,0
BRDA:64,6,1,0
BRDA:73,7,0,0
BRDA:73,7,1,0
BRDA:73,8,0,0
BRDA:73,8,1,0
BRDA:76,9,0,0
BRDA:76,9,1,0
BRDA:84,10,0,0
BRDA:84,10,1,0
BRDA:185,11,0,0
BRDA:185,11,1,0
BRDA:197,12,0,0
BRDA:197,12,1,0
BRDA:197,12,2,0
BRDA:200,13,0,0
BRDA:200,13,1,0
BRDA:205,14,0,0
BRDA:205,14,1,0
BRF:31
BRH:0
end_of_record
TN:
SF:src/screens/EditProfileScreen.tsx
FN:36,EditProfileScreen
FN:53,(anonymous_1)
FN:79,(anonymous_2)
FN:85,(anonymous_3)
FN:115,(anonymous_4)
FN:121,(anonymous_5)
FN:130,(anonymous_6)
FNF:7
FNH:0
FNDA:0,EditProfileScreen
FNDA:0,(anonymous_1)
FNDA:0,(anonymous_2)
FNDA:0,(anonymous_3)
FNDA:0,(anonymous_4)
FNDA:0,(anonymous_5)
FNDA:0,(anonymous_6)
DA:29,0
DA:30,0
DA:37,0
DA:38,0
DA:39,0
DA:41,0
DA:42,0
DA:50,0
DA:51,0
DA:53,0
DA:54,0
DA:58,0
DA:61,0
DA:79,0
DA:80,0
DA:81,0
DA:82,0
DA:85,0
DA:86,0
DA:87,0
DA:88,0
DA:89,0
DA:90,0
DA:91,0
DA:92,0
DA:94,0
DA:96,0
DA:100,0
DA:116,0
DA:122,0
DA:131,0
DA:132,0
DA:161,0
LF:33
LH:0
BRDA:29,0,0,0
BRDA:29,0,1,0
BRDA:29,1,0,0
BRDA:29,1,1,0
BRDA:41,2,0,0
BRDA:41,2,1,0
BRDA:58,3,0,0
BRDA:58,3,1,0
BRDA:58,4,0,0
BRDA:58,4,1,0
BRDA:61,5,0,0
BRDA:61,5,1,0
BRDA:69,6,0,0
BRDA:69,6,1,0
BRDA:94,7,0,0
BRDA:94,7,1,0
BRDA:137,8,0,0
BRDA:137,8,1,0
BRDA:150,9,0,0
BRDA:150,9,1,0
BRF:20
BRH:0
end_of_record
TN:
SF:src/screens/EducationalGreenhouseScreen.tsx
FN:34,EducationalGreenhouseScreen
FN:40,(anonymous_1)
FN:47,(anonymous_2)
FN:53,(anonymous_3)
FN:86,(anonymous_4)
FN:88,(anonymous_5)
FN:89,(anonymous_6)
FNF:7
FNH:0
FNDA:0,EducationalGreenhouseScreen
FNDA:0,(anonymous_1)
FNDA:0,(anonymous_2)
FNDA:0,(anonymous_3)
FNDA:0,(anonymous_4)
FNDA:0,(anonymous_5)
FNDA:0,(anonymous_6)
DA:28,0
DA:29,0
DA:35,0
DA:36,0
DA:37,0
DA:38,0
DA:40,0
DA:41,0
DA:45,0
DA:47,0
DA:48,0
DA:49,0
DA:50,0
DA:53,0
DA:54,0
DA:55,0
DA:56,0
DA:59,0
DA:86,0
DA:89,0
DA:97,0
LF:21
LH:0
BRDA:28,0,0,0
BRDA:28,0,1,0
BRDA:28,1,0,0
BRDA:28,1,1,0
BRDA:45,2,0,0
BRDA:45,2,1,0
BRDA:45,3,0,0
BRDA:45,3,1,0
BRDA:61,4,0,0
BRDA:61,4,1,0
BRDA:71,5,0,0
BRDA:71,5,1,0
BRDA:78,6,0,0
BRDA:78,6,1,0
BRDA:83,7,0,0
BRDA:83,7,1,0
BRDA:83,7,2,0
BRDA:83,7,3,0
BRF:18
BRH:0
end_of_record
TN:
SF:src/screens/EthicalAIDashboardScreen.tsx
FN:12,EthicalAIDashboardScreen
FN:24,(anonymous_1)
FN:37,(anonymous_2)
FN:50,(anonymous_3)
FN:51,(anonymous_4)
FNF:5
FNH:0
FNDA:0,EthicalAIDashboardScreen
FNDA:0,(anonymous_1)
FNDA:0,(anonymous_2)
FNDA:0,(anonymous_3)
FNDA:0,(anonymous_4)
DA:13,0
DA:14,0
DA:15,0
DA:16,0
DA:18,0
DA:20,0
DA:25,0
DA:26,0
DA:37,0
DA:50,0
DA:51,0
DA:58,0
LF:12
LH:0
BRDA:35,0,0,0
BRDA:35,0,1,0
BRDA:43,1,0,0
BRDA:43,1,1,0
BRDA:49,2,0,0
BRDA:49,2,1,0
BRF:6
BRH:0
end_of_record
TN:
SF:src/screens/FavoritesScreen.tsx
FN:34,FavoritesScreen
FN:37,(anonymous_1)
FN:39,(anonymous_2)
FN:46,(anonymous_3)
FN:49,(anonymous_4)
FN:49,(anonymous_5)
FN:52,(anonymous_6)
FN:71,(anonymous_7)
FN:73,(anonymous_8)
FN:76,(anonymous_9)
FNF:10
FNH:0
FNDA:0,FavoritesScreen
FNDA:0,(anonymous_1)
FNDA:0,(anonymous_2)
FNDA:0,(anonymous_3)
FNDA:0,(anonymous_4)
FNDA:0,(anonymous_5)
FNDA:0,(anonymous_6)
FNDA:0,(anonymous_7)
FNDA:0,(anonymous_8)
FNDA:0,(anonymous_9)
DA:22,0
DA:23,0
DA:28,0
DA:35,0
DA:36,0
DA:37,0
DA:39,0
DA:40,0
DA:44,0
DA:46,0
DA:47,0
DA:48,0
DA:49,0
DA:52,0
DA:53,0
DA:54,0
DA:55,0
DA:58,0
DA:71,0
DA:74,0
DA:76,0
DA:86,0
LF:22
LH:0
BRDA:22,0,0,0
BRDA:22,0,1,0
BRDA:22,1,0,0
BRDA:22,1,1,0
BRDA:44,2,0,0
BRDA:44,2,1,0
BRDA:44,3,0,0
BRDA:44,3,1,0
BRDA:49,4,0,0
BRDA:49,4,1,0
BRDA:77,5,0,0
BRDA:77,5,1,0
BRF:12
BRH:0
end_of_record
TN:
SF:src/screens/HelpFAQScreen.tsx
FN:29,HelpFAQScreen
FN:36,(anonymous_1)
FN:43,(anonymous_2)
FN:49,(anonymous_3)
FN:52,(anonymous_4)
FN:52,(anonymous_5)
FN:94,(anonymous_6)
FN:96,(anonymous_7)
FNF:8
FNH:0
FNDA:0,HelpFAQScreen
FNDA:0,(anonymous_1)
FNDA:0,(anonymous_2)
FNDA:0,(anonymous_3)
FNDA:0,(anonymous_4)
FNDA:0,(anonymous_5)
FNDA:0,(anonymous_6)
FNDA:0,(anonymous_7)
DA:25,0
DA:26,0
DA:30,0
DA:31,0
DA:32,0
DA:33,0
DA:34,0
DA:36,0
DA:37,0
DA:41,0
DA:43,0
DA:44,0
DA:45,0
DA:46,0
DA:49,0
DA:50,0
DA:51,0
DA:52,0
DA:55,0
DA:56,0
DA:70,0
DA:71,0
DA:83,0
DA:95,0
DA:96,0
DA:109,0
LF:26
LH:0
BRDA:25,0,0,0
BRDA:25,0,1,0
BRDA:25,1,0,0
BRDA:25,1,1,0
BRDA:41,2,0,0
BRDA:41,2,1,0
BRDA:41,3,0,0
BRDA:41,3,1,0
BRDA:52,4,0,0
BRDA:52,4,1,0
BRDA:55,5,0,0
BRDA:55,5,1,0
BRDA:70,6,0,0
BRDA:70,6,1,0
BRDA:70,7,0,0
BRDA:70,7,1,0
BRDA:85,8,0,0
BRDA:85,8,1,0
BRDA:99,9,0,0
BRDA:99,9,1,0
BRF:20
BRH:0
end_of_record
TN:
SF:src/screens/HomeScreen.tsx
FN:54,HomeScreen
FN:66,(anonymous_1)
FN:70,(anonymous_2)
FN:74,(anonymous_3)
FN:77,(anonymous_4)
FN:80,(anonymous_5)
FN:83,(anonymous_6)
FN:88,(anonymous_7)
FN:92,(anonymous_8)
FN:95,(anonymous_9)
FN:98,(anonymous_10)
FN:101,(anonymous_11)
FN:106,(anonymous_12)
FN:110,(anonymous_13)
FN:113,(anonymous_14)
FN:116,(anonymous_15)
FN:119,(anonymous_16)
FN:127,(anonymous_17)
FN:133,(anonymous_18)
FN:146,(anonymous_19)
FN:193,(anonymous_20)
FN:194,(anonymous_21)
FN:201,(anonymous_22)
FN:207,(anonymous_23)
FN:218,(anonymous_24)
FN:221,(anonymous_25)
FN:238,(anonymous_26)
FN:244,(anonymous_27)
FN:250,(anonymous_28)
FN:254,(anonymous_29)
FN:275,(anonymous_30)
FN:281,(anonymous_31)
FN:292,(anonymous_32)
FN:295,(anonymous_33)
FN:310,(anonymous_34)
FN:314,(anonymous_35)
FN:318,(anonymous_36)
FNF:37
FNH:0
FNDA:0,HomeScreen
FNDA:0,(anonymous_1)
FNDA:0,(anonymous_2)
FNDA:0,(anonymous_3)
FNDA:0,(anonymous_4)
FNDA:0,(anonymous_5)
FNDA:0,(anonymous_6)
FNDA:0,(anonymous_7)
FNDA:0,(anonymous_8)
FNDA:0,(anonymous_9)
FNDA:0,(anonymous_10)
FNDA:0,(anonymous_11)
FNDA:0,(anonymous_12)
FNDA:0,(anonymous_13)
FNDA:0,(anonymous_14)
FNDA:0,(anonymous_15)
FNDA:0,(anonymous_16)
FNDA:0,(anonymous_17)
FNDA:0,(anonymous_18)
FNDA:0,(anonymous_19)
FNDA:0,(anonymous_20)
FNDA:0,(anonymous_21)
FNDA:0,(anonymous_22)
FNDA:0,(anonymous_23)
FNDA:0,(anonymous_24)
FNDA:0,(anonymous_25)
FNDA:0,(anonymous_26)
FNDA:0,(anonymous_27)
FNDA:0,(anonymous_28)
FNDA:0,(anonymous_29)
FNDA:0,(anonymous_30)
FNDA:0,(anonymous_31)
FNDA:0,(anonymous_32)
FNDA:0,(anonymous_33)
FNDA:0,(anonymous_34)
FNDA:0,(anonymous_35)
FNDA:0,(anonymous_36)
DA:38,0
DA:39,0
DA:55,0
DA:56,0
DA:57,0
DA:59,0
DA:60,0
DA:61,0
DA:62,0
DA:63,0
DA:64,0
DA:66,0
DA:67,0
DA:70,0
DA:71,0
DA:72,0
DA:75,0
DA:78,0
DA:81,0
DA:83,0
DA:84,0
DA:88,0
DA:89,0
DA:90,0
DA:93,0
DA:96,0
DA:99,0
DA:101,0
DA:102,0
DA:106,0
DA:107,0
DA:108,0
DA:111,0
DA:114,0
DA:117,0
DA:119,0
DA:120,0
DA:125,0
DA:127,0
DA:128,0
DA:129,0
DA:130,0
DA:133,0
DA:134,0
DA:135,0
DA:136,0
DA:139,0
DA:146,0
DA:193,0
DA:194,0
DA:201,0
DA:208,0
DA:219,0
DA:221,0
DA:238,0
DA:245,0
DA:251,0
DA:254,0
DA:275,0
DA:282,0
DA:293,0
DA:295,0
DA:310,0
DA:314,0
DA:318,0
DA:335,0
LF:66
LH:0
BRDA:38,0,0,0
BRDA:38,0,1,0
BRDA:38,1,0,0
BRDA:38,1,1,0
BRDA:75,2,0,0
BRDA:75,2,1,0
BRDA:75,3,0,0
BRDA:75,3,1,0
BRDA:78,4,0,0
BRDA:78,4,1,0
BRDA:81,5,0,0
BRDA:81,5,1,0
BRDA:93,6,0,0
BRDA:93,6,1,0
BRDA:93,7,0,0
BRDA:93,7,1,0
BRDA:96,8,0,0
BRDA:96,8,1,0
BRDA:99,9,0,0
BRDA:99,9,1,0
BRDA:111,10,0,0
BRDA:111,10,1,0
BRDA:111,11,0,0
BRDA:111,11,1,0
BRDA:114,12,0,0
BRDA:114,12,1,0
BRDA:117,13,0,0
BRDA:117,13,1,0
BRDA:125,14,0,0
BRDA:125,14,1,0
BRDA:125,15,0,0
BRDA:125,15,1,0
BRDA:189,16,0,0
BRDA:189,16,1,0
BRDA:190,17,0,0
BRDA:190,17,1,0
BRDA:190,17,2,0
BRDA:205,18,0,0
BRDA:205,18,1,0
BRDA:216,19,0,0
BRDA:216,19,1,0
BRDA:242,20,0,0
BRDA:242,20,1,0
BRDA:248,21,0,0
BRDA:248,21,1,0
BRDA:256,22,0,0
BRDA:256,22,1,0
BRDA:279,23,0,0
BRDA:279,23,1,0
BRDA:290,24,0,0
BRDA:290,24,1,0
BRF:51
BRH:0
end_of_record
TN:
SF:src/screens/JournalEntryScreen.tsx
FN:18,JournalEntryScreen
FN:24,(anonymous_1)
FN:28,(anonymous_2)
FN:29,(anonymous_3)
FN:34,(anonymous_4)
FN:38,(anonymous_5)
FN:43,(anonymous_6)
FN:55,(anonymous_7)
FN:65,(anonymous_8)
FNF:9
FNH:0
FNDA:0,JournalEntryScreen
FNDA:0,(anonymous_1)
FNDA:0,(anonymous_2)
FNDA:0,(anonymous_3)
FNDA:0,(anonymous_4)
FNDA:0,(anonymous_5)
FNDA:0,(anonymous_6)
FNDA:0,(anonymous_7)
FNDA:0,(anonymous_8)
DA:13,0
DA:19,0
DA:20,0
DA:21,0
DA:23,0
DA:24,0
DA:26,0
DA:28,0
DA:29,0
DA:34,0
DA:35,0
DA:36,0
DA:38,0
DA:39,0
DA:43,0
DA:48,0
DA:51,0
DA:56,0
DA:65,0
DA:84,0
LF:20
LH:0
BRF:0
BRH:0
end_of_record
TN:
SF:src/screens/LanguageSelectionScreen.tsx
FN:11,LanguageSelectionScreen
FN:23,(anonymous_1)
FN:32,(anonymous_2)
FN:39,(anonymous_3)
FN:43,(anonymous_4)
FNF:5
FNH:0
FNDA:0,LanguageSelectionScreen
FNDA:0,(anonymous_1)
FNDA:0,(anonymous_2)
FNDA:0,(anonymous_3)
FNDA:0,(anonymous_4)
DA:12,0
DA:13,0
DA:14,0
DA:15,0
DA:21,0
DA:23,0
DA:24,0
DA:25,0
DA:26,0
DA:29,0
DA:32,0
DA:40,0
DA:43,0
DA:54,0
LF:14
LH:0
BRDA:21,0,0,0
BRDA:21,0,1,0
BRDA:21,1,0,0
BRDA:21,1,1,0
BRDA:46,2,0,0
BRDA:46,2,1,0
BRF:6
BRH:0
end_of_record
TN:
SF:src/screens/LoginScreen.tsx
FN:36,LoginScreen
FN:46,(anonymous_1)
FN:75,(anonymous_2)
FN:104,(anonymous_3)
FN:109,(anonymous_4)
FN:132,(anonymous_5)
FN:133,(anonymous_6)
FN:153,(anonymous_7)
FN:154,(anonymous_8)
FN:160,(anonymous_9)
FN:179,(anonymous_10)
FN:184,(anonymous_11)
FN:193,(anonymous_12)
FN:219,(anonymous_13)
FN:230,(anonymous_14)
FNF:15
FNH:0
FNDA:0,LoginScreen
FNDA:0,(anonymous_1)
FNDA:0,(anonymous_2)
FNDA:0,(anonymous_3)
FNDA:0,(anonymous_4)
FNDA:0,(anonymous_5)
FNDA:0,(anonymous_6)
FNDA:0,(anonymous_7)
FNDA:0,(anonymous_8)
FNDA:0,(anonymous_9)
FNDA:0,(anonymous_10)
FNDA:0,(anonymous_11)
FNDA:0,(anonymous_12)
FNDA:0,(anonymous_13)
FNDA:0,(anonymous_14)
DA:30,0
DA:31,0
DA:37,0
DA:38,0
DA:39,0
DA:41,0
DA:42,0
DA:43,0
DA:44,0
DA:46,0
DA:47,0
DA:51,0
DA:54,0
DA:72,0
DA:73,0
DA:75,0
DA:76,0
DA:77,0
DA:78,0
DA:80,0
DA:81,0
DA:82,0
DA:83,0
DA:84,0
DA:85,0
DA:86,0
DA:87,0
DA:89,0
DA:90,0
DA:91,0
DA:92,0
DA:94,0
DA:98,0
DA:105,0
DA:106,0
DA:107,0
DA:109,0
DA:132,0
DA:133,0
DA:153,0
DA:154,0
DA:160,0
DA:180,0
DA:181,0
DA:182,0
DA:184,0
DA:193,0
DA:220,0
DA:221,0
DA:231,0
DA:232,0
DA:244,0
LF:52
LH:0
BRDA:30,0,0,0
BRDA:30,0,1,0
BRDA:30,1,0,0
BRDA:30,1,1,0
BRDA:51,2,0,0
BRDA:51,2,1,0
BRDA:51,3,0,0
BRDA:51,3,1,0
BRDA:54,4,0,0
BRDA:54,4,1,0
BRDA:62,5,0,0
BRDA:62,5,1,0
BRDA:76,6,0,0
BRDA:76,6,1,0
BRDA:76,7,0,0
BRDA:76,7,1,0
BRDA:109,8,0,0
BRDA:109,8,1,0
BRDA:122,9,0,0
BRDA:122,9,1,0
BRDA:144,10,0,0
BRDA:144,10,1,0
BRDA:165,11,0,0
BRDA:165,11,1,0
BRDA:173,12,0,0
BRDA:173,12,1,0
BRDA:184,13,0,0
BRDA:184,13,1,0
BRDA:197,14,0,0
BRDA:197,14,1,0
BRDA:202,15,0,0
BRDA:202,15,1,0
BRF:32
BRH:0
end_of_record
TN:
SF:src/screens/LoginSignUpDecisionScreen.tsx
FN:15,LoginSignUpDecisionScreen
FN:25,(anonymous_1)
FN:33,(anonymous_2)
FN:41,(anonymous_3)
FNF:4
FNH:0
FNDA:0,LoginSignUpDecisionScreen
FNDA:0,(anonymous_1)
FNDA:0,(anonymous_2)
FNDA:0,(anonymous_3)
DA:16,0
DA:17,0
DA:19,0
DA:26,0
DA:27,0
DA:34,0
DA:35,0
DA:42,0
DA:43,0
DA:53,0
LF:10
LH:0
BRF:0
BRH:0
end_of_record
TN:
SF:src/screens/LoyaltyProgramDetailsScreen.tsx
FN:30,LoyaltyProgramDetailsScreen
FN:37,(anonymous_1)
FN:40,(anonymous_2)
FN:45,(anonymous_3)
FN:55,(anonymous_4)
FN:79,(anonymous_5)
FNF:6
FNH:0
FNDA:0,LoyaltyProgramDetailsScreen
FNDA:0,(anonymous_1)
FNDA:0,(anonymous_2)
FNDA:0,(anonymous_3)
FNDA:0,(anonymous_4)
FNDA:0,(anonymous_5)
DA:26,0
DA:27,0
DA:31,0
DA:32,0
DA:33,0
DA:34,0
DA:36,0
DA:38,0
DA:41,0
DA:45,0
DA:46,0
DA:50,0
DA:51,0
DA:52,0
DA:53,0
DA:55,0
DA:56,0
DA:57,0
DA:58,0
DA:61,0
DA:80,0
DA:81,0
DA:82,0
DA:83,0
DA:104,0
LF:25
LH:0
BRDA:26,0,0,0
BRDA:26,0,1,0
BRDA:26,1,0,0
BRDA:26,1,1,0
BRDA:50,2,0,0
BRDA:50,2,1,0
BRDA:50,3,0,0
BRDA:50,3,1,0
BRDA:51,4,0,0
BRDA:51,4,1,0
BRDA:87,5,0,0
BRDA:87,5,1,0
BRDA:93,6,0,0
BRDA:93,6,1,0
BRDA:96,7,0,0
BRDA:96,7,1,0
BRF:16
BRH:0
end_of_record
TN:
SF:src/screens/MyJarsInsightsScreen.tsx
FN:9,MyJarsInsightsScreen
FN:32,(anonymous_1)
FN:34,(anonymous_2)
FN:36,(anonymous_3)
FN:45,(anonymous_4)
FNF:5
FNH:0
FNDA:0,MyJarsInsightsScreen
FNDA:0,(anonymous_1)
FNDA:0,(anonymous_2)
FNDA:0,(anonymous_3)
FNDA:0,(anonymous_4)
DA:10,0
DA:11,0
DA:13,0
DA:14,0
DA:21,0
DA:23,0
DA:24,0
DA:32,0
DA:34,0
DA:36,0
DA:37,0
DA:38,0
DA:39,0
DA:41,0
DA:46,0
DA:60,0
LF:16
LH:0
BRDA:13,0,0,0
BRDA:13,0,1,0
BRDA:21,1,0,0
BRDA:21,1,1,0
BRDA:23,2,0,0
BRDA:23,2,1,0
BRDA:34,3,0,0
BRDA:34,3,1,0
BRF:8
BRH:0
end_of_record
TN:
SF:src/screens/MyJarsScreen.tsx
FN:13,MyJarsScreen
FN:17,(anonymous_1)
FNF:2
FNH:0
FNDA:0,MyJarsScreen
FNDA:0,(anonymous_1)
DA:14,0
DA:15,0
DA:17,0
DA:18,0
DA:19,0
DA:23,0
DA:38,0
LF:7
LH:0
BRF:0
BRH:0
end_of_record
TN:
SF:src/screens/NotificationSettingsScreen.tsx
FN:26,NotificationSettingsScreen
FN:34,(anonymous_1)
FN:41,(anonymous_2)
FN:47,(anonymous_3)
FN:69,(anonymous_4)
FN:79,(anonymous_5)
FN:89,(anonymous_6)
FNF:7
FNH:0
FNDA:0,NotificationSettingsScreen
FNDA:0,(anonymous_1)
FNDA:0,(anonymous_2)
FNDA:0,(anonymous_3)
FNDA:0,(anonymous_4)
FNDA:0,(anonymous_5)
FNDA:0,(anonymous_6)
DA:22,0
DA:23,0
DA:27,0
DA:28,0
DA:30,0
DA:31,0
DA:32,0
DA:34,0
DA:35,0
DA:39,0
DA:41,0
DA:42,0
DA:43,0
DA:44,0
DA:47,0
DA:48,0
DA:49,0
DA:50,0
DA:53,0
DA:69,0
DA:79,0
DA:89,0
DA:99,0
LF:23
LH:0
BRDA:22,0,0,0
BRDA:22,0,1,0
BRDA:22,1,0,0
BRDA:22,1,1,0
BRDA:39,2,0,0
BRDA:39,2,1,0
BRDA:39,3,0,0
BRDA:39,3,1,0
BRF:8
BRH:0
end_of_record
TN:
SF:src/screens/OTPScreen.tsx
FN:20,OTPScreen
FN:28,(anonymous_1)
FN:29,(anonymous_2)
FN:29,(anonymous_3)
FN:30,(anonymous_4)
FN:33,(anonymous_5)
FN:42,(anonymous_6)
FN:59,(anonymous_7)
FN:62,(anonymous_8)
FN:69,(anonymous_9)
FN:70,(anonymous_10)
FN:71,(anonymous_11)
FN:80,(anonymous_12)
FN:89,(anonymous_13)
FN:90,(anonymous_14)
FNF:15
FNH:0
FNDA:0,OTPScreen
FNDA:0,(anonymous_1)
FNDA:0,(anonymous_2)
FNDA:0,(anonymous_3)
FNDA:0,(anonymous_4)
FNDA:0,(anonymous_5)
FNDA:0,(anonymous_6)
FNDA:0,(anonymous_7)
FNDA:0,(anonymous_8)
FNDA:0,(anonymous_9)
FNDA:0,(anonymous_10)
FNDA:0,(anonymous_11)
FNDA:0,(anonymous_12)
FNDA:0,(anonymous_13)
FNDA:0,(anonymous_14)
DA:21,0
DA:22,0
DA:23,0
DA:24,0
DA:25,0
DA:26,0
DA:28,0
DA:29,0
DA:30,0
DA:33,0
DA:34,0
DA:35,0
DA:36,0
DA:37,0
DA:38,0
DA:42,0
DA:43,0
DA:44,0
DA:45,0
DA:46,0
DA:47,0
DA:48,0
DA:49,0
DA:51,0
DA:55,0
DA:60,0
DA:63,0
DA:69,0
DA:70,0
DA:71,0
DA:80,0
DA:89,0
DA:90,0
DA:104,0
LF:34
LH:0
BRDA:29,0,0,0
BRDA:29,0,1,0
BRDA:34,1,0,0
BRDA:34,1,1,0
BRDA:38,2,0,0
BRDA:38,2,1,0
BRDA:38,3,0,0
BRDA:38,3,1,0
BRDA:44,4,0,0
BRDA:44,4,1,0
BRDA:65,5,0,0
BRDA:65,5,1,0
BRDA:80,6,0,0
BRDA:80,6,1,0
BRDA:85,7,0,0
BRDA:85,7,1,0
BRDA:90,8,0,0
BRDA:90,8,1,0
BRF:18
BRH:0
end_of_record
TN:
SF:src/screens/OnboardingPager.tsx
FN:37,OnboardingPager
FN:41,(anonymous_1)
FN:42,(anonymous_2)
FN:51,(anonymous_3)
FN:56,(anonymous_4)
FN:68,(anonymous_5)
FNF:6
FNH:0
FNDA:0,OnboardingPager
FNDA:0,(anonymous_1)
FNDA:0,(anonymous_2)
FNDA:0,(anonymous_3)
FNDA:0,(anonymous_4)
FNDA:0,(anonymous_5)
DA:17,0
DA:38,0
DA:39,0
DA:41,0
DA:42,0
DA:43,0
DA:47,0
DA:52,0
DA:53,0
DA:57,0
DA:69,0
DA:70,0
DA:88,0
LF:13
LH:0
BRDA:43,0,0,0
BRDA:43,0,1,0
BRDA:64,1,0,0
BRDA:64,1,1,0
BRF:4
BRH:0
end_of_record
TN:
SF:src/screens/OnboardingScreen.tsx
FN:28,OnboardingScreen
FN:33,(anonymous_1)
FN:61,(anonymous_2)
FN:89,(anonymous_3)
FNF:4
FNH:0
FNDA:0,OnboardingScreen
FNDA:0,(anonymous_1)
FNDA:0,(anonymous_2)
FNDA:0,(anonymous_3)
DA:22,0
DA:23,0
DA:29,0
DA:30,0
DA:33,0
DA:34,0
DA:39,0
DA:43,0
DA:61,0
DA:62,0
DA:63,0
DA:64,0
DA:67,0
DA:90,0
DA:91,0
DA:101,0
LF:16
LH:0
BRDA:22,0,0,0
BRDA:22,0,1,0
BRDA:22,1,0,0
BRDA:22,1,1,0
BRDA:39,2,0,0
BRDA:39,2,1,0
BRDA:39,3,0,0
BRDA:39,3,1,0
BRDA:43,4,0,0
BRDA:43,4,1,0
BRDA:51,5,0,0
BRDA:51,5,1,0
BRF:12
BRH:0
end_of_record
TN:
SF:src/screens/OrderConfirmationScreen.tsx
FN:28,OrderConfirmationScreen
FN:32,(anonymous_1)
FN:59,(anonymous_2)
FNF:3
FNH:0
FNDA:0,OrderConfirmationScreen
FNDA:0,(anonymous_1)
FNDA:0,(anonymous_2)
DA:22,0
DA:23,0
DA:29,0
DA:30,0
DA:32,0
DA:33,0
DA:37,0
DA:41,0
DA:59,0
DA:60,0
DA:61,0
DA:62,0
DA:65,0
DA:85,0
LF:14
LH:0
BRDA:22,0,0,0
BRDA:22,0,1,0
BRDA:22,1,0,0
BRDA:22,1,1,0
BRDA:37,2,0,0
BRDA:37,2,1,0
BRDA:37,3,0,0
BRDA:37,3,1,0
BRDA:41,4,0,0
BRDA:41,4,1,0
BRDA:49,5,0,0
BRDA:49,5,1,0
BRF:12
BRH:0
end_of_record
TN:
SF:src/screens/OrderDetailsScreen.tsx
FN:44,OrderDetailsScreen
FN:60,(anonymous_1)
FN:88,(anonymous_2)
FN:94,(anonymous_3)
FN:100,(anonymous_4)
FN:119,(anonymous_5)
FNF:6
FNH:0
FNDA:0,OrderDetailsScreen
FNDA:0,(anonymous_1)
FNDA:0,(anonymous_2)
FNDA:0,(anonymous_3)
FNDA:0,(anonymous_4)
FNDA:0,(anonymous_5)
DA:23,0
DA:24,0
DA:45,0
DA:46,0
DA:47,0
DA:50,0
DA:60,0
DA:61,0
DA:66,0
DA:70,0
DA:88,0
DA:89,0
DA:90,0
DA:91,0
DA:94,0
DA:95,0
DA:96,0
DA:97,0
DA:100,0
DA:101,0
DA:102,0
DA:104,0
DA:120,0
DA:156,0
LF:24
LH:0
BRDA:23,0,0,0
BRDA:23,0,1,0
BRDA:23,1,0,0
BRDA:23,1,1,0
BRDA:50,2,0,0
BRDA:50,2,1,0
BRDA:66,3,0,0
BRDA:66,3,1,0
BRDA:66,4,0,0
BRDA:66,4,1,0
BRDA:70,5,0,0
BRDA:70,5,1,0
BRDA:78,6,0,0
BRDA:78,6,1,0
BRF:14
BRH:0
end_of_record
TN:
SF:src/screens/OrderTrackingScreen.tsx
FN:32,OrderTrackingScreen
FN:38,(anonymous_1)
FN:45,(anonymous_2)
FN:62,(anonymous_3)
FNF:4
FNH:0
FNDA:0,OrderTrackingScreen
FNDA:0,(anonymous_1)
FNDA:0,(anonymous_2)
FNDA:0,(anonymous_3)
DA:23,0
DA:24,0
DA:27,0
DA:33,0
DA:34,0
DA:35,0
DA:36,0
DA:38,0
DA:39,0
DA:43,0
DA:45,0
DA:46,0
DA:47,0
DA:48,0
DA:51,0
DA:63,0
DA:64,0
DA:80,0
LF:18
LH:0
BRDA:23,0,0,0
BRDA:23,0,1,0
BRDA:23,1,0,0
BRDA:23,1,1,0
BRDA:35,2,0,0
BRDA:35,2,1,0
BRDA:43,3,0,0
BRDA:43,3,1,0
BRDA:43,4,0,0
BRDA:43,4,1,0
BRDA:66,5,0,0
BRDA:66,5,1,0
BRDA:68,6,0,0
BRDA:68,6,1,0
BRF:14
BRH:0
end_of_record
TN:
SF:src/screens/PrivacyIntelligenceScreen.tsx
FN:10,PrivacyIntelligenceScreen
FN:14,(anonymous_1)
FNF:2
FNH:0
FNDA:0,PrivacyIntelligenceScreen
FNDA:0,(anonymous_1)
DA:11,0
DA:12,0
DA:14,0
DA:15,0
DA:19,0
DA:22,0
DA:33,0
LF:7
LH:0
BRDA:17,0,0,0
BRDA:17,0,1,0
BRF:2
BRH:0
end_of_record
TN:
SF:src/screens/PrivacySettingsScreen.tsx
FN:26,PrivacySettingsScreen
FN:34,(anonymous_1)
FN:41,(anonymous_2)
FN:47,(anonymous_3)
FN:69,(anonymous_4)
FN:79,(anonymous_5)
FN:89,(anonymous_6)
FNF:7
FNH:0
FNDA:0,PrivacySettingsScreen
FNDA:0,(anonymous_1)
FNDA:0,(anonymous_2)
FNDA:0,(anonymous_3)
FNDA:0,(anonymous_4)
FNDA:0,(anonymous_5)
FNDA:0,(anonymous_6)
DA:22,0
DA:23,0
DA:27,0
DA:28,0
DA:30,0
DA:31,0
DA:32,0
DA:34,0
DA:35,0
DA:39,0
DA:41,0
DA:42,0
DA:43,0
DA:44,0
DA:47,0
DA:48,0
DA:49,0
DA:50,0
DA:53,0
DA:69,0
DA:79,0
DA:89,0
DA:99,0
LF:23
LH:0
BRDA:22,0,0,0
BRDA:22,0,1,0
BRDA:22,1,0,0
BRDA:22,1,1,0
BRDA:39,2,0,0
BRDA:39,2,1,0
BRDA:39,3,0,0
BRDA:39,3,1,0
BRF:8
BRH:0
end_of_record
TN:
SF:src/screens/ProductDetailScreen.tsx
FN:30,ProductDetailScreen
FN:41,(anonymous_1)
FN:61,(anonymous_2)
FN:70,(anonymous_3)
FN:74,(anonymous_4)
FN:77,(anonymous_5)
FNF:6
FNH:0
FNDA:0,ProductDetailScreen
FNDA:0,(anonymous_1)
FNDA:0,(anonymous_2)
FNDA:0,(anonymous_3)
FNDA:0,(anonymous_4)
FNDA:0,(anonymous_5)
DA:24,0
DA:25,0
DA:31,0
DA:32,0
DA:33,0
DA:34,0
DA:35,0
DA:39,0
DA:41,0
DA:42,0
DA:46,0
DA:48,0
DA:49,0
DA:60,0
DA:61,0
DA:64,0
DA:66,0
DA:70,0
DA:75,0
DA:77,0
DA:99,0
LF:21
LH:0
BRDA:24,0,0,0
BRDA:24,0,1,0
BRDA:24,1,0,0
BRDA:24,1,1,0
BRDA:46,2,0,0
BRDA:46,2,1,0
BRDA:46,3,0,0
BRDA:46,3,1,0
BRDA:48,4,0,0
BRDA:48,4,1,0
BRDA:48,5,0,0
BRDA:48,5,1,0
BRDA:60,6,0,0
BRDA:60,6,1,0
BRDA:60,7,0,0
BRDA:60,7,1,0
BRDA:70,8,0,0
BRDA:70,8,1,0
BRDA:70,8,2,0
BRDA:81,9,0,0
BRDA:81,9,1,0
BRDA:82,10,0,0
BRDA:82,10,1,0
BRDA:90,11,0,0
BRDA:90,11,1,0
BRDA:90,11,2,0
BRDA:93,12,0,0
BRDA:93,12,1,0
BRF:28
BRH:0
end_of_record
TN:
SF:src/screens/ProductListScreen.tsx
FN:29,ProductListScreen
FN:34,(anonymous_1)
FN:56,(anonymous_2)
FN:66,(anonymous_3)
FN:69,(anonymous_4)
FN:72,(anonymous_5)
FNF:6
FNH:0
FNDA:0,ProductListScreen
FNDA:0,(anonymous_1)
FNDA:0,(anonymous_2)
FNDA:0,(anonymous_3)
FNDA:0,(anonymous_4)
FNDA:0,(anonymous_5)
DA:23,0
DA:24,0
DA:30,0
DA:31,0
DA:32,0
DA:34,0
DA:35,0
DA:39,0
DA:41,0
DA:42,0
DA:54,0
DA:56,0
DA:57,0
DA:58,0
DA:59,0
DA:62,0
DA:66,0
DA:70,0
DA:72,0
DA:84,0
LF:20
LH:0
BRDA:23,0,0,0
BRDA:23,0,1,0
BRDA:23,1,0,0
BRDA:23,1,1,0
BRDA:39,2,0,0
BRDA:39,2,1,0
BRDA:39,3,0,0
BRDA:39,3,1,0
BRDA:41,4,0,0
BRDA:41,4,1,0
BRDA:54,5,0,0
BRDA:54,5,1,0
BRF:12
BRH:0
end_of_record
TN:
SF:src/screens/ProfileScreen.tsx
FN:37,ProfileScreen
FN:41,(anonymous_1)
FN:48,(anonymous_2)
FN:58,(anonymous_3)
FN:60,(anonymous_4)
FN:64,(anonymous_5)
FNF:6
FNH:0
FNDA:0,ProfileScreen
FNDA:0,(anonymous_1)
FNDA:0,(anonymous_2)
FNDA:0,(anonymous_3)
FNDA:0,(anonymous_4)
FNDA:0,(anonymous_5)
DA:21,0
DA:22,0
DA:27,0
DA:38,0
DA:39,0
DA:41,0
DA:42,0
DA:46,0
DA:48,0
DA:49,0
DA:50,0
DA:51,0
DA:54,0
DA:58,0
DA:61,0
DA:64,0
DA:75,0
LF:17
LH:0
BRDA:21,0,0,0
BRDA:21,0,1,0
BRDA:21,1,0,0
BRDA:21,1,1,0
BRDA:46,2,0,0
BRDA:46,2,1,0
BRDA:46,3,0,0
BRDA:46,3,1,0
BRF:8
BRH:0
end_of_record
TN:
SF:src/screens/SavedAddressesScreen.tsx
FN:41,SavedAddressesScreen
FN:46,(anonymous_1)
FN:53,(anonymous_2)
FN:59,(anonymous_3)
FN:69,(anonymous_4)
FN:71,(anonymous_5)
FN:75,(anonymous_6)
FNF:7
FNH:0
FNDA:0,SavedAddressesScreen
FNDA:0,(anonymous_1)
FNDA:0,(anonymous_2)
FNDA:0,(anonymous_3)
FNDA:0,(anonymous_4)
FNDA:0,(anonymous_5)
FNDA:0,(anonymous_6)
DA:23,0
DA:24,0
DA:36,0
DA:42,0
DA:43,0
DA:44,0
DA:46,0
DA:47,0
DA:51,0
DA:53,0
DA:54,0
DA:55,0
DA:56,0
DA:59,0
DA:60,0
DA:61,0
DA:62,0
DA:65,0
DA:69,0
DA:72,0
DA:75,0
DA:101,0
LF:22
LH:0
BRDA:23,0,0,0
BRDA:23,0,1,0
BRDA:23,1,0,0
BRDA:23,1,1,0
BRDA:51,2,0,0
BRDA:51,2,1,0
BRDA:51,3,0,0
BRDA:51,3,1,0
BRF:8
BRH:0
end_of_record
TN:
SF:src/screens/SavedPaymentsScreen.tsx
FN:38,SavedPaymentsScreen
FN:43,(anonymous_1)
FN:69,(anonymous_2)
FN:75,(anonymous_3)
FN:85,(anonymous_4)
FN:87,(anonymous_5)
FN:91,(anonymous_6)
FNF:7
FNH:0
FNDA:0,SavedPaymentsScreen
FNDA:0,(anonymous_1)
FNDA:0,(anonymous_2)
FNDA:0,(anonymous_3)
FNDA:0,(anonymous_4)
FNDA:0,(anonymous_5)
FNDA:0,(anonymous_6)
DA:22,0
DA:23,0
DA:33,0
DA:39,0
DA:40,0
DA:41,0
DA:43,0
DA:44,0
DA:48,0
DA:51,0
DA:69,0
DA:70,0
DA:71,0
DA:72,0
DA:75,0
DA:76,0
DA:77,0
DA:78,0
DA:81,0
DA:85,0
DA:88,0
DA:91,0
DA:112,0
LF:23
LH:0
BRDA:22,0,0,0
BRDA:22,0,1,0
BRDA:22,1,0,0
BRDA:22,1,1,0
BRDA:48,2,0,0
BRDA:48,2,1,0
BRDA:48,3,0,0
BRDA:48,3,1,0
BRDA:51,4,0,0
BRDA:51,4,1,0
BRDA:59,5,0,0
BRDA:59,5,1,0
BRF:12
BRH:0
end_of_record
TN:
SF:src/screens/ShopScreen.tsx
FN:41,ShopScreen
FN:57,(anonymous_1)
FN:64,(anonymous_2)
FN:92,(anonymous_3)
FN:111,(anonymous_4)
FN:119,(anonymous_5)
FN:126,(anonymous_6)
FN:129,(anonymous_7)
FN:134,(anonymous_8)
FN:143,(anonymous_9)
FN:150,(anonymous_10)
FNF:11
FNH:0
FNDA:0,ShopScreen
FNDA:0,(anonymous_1)
FNDA:0,(anonymous_2)
FNDA:0,(anonymous_3)
FNDA:0,(anonymous_4)
FNDA:0,(anonymous_5)
FNDA:0,(anonymous_6)
FNDA:0,(anonymous_7)
FNDA:0,(anonymous_8)
FNDA:0,(anonymous_9)
FNDA:0,(anonymous_10)
DA:32,0
DA:33,0
DA:38,0
DA:39,0
DA:42,0
DA:43,0
DA:53,0
DA:54,0
DA:55,0
DA:57,0
DA:58,0
DA:59,0
DA:64,0
DA:65,0
DA:70,0
DA:74,0
DA:92,0
DA:93,0
DA:94,0
DA:95,0
DA:100,0
DA:112,0
DA:120,0
DA:126,0
DA:129,0
DA:135,0
DA:136,0
DA:144,0
DA:150,0
DA:164,0
LF:30
LH:0
BRDA:32,0,0,0
BRDA:32,0,1,0
BRDA:32,1,0,0
BRDA:32,1,1,0
BRDA:54,2,0,0
BRDA:54,2,1,0
BRDA:58,3,0,0
BRDA:58,3,1,0
BRDA:70,4,0,0
BRDA:70,4,1,0
BRDA:70,5,0,0
BRDA:70,5,1,0
BRDA:74,6,0,0
BRDA:74,6,1,0
BRDA:82,7,0,0
BRDA:82,7,1,0
BRDA:96,8,0,0
BRDA:96,8,1,0
BRDA:96,8,2,0
BRDA:104,9,0,0
BRDA:104,9,1,0
BRDA:110,10,0,0
BRDA:110,10,1,0
BRDA:117,11,0,0
BRDA:117,11,1,0
BRDA:117,12,0,0
BRDA:117,12,1,0
BRDA:126,13,0,0
BRDA:126,13,1,0
BRDA:126,13,2,0
BRDA:129,14,0,0
BRDA:129,14,1,0
BRDA:141,15,0,0
BRDA:141,15,1,0
BRDA:153,16,0,0
BRDA:153,16,1,0
BRF:36
BRH:0
end_of_record
TN:
SF:src/screens/SignUpScreen.tsx
FN:32,SignUpScreen
FN:47,(anonymous_1)
FN:75,(anonymous_2)
FN:107,(anonymous_3)
FN:108,(anonymous_4)
FN:126,(anonymous_5)
FN:127,(anonymous_6)
FN:145,(anonymous_7)
FN:146,(anonymous_8)
FN:165,(anonymous_9)
FN:166,(anonymous_10)
FN:170,(anonymous_11)
FN:195,(anonymous_12)
FN:196,(anonymous_13)
FN:200,(anonymous_14)
FN:209,(anonymous_15)
FN:217,(anonymous_16)
FN:236,(anonymous_17)
FN:247,(anonymous_18)
FN:262,(anonymous_19)
FN:267,(anonymous_20)
FNF:21
FNH:0
FNDA:0,SignUpScreen
FNDA:0,(anonymous_1)
FNDA:0,(anonymous_2)
FNDA:0,(anonymous_3)
FNDA:0,(anonymous_4)
FNDA:0,(anonymous_5)
FNDA:0,(anonymous_6)
FNDA:0,(anonymous_7)
FNDA:0,(anonymous_8)
FNDA:0,(anonymous_9)
FNDA:0,(anonymous_10)
FNDA:0,(anonymous_11)
FNDA:0,(anonymous_12)
FNDA:0,(anonymous_13)
FNDA:0,(anonymous_14)
FNDA:0,(anonymous_15)
FNDA:0,(anonymous_16)
FNDA:0,(anonymous_17)
FNDA:0,(anonymous_18)
FNDA:0,(anonymous_19)
FNDA:0,(anonymous_20)
DA:26,0
DA:27,0
DA:33,0
DA:34,0
DA:35,0
DA:38,0
DA:39,0
DA:40,0
DA:41,0
DA:42,0
DA:43,0
DA:44,0
DA:45,0
DA:47,0
DA:48,0
DA:53,0
DA:57,0
DA:75,0
DA:76,0
DA:77,0
DA:78,0
DA:80,0
DA:81,0
DA:82,0
DA:83,0
DA:84,0
DA:86,0
DA:87,0
DA:91,0
DA:107,0
DA:108,0
DA:126,0
DA:127,0
DA:145,0
DA:146,0
DA:165,0
DA:166,0
DA:170,0
DA:195,0
DA:196,0
DA:200,0
DA:209,0
DA:217,0
DA:237,0
DA:238,0
DA:248,0
DA:249,0
DA:263,0
DA:264,0
DA:265,0
DA:267,0
DA:276,0
LF:52
LH:0
BRDA:26,0,0,0
BRDA:26,0,1,0
BRDA:26,1,0,0
BRDA:26,1,1,0
BRDA:53,2,0,0
BRDA:53,2,1,0
BRDA:53,3,0,0
BRDA:53,3,1,0
BRDA:57,4,0,0
BRDA:57,4,1,0
BRDA:65,5,0,0
BRDA:65,5,1,0
BRDA:76,6,0,0
BRDA:76,6,1,0
BRDA:76,7,0,0
BRDA:76,7,1,0
BRDA:76,7,2,0
BRDA:99,8,0,0
BRDA:99,8,1,0
BRDA:117,9,0,0
BRDA:117,9,1,0
BRDA:136,10,0,0
BRDA:136,10,1,0
BRDA:156,11,0,0
BRDA:156,11,1,0
BRDA:171,12,0,0
BRDA:171,12,1,0
BRDA:186,13,0,0
BRDA:186,13,1,0
BRDA:201,14,0,0
BRDA:201,14,1,0
BRDA:210,15,0,0
BRDA:210,15,1,0
BRDA:221,16,0,0
BRDA:221,16,1,0
BRDA:267,17,0,0
BRDA:267,17,1,0
BRF:37
BRH:0
end_of_record
TN:
SF:src/screens/SplashScreen.tsx
FN:26,SplashScreen
FN:31,(anonymous_1)
FN:40,(anonymous_2)
FN:41,(anonymous_3)
FNF:4
FNH:0
FNDA:0,SplashScreen
FNDA:0,(anonymous_1)
FNDA:0,(anonymous_2)
FNDA:0,(anonymous_3)
DA:20,0
DA:21,0
DA:27,0
DA:28,0
DA:29,0
DA:31,0
DA:32,0
DA:33,0
DA:35,0
DA:41,0
DA:42,0
DA:48,0
DA:50,0
DA:59,0
LF:14
LH:0
BRDA:20,0,0,0
BRDA:20,0,1,0
BRDA:20,1,0,0
BRDA:20,1,1,0
BRDA:48,2,0,0
BRDA:48,2,1,0
BRDA:48,3,0,0
BRDA:48,3,1,0
BRF:8
BRH:0
end_of_record
TN:
SF:src/screens/SplashScreenWrapper.tsx
FN:11,SplashScreenWrapper
FN:14,(anonymous_1)
FN:15,(anonymous_2)
FN:20,(anonymous_3)
FN:29,(anonymous_4)
FNF:5
FNH:0
FNDA:0,SplashScreenWrapper
FNDA:0,(anonymous_1)
FNDA:0,(anonymous_2)
FNDA:0,(anonymous_3)
FNDA:0,(anonymous_4)
DA:12,0
DA:14,0
DA:15,0
DA:16,0
DA:17,0
DA:18,0
DA:20,0
DA:23,0
DA:30,0
DA:31,0
DA:32,0
DA:40,0
LF:12
LH:0
BRF:0
BRH:0
end_of_record
TN:
SF:src/screens/StoreDetailsScreen.tsx
FN:38,StoreDetailsScreen
FN:45,(anonymous_1)
FN:52,(anonymous_2)
FN:58,(anonymous_3)
FNF:4
FNH:0
FNDA:0,StoreDetailsScreen
FNDA:0,(anonymous_1)
FNDA:0,(anonymous_2)
FNDA:0,(anonymous_3)
DA:23,0
DA:24,0
DA:39,0
DA:40,0
DA:41,0
DA:43,0
DA:45,0
DA:46,0
DA:50,0
DA:52,0
DA:53,0
DA:54,0
DA:55,0
DA:58,0
DA:59,0
DA:60,0
DA:63,0
DA:95,0
LF:18
LH:0
BRDA:23,0,0,0
BRDA:23,0,1,0
BRDA:23,1,0,0
BRDA:23,1,1,0
BRDA:50,2,0,0
BRDA:50,2,1,0
BRDA:50,3,0,0
BRDA:50,3,1,0
BRF:8
BRH:0
end_of_record
TN:
SF:src/screens/StoreLocatorListScreen.tsx
FN:31,StoreLocatorListScreen
FN:38,(anonymous_1)
FN:40,(anonymous_2)
FN:43,(anonymous_3)
FN:44,(anonymous_4)
FN:45,(anonymous_5)
FNF:6
FNH:0
FNDA:0,StoreLocatorListScreen
FNDA:0,(anonymous_1)
FNDA:0,(anonymous_2)
FNDA:0,(anonymous_3)
FNDA:0,(anonymous_4)
FNDA:0,(anonymous_5)
DA:10,0
DA:32,0
DA:34,0
DA:38,0
DA:41,0
DA:43,0
DA:53,0
LF:7
LH:0
BRF:0
BRH:0
end_of_record
TN:
SF:src/screens/StoreLocatorMapScreen.tsx
FN:40,StoreLocatorMapScreen
FN:49,(anonymous_1)
FN:57,(anonymous_2)
FNF:3
FNH:0
FNDA:0,StoreLocatorMapScreen
FNDA:0,(anonymous_1)
FNDA:0,(anonymous_2)
DA:19,0
DA:41,0
DA:42,0
DA:49,0
DA:50,0
DA:51,0
DA:54,0
DA:58,0
DA:70,0
LF:9
LH:0
BRF:0
BRH:0
end_of_record
TN:
SF:src/screens/StoreLocatorScreen.tsx
FN:34,StoreLocatorScreen
FN:38,(anonymous_1)
FN:45,(anonymous_2)
FN:51,(anonymous_3)
FN:71,(anonymous_4)
FN:73,(anonymous_5)
FN:77,(anonymous_6)
FNF:7
FNH:0
FNDA:0,StoreLocatorScreen
FNDA:0,(anonymous_1)
FNDA:0,(anonymous_2)
FNDA:0,(anonymous_3)
FNDA:0,(anonymous_4)
FNDA:0,(anonymous_5)
FNDA:0,(anonymous_6)
DA:22,0
DA:23,0
DA:28,0
DA:35,0
DA:36,0
DA:38,0
DA:39,0
DA:43,0
DA:45,0
DA:46,0
DA:47,0
DA:48,0
DA:51,0
DA:52,0
DA:53,0
DA:54,0
DA:57,0
DA:71,0
DA:74,0
DA:77,0
DA:90,0
LF:21
LH:0
BRDA:22,0,0,0
BRDA:22,0,1,0
BRDA:22,1,0,0
BRDA:22,1,1,0
BRDA:43,2,0,0
BRDA:43,2,1,0
BRDA:43,3,0,0
BRDA:43,3,1,0
BRF:8
BRH:0
end_of_record
TN:
SF:src/screens/StoreSelection.tsx
FN:38,StoreSelection
FN:51,(anonymous_1)
FN:76,(anonymous_2)
FN:83,(anonymous_3)
FN:97,(anonymous_4)
FN:101,(anonymous_5)
FN:111,(anonymous_6)
FN:116,(anonymous_7)
FN:117,(anonymous_8)
FN:118,(anonymous_9)
FN:138,(anonymous_10)
FN:146,(anonymous_11)
FN:148,(anonymous_12)
FN:151,(anonymous_13)
FN:152,(anonymous_14)
FN:153,(anonymous_15)
FNF:16
FNH:0
FNDA:0,StoreSelection
FNDA:0,(anonymous_1)
FNDA:0,(anonymous_2)
FNDA:0,(anonymous_3)
FNDA:0,(anonymous_4)
FNDA:0,(anonymous_5)
FNDA:0,(anonymous_6)
FNDA:0,(anonymous_7)
FNDA:0,(anonymous_8)
FNDA:0,(anonymous_9)
FNDA:0,(anonymous_10)
FNDA:0,(anonymous_11)
FNDA:0,(anonymous_12)
FNDA:0,(anonymous_13)
FNDA:0,(anonymous_14)
FNDA:0,(anonymous_15)
DA:32,0
DA:33,0
DA:39,0
DA:40,0
DA:41,0
DA:43,0
DA:46,0
DA:47,0
DA:48,0
DA:49,0
DA:51,0
DA:52,0
DA:53,0
DA:54,0
DA:55,0
DA:56,0
DA:58,0
DA:59,0
DA:60,0
DA:63,0
DA:66,0
DA:67,0
DA:69,0
DA:70,0
DA:72,0
DA:76,0
DA:77,0
DA:81,0
DA:83,0
DA:84,0
DA:85,0
DA:86,0
DA:87,0
DA:88,0
DA:91,0
DA:98,0
DA:99,0
DA:102,0
DA:103,0
DA:112,0
DA:138,0
DA:146,0
DA:149,0
DA:151,0
DA:153,0
DA:162,0
LF:46
LH:0
BRDA:32,0,0,0
BRDA:32,0,1,0
BRDA:32,1,0,0
BRDA:32,1,1,0
BRDA:54,2,0,0
BRDA:54,2,1,0
BRDA:67,3,0,0
BRDA:67,3,1,0
BRDA:81,4,0,0
BRDA:81,4,1,0
BRDA:81,5,0,0
BRDA:81,5,1,0
BRDA:94,6,0,0
BRDA:94,6,1,0
BRDA:94,6,2,0
BRDA:107,7,0,0
BRDA:107,7,1,0
BRDA:107,7,2,0
BRDA:123,8,0,0
BRDA:123,8,1,0
BRDA:126,9,0,0
BRDA:126,9,1,0
BRDA:126,9,2,0
BRDA:126,9,3,0
BRDA:134,10,0,0
BRDA:134,10,1,0
BRDA:134,10,2,0
BRDA:134,10,3,0
BRDA:143,11,0,0
BRDA:143,11,1,0
BRF:30
BRH:0
end_of_record
TN:
SF:src/screens/StoreSelectionScreen.tsx
FN:32,(anonymous_0)
FN:34,(anonymous_1)
FN:55,StoreSelectionScreen
FN:66,(anonymous_3)
FN:72,(anonymous_4)
FN:107,(anonymous_5)
FN:108,(anonymous_6)
FN:114,(anonymous_7)
FN:123,(anonymous_8)
FN:124,(anonymous_9)
FN:128,(anonymous_10)
FN:137,(anonymous_11)
FN:138,(anonymous_12)
FN:159,(anonymous_13)
FN:167,(anonymous_14)
FN:168,(anonymous_15)
FN:171,(anonymous_16)
FN:172,(anonymous_17)
FN:173,(anonymous_18)
FNF:19
FNH:0
FNDA:0,(anonymous_0)
FNDA:0,(anonymous_1)
FNDA:0,StoreSelectionScreen
FNDA:0,(anonymous_3)
FNDA:0,(anonymous_4)
FNDA:0,(anonymous_5)
FNDA:0,(anonymous_6)
FNDA:0,(anonymous_7)
FNDA:0,(anonymous_8)
FNDA:0,(anonymous_9)
FNDA:0,(anonymous_10)
FNDA:0,(anonymous_11)
FNDA:0,(anonymous_12)
FNDA:0,(anonymous_13)
FNDA:0,(anonymous_14)
FNDA:0,(anonymous_15)
FNDA:0,(anonymous_16)
FNDA:0,(anonymous_17)
FNDA:0,(anonymous_18)
DA:30,0
DA:32,0
DA:34,0
DA:40,0
DA:41,0
DA:42,0
DA:44,0
DA:49,0
DA:50,0
DA:56,0
DA:57,0
DA:59,0
DA:62,0
DA:63,0
DA:66,0
DA:67,0
DA:68,0
DA:69,0
DA:72,0
DA:73,0
DA:74,0
DA:75,0
DA:79,0
DA:82,0
DA:83,0
DA:84,0
DA:86,0
DA:87,0
DA:88,0
DA:89,0
DA:95,0
DA:96,0
DA:101,0
DA:103,0
DA:107,0
DA:108,0
DA:109,0
DA:110,0
DA:114,0
DA:115,0
DA:116,0
DA:119,0
DA:120,0
DA:124,0
DA:125,0
DA:128,0
DA:133,0
DA:134,0
DA:138,0
DA:139,0
DA:146,0
DA:159,0
DA:167,0
DA:169,0
DA:171,0
DA:182,0
LF:56
LH:0
BRDA:82,0,0,0
BRDA:82,0,1,0
BRDA:87,1,0,0
BRDA:87,1,1,0
BRDA:95,2,0,0
BRDA:95,2,1,0
BRDA:110,3,0,0
BRDA:110,3,1,0
BRDA:119,4,0,0
BRDA:119,4,1,0
BRDA:125,5,0,0
BRDA:125,5,1,0
BRDA:133,6,0,0
BRDA:133,6,1,0
BRDA:139,7,0,0
BRDA:139,7,1,0
BRDA:148,8,0,0
BRDA:148,8,1,0
BRDA:154,9,0,0
BRDA:154,9,1,0
BRDA:154,9,2,0
BRDA:154,9,3,0
BRDA:164,10,0,0
BRDA:164,10,1,0
BRDA:164,10,2,0
BRDA:164,10,3,0
BRF:26
BRH:0
end_of_record
TN:
SF:src/screens/account/addressSchema.ts
FNF:0
FNH:0
DA:3,0
LF:1
LH:0
BRF:0
BRH:0
end_of_record
TN:
SF:src/screens/account/profileSchema.ts
FNF:0
FNH:0
DA:3,0
LF:1
LH:0
BRF:0
BRH:0
end_of_record
TN:
SF:src/screens/auth/ForgotPasswordScreen.tsx
FN:20,ForgotPasswordScreen
FN:33,(anonymous_1)
FN:53,(anonymous_2)
FN:62,(anonymous_3)
FNF:4
FNH:0
FNDA:0,ForgotPasswordScreen
FNDA:0,(anonymous_1)
FNDA:0,(anonymous_2)
FNDA:0,(anonymous_3)
DA:21,0
DA:22,0
DA:28,0
DA:33,0
DA:34,0
DA:35,0
DA:36,0
DA:37,0
DA:39,0
DA:43,0
DA:53,0
DA:63,0
LF:12
LH:0
BRDA:66,0,0,0
BRDA:66,0,1,0
BRDA:81,1,0,0
BRDA:81,1,1,0
BRDA:87,2,0,0
BRDA:87,2,1,0
BRDA:88,3,0,0
BRDA:88,3,1,0
BRDA:91,4,0,0
BRDA:91,4,1,0
BRF:10
BRH:0
end_of_record
TN:
SF:src/screens/auth/forgotPasswordSchema.ts
FNF:0
FNH:0
DA:3,0
LF:1
LH:0
BRF:0
BRH:0
end_of_record
TN:
SF:src/screens/checkout/ContactInfoScreen.tsx
FN:23,ContactInfoScreen
FN:30,(anonymous_1)
FN:58,(anonymous_2)
FNF:3
FNH:0
FNDA:0,ContactInfoScreen
FNDA:0,(anonymous_1)
FNDA:0,(anonymous_2)
DA:13,0
DA:24,0
DA:31,0
DA:58,0
DA:67,0
LF:5
LH:0
BRDA:32,0,0,0
BRDA:32,0,1,0
BRDA:41,1,0,0
BRDA:41,1,1,0
BRDA:41,1,2,0
BRDA:49,2,0,0
BRDA:49,2,1,0
BRDA:49,2,2,0
BRDA:57,3,0,0
BRDA:57,3,1,0
BRDA:57,3,2,0
BRF:11
BRH:0
end_of_record
TN:
SF:src/screens/checkout/DeliveryMethodScreen.tsx
FN:8,DeliveryMethodScreen
FN:15,(anonymous_1)
FN:21,(anonymous_2)
FN:35,(anonymous_3)
FNF:4
FNH:0
FNDA:0,DeliveryMethodScreen
FNDA:0,(anonymous_1)
FNDA:0,(anonymous_2)
FNDA:0,(anonymous_3)
DA:9,0
DA:10,0
DA:11,0
DA:15,0
DA:21,0
DA:35,0
DA:42,0
LF:7
LH:0
BRDA:16,0,0,0
BRDA:16,0,1,0
BRDA:22,1,0,0
BRDA:22,1,1,0
BRDA:27,2,0,0
BRDA:27,2,1,0
BRF:6
BRH:0
end_of_record
TN:
SF:src/screens/checkout/OrderReviewScreen.tsx
FN:11,OrderReviewScreen
FN:12,(anonymous_1)
FN:15,(anonymous_2)
FNF:3
FNH:0
FNDA:0,OrderReviewScreen
FNDA:0,(anonymous_1)
FNDA:0,(anonymous_2)
DA:12,0
DA:13,0
DA:16,0
DA:29,0
LF:4
LH:0
BRDA:12,0,0,0
BRDA:12,0,1,0
BRF:2
BRH:0
end_of_record
TN:
SF:src/screens/checkout/PaymentScreen.tsx
FN:8,PaymentScreen
FN:19,(anonymous_1)
FNF:2
FNH:0
FNDA:0,PaymentScreen
FNDA:0,(anonymous_1)
DA:9,0
DA:10,0
DA:19,0
DA:26,0
LF:4
LH:0
BRF:0
BRH:0
end_of_record
TN:
SF:src/screens/onboarding/AgeVerificationScreen.tsx
FN:14,AgeVerificationScreen
FN:19,(anonymous_1)
FN:20,(anonymous_2)
FN:27,(anonymous_3)
FN:50,(anonymous_4)
FN:54,(anonymous_5)
FNF:6
FNH:0
FNDA:0,AgeVerificationScreen
FNDA:0,(anonymous_1)
FNDA:0,(anonymous_2)
FNDA:0,(anonymous_3)
FNDA:0,(anonymous_4)
FNDA:0,(anonymous_5)
DA:15,0
DA:16,0
DA:17,0
DA:19,0
DA:20,0
DA:21,0
DA:22,0
DA:27,0
DA:28,0
DA:29,0
DA:30,0
DA:34,0
DA:36,0
DA:50,0
DA:54,0
DA:59,0
LF:16
LH:0
BRDA:21,0,0,0
BRDA:21,0,1,0
BRDA:34,1,0,0
BRDA:34,1,1,0
BRDA:34,2,0,0
BRDA:34,2,1,0
BRF:6
BRH:0
end_of_record
TN:
SF:src/screens/orders/OrderDetailModal.tsx
FN:12,OrderDetailModal
FN:32,(anonymous_1)
FNF:2
FNH:0
FNDA:0,OrderDetailModal
FNDA:0,(anonymous_1)
DA:13,0
DA:14,0
DA:33,0
DA:64,0
LF:4
LH:0
BRDA:13,0,0,0
BRDA:13,0,1,0
BRF:2
BRH:0
end_of_record
TN:
SF:src/screens/orders/OrderHistoryScreen.tsx
FN:24,OrderHistoryScreen
FN:40,(anonymous_1)
FN:41,(anonymous_2)
FN:44,(anonymous_3)
FN:46,(anonymous_4)
FN:59,(anonymous_5)
FN:74,(anonymous_6)
FN:75,(anonymous_7)
FN:78,(anonymous_8)
FN:89,(anonymous_9)
FN:95,(anonymous_10)
FN:103,(anonymous_11)
FNF:12
FNH:0
FNDA:0,OrderHistoryScreen
FNDA:0,(anonymous_1)
FNDA:0,(anonymous_2)
FNDA:0,(anonymous_3)
FNDA:0,(anonymous_4)
FNDA:0,(anonymous_5)
FNDA:0,(anonymous_6)
FNDA:0,(anonymous_7)
FNDA:0,(anonymous_8)
FNDA:0,(anonymous_9)
FNDA:0,(anonymous_10)
FNDA:0,(anonymous_11)
DA:25,0
DA:26,0
DA:37,0
DA:40,0
DA:41,0
DA:44,0
DA:46,0
DA:47,0
DA:48,0
DA:53,0
DA:55,0
DA:60,0
DA:74,0
DA:76,0
DA:79,0
DA:80,0
DA:90,0
DA:91,0
DA:96,0
DA:103,0
DA:108,0
LF:21
LH:0
BRDA:44,0,0,0
BRDA:44,0,1,0
BRDA:47,1,0,0
BRDA:47,1,1,0
BRDA:53,2,0,0
BRDA:53,2,1,0
BRDA:53,3,0,0
BRDA:53,3,1,0
BRDA:57,4,0,0
BRDA:57,4,1,0
BRDA:57,5,0,0
BRDA:57,5,1,0
BRDA:67,6,0,0
BRDA:67,6,1,0
BRDA:96,7,0,0
BRDA:96,7,1,0
BRDA:99,8,0,0
BRDA:99,8,1,0
BRF:18
BRH:0
end_of_record
TN:
SF:src/screens/profile/LegalScreen.tsx
FN:25,LegalScreen
FN:38,(anonymous_1)
FN:50,(anonymous_2)
FN:54,(anonymous_3)
FN:62,(anonymous_4)
FN:67,(anonymous_5)
FN:70,(anonymous_6)
FN:82,(anonymous_7)
FNF:8
FNH:0
FNDA:0,LegalScreen
FNDA:0,(anonymous_1)
FNDA:0,(anonymous_2)
FNDA:0,(anonymous_3)
FNDA:0,(anonymous_4)
FNDA:0,(anonymous_5)
FNDA:0,(anonymous_6)
FNDA:0,(anonymous_7)
DA:15,0
DA:26,0
DA:27,0
DA:28,0
DA:29,0
DA:32,0
DA:34,0
DA:39,0
DA:40,0
DA:51,0
DA:55,0
DA:56,0
DA:62,0
DA:67,0
DA:70,0
DA:82,0
DA:87,0
LF:17
LH:0
BRDA:32,0,0,0
BRDA:32,0,1,0
BRDA:32,1,0,0
BRDA:32,1,1,0
BRF:4
BRH:0
end_of_record
TN:
SF:src/shims/firebase-auth.web.tsx
FN:2,auth
FN:5,(anonymous_1)
FN:8,(anonymous_2)
FN:11,(anonymous_3)
FNF:4
FNH:0
FNDA:0,auth
FNDA:0,(anonymous_1)
FNDA:0,(anonymous_2)
FNDA:0,(anonymous_3)
DA:3,0
DA:6,0
DA:9,0
LF:3
LH:0
BRF:0
BRH:0
end_of_record
TN:
SF:src/shims/firebase-messaging.web.tsx
FN:1,messaging
FN:4,(anonymous_1)
FN:5,(anonymous_2)
FN:6,(anonymous_3)
FN:7,(anonymous_4)
FN:7,(anonymous_5)
FN:8,(anonymous_6)
FN:8,(anonymous_7)
FN:9,(anonymous_8)
FNF:9
FNH:0
FNDA:0,messaging
FNDA:0,(anonymous_1)
FNDA:0,(anonymous_2)
FNDA:0,(anonymous_3)
FNDA:0,(anonymous_4)
FNDA:0,(anonymous_5)
FNDA:0,(anonymous_6)
FNDA:0,(anonymous_7)
FNDA:0,(anonymous_8)
DA:2,0
DA:4,0
DA:5,0
DA:7,0
DA:8,0
DA:9,0
LF:6
LH:0
BRF:0
BRH:0
end_of_record
TN:
SF:src/shims/haptics.web.tsx
FN:2,(anonymous_0)
FNF:1
FNH:0
FNDA:0,(anonymous_0)
LF:0
LH:0
BRF:0
BRH:0
end_of_record
TN:
SF:src/shims/linear-gradient.web.tsx
FN:6,LinearGradient
FNF:1
FNH:0
FNDA:0,LinearGradient
DA:7,0
LF:1
LH:0
BRF:0
BRH:0
end_of_record
TN:
SF:src/shims/pager-view.web.tsx
FN:4,PagerView
FNF:1
FNH:0
FNDA:0,PagerView
DA:5,0
LF:1
LH:0
BRF:0
BRH:0
end_of_record
TN:
SF:src/shims/react-native-maps.web.tsx
FN:4,MapView
FN:8,(anonymous_1)
FNF:2
FNH:0
FNDA:0,MapView
FNDA:0,(anonymous_1)
DA:5,0
DA:8,0
LF:2
LH:0
BRF:0
BRH:0
end_of_record
TN:
SF:src/shims/sound.web.tsx
FN:3,(anonymous_0)
FN:6,(anonymous_1)
FN:9,(anonymous_2)
FN:10,(anonymous_3)
FN:13,(anonymous_4)
FNF:5
FNH:0
FNDA:0,(anonymous_0)
FNDA:0,(anonymous_1)
FNDA:0,(anonymous_2)
FNDA:0,(anonymous_3)
FNDA:0,(anonymous_4)
DA:2,0
DA:4,0
DA:7,0
DA:11,0
LF:4
LH:0
BRDA:4,0,0,0
BRDA:4,0,1,0
BRDA:11,1,0,0
BRDA:11,1,1,0
BRF:4
BRH:0
end_of_record
TN:
SF:src/shims/stripe-react-native.web.tsx
FN:3,useStripe
FN:5,(anonymous_1)
FN:6,(anonymous_2)
FN:10,isPlatformPaySupported
FN:14,StripeProvider
FNF:5
FNH:0
FNDA:0,useStripe
FNDA:0,(anonymous_1)
FNDA:0,(anonymous_2)
FNDA:0,isPlatformPaySupported
FNDA:0,StripeProvider
DA:4,0
DA:5,0
DA:6,0
DA:11,0
DA:15,0
LF:5
LH:0
BRF:0
BRH:0
end_of_record
TN:
SF:src/state/store.ts
FN:12,(anonymous_0)
FN:14,(anonymous_1)
FN:16,(anonymous_2)
FN:18,(anonymous_3)
FNF:4
FNH:0
FNDA:0,(anonymous_0)
FNDA:0,(anonymous_1)
FNDA:0,(anonymous_2)
FNDA:0,(anonymous_3)
DA:12,0
DA:15,0
DA:16,0
DA:19,0
DA:20,0
DA:21,0
DA:22,0
LF:7
LH:0
BRDA:21,0,0,0
BRDA:21,0,1,0
BRF:2
BRH:0
end_of_record
TN:
SF:src/terpene_wheel/components/AnimatedSoundPlayer.tsx
FN:13,(anonymous_0)
FN:16,(anonymous_1)
FN:17,(anonymous_2)
FN:25,(anonymous_3)
FN:30,(anonymous_4)
FN:31,(anonymous_5)
FNF:6
FNH:0
FNDA:0,(anonymous_0)
FNDA:0,(anonymous_1)
FNDA:0,(anonymous_2)
FNDA:0,(anonymous_3)
FNDA:0,(anonymous_4)
FNDA:0,(anonymous_5)
DA:12,0
DA:14,0
DA:16,0
DA:17,0
DA:18,0
DA:19,0
DA:20,0
DA:22,0
DA:25,0
DA:26,0
DA:30,0
DA:32,0
DA:33,0
DA:34,0
DA:35,0
DA:37,0
DA:42,0
LF:17
LH:0
BRDA:33,0,0,0
BRDA:33,0,1,0
BRF:2
BRH:0
end_of_record
TN:
SF:src/terpene_wheel/components/TerpeneInfoModal.tsx
FN:13,(anonymous_0)
FNF:1
FNH:0
FNDA:0,(anonymous_0)
DA:13,0
DA:14,0
DA:16,0
DA:18,0
DA:37,0
LF:5
LH:0
BRDA:16,0,0,0
BRDA:16,0,1,0
BRF:2
BRH:0
end_of_record
TN:
SF:src/terpene_wheel/components/TerpeneWheel.tsx
FN:19,(anonymous_0)
FN:28,(anonymous_1)
FN:45,(anonymous_2)
FN:57,(anonymous_3)
FN:90,(anonymous_4)
FN:97,(anonymous_5)
FN:102,(anonymous_6)
FN:109,(anonymous_7)
FN:114,(anonymous_8)
FN:159,polarToCartesian
FNF:10
FNH:0
FNDA:0,(anonymous_0)
FNDA:0,(anonymous_1)
FNDA:0,(anonymous_2)
FNDA:0,(anonymous_3)
FNDA:0,(anonymous_4)
FNDA:0,(anonymous_5)
FNDA:0,(anonymous_6)
FNDA:0,(anonymous_7)
FNDA:0,(anonymous_8)
FNDA:0,polarToCartesian
DA:9,0
DA:10,0
DA:11,0
DA:12,0
DA:13,0
DA:15,0
DA:19,0
DA:20,0
DA:22,0
DA:29,0
DA:30,0
DA:46,0
DA:57,0
DA:59,0
DA:60,0
DA:61,0
DA:62,0
DA:63,0
DA:64,0
DA:68,0
DA:89,0
DA:90,0
DA:95,0
DA:96,0
DA:97,0
DA:102,0
DA:103,0
DA:104,0
DA:105,0
DA:106,0
DA:109,0
DA:110,0
DA:111,0
DA:112,0
DA:113,0
DA:114,0
DA:115,0
DA:120,0
DA:121,0
DA:122,0
DA:124,0
DA:160,0
DA:161,0
LF:43
LH:0
BRDA:19,0,0,0
BRDA:64,1,0,0
BRDA:64,1,1,0
BRDA:91,2,0,0
BRDA:91,2,1,0
BRDA:141,3,0,0
BRDA:141,3,1,0
BRF:7
BRH:0
end_of_record
TN:
SF:src/terpene_wheel/data/allTerpenes.ts
FNF:0
FNH:0
DA:3,0
LF:1
LH:0
BRF:0
BRH:0
end_of_record
TN:
SF:src/terpene_wheel/data/terpenes.ts
FNF:0
FNH:0
DA:19,0
LF:1
LH:0
BRF:0
BRH:0
end_of_record
TN:
SF:src/terpene_wheel/snippets/bottom_sheet.tsx
FN:15,(anonymous_0)
FNF:1
FNH:0
FNDA:0,(anonymous_0)
DA:9,0
DA:15,0
DA:16,0
LF:3
LH:0
BRF:0
BRH:0
end_of_record
TN:
SF:src/terpene_wheel/snippets/wave_animation.tsx
FN:5,WaveAnimation
FN:9,(anonymous_1)
FN:14,(anonymous_2)
FNF:3
FNH:0
FNDA:0,WaveAnimation
FNDA:0,(anonymous_1)
FNDA:0,(anonymous_2)
DA:6,0
DA:7,0
DA:9,0
DA:10,0
DA:11,0
DA:14,0
DA:19,0
DA:26,0
LF:8
LH:0
BRF:0
BRH:0
end_of_record
TN:
SF:src/theme/dyslexia-font.ts
FNF:0
FNH:0
DA:3,0
LF:1
LH:0
BRF:0
BRH:0
end_of_record
TN:
SF:src/types/cms.ts
FNF:0
FNH:0
LF:0
LH:0
BRF:0
BRH:0
end_of_record
TN:
SF:src/types/cmsExtra.ts
FNF:0
FNH:0
LF:0
LH:0
BRF:0
BRH:0
end_of_record
TN:
SF:src/types/expo-linking.d.ts
FNF:0
FNH:0
LF:0
LH:0
BRF:0
BRH:0
end_of_record
TN:
SF:src/types/order.ts
FNF:0
FNH:0
LF:0
LH:0
BRF:0
BRH:0
end_of_record
TN:
SF:src/types/react-native-firebase-auth.d.ts
FNF:0
FNH:0
LF:0
LH:0
BRF:0
BRH:0
end_of_record
TN:
SF:src/types/terpene.ts
FNF:0
FNH:0
LF:0
LH:0
BRF:0
BRH:0
end_of_record
TN:
SF:src/utils/analytics.ts
FN:2,logEvent
FNF:1
FNH:0
FNDA:0,logEvent
DA:4,0
DA:5,0
DA:10,0
LF:3
LH:0
BRDA:4,0,0,0
BRDA:4,0,1,0
BRF:2
BRH:0
end_of_record
TN:
SF:src/utils/apiConfig.ts
FNF:0
FNH:0
DA:1,0
LF:1
LH:0
BRDA:1,0,0,0
BRDA:1,0,1,0
BRF:2
BRH:0
end_of_record
TN:
SF:src/utils/auth.ts
FN:4,getAuthToken
FNF:1
FNH:0
FNDA:0,getAuthToken
DA:5,0
LF:1
LH:0
BRF:0
BRH:0
end_of_record
TN:
SF:src/utils/cmsConfig.ts
FNF:0
FNH:0
DA:1,0
LF:1
LH:0
BRDA:1,0,0,0
BRDA:1,0,1,0
BRF:2
BRH:0
end_of_record
TN:
SF:src/utils/haptic.ts
FN:5,(anonymous_0)
FN:8,(anonymous_1)
FN:11,(anonymous_2)
FN:14,(anonymous_3)
FN:16,(anonymous_4)
FN:18,(anonymous_5)
FNF:6
FNH:0
FNDA:0,(anonymous_0)
FNDA:0,(anonymous_1)
FNDA:0,(anonymous_2)
FNDA:0,(anonymous_3)
FNDA:0,(anonymous_4)
FNDA:0,(anonymous_5)
DA:5,0
DA:8,0
DA:11,0
DA:14,0
DA:15,0
DA:16,0
DA:17,0
DA:18,0
LF:8
LH:0
BRF:0
BRH:0
end_of_record
TN:
SF:src/utils/i18n.ts
FN:20,(anonymous_0)
FN:24,(anonymous_1)
FNF:2
FNH:0
FNDA:0,(anonymous_0)
FNDA:0,(anonymous_1)
DA:3,0
DA:18,0
DA:20,0
DA:21,0
DA:24,0
DA:31,0
DA:32,0
LF:7
LH:0
BRDA:18,0,0,0
BRDA:18,0,1,0
BRDA:31,1,0,0
BRDA:31,1,1,0
BRDA:32,2,0,0
BRDA:32,2,1,0
BRF:6
BRH:0
end_of_record
TN:
SF:src/utils/progress.ts
FN:1,calculateProgress
FNF:1
FNH:0
FNDA:0,calculateProgress
DA:2,0
LF:1
LH:0
BRF:0
BRH:0
end_of_record
TN:
SF:src/utils/secureStorage.ts
FN:4,saveSecure
FN:12,getSecure
FN:22,deleteSecure
FNF:3
FNH:0
FNDA:0,saveSecure
FNDA:0,getSecure
FNDA:0,deleteSecure
DA:5,0
DA:6,0
DA:8,0
DA:13,0
DA:14,0
DA:15,0
DA:16,0
DA:18,0
DA:23,0
DA:24,0
DA:26,0
LF:11
LH:0
BRDA:15,0,0,0
BRDA:15,0,1,0
BRF:2
BRH:0
end_of_record
TN:
SF:src/utils/toast.ts
FN:3,toast
FNF:1
FNH:0
FNDA:0,toast
DA:4,0
LF:1
LH:0
BRF:0
BRH:0
end_of_record
