TN:
SF:src/@types/declarations.d.ts
FNF:0
FNH:0
LF:0
LH:0
BRF:0
BRH:0
end_of_record
TN:
SF:src/@types/expo-av.d.ts
FNF:0
FNH:0
LF:0
LH:0
BRF:0
BRH:0
end_of_record
TN:
SF:src/@types/expo.d.ts
FNF:0
FNH:0
LF:0
LH:0
BRF:0
BRH:0
end_of_record
TN:
SF:src/@types/external-libs.d.ts
FNF:0
FNH:0
LF:0
LH:0
BRF:0
BRH:0
end_of_record
TN:
SF:src/@types/external.d.ts
FNF:0
FNH:0
LF:0
LH:0
BRF:0
BRH:0
end_of_record
TN:
SF:src/@types/jars.ts
FNF:0
FNH:0
LF:0
LH:0
BRF:0
BRH:0
end_of_record
TN:
SF:src/@types/nativewind.d.ts
FNF:0
FNH:0
LF:0
LH:0
BRF:0
BRH:0
end_of_record
TN:
SF:src/@types/navigation.d.ts
FNF:0
FNH:0
LF:0
LH:0
BRF:0
BRH:0
end_of_record
TN:
SF:src/@types/overrides.d.ts
FNF:0
FNH:0
LF:0
LH:0
BRF:0
BRH:0
end_of_record
TN:
SF:src/@types/personalization.ts
FNF:0
FNH:0
LF:0
LH:0
BRF:0
BRH:0
end_of_record
TN:
SF:src/@types/store.ts
FNF:0
FNH:0
LF:0
LH:0
BRF:0
BRH:0
end_of_record
TN:
SF:src/@types/tanstack.d.ts
FNF:0
FNH:0
LF:0
LH:0
BRF:0
BRH:0
end_of_record
TN:
SF:src/@types/terpene.ts
FNF:0
FNH:0
LF:0
LH:0
BRF:0
BRH:0
end_of_record
TN:
SF:src/__examples__/animations/bottom_sheet.tsx
FN:15,(anonymous_0)
FNF:1
FNH:0
FNDA:0,(anonymous_0)
DA:9,0
DA:15,0
DA:16,0
LF:3
LH:0
BRF:0
BRH:0
end_of_record
TN:
SF:src/__examples__/animations/wave_animation.tsx
FN:5,WaveAnimation
FN:9,(anonymous_1)
FN:14,(anonymous_2)
FNF:3
FNH:0
FNDA:0,WaveAnimation
FNDA:0,(anonymous_1)
FNDA:0,(anonymous_2)
DA:6,0
DA:7,0
DA:9,0
DA:10,0
DA:11,0
DA:14,0
DA:19,0
DA:26,0
LF:8
LH:0
BRF:0
BRH:0
end_of_record
TN:
SF:src/api/cmsClient.ts
FNF:0
FNH:0
DA:7,5
LF:1
LH:1
BRF:0
BRH:0
end_of_record
TN:
SF:src/api/http.ts
FN:11,getJSON
FN:16,postJSON
FN:28,clientGet
FN:37,clientPost
FN:56,clientPut
FN:70,clientPatch
FN:84,clientDelete
FNF:7
FNH:7
FNDA:2,getJSON
FNDA:1,postJSON
FNDA:51,clientGet
FNDA:9,clientPost
FNDA:9,clientPut
FNDA:2,clientPatch
FNDA:2,clientDelete
DA:6,42
DA:12,2
DA:13,2
DA:22,1
DA:23,1
DA:33,51
DA:34,14
DA:48,9
DA:50,9
DA:53,9
DA:62,9
DA:64,9
DA:67,6
DA:76,2
DA:78,2
DA:81,2
DA:89,2
DA:90,2
LF:18
LH:18
BRDA:50,0,0,8
BRDA:50,0,1,1
BRDA:64,1,0,8
BRDA:64,1,1,1
BRDA:78,2,0,1
BRDA:78,2,1,1
BRF:6
BRH:6
end_of_record
TN:
SF:src/api/phase4Client.ts
FN:12,createPhase4Client
FN:22,(anonymous_1)
FN:37,(anonymous_2)
FN:44,getForYou
FN:51,getRelated
FN:61,postReview
FN:74,getLoyaltyStatus
FN:84,getLoyaltyBadges
FN:98,getAddresses
FN:102,conciergeChat
FN:118,getJournal
FN:123,addJournal
FN:132,updateJournal
FN:137,getPrefs
FN:141,updatePrefs
FN:146,getDataPrefs
FN:150,updateDataPrefs
FN:159,getAwardsStatus
FNF:18
FNH:3
FNDA:37,createPhase4Client
FNDA:34,(anonymous_1)
FNDA:0,(anonymous_2)
FNDA:3,getForYou
FNDA:0,getRelated
FNDA:0,postReview
FNDA:0,getLoyaltyStatus
FNDA:0,getLoyaltyBadges
FNDA:0,getAddresses
FNDA:0,conciergeChat
FNDA:0,getJournal
FNDA:0,addJournal
FNDA:0,updateJournal
FNDA:0,getPrefs
FNDA:0,updatePrefs
FNDA:0,getDataPrefs
FNDA:0,updateDataPrefs
FNDA:0,getAwardsStatus
DA:10,37
DA:13,37
DA:18,37
DA:23,34
DA:24,34
DA:25,34
DA:27,0
DA:28,0
DA:31,0
DA:33,0
DA:35,0
DA:37,0
DA:40,37
DA:43,37
DA:45,3
DA:55,0
DA:65,0
DA:75,0
DA:85,0
DA:99,0
DA:106,0
DA:119,0
DA:120,0
DA:129,0
DA:134,0
DA:138,0
DA:142,0
DA:147,0
DA:151,0
DA:160,0
LF:30
LH:9
BRDA:24,0,0,34
BRDA:24,0,1,0
BRDA:27,1,0,0
BRDA:27,1,1,0
BRDA:28,2,0,0
BRDA:28,2,1,0
BRDA:28,3,0,0
BRDA:28,3,1,0
BRDA:47,4,0,1
BRDA:47,4,1,2
BRDA:57,5,0,0
BRDA:57,5,1,0
BRDA:120,6,0,0
BRDA:120,6,1,0
BRF:14
BRH:3
end_of_record
TN:
SF:src/api/stripe.ts
FN:15,fetchPaymentSheetParams
FNF:1
FNH:0
FNDA:0,fetchPaymentSheetParams
DA:7,0
DA:16,0
LF:2
LH:0
BRF:0
BRH:0
end_of_record
TN:
SF:src/api/hooks/useDataCategories.ts
FN:11,fetchCategories
FN:15,useDataCategories
FNF:2
FNH:2
FNDA:3,fetchCategories
FNDA:6,useDataCategories
DA:12,3
DA:16,6
LF:2
LH:2
BRF:0
BRH:0
end_of_record
TN:
SF:src/api/hooks/useLoyaltyStatus.ts
FN:11,fetchLoyalty
FN:24,useLoyaltyStatus
FNF:2
FNH:2
FNDA:2,fetchLoyalty
FNDA:4,useLoyaltyStatus
DA:13,2
DA:18,1
DA:25,4
LF:3
LH:3
BRDA:13,0,0,2
BRDA:13,0,1,0
BRDA:19,1,0,1
BRDA:19,1,1,0
BRDA:19,1,2,0
BRDA:20,2,0,1
BRDA:20,2,1,0
BRDA:20,2,2,0
BRF:8
BRH:3
end_of_record
TN:
SF:src/api/hooks/usePrivacyPreferences.ts
FN:11,fetchPrefs
FN:15,updatePrefs
FN:23,usePrivacyPreferences
FN:32,(anonymous_3)
FN:35,(anonymous_4)
FNF:5
FNH:5
FNDA:3,fetchPrefs
FNDA:2,updatePrefs
FNDA:4,usePrivacyPreferences
FNDA:1,(anonymous_3)
FNDA:1,(anonymous_4)
DA:12,3
DA:16,2
DA:24,4
DA:25,4
DA:30,4
DA:33,1
DA:36,1
DA:37,0
DA:41,4
LF:9
LH:8
BRDA:36,0,0,1
BRDA:36,0,1,0
BRF:2
BRH:1
end_of_record
TN:
SF:src/api/hooks/useRedeemReward.ts
FN:22,redeemReward
FN:26,(anonymous_1)
FN:29,useRedeemReward
FN:33,(anonymous_3)
FN:38,(anonymous_4)
FNF:5
FNH:5
FNDA:3,redeemReward
FNDA:2,(anonymous_1)
FNDA:9,useRedeemReward
FNDA:2,(anonymous_3)
FNDA:1,(anonymous_4)
DA:24,3
DA:26,2
DA:30,9
DA:31,9
DA:34,2
DA:35,2
DA:36,2
DA:38,1
LF:8
LH:8
BRF:0
BRH:0
end_of_record
TN:
SF:src/api/hooks/useUpdateUserProfile.ts
FN:8,updateProfile
FN:17,useUpdateUserProfile
FN:22,(anonymous_2)
FN:25,(anonymous_3)
FNF:4
FNH:4
FNDA:3,updateProfile
FNDA:7,useUpdateUserProfile
FNDA:2,(anonymous_2)
FNDA:1,(anonymous_3)
DA:9,3
DA:14,2
DA:18,7
DA:20,7
DA:23,2
DA:26,1
DA:27,0
LF:7
LH:6
BRDA:26,0,0,1
BRDA:26,0,1,0
BRF:2
BRH:1
end_of_record
TN:
SF:src/api/hooks/useUserProfile.ts
FN:14,fetchProfile
FN:18,useUserProfile
FN:24,(anonymous_2)
FNF:3
FNH:2
FNDA:36,fetchProfile
FNDA:72,useUserProfile
FNDA:0,(anonymous_2)
DA:15,36
DA:19,72
DA:24,0
LF:3
LH:2
BRF:0
BRH:0
end_of_record
TN:
SF:src/clients/authClient.ts
FN:13,requestPasswordReset
FN:17,requestPasswordResetWithSignal
FNF:2
FNH:2
FNDA:2,requestPasswordReset
FNDA:2,requestPasswordResetWithSignal
DA:6,6
DA:8,6
DA:14,2
DA:18,2
LF:4
LH:4
BRF:0
BRH:0
end_of_record
TN:
SF:src/clients/orderClient.ts
FN:10,createOrderClient
FN:17,(anonymous_1)
FN:27,(anonymous_2)
FN:35,fetchOrders
FN:72,createOrder
FNF:5
FNH:3
FNDA:2,createOrderClient
FNDA:0,(anonymous_1)
FNDA:0,(anonymous_2)
FNDA:5,fetchOrders
FNDA:3,createOrder
DA:8,2
DA:11,2
DA:16,2
DA:18,0
DA:20,0
DA:21,0
DA:25,0
DA:27,0
DA:30,2
DA:33,2
DA:44,5
DA:48,5
DA:49,5
DA:80,3
DA:86,3
LF:15
LH:10
BRDA:20,0,0,0
BRDA:20,0,1,0
BRDA:23,1,0,0
BRDA:23,1,1,0
BRDA:35,2,0,3
BRDA:48,3,0,5
BRDA:48,3,1,4
BRDA:50,4,0,5
BRDA:50,4,1,1
BRDA:86,5,0,3
BRDA:86,5,1,1
BRF:11
BRH:7
end_of_record
TN:
SF:src/clients/paymentClient.ts
FN:17,authFetch
FN:28,addPaymentMethod
FN:32,updatePaymentMethod
FN:44,getPaymentMethods
FNF:4
FNH:4
FNDA:5,authFetch
FNDA:2,addPaymentMethod
FNDA:1,updatePaymentMethod
FNDA:2,getPaymentMethods
DA:5,3
DA:18,5
DA:19,5
DA:25,5
DA:29,2
DA:37,1
DA:45,2
LF:7
LH:7
BRDA:17,0,0,0
BRDA:21,1,0,5
BRDA:21,1,1,5
BRDA:22,2,0,4
BRDA:22,2,1,1
BRF:5
BRH:4
end_of_record
TN:
SF:src/components/ARButton.tsx
FN:6,ARButton
FN:10,(anonymous_1)
FNF:2
FNH:2
FNDA:3,ARButton
FNDA:2,(anonymous_1)
DA:7,3
DA:10,2
LF:2
LH:2
BRF:0
BRH:0
end_of_record
TN:
SF:src/components/AccessibilityComponents.tsx
FN:16,(anonymous_0)
FN:20,(anonymous_1)
FN:34,(anonymous_2)
FN:60,(anonymous_3)
FN:63,(anonymous_4)
FNF:5
FNH:4
FNDA:3,(anonymous_0)
FNDA:3,(anonymous_1)
FNDA:0,(anonymous_2)
FNDA:3,(anonymous_3)
FNDA:3,(anonymous_4)
DA:15,1
DA:17,3
DA:18,3
DA:20,3
DA:21,3
DA:23,0
DA:24,0
DA:25,0
DA:27,3
DA:29,0
DA:34,3
DA:35,0
DA:36,0
DA:37,0
DA:40,3
DA:51,1
DA:59,1
DA:61,3
DA:63,3
DA:64,3
DA:66,1
DA:70,3
DA:78,1
LF:23
LH:16
BRDA:16,0,0,2
BRDA:16,1,0,2
BRDA:16,2,0,3
BRDA:21,3,0,0
BRDA:21,3,1,3
BRDA:21,4,0,3
BRDA:21,4,1,1
BRDA:24,5,0,0
BRDA:24,5,1,0
BRDA:27,6,0,0
BRDA:27,6,1,3
BRDA:27,7,0,3
BRDA:27,7,1,2
BRDA:27,7,2,0
BRDA:36,8,0,0
BRDA:36,8,1,0
BRDA:37,9,0,0
BRDA:37,9,1,0
BRDA:37,10,0,0
BRDA:37,10,1,0
BRDA:43,11,0,3
BRDA:43,11,1,2
BRDA:44,12,0,3
BRDA:44,12,1,2
BRDA:60,13,0,3
BRDA:64,14,0,1
BRDA:64,14,1,2
BRDA:64,15,0,3
BRDA:64,15,1,1
BRF:29
BRH:18
end_of_record
TN:
SF:src/components/AnimatedBackgroundGradient.tsx
FN:5,AnimatedBackgroundGradient
FNF:1
FNH:0
FNDA:0,AnimatedBackgroundGradient
DA:6,0
DA:13,0
LF:2
LH:0
BRF:0
BRH:0
end_of_record
TN:
SF:src/components/AnimatedPulseGlow.tsx
FN:10,AnimatedPulseGlow
FN:12,(anonymous_1)
FN:15,(anonymous_2)
FNF:3
FNH:0
FNDA:0,AnimatedPulseGlow
FNDA:0,(anonymous_1)
FNDA:0,(anonymous_2)
DA:11,0
DA:12,0
DA:13,0
DA:15,0
DA:19,0
DA:22,2
LF:6
LH:1
BRF:0
BRH:0
end_of_record
TN:
SF:src/components/AnimatedShimmerOverlay.tsx
FN:4,AnimatedShimmerOverlay
FN:7,(anonymous_1)
FNF:2
FNH:0
FNDA:0,AnimatedShimmerOverlay
FNDA:0,(anonymous_1)
DA:5,0
DA:7,0
DA:8,0
DA:18,0
DA:23,0
LF:5
LH:0
BRF:0
BRH:0
end_of_record
TN:
SF:src/components/AppErrorHandlers.tsx
FN:8,AppErrorHandlers
FN:11,(anonymous_1)
FN:12,(anonymous_2)
FN:15,(anonymous_3)
FN:21,(anonymous_4)
FNF:5
FNH:0
FNDA:0,AppErrorHandlers
FNDA:0,(anonymous_1)
FNDA:0,(anonymous_2)
FNDA:0,(anonymous_3)
FNDA:0,(anonymous_4)
DA:9,0
DA:11,0
DA:12,0
DA:13,0
DA:15,0
DA:16,0
DA:21,0
DA:22,0
DA:23,0
DA:27,0
LF:10
LH:0
BRF:0
BRH:0
end_of_record
TN:
SF:src/components/ArticlePreviewCard.tsx
FN:12,ArticlePreviewCard
FN:17,(anonymous_1)
FNF:2
FNH:2
FNDA:7,ArticlePreviewCard
FNDA:2,(anonymous_1)
DA:13,7
DA:14,7
DA:18,2
DA:19,2
DA:33,1
LF:5
LH:5
BRDA:22,0,0,7
BRDA:22,0,1,1
BRF:2
BRH:2
end_of_record
TN:
SF:src/components/ArticleSkeletonCard.tsx
FNF:0
FNH:0
LF:0
LH:0
BRF:0
BRH:0
end_of_record
TN:
SF:src/components/AudioPlayer.tsx
FN:24,AudioPlayer
FN:32,(anonymous_1)
FN:39,(anonymous_2)
FN:44,(anonymous_3)
FNF:4
FNH:4
FNDA:30,AudioPlayer
FNDA:28,(anonymous_1)
FNDA:28,(anonymous_2)
FNDA:30,(anonymous_3)
DA:32,30
DA:34,28
DA:35,25
DA:39,28
DA:40,28
DA:44,30
DA:45,30
DA:46,15
DA:48,15
DA:53,30
LF:10
LH:10
BRDA:28,0,0,26
BRDA:29,1,0,26
BRDA:30,2,0,24
BRDA:34,3,0,25
BRDA:34,3,1,3
BRDA:45,4,0,15
BRDA:45,4,1,15
BRF:7
BRH:7
end_of_record
TN:
SF:src/components/BannerCarousel.tsx
FN:14,BannerCarousel
FN:16,(anonymous_1)
FN:17,(anonymous_2)
FN:24,(anonymous_3)
FN:35,(anonymous_4)
FN:38,(anonymous_5)
FNF:6
FNH:5
FNDA:8,BannerCarousel
FNDA:8,(anonymous_1)
FNDA:0,(anonymous_2)
FNDA:8,(anonymous_3)
FNDA:19,(anonymous_4)
FNDA:2,(anonymous_5)
DA:15,8
DA:16,8
DA:17,8
DA:18,0
DA:19,0
DA:24,8
DA:27,8
DA:36,19
DA:39,2
DA:40,2
DA:52,1
LF:11
LH:9
BRDA:18,0,0,0
BRDA:18,0,1,0
BRDA:18,1,0,0
BRDA:18,1,1,0
BRDA:45,2,0,12
BRDA:45,2,1,7
BRF:6
BRH:2
end_of_record
TN:
SF:src/components/Button.tsx
FN:16,Button
FN:26,(anonymous_1)
FN:29,(anonymous_2)
FN:32,(anonymous_3)
FNF:4
FNH:4
FNDA:7,Button
FNDA:1,(anonymous_1)
FNDA:1,(anonymous_2)
FNDA:1,(anonymous_3)
DA:25,7
DA:26,7
DA:27,1
DA:29,7
DA:30,1
DA:32,7
DA:33,1
DA:34,1
DA:36,7
DA:55,1
LF:10
LH:10
BRDA:23,0,0,7
BRDA:43,1,0,7
BRDA:43,1,1,6
BRF:3
BRH:3
end_of_record
TN:
SF:src/components/CMSImage.tsx
FN:11,CMSImage
FNF:1
FNH:1
FNDA:43,CMSImage
DA:12,43
LF:1
LH:1
BRF:0
BRH:0
end_of_record
TN:
SF:src/components/CartErrorBanner.tsx
FN:8,CartErrorBanner
FNF:1
FNH:1
FNDA:8,CartErrorBanner
DA:9,8
DA:19,2
LF:2
LH:2
BRF:0
BRH:0
end_of_record
TN:
SF:src/components/DataCategoryItem.tsx
FN:6,DataCategoryItem
FNF:1
FNH:1
FNDA:4,DataCategoryItem
DA:7,4
DA:19,1
LF:2
LH:2
BRF:0
BRH:0
end_of_record
TN:
SF:src/components/ErrorBoundary.tsx
FN:11,(anonymous_0)
FN:16,(anonymous_1)
FN:20,(anonymous_2)
FN:35,(anonymous_3)
FN:39,(anonymous_4)
FNF:5
FNH:5
FNDA:11,(anonymous_0)
FNDA:10,(anonymous_1)
FNDA:5,(anonymous_2)
FNDA:1,(anonymous_3)
FNDA:23,(anonymous_4)
DA:12,11
DA:13,11
DA:17,10
DA:21,5
DA:25,5
DA:27,5
DA:35,11
DA:36,1
DA:40,23
DA:41,10
DA:62,13
DA:66,1
LF:12
LH:12
BRDA:40,0,0,10
BRDA:40,0,1,13
BRDA:47,1,0,10
BRDA:47,1,1,10
BRDA:47,1,2,10
BRF:5
BRH:5
end_of_record
TN:
SF:src/components/ErrorCard.tsx
FN:10,ErrorCard
FNF:1
FNH:1
FNDA:8,ErrorCard
DA:11,8
DA:21,2
LF:2
LH:2
BRF:0
BRH:0
end_of_record
TN:
SF:src/components/FAQSkeleton.tsx
FN:5,FAQSkeleton
FN:8,(anonymous_1)
FNF:2
FNH:2
FNDA:2,FAQSkeleton
FNDA:2,(anonymous_1)
DA:6,2
DA:8,2
DA:9,2
DA:19,2
DA:37,1
LF:5
LH:5
BRF:0
BRH:0
end_of_record
TN:
SF:src/components/ForYouTodayCard.tsx
FN:14,ForYouTodayCard
FN:20,(anonymous_1)
FN:21,(anonymous_2)
FNF:3
FNH:3
FNDA:16,ForYouTodayCard
FNDA:27,(anonymous_1)
FNDA:2,(anonymous_2)
DA:15,16
DA:21,27
DA:33,2
LF:3
LH:3
BRDA:24,0,0,16
BRDA:24,0,1,8
BRF:2
BRH:2
end_of_record
TN:
SF:src/components/ForYouTodaySkeleton.tsx
FN:5,ForYouTodaySkeleton
FN:8,(anonymous_1)
FNF:2
FNH:2
FNDA:2,ForYouTodaySkeleton
FNDA:2,(anonymous_1)
DA:6,2
DA:8,2
DA:9,2
DA:19,2
DA:35,2
LF:5
LH:5
BRF:0
BRH:0
end_of_record
TN:
SF:src/components/LegalDisclaimerModal.tsx
FN:12,LegalDisclaimerModal
FN:29,(anonymous_1)
FNF:2
FNH:2
FNDA:13,LegalDisclaimerModal
FNDA:2,(anonymous_1)
DA:13,13
DA:15,13
DA:30,2
DA:31,2
DA:42,3
LF:5
LH:5
BRF:0
BRH:0
end_of_record
TN:
SF:src/components/LocationStatusDisplay.tsx
FN:9,LocationStatusDisplay
FNF:1
FNH:0
FNDA:0,LocationStatusDisplay
DA:10,0
DA:11,0
DA:19,0
DA:29,2
LF:4
LH:1
BRDA:10,0,0,0
BRDA:10,0,1,0
BRF:2
BRH:0
end_of_record
TN:
SF:src/components/OfflineNotice.tsx
FN:5,OfflineNotice
FNF:1
FNH:1
FNDA:31,OfflineNotice
DA:6,31
DA:7,31
DA:8,2
DA:14,29
DA:17,4
LF:5
LH:5
BRDA:7,0,0,2
BRDA:7,0,1,29
BRF:2
BRH:2
end_of_record
TN:
SF:src/components/OnboardingSlide.tsx
FN:14,OnboardingSlide
FNF:1
FNH:1
FNDA:6,OnboardingSlide
DA:15,6
DA:29,1
LF:2
LH:2
BRDA:17,0,0,6
BRDA:17,0,1,1
BRF:2
BRH:2
end_of_record
TN:
SF:src/components/OrderCard.tsx
FN:13,OrderCard
FNF:1
FNH:1
FNDA:9,OrderCard
DA:14,9
DA:15,9
DA:19,9
DA:40,2
LF:4
LH:4
BRF:0
BRH:0
end_of_record
TN:
SF:src/components/PaginationDots.tsx
FN:9,PaginationDots
FN:12,(anonymous_1)
FNF:2
FNH:2
FNDA:6,PaginationDots
FNDA:19,(anonymous_1)
DA:10,6
DA:13,19
DA:19,1
LF:3
LH:3
BRDA:13,0,0,19
BRDA:13,0,1,5
BRF:2
BRH:2
end_of_record
TN:
SF:src/components/PasswordStrengthBar.tsx
FN:8,PasswordStrengthBar
FN:9,(anonymous_1)
FNF:2
FNH:2
FNDA:12,PasswordStrengthBar
FNDA:12,(anonymous_1)
DA:9,12
DA:10,12
DA:11,10
DA:12,4
DA:13,2
DA:15,12
DA:17,12
DA:25,12
DA:28,2
LF:9
LH:9
BRDA:10,0,0,2
BRDA:10,0,1,10
BRDA:10,1,0,12
BRDA:10,1,1,6
BRDA:10,1,2,4
BRDA:11,2,0,6
BRDA:11,2,1,4
BRDA:12,3,0,2
BRDA:12,3,1,2
BRDA:17,4,0,2
BRDA:17,4,1,10
BRDA:19,5,0,6
BRDA:19,5,1,4
BRDA:21,6,0,2
BRDA:21,6,1,2
BRF:15
BRH:15
end_of_record
TN:
SF:src/components/PermissionRationaleModal.tsx
FN:10,PermissionRationaleModal
FNF:1
FNH:1
FNDA:13,PermissionRationaleModal
DA:11,13
DA:12,12
DA:49,3
LF:3
LH:3
BRDA:11,0,0,1
BRDA:11,0,1,12
BRF:2
BRH:2
end_of_record
TN:
SF:src/components/PointsProgressBar.tsx
FN:11,PointsProgressBar
FNF:1
FNH:1
FNDA:10,PointsProgressBar
DA:12,10
DA:13,10
DA:23,2
LF:3
LH:3
BRF:0
BRH:0
end_of_record
TN:
SF:src/components/PreviewBadge.tsx
FN:4,PreviewBadge
FNF:1
FNH:1
FNDA:6,PreviewBadge
DA:5,6
DA:12,2
LF:2
LH:2
BRF:0
BRH:0
end_of_record
TN:
SF:src/components/ProductCardMini.tsx
FN:12,ProductCardMini
FN:13,(anonymous_1)
FNF:2
FNH:2
FNDA:34,ProductCardMini
FNDA:4,(anonymous_1)
DA:13,34
DA:14,4
DA:15,4
DA:18,34
DA:29,7
LF:5
LH:5
BRDA:20,0,0,34
BRDA:20,0,1,32
BRF:2
BRH:2
end_of_record
TN:
SF:src/components/ProductCardSkeleton.tsx
FN:5,ProductCardSkeleton
FN:8,(anonymous_1)
FNF:2
FNH:2
FNDA:10,ProductCardSkeleton
FNDA:10,(anonymous_1)
DA:6,10
DA:8,10
DA:9,10
DA:19,10
DA:36,3
LF:5
LH:5
BRF:0
BRH:0
end_of_record
TN:
SF:src/components/ProductDropCarousel.tsx
FN:14,ProductDropCarousel
FN:16,(anonymous_1)
FN:17,(anonymous_2)
FN:24,(anonymous_3)
FN:35,(anonymous_4)
FN:38,(anonymous_5)
FNF:6
FNH:5
FNDA:9,ProductDropCarousel
FNDA:9,(anonymous_1)
FNDA:0,(anonymous_2)
FNDA:9,(anonymous_3)
FNDA:17,(anonymous_4)
FNDA:2,(anonymous_5)
DA:15,9
DA:16,9
DA:17,9
DA:18,0
DA:19,0
DA:24,9
DA:27,9
DA:36,17
DA:39,2
DA:40,2
DA:56,1
LF:11
LH:9
BRDA:18,0,0,0
BRDA:18,0,1,0
BRDA:18,1,0,0
BRDA:18,1,1,0
BRDA:47,2,0,8
BRDA:47,2,1,9
BRF:6
BRH:2
end_of_record
TN:
SF:src/components/ProductFallback.tsx
FN:11,ProductFallback
FN:17,(anonymous_1)
FNF:2
FNH:0
FNDA:0,ProductFallback
FNDA:0,(anonymous_1)
DA:12,0
DA:18,0
DA:19,0
DA:33,1
LF:4
LH:1
BRDA:23,0,0,0
BRDA:23,0,1,0
BRF:2
BRH:0
end_of_record
TN:
SF:src/components/ReviewForm.tsx
FN:4,ReviewForm
FN:17,(anonymous_1)
FN:20,(anonymous_2)
FNF:3
FNH:3
FNDA:9,ReviewForm
FNDA:2,(anonymous_1)
FNDA:3,(anonymous_2)
DA:9,9
DA:10,9
DA:11,9
DA:17,2
DA:20,3
LF:5
LH:5
BRDA:17,0,0,2
BRDA:17,0,1,1
BRF:2
BRH:2
end_of_record
TN:
SF:src/components/ScreenReaderOnly.tsx
FN:8,ScreenReaderOnly
FNF:1
FNH:1
FNDA:4,ScreenReaderOnly
DA:9,4
DA:16,1
LF:2
LH:2
BRF:0
BRH:0
end_of_record
TN:
SF:src/components/ScreenTransition.tsx
FN:24,ScreenTransition
FN:27,(anonymous_1)
FN:30,(anonymous_2)
FN:39,(anonymous_3)
FNF:4
FNH:3
FNDA:4,ScreenTransition
FNDA:4,(anonymous_1)
FNDA:4,(anonymous_2)
FNDA:0,(anonymous_3)
DA:25,4
DA:27,4
DA:29,4
DA:30,4
DA:32,4
DA:39,4
DA:43,4
DA:46,1
LF:8
LH:8
BRDA:24,0,0,3
BRF:1
BRH:1
end_of_record
TN:
SF:src/components/SkeletonArticleCard.tsx
FN:5,SkeletonArticleCard
FN:8,(anonymous_1)
FNF:2
FNH:0
FNDA:0,SkeletonArticleCard
FNDA:0,(anonymous_1)
DA:6,0
DA:8,0
DA:9,0
DA:19,0
DA:34,0
LF:5
LH:0
BRF:0
BRH:0
end_of_record
TN:
SF:src/components/StashItemCard.tsx
FN:14,StashItemCard
FN:15,(anonymous_1)
FN:19,(anonymous_2)
FNF:3
FNH:3
FNDA:10,StashItemCard
FNDA:1,(anonymous_1)
FNDA:1,(anonymous_2)
DA:15,10
DA:16,1
DA:17,1
DA:19,10
DA:20,1
DA:21,1
DA:22,1
DA:26,10
DA:50,1
LF:9
LH:9
BRDA:20,0,0,1
BRDA:20,0,1,0
BRDA:28,1,0,10
BRDA:28,1,1,9
BRDA:39,2,0,10
BRDA:39,2,1,2
BRF:6
BRH:5
end_of_record
TN:
SF:src/components/StockAlert.tsx
FN:9,StockAlert
FNF:1
FNH:1
FNDA:7,StockAlert
DA:10,7
DA:17,3
LF:2
LH:2
BRF:0
BRH:0
end_of_record
TN:
SF:src/components/StoreCard.tsx
FN:20,StoreCard
FN:30,(anonymous_1)
FN:35,(anonymous_2)
FN:40,(anonymous_3)
FNF:4
FNH:4
FNDA:25,StoreCard
FNDA:2,(anonymous_1)
FNDA:2,(anonymous_2)
FNDA:2,(anonymous_3)
DA:30,25
DA:31,2
DA:32,2
DA:35,25
DA:36,2
DA:37,2
DA:40,25
DA:41,2
DA:42,2
DA:45,25
DA:46,4
DA:54,21
DA:81,4
LF:13
LH:13
BRDA:45,0,0,4
BRDA:45,0,1,21
BRDA:58,1,0,21
BRDA:58,1,1,1
BRDA:61,2,0,21
BRDA:61,2,1,2
BRDA:68,3,0,1
BRDA:68,3,1,20
BRDA:71,4,0,21
BRDA:71,4,1,3
BRF:10
BRH:10
end_of_record
TN:
SF:src/components/TerpeneInfoModal.tsx
FN:11,(anonymous_0)
FNF:1
FNH:1
FNDA:11,(anonymous_0)
DA:11,1
DA:12,11
DA:61,1
LF:3
LH:3
BRDA:29,0,0,11
BRDA:29,0,1,10
BRF:2
BRH:2
end_of_record
TN:
SF:src/components/WeatherForYouRail.tsx
FN:21,WeatherForYouRail
FN:44,(anonymous_1)
FN:47,(anonymous_2)
FN:55,(anonymous_3)
FN:70,(anonymous_4)
FN:71,(anonymous_5)
FN:89,(anonymous_6)
FN:143,(anonymous_7)
FN:175,(anonymous_8)
FN:179,(anonymous_9)
FN:196,getWeatherEmoji
FNF:11
FNH:8
FNDA:27,WeatherForYouRail
FNDA:27,(anonymous_1)
FNDA:19,(anonymous_2)
FNDA:2,(anonymous_3)
FNDA:0,(anonymous_4)
FNDA:0,(anonymous_5)
FNDA:27,(anonymous_6)
FNDA:29,(anonymous_7)
FNDA:19,(anonymous_8)
FNDA:0,(anonymous_9)
FNDA:25,getWeatherEmoji
DA:30,27
DA:33,27
DA:35,27
DA:44,27
DA:45,27
DA:47,19
DA:55,27
DA:56,2
DA:59,2
DA:67,2
DA:70,27
DA:71,0
DA:74,0
DA:85,0
DA:89,27
DA:90,27
DA:91,10
DA:103,27
DA:104,2
DA:108,25
DA:109,0
DA:113,25
DA:114,0
DA:117,25
DA:118,25
DA:120,25
DA:144,29
DA:176,19
DA:179,0
DA:197,25
DA:199,25
DA:200,16
DA:201,15
DA:202,14
DA:203,12
DA:204,9
DA:205,3
DA:206,1
DA:208,0
DA:211,5
LF:40
LH:33
BRDA:25,0,0,25
BRDA:28,1,0,17
BRDA:33,2,0,27
BRDA:33,2,1,11
BRDA:45,3,0,8
BRDA:45,3,1,19
BRDA:50,4,0,19
BRDA:50,4,1,0
BRDA:51,5,0,19
BRDA:51,5,1,0
BRDA:61,6,0,0
BRDA:61,6,1,2
BRDA:61,7,0,2
BRDA:61,7,1,0
BRDA:62,8,0,2
BRDA:62,8,1,0
BRDA:63,9,0,2
BRDA:63,9,1,0
BRDA:80,10,0,0
BRDA:80,10,1,0
BRDA:80,11,0,0
BRDA:80,11,1,0
BRDA:81,12,0,0
BRDA:81,12,1,0
BRDA:90,13,0,10
BRDA:90,13,1,17
BRDA:90,14,0,27
BRDA:90,14,1,19
BRDA:90,14,2,19
BRDA:93,15,0,0
BRDA:93,15,1,10
BRDA:93,16,0,10
BRDA:93,16,1,0
BRDA:95,17,0,10
BRDA:95,17,1,0
BRDA:103,18,0,2
BRDA:103,18,1,25
BRDA:108,19,0,0
BRDA:108,19,1,25
BRDA:108,20,0,25
BRDA:108,20,1,2
BRDA:113,21,0,0
BRDA:113,21,1,25
BRDA:113,22,0,25
BRDA:113,22,1,6
BRDA:113,22,2,4
BRDA:118,23,0,25
BRDA:118,23,1,6
BRDA:128,24,0,25
BRDA:128,24,1,9
BRDA:134,25,0,25
BRDA:134,25,1,19
BRDA:134,25,2,10
BRDA:134,25,3,10
BRDA:141,26,0,25
BRDA:141,26,1,19
BRDA:141,26,2,19
BRDA:151,27,0,25
BRDA:151,27,1,2
BRDA:158,28,0,25
BRDA:158,28,1,2
BRDA:158,28,2,2
BRDA:167,29,0,25
BRDA:167,29,1,23
BRDA:167,29,2,21
BRDA:167,29,3,10
BRDA:185,30,0,25
BRDA:185,30,1,23
BRDA:185,30,2,21
BRDA:185,30,3,11
BRDA:185,30,4,11
BRDA:199,31,0,9
BRDA:199,31,1,16
BRDA:199,32,0,25
BRDA:199,32,1,16
BRDA:200,33,0,1
BRDA:200,33,1,15
BRDA:201,34,0,1
BRDA:201,34,1,14
BRDA:202,35,0,2
BRDA:202,35,1,12
BRDA:203,36,0,3
BRDA:203,36,1,9
BRDA:204,37,0,6
BRDA:204,37,1,3
BRDA:205,38,0,2
BRDA:205,38,1,1
BRDA:206,39,0,1
BRDA:206,39,1,0
BRF:89
BRH:71
end_of_record
TN:
SF:src/components/WelcomeBanner.tsx
FN:8,WelcomeBanner
FNF:1
FNH:1
FNDA:9,WelcomeBanner
DA:9,9
DA:10,9
DA:11,9
DA:12,9
DA:14,9
DA:15,9
DA:16,3
DA:17,6
DA:18,2
DA:21,9
DA:28,2
LF:11
LH:11
BRDA:15,0,0,3
BRDA:15,0,1,6
BRDA:17,1,0,2
BRDA:17,1,1,4
BRDA:17,2,0,6
BRDA:17,2,1,2
BRF:6
BRH:6
end_of_record
TN:
SF:src/components/useSkeletonText.tsx
FN:5,useSkeletonText
FN:8,(anonymous_1)
FNF:2
FNH:2
FNDA:40,useSkeletonText
FNDA:20,(anonymous_1)
DA:6,40
DA:8,40
DA:9,20
DA:19,40
DA:37,2
LF:5
LH:5
BRF:0
BRH:0
end_of_record
TN:
SF:src/components/TerpeneWheel/TerpeneInfoModal.tsx
FN:11,(anonymous_0)
FN:12,(anonymous_1)
FNF:2
FNH:0
FNDA:0,(anonymous_0)
FNDA:0,(anonymous_1)
DA:11,0
DA:12,0
DA:14,0
DA:15,0
DA:18,0
DA:32,0
LF:6
LH:0
BRDA:14,0,0,0
BRDA:14,0,1,0
BRF:2
BRH:0
end_of_record
TN:
SF:src/config/queryClient.ts
FN:28,(anonymous_0)
FN:46,(anonymous_1)
FNF:2
FNH:0
FNDA:0,(anonymous_0)
FNDA:0,(anonymous_1)
DA:10,0
DA:19,0
DA:28,0
DA:46,0
DA:47,0
DA:49,0
LF:6
LH:0
BRDA:47,0,0,0
BRDA:47,0,1,0
BRF:2
BRH:0
end_of_record
TN:
SF:src/config/whiteLabel.ts
FNF:0
FNH:0
DA:31,0
DA:48,0
LF:2
LH:0
BRDA:32,0,0,0
BRDA:32,0,1,0
BRDA:33,1,0,0
BRDA:33,1,1,0
BRF:4
BRH:0
end_of_record
TN:
SF:src/constants/links.ts
FNF:0
FNH:0
DA:6,0
DA:8,0
LF:2
LH:0
BRF:0
BRH:0
end_of_record
TN:
SF:src/constants/terpenes.ts
FNF:0
FNH:0
DA:3,0
LF:1
LH:0
BRF:0
BRH:0
end_of_record
TN:
SF:src/context/AccessibilityContext.tsx
FN:10,AccessibilityProvider
FN:12,(anonymous_1)
FN:12,(anonymous_2)
FN:20,useAccessibility
FNF:4
FNH:0
FNDA:0,AccessibilityProvider
FNDA:0,(anonymous_1)
FNDA:0,(anonymous_2)
FNDA:0,useAccessibility
DA:8,0
DA:11,0
DA:12,0
DA:13,0
DA:21,0
DA:22,0
DA:23,0
LF:7
LH:0
BRDA:22,0,0,0
BRDA:22,0,1,0
BRF:2
BRH:0
end_of_record
TN:
SF:src/context/AuthContext.tsx
FN:30,(anonymous_0)
FN:31,(anonymous_1)
FN:42,(anonymous_2)
FN:45,(anonymous_3)
FN:53,(anonymous_4)
FN:63,(anonymous_5)
FN:64,(anonymous_6)
FN:66,(anonymous_7)
FN:68,(anonymous_8)
FN:71,(anonymous_9)
FN:81,(anonymous_10)
FN:83,(anonymous_11)
FN:126,(anonymous_12)
FN:127,(anonymous_13)
FN:179,(anonymous_14)
FNF:15
FNH:6
FNDA:0,(anonymous_0)
FNDA:0,(anonymous_1)
FNDA:68,(anonymous_2)
FNDA:0,(anonymous_3)
FNDA:0,(anonymous_4)
FNDA:34,(anonymous_5)
FNDA:0,(anonymous_6)
FNDA:0,(anonymous_7)
FNDA:34,(anonymous_8)
FNDA:0,(anonymous_9)
FNDA:34,(anonymous_10)
FNDA:34,(anonymous_11)
FNDA:0,(anonymous_12)
FNDA:0,(anonymous_13)
FNDA:34,(anonymous_14)
DA:28,6
DA:42,6
DA:43,68
DA:45,68
DA:46,0
DA:47,0
DA:48,0
DA:49,0
DA:50,0
DA:53,68
DA:54,0
DA:55,0
DA:63,68
DA:64,34
DA:66,0
DA:68,34
DA:71,68
DA:72,0
DA:73,0
DA:74,0
DA:75,0
DA:77,0
DA:81,68
DA:82,34
DA:83,34
DA:84,34
DA:85,34
DA:86,34
DA:87,0
DA:88,0
DA:89,0
DA:91,0
DA:94,0
DA:95,0
DA:97,0
DA:100,0
DA:101,0
DA:102,0
DA:103,0
DA:104,0
DA:105,0
DA:106,0
DA:107,0
DA:110,0
DA:113,0
DA:118,0
DA:119,0
DA:124,0
DA:127,0
DA:130,0
DA:131,0
DA:132,0
DA:133,0
DA:135,0
DA:137,0
DA:138,0
DA:139,0
DA:140,0
DA:142,0
DA:145,0
DA:147,0
DA:151,0
DA:154,0
DA:156,0
DA:160,34
DA:161,34
DA:162,34
DA:163,34
DA:164,0
DA:165,0
DA:166,0
DA:167,0
DA:168,0
DA:171,34
DA:175,0
DA:178,34
DA:179,34
DA:180,34
DA:184,68
DA:186,68
LF:80
LH:25
BRDA:49,0,0,0
BRDA:49,0,1,0
BRDA:50,1,0,0
BRDA:50,1,1,0
BRDA:86,2,0,0
BRDA:86,2,1,34
BRDA:87,3,0,0
BRDA:87,3,1,0
BRDA:94,4,0,0
BRDA:94,4,1,0
BRDA:101,5,0,0
BRDA:101,5,1,0
BRDA:105,6,0,0
BRDA:105,6,1,0
BRDA:105,7,0,0
BRDA:105,7,1,0
BRDA:113,8,0,0
BRDA:113,8,1,0
BRDA:115,9,0,0
BRDA:115,9,1,0
BRDA:130,10,0,0
BRDA:130,10,1,0
BRDA:131,11,0,0
BRDA:131,11,1,0
BRDA:138,12,0,0
BRDA:138,12,1,0
BRDA:142,13,0,0
BRDA:142,13,1,0
BRDA:154,14,0,0
BRDA:154,14,1,0
BRDA:161,15,0,34
BRDA:161,15,1,0
BRDA:166,16,0,0
BRDA:166,16,1,0
BRDA:166,17,0,0
BRDA:166,17,1,0
BRDA:167,18,0,0
BRDA:167,18,1,0
BRF:38
BRH:2
end_of_record
TN:
SF:src/context/BrandContext.tsx
FN:37,BrandProvider
FN:42,(anonymous_1)
FN:46,(anonymous_2)
FN:50,(anonymous_3)
FN:54,(anonymous_4)
FN:89,useBrand
FN:98,useBrandData
FNF:7
FNH:6
FNDA:374,BrandProvider
FNDA:0,(anonymous_1)
FNDA:187,(anonymous_2)
FNDA:187,(anonymous_3)
FNDA:187,(anonymous_4)
FNDA:571,useBrand
FNDA:569,useBrandData
DA:21,47
DA:24,47
DA:38,374
DA:39,374
DA:40,374
DA:42,374
DA:43,0
DA:46,374
DA:47,187
DA:48,187
DA:50,187
DA:51,187
DA:54,374
DA:55,187
DA:56,187
DA:57,187
DA:60,187
DA:61,187
DA:64,186
DA:66,1
DA:67,1
DA:70,0
DA:71,0
DA:73,0
DA:75,187
DA:79,374
DA:86,374
DA:90,571
DA:91,571
DA:92,0
DA:94,571
DA:99,569
DA:100,569
LF:33
LH:28
BRDA:26,0,0,47
BRDA:26,0,1,47
BRDA:27,1,0,47
BRDA:27,1,1,47
BRDA:71,2,0,0
BRDA:71,2,1,0
BRDA:91,3,0,0
BRDA:91,3,1,571
BRDA:100,4,0,569
BRDA:100,4,1,365
BRF:10
BRH:7
end_of_record
TN:
SF:src/context/CMSPreviewContext.tsx
FN:11,CMSPreviewProvider
FN:14,(anonymous_1)
FN:15,(anonymous_2)
FN:25,(anonymous_3)
FN:25,(anonymous_4)
FN:32,(anonymous_5)
FNF:6
FNH:4
FNDA:17,CMSPreviewProvider
FNDA:17,(anonymous_1)
FNDA:17,(anonymous_2)
FNDA:0,(anonymous_3)
FNDA:0,(anonymous_4)
FNDA:42,(anonymous_5)
DA:9,3
DA:12,17
DA:14,17
DA:15,17
DA:16,17
DA:17,17
DA:18,17
DA:25,17
DA:27,17
DA:32,42
LF:10
LH:10
BRDA:18,0,0,0
BRDA:18,0,1,17
BRDA:18,1,0,17
BRDA:18,1,1,0
BRF:4
BRH:2
end_of_record
TN:
SF:src/context/I18nContext.tsx
FN:23,I18nProvider
FN:26,(anonymous_1)
FN:27,(anonymous_2)
FN:34,(anonymous_3)
FN:39,(anonymous_4)
FN:50,(anonymous_5)
FN:60,useI18n
FNF:7
FNH:6
FNDA:5,I18nProvider
FNDA:5,(anonymous_1)
FNDA:5,(anonymous_2)
FNDA:1,(anonymous_3)
FNDA:2,(anonymous_4)
FNDA:0,(anonymous_5)
FNDA:7,useI18n
DA:8,1
DA:19,1
DA:21,1
DA:24,5
DA:26,5
DA:27,5
DA:28,5
DA:29,1
DA:34,5
DA:35,1
DA:36,1
DA:39,5
DA:40,2
DA:41,2
DA:42,2
DA:43,5
DA:45,2
DA:48,0
DA:49,0
DA:50,0
DA:54,0
DA:57,5
DA:61,7
DA:62,7
DA:63,2
DA:65,5
LF:26
LH:22
BRDA:28,0,0,1
BRDA:28,0,1,4
BRDA:28,1,0,5
BRDA:28,1,1,1
BRDA:45,2,0,2
BRDA:45,2,1,0
BRDA:48,3,0,0
BRDA:48,3,1,0
BRDA:62,4,0,2
BRDA:62,4,1,5
BRF:10
BRH:7
end_of_record
TN:
SF:src/context/LoyaltyContext.tsx
FN:19,LoyaltyProvider
FNF:1
FNH:0
FNDA:0,LoyaltyProvider
DA:12,2
DA:20,0
DA:22,0
LF:3
LH:1
BRF:0
BRH:0
end_of_record
TN:
SF:src/context/SettingsContext.tsx
FN:17,(anonymous_0)
FN:19,(anonymous_1)
FN:22,(anonymous_2)
FN:27,(anonymous_3)
FN:28,(anonymous_4)
FN:32,(anonymous_5)
FN:46,(anonymous_6)
FN:51,(anonymous_7)
FN:68,(anonymous_8)
FNF:9
FNH:0
FNDA:0,(anonymous_0)
FNDA:0,(anonymous_1)
FNDA:0,(anonymous_2)
FNDA:0,(anonymous_3)
FNDA:0,(anonymous_4)
FNDA:0,(anonymous_5)
FNDA:0,(anonymous_6)
FNDA:0,(anonymous_7)
FNDA:0,(anonymous_8)
DA:15,0
DA:22,0
DA:23,0
DA:24,0
DA:25,0
DA:27,0
DA:28,0
DA:29,0
DA:30,0
DA:32,0
DA:33,0
DA:34,0
DA:35,0
DA:37,0
DA:38,0
DA:40,0
DA:46,0
DA:47,0
DA:48,0
DA:51,0
DA:52,0
DA:53,0
DA:54,0
DA:56,0
DA:58,0
DA:61,0
DA:68,0
LF:27
LH:0
BRDA:30,0,0,0
BRDA:30,0,1,0
BRDA:34,1,0,0
BRDA:34,1,1,0
BRF:4
BRH:0
end_of_record
TN:
SF:src/context/StoreContext.tsx
FN:14,(anonymous_0)
FN:17,(anonymous_1)
FN:21,(anonymous_2)
FN:33,(anonymous_3)
FNF:4
FNH:3
FNDA:0,(anonymous_0)
FNDA:72,(anonymous_1)
FNDA:72,(anonymous_2)
FNDA:243,(anonymous_3)
DA:12,4
DA:17,4
DA:18,72
DA:19,72
DA:21,72
DA:22,72
DA:23,72
DA:26,72
DA:33,243
LF:9
LH:9
BRF:0
BRH:0
end_of_record
TN:
SF:src/context/ThemeContext.tsx
FN:97,(anonymous_0)
FN:104,(anonymous_1)
FN:121,(anonymous_2)
FN:124,(anonymous_3)
FN:156,(anonymous_4)
FN:162,(anonymous_5)
FN:163,(anonymous_6)
FN:177,(anonymous_7)
FN:187,(anonymous_8)
FN:231,(anonymous_9)
FN:239,(anonymous_10)
FN:243,(anonymous_11)
FN:411,(anonymous_12)
FN:427,(anonymous_13)
FNF:14
FNH:12
FNDA:0,(anonymous_0)
FNDA:467,(anonymous_1)
FNDA:302,(anonymous_2)
FNDA:302,(anonymous_3)
FNDA:302,(anonymous_4)
FNDA:151,(anonymous_5)
FNDA:151,(anonymous_6)
FNDA:0,(anonymous_7)
FNDA:152,(anonymous_8)
FNDA:152,(anonymous_9)
FNDA:152,(anonymous_10)
FNDA:152,(anonymous_11)
FNDA:152,(anonymous_12)
FNDA:1401,(anonymous_13)
DA:15,45
DA:16,45
DA:19,45
DA:20,45
DA:21,45
DA:22,45
DA:25,45
DA:26,45
DA:67,45
DA:78,45
DA:104,45
DA:106,467
DA:108,467
DA:109,467
DA:110,467
DA:111,467
DA:115,467
DA:121,467
DA:122,302
DA:124,302
DA:125,302
DA:127,302
DA:128,302
DA:129,279
DA:133,302
DA:134,302
DA:139,302
DA:140,301
DA:141,301
DA:143,301
DA:149,0
DA:150,0
DA:151,0
DA:156,302
DA:157,302
DA:162,467
DA:163,151
DA:164,151
DA:165,151
DA:166,151
DA:167,1
DA:168,1
DA:177,467
DA:178,0
DA:179,0
DA:180,0
DA:182,0
DA:187,467
DA:191,152
DA:192,152
DA:195,0
DA:196,0
DA:199,0
DA:202,0
DA:203,0
DA:205,0
DA:206,0
DA:208,0
DA:209,0
DA:213,0
DA:220,0
DA:231,467
DA:232,152
DA:233,152
DA:234,152
DA:235,152
DA:236,152
DA:239,467
DA:240,152
DA:241,152
DA:243,152
DA:244,152
DA:246,152
DA:247,152
DA:253,152
DA:254,152
DA:255,152
DA:257,152
DA:263,152
DA:268,152
DA:269,152
DA:273,152
DA:274,152
DA:275,152
DA:278,0
DA:279,0
DA:280,0
DA:282,0
DA:283,0
DA:284,0
DA:285,0
DA:288,0
DA:292,0
DA:293,0
DA:294,0
DA:295,0
DA:296,0
DA:298,0
DA:307,0
DA:308,0
DA:309,0
DA:310,0
DA:311,0
DA:313,0
DA:314,0
DA:315,0
DA:319,0
DA:320,0
DA:321,0
DA:322,0
DA:323,0
DA:327,0
DA:336,0
DA:337,0
DA:338,0
DA:340,0
DA:347,0
DA:352,0
DA:353,0
DA:357,0
DA:358,0
DA:359,0
DA:360,0
DA:363,0
DA:364,0
DA:366,0
DA:372,0
DA:378,0
DA:379,0
DA:380,0
DA:381,0
DA:383,0
DA:384,0
DA:386,0
DA:393,0
DA:399,0
DA:400,0
DA:404,0
DA:405,0
DA:407,152
DA:411,152
DA:412,152
DA:413,152
DA:414,152
DA:423,467
DA:424,467
DA:427,467
DA:430,1401
DA:433,0
DA:434,0
DA:435,0
DA:436,0
DA:438,0
DA:443,467
DA:445,467
DA:447,467
DA:448,467
DA:450,467
DA:466,467
LF:159
LH:81
BRDA:82,0,0,45
BRDA:82,0,1,0
BRDA:83,1,0,45
BRDA:83,1,1,0
BRDA:84,2,0,45
BRDA:84,2,1,0
BRDA:86,3,0,45
BRDA:86,3,1,0
BRDA:128,4,0,279
BRDA:128,4,1,23
BRDA:128,5,0,302
BRDA:128,5,1,280
BRDA:133,6,0,302
BRDA:133,6,1,0
BRDA:133,6,2,0
BRDA:139,7,0,301
BRDA:139,7,1,1
BRDA:139,8,0,302
BRDA:139,8,1,301
BRDA:150,9,0,0
BRDA:150,9,1,0
BRDA:150,10,0,0
BRDA:150,10,1,0
BRDA:166,11,0,1
BRDA:166,11,1,150
BRDA:191,12,0,152
BRDA:191,12,1,0
BRDA:191,13,0,152
BRDA:191,13,1,0
BRDA:199,14,0,0
BRDA:199,14,1,0
BRDA:199,14,2,0
BRDA:199,14,3,0
BRDA:233,15,0,0
BRDA:233,15,1,152
BRDA:233,16,0,152
BRDA:233,16,1,0
BRDA:234,17,0,0
BRDA:234,17,1,152
BRDA:234,18,0,152
BRDA:234,18,1,0
BRDA:235,19,0,0
BRDA:235,19,1,152
BRDA:235,20,0,152
BRDA:235,20,1,0
BRDA:253,21,0,152
BRDA:253,21,1,0
BRDA:273,22,0,152
BRDA:273,22,1,0
BRDA:274,23,0,152
BRDA:274,23,1,0
BRDA:280,24,0,0
BRDA:280,24,1,0
BRDA:283,25,0,0
BRDA:283,25,1,0
BRDA:296,26,0,0
BRDA:296,26,1,0
BRDA:307,27,0,0
BRDA:307,27,1,0
BRDA:308,28,0,0
BRDA:308,28,1,0
BRDA:309,29,0,0
BRDA:309,29,1,0
BRDA:310,30,0,0
BRDA:310,30,1,0
BRDA:313,31,0,0
BRDA:313,31,1,0
BRDA:314,32,0,0
BRDA:314,32,1,0
BRDA:319,33,0,0
BRDA:319,33,1,0
BRDA:320,34,0,0
BRDA:320,34,1,0
BRDA:321,35,0,0
BRDA:321,35,1,0
BRDA:322,36,0,0
BRDA:322,36,1,0
BRDA:323,37,0,0
BRDA:323,37,1,0
BRDA:336,38,0,0
BRDA:336,38,1,0
BRDA:336,38,2,0
BRDA:352,39,0,0
BRDA:352,39,1,0
BRDA:357,40,0,0
BRDA:357,40,1,0
BRDA:358,41,0,0
BRDA:358,41,1,0
BRDA:359,42,0,0
BRDA:359,42,1,0
BRDA:378,43,0,0
BRDA:378,43,1,0
BRDA:380,44,0,0
BRDA:380,44,1,0
BRDA:381,45,0,0
BRDA:381,45,1,0
BRDA:388,46,0,0
BRDA:388,46,1,0
BRDA:399,47,0,0
BRDA:399,47,1,0
BRDA:404,48,0,0
BRDA:404,48,1,0
BRDA:405,49,0,0
BRDA:405,49,1,0
BRDA:407,50,0,152
BRDA:407,50,1,0
BRDA:424,51,0,467
BRDA:424,51,1,467
BRDA:430,52,0,1401
BRDA:430,52,1,0
BRDA:443,53,0,467
BRDA:443,53,1,302
BRDA:443,53,2,0
BRDA:445,54,0,467
BRDA:445,54,1,302
BRDA:445,54,2,0
BRDA:447,55,0,467
BRDA:447,55,1,467
BRDA:447,55,2,0
BRDA:448,56,0,467
BRDA:448,56,1,467
BRDA:448,56,2,0
BRDA:454,57,0,0
BRDA:454,57,1,467
BRDA:456,58,0,467
BRDA:456,58,1,467
BRDA:456,58,2,0
BRDA:457,59,0,467
BRDA:457,59,1,467
BRDA:458,60,0,467
BRDA:458,60,1,467
BRDA:458,60,2,0
BRF:132
BRH:45
end_of_record
TN:
SF:src/hooks/useAI.ts
FN:50,useAiRecommendations
FN:53,(anonymous_1)
FN:54,(anonymous_2)
FN:60,(anonymous_3)
FN:76,(anonymous_4)
FN:83,(anonymous_5)
FN:90,useAiBudtender
FN:93,(anonymous_7)
FN:94,(anonymous_8)
FN:100,(anonymous_9)
FN:113,(anonymous_10)
FN:120,(anonymous_11)
FNF:12
FNH:10
FNDA:9,useAiRecommendations
FNDA:6,(anonymous_1)
FNDA:6,(anonymous_2)
FNDA:3,(anonymous_3)
FNDA:0,(anonymous_4)
FNDA:1,(anonymous_5)
FNDA:7,useAiBudtender
FNDA:4,(anonymous_7)
FNDA:4,(anonymous_8)
FNDA:3,(anonymous_9)
FNDA:1,(anonymous_10)
FNDA:0,(anonymous_11)
DA:51,9
DA:53,9
DA:54,6
DA:55,6
DA:59,9
DA:61,3
DA:62,3
DA:64,3
DA:74,3
DA:77,0
DA:81,9
DA:83,1
DA:91,7
DA:93,7
DA:94,4
DA:95,4
DA:99,7
DA:101,3
DA:102,3
DA:104,3
DA:111,2
DA:114,1
DA:118,7
DA:120,0
LF:24
LH:22
BRF:0
BRH:0
end_of_record
TN:
SF:src/hooks/useAIRecommendations.ts
FN:99,useAIRecommendations
FN:107,(anonymous_1)
FN:123,useSimilarProducts
FN:126,(anonymous_3)
FN:141,useFrequentlyBoughtTogether
FN:144,(anonymous_5)
FN:158,useEffectBasedRecommendations
FN:164,(anonymous_7)
FN:178,useMoodBasedRecommendations
FN:181,(anonymous_9)
FN:200,usePreferenceProfile
FN:203,(anonymous_11)
FN:212,useUpdatePreferenceProfile
FN:216,(anonymous_13)
FN:225,(anonymous_14)
FN:235,useResetPreferenceProfile
FN:239,(anonymous_16)
FN:243,(anonymous_17)
FN:257,useJournalInsights
FN:272,(anonymous_19)
FN:291,useJournalBasedRecommendations
FN:294,(anonymous_21)
FN:312,usePeerRecommendations
FN:315,(anonymous_23)
FN:328,useUsersAlsoBought
FN:331,(anonymous_25)
FN:349,useRecommendationFeedback
FN:353,(anonymous_27)
FN:360,(anonymous_28)
FN:370,useRateRecommendation
FN:372,(anonymous_30)
FN:394,useDismissRecommendation
FN:398,(anonymous_32)
FN:412,(anonymous_33)
FN:425,useModelMetrics
FN:428,(anonymous_35)
FN:438,useRetrainModel
FN:442,(anonymous_37)
FN:450,(anonymous_38)
FN:463,useTrendingProducts
FN:469,(anonymous_40)
FN:482,useDiscoveryRecommendations
FN:485,(anonymous_42)
FN:499,usePersonalizedRanking
FN:502,(anonymous_44)
FNF:45
FNH:10
FNDA:4,useAIRecommendations
FNDA:2,(anonymous_1)
FNDA:3,useSimilarProducts
FNDA:1,(anonymous_3)
FNDA:3,useFrequentlyBoughtTogether
FNDA:1,(anonymous_5)
FNDA:3,useEffectBasedRecommendations
FNDA:1,(anonymous_7)
FNDA:3,useMoodBasedRecommendations
FNDA:1,(anonymous_9)
FNDA:0,usePreferenceProfile
FNDA:0,(anonymous_11)
FNDA:0,useUpdatePreferenceProfile
FNDA:0,(anonymous_13)
FNDA:0,(anonymous_14)
FNDA:0,useResetPreferenceProfile
FNDA:0,(anonymous_16)
FNDA:0,(anonymous_17)
FNDA:0,useJournalInsights
FNDA:0,(anonymous_19)
FNDA:0,useJournalBasedRecommendations
FNDA:0,(anonymous_21)
FNDA:0,usePeerRecommendations
FNDA:0,(anonymous_23)
FNDA:0,useUsersAlsoBought
FNDA:0,(anonymous_25)
FNDA:0,useRecommendationFeedback
FNDA:0,(anonymous_27)
FNDA:0,(anonymous_28)
FNDA:0,useRateRecommendation
FNDA:0,(anonymous_30)
FNDA:0,useDismissRecommendation
FNDA:0,(anonymous_32)
FNDA:0,(anonymous_33)
FNDA:0,useModelMetrics
FNDA:0,(anonymous_35)
FNDA:0,useRetrainModel
FNDA:0,(anonymous_37)
FNDA:0,(anonymous_38)
FNDA:0,useTrendingProducts
FNDA:0,(anonymous_40)
FNDA:0,useDiscoveryRecommendations
FNDA:0,(anonymous_42)
FNDA:0,usePersonalizedRanking
FNDA:0,(anonymous_44)
DA:105,4
DA:108,2
DA:113,2
DA:114,2
DA:124,3
DA:127,1
DA:132,1
DA:142,3
DA:145,1
DA:149,1
DA:162,3
DA:165,1
DA:169,1
DA:179,3
DA:182,1
DA:187,1
DA:201,0
DA:204,0
DA:213,0
DA:215,0
DA:217,0
DA:222,0
DA:223,0
DA:226,0
DA:227,0
DA:236,0
DA:238,0
DA:240,0
DA:241,0
DA:244,0
DA:245,0
DA:258,0
DA:273,0
DA:292,0
DA:295,0
DA:299,0
DA:313,0
DA:316,0
DA:320,0
DA:329,0
DA:332,0
DA:336,0
DA:350,0
DA:352,0
DA:354,0
DA:355,0
DA:362,0
DA:371,0
DA:381,0
DA:386,0
DA:395,0
DA:397,0
DA:405,0
DA:410,0
DA:413,0
DA:426,0
DA:429,0
DA:439,0
DA:441,0
DA:443,0
DA:448,0
DA:451,0
DA:467,0
DA:470,0
DA:473,0
DA:483,0
DA:486,0
DA:490,0
DA:500,0
DA:503,0
DA:507,0
LF:71
LH:16
BRDA:123,0,0,3
BRF:1
BRH:1
end_of_record
TN:
SF:src/hooks/useAR.ts
FN:80,useARModel
FN:83,(anonymous_1)
FN:102,useARModels
FN:105,(anonymous_3)
FN:118,useARAssets
FN:121,(anonymous_5)
FN:139,useProductVisualization
FN:142,(anonymous_7)
FN:156,useARCapabilities
FN:159,(anonymous_9)
FN:198,useARSession
FN:201,(anonymous_11)
FN:214,(anonymous_12)
FN:222,(anonymous_13)
FN:240,(anonymous_14)
FN:266,(anonymous_15)
FN:269,(anonymous_16)
FN:292,useUploadARModel
FN:305,(anonymous_18)
FN:334,(anonymous_19)
FN:344,useDeleteARModel
FN:348,(anonymous_21)
FN:351,(anonymous_22)
FN:365,useARAnalytics
FN:379,(anonymous_24)
FN:401,useProduct360View
FN:413,(anonymous_26)
FNF:27
FNH:0
FNDA:0,useARModel
FNDA:0,(anonymous_1)
FNDA:0,useARModels
FNDA:0,(anonymous_3)
FNDA:0,useARAssets
FNDA:0,(anonymous_5)
FNDA:0,useProductVisualization
FNDA:0,(anonymous_7)
FNDA:0,useARCapabilities
FNDA:0,(anonymous_9)
FNDA:0,useARSession
FNDA:0,(anonymous_11)
FNDA:0,(anonymous_12)
FNDA:0,(anonymous_13)
FNDA:0,(anonymous_14)
FNDA:0,(anonymous_15)
FNDA:0,(anonymous_16)
FNDA:0,useUploadARModel
FNDA:0,(anonymous_18)
FNDA:0,(anonymous_19)
FNDA:0,useDeleteARModel
FNDA:0,(anonymous_21)
FNDA:0,(anonymous_22)
FNDA:0,useARAnalytics
FNDA:0,(anonymous_24)
FNDA:0,useProduct360View
FNDA:0,(anonymous_26)
DA:81,0
DA:84,0
DA:85,0
DA:86,0
DA:88,0
DA:89,0
DA:91,0
DA:103,0
DA:106,0
DA:109,0
DA:119,0
DA:122,0
DA:126,0
DA:140,0
DA:143,0
DA:157,0
DA:161,0
DA:169,0
DA:170,0
DA:171,0
DA:174,0
DA:180,0
DA:181,0
DA:183,0
DA:185,0
DA:199,0
DA:201,0
DA:202,0
DA:208,0
DA:209,0
DA:210,0
DA:213,0
DA:215,0
DA:217,0
DA:222,0
DA:223,0
DA:231,0
DA:240,0
DA:241,0
DA:243,0
DA:245,0
DA:248,0
DA:249,0
DA:251,0
DA:254,0
DA:261,0
DA:262,0
DA:265,0
DA:267,0
DA:269,0
DA:270,0
DA:275,0
DA:293,0
DA:295,0
DA:316,0
DA:317,0
DA:318,0
DA:319,0
DA:321,0
DA:322,0
DA:325,0
DA:332,0
DA:335,0
DA:336,0
DA:345,0
DA:347,0
DA:349,0
DA:352,0
DA:353,0
DA:366,0
DA:380,0
DA:402,0
DA:414,0
LF:73
LH:0
BRDA:88,0,0,0
BRDA:88,0,1,0
BRDA:88,1,0,0
BRDA:88,1,1,0
BRDA:169,2,0,0
BRDA:169,2,1,0
BRDA:169,3,0,0
BRDA:169,3,1,0
BRDA:172,4,0,0
BRDA:172,4,1,0
BRDA:183,5,0,0
BRDA:183,5,1,0
BRDA:215,6,0,0
BRDA:215,6,1,0
BRDA:223,7,0,0
BRDA:223,7,1,0
BRDA:241,8,0,0
BRDA:241,8,1,0
BRDA:267,9,0,0
BRDA:267,9,1,0
BRDA:269,10,0,0
BRDA:269,10,1,0
BRDA:318,11,0,0
BRDA:318,11,1,0
BRDA:321,12,0,0
BRDA:321,12,1,0
BRF:26
BRH:0
end_of_record
TN:
SF:src/hooks/useAccessibility.ts
FN:185,AccessibilityProvider
FN:205,(anonymous_1)
FN:206,(anonymous_2)
FN:208,(anonymous_3)
FN:221,(anonymous_4)
FN:245,(anonymous_5)
FN:251,(anonymous_6)
FN:259,(anonymous_7)
FN:266,(anonymous_8)
FN:272,(anonymous_9)
FN:279,(anonymous_10)
FN:287,(anonymous_11)
FN:294,(anonymous_12)
FN:325,useAccessibility
FN:340,useTheme
FN:348,useIsDarkMode
FN:360,useAccessibilityProps
FN:373,useAnnounce
FN:374,(anonymous_18)
FN:378,(anonymous_19)
FN:394,useSyncedAccessibilitySettings
FN:397,(anonymous_21)
FN:407,useSyncAccessibilitySettings
FN:411,(anonymous_23)
FN:418,(anonymous_24)
FN:431,useColorBlindAdjustments
FN:435,(anonymous_26)
FN:467,(anonymous_27)
FN:483,useAnimationDuration
FN:487,(anonymous_29)
FN:508,useHapticFeedback
FN:512,(anonymous_31)
FN:537,useAccessibleTextStyle
FN:541,(anonymous_33)
FNF:34
FNH:23
FNDA:15,AccessibilityProvider
FNDA:13,(anonymous_1)
FNDA:13,(anonymous_2)
FNDA:2,(anonymous_3)
FNDA:13,(anonymous_4)
FNDA:0,(anonymous_5)
FNDA:0,(anonymous_6)
FNDA:0,(anonymous_7)
FNDA:0,(anonymous_8)
FNDA:0,(anonymous_9)
FNDA:0,(anonymous_10)
FNDA:1,(anonymous_11)
FNDA:3,(anonymous_12)
FNDA:12,useAccessibility
FNDA:1,useTheme
FNDA:1,useIsDarkMode
FNDA:1,useAccessibilityProps
FNDA:2,useAnnounce
FNDA:1,(anonymous_18)
FNDA:1,(anonymous_19)
FNDA:2,useSyncedAccessibilitySettings
FNDA:1,(anonymous_21)
FNDA:2,useSyncAccessibilitySettings
FNDA:1,(anonymous_23)
FNDA:1,(anonymous_24)
FNDA:1,useColorBlindAdjustments
FNDA:1,(anonymous_26)
FNDA:0,(anonymous_27)
FNDA:3,useAnimationDuration
FNDA:2,(anonymous_29)
FNDA:0,useHapticFeedback
FNDA:0,(anonymous_31)
FNDA:0,useAccessibleTextStyle
FNDA:0,(anonymous_33)
DA:93,1
DA:120,1
DA:151,1
DA:177,1
DA:179,1
DA:186,15
DA:187,15
DA:202,15
DA:205,15
DA:206,13
DA:207,13
DA:208,2
DA:213,13
DA:216,13
DA:221,13
DA:222,13
DA:228,15
DA:230,15
DA:233,15
DA:245,15
DA:246,0
DA:247,0
DA:250,15
DA:252,0
DA:253,0
DA:258,15
DA:260,0
DA:261,0
DA:266,15
DA:267,0
DA:268,0
DA:269,0
DA:272,15
DA:273,0
DA:274,0
DA:275,0
DA:278,15
DA:280,0
DA:281,0
DA:286,15
DA:288,1
DA:293,15
DA:295,3
DA:297,3
DA:298,0
DA:300,3
DA:305,15
DA:318,15
DA:326,12
DA:327,12
DA:328,0
DA:330,12
DA:341,1
DA:342,1
DA:349,1
DA:350,1
DA:361,1
DA:374,2
DA:375,1
DA:378,2
DA:381,1
DA:384,2
DA:395,2
DA:398,1
DA:408,2
DA:410,2
DA:412,1
DA:419,1
DA:432,1
DA:434,1
DA:436,1
DA:439,0
DA:440,0
DA:441,0
DA:442,0
DA:444,0
DA:445,0
DA:446,0
DA:448,0
DA:451,0
DA:452,0
DA:453,0
DA:456,0
DA:457,0
DA:458,0
DA:461,0
DA:462,0
DA:463,0
DA:467,0
DA:468,0
DA:473,1
DA:484,3
DA:486,3
DA:488,2
DA:489,1
DA:491,1
DA:496,3
DA:498,3
DA:509,0
DA:511,0
DA:513,0
DA:517,0
DA:519,0
DA:527,0
DA:538,0
DA:540,0
DA:542,0
DA:551,0
DA:553,0
DA:563,0
LF:110
LH:63
BRDA:207,0,0,2
BRDA:207,0,1,11
BRDA:228,1,0,15
BRDA:228,1,1,0
BRDA:228,2,0,15
BRDA:228,2,1,0
BRDA:230,3,0,0
BRDA:230,3,1,15
BRDA:233,4,0,1
BRDA:233,4,1,14
BRDA:238,5,0,1
BRDA:238,5,1,0
BRDA:239,6,0,1
BRDA:239,6,1,0
BRDA:240,7,0,0
BRDA:240,7,1,1
BRDA:297,8,0,0
BRDA:297,8,1,3
BRDA:327,9,0,0
BRDA:327,9,1,12
BRDA:436,10,0,1
BRDA:436,10,1,0
BRDA:448,11,0,0
BRDA:448,11,1,0
BRDA:448,11,2,0
BRDA:488,12,0,1
BRDA:488,12,1,1
BRDA:513,13,0,0
BRDA:513,13,1,0
BRDA:556,14,0,0
BRDA:556,14,1,0
BRF:31
BRH:15
end_of_record
TN:
SF:src/hooks/useAddresses.ts
FN:44,useAddresses
FN:47,(anonymous_1)
FN:57,useCreateAddress
FN:61,(anonymous_3)
FN:70,(anonymous_4)
FN:79,useUpdateAddress
FN:83,(anonymous_6)
FN:91,(anonymous_7)
FN:100,useDeleteAddress
FN:104,(anonymous_9)
FN:108,(anonymous_10)
FN:117,useValidateAddress
FN:119,(anonymous_12)
FN:132,useSetDefaultAddress
FN:136,(anonymous_14)
FN:139,(anonymous_15)
FNF:16
FNH:5
FNDA:5,useAddresses
FNDA:3,(anonymous_1)
FNDA:6,useCreateAddress
FNDA:3,(anonymous_3)
FNDA:2,(anonymous_4)
FNDA:0,useUpdateAddress
FNDA:0,(anonymous_6)
FNDA:0,(anonymous_7)
FNDA:0,useDeleteAddress
FNDA:0,(anonymous_9)
FNDA:0,(anonymous_10)
FNDA:0,useValidateAddress
FNDA:0,(anonymous_12)
FNDA:0,useSetDefaultAddress
FNDA:0,(anonymous_14)
FNDA:0,(anonymous_15)
DA:45,5
DA:48,3
DA:58,6
DA:60,6
DA:62,3
DA:67,2
DA:68,2
DA:71,2
DA:80,0
DA:82,0
DA:84,0
DA:89,0
DA:92,0
DA:101,0
DA:103,0
DA:105,0
DA:106,0
DA:109,0
DA:118,0
DA:120,0
DA:133,0
DA:135,0
DA:137,0
DA:140,0
LF:24
LH:8
BRF:0
BRH:0
end_of_record
TN:
SF:src/hooks/useAgeVerification.ts
FN:93,useVerificationStatus
FN:96,(anonymous_1)
FN:106,useCanPurchase
FN:125,useSubmitIDVerification
FN:129,(anonymous_4)
FN:142,(anonymous_5)
FN:153,useIDVerificationStatus
FN:156,(anonymous_7)
FN:163,(anonymous_8)
FN:177,useSelfAttestation
FN:188,(anonymous_10)
FN:197,(anonymous_11)
FN:210,useLocationGate
FN:213,(anonymous_13)
FN:229,useVerifyLocation
FN:233,(anonymous_15)
FN:245,(anonymous_16)
FN:254,useCurrentLocation
FN:259,(anonymous_18)
FN:274,(anonymous_19)
FN:329,useStateRegulationsForVerification
FN:348,(anonymous_21)
FN:365,useVerificationSession
FN:372,(anonymous_23)
FN:374,(anonymous_24)
FN:387,(anonymous_25)
FN:397,(anonymous_26)
FN:417,useDeliveryAddressVerification
FN:433,(anonymous_28)
FNF:29
FNH:0
FNDA:0,useVerificationStatus
FNDA:0,(anonymous_1)
FNDA:0,useCanPurchase
FNDA:0,useSubmitIDVerification
FNDA:0,(anonymous_4)
FNDA:0,(anonymous_5)
FNDA:0,useIDVerificationStatus
FNDA:0,(anonymous_7)
FNDA:0,(anonymous_8)
FNDA:0,useSelfAttestation
FNDA:0,(anonymous_10)
FNDA:0,(anonymous_11)
FNDA:0,useLocationGate
FNDA:0,(anonymous_13)
FNDA:0,useVerifyLocation
FNDA:0,(anonymous_15)
FNDA:0,(anonymous_16)
FNDA:0,useCurrentLocation
FNDA:0,(anonymous_18)
FNDA:0,(anonymous_19)
FNDA:0,useStateRegulationsForVerification
FNDA:0,(anonymous_21)
FNDA:0,useVerificationSession
FNDA:0,(anonymous_23)
FNDA:0,(anonymous_24)
FNDA:0,(anonymous_25)
FNDA:0,(anonymous_26)
FNDA:0,useDeliveryAddressVerification
FNDA:0,(anonymous_28)
DA:94,0
DA:97,0
DA:107,0
DA:109,0
DA:126,0
DA:128,0
DA:130,0
DA:135,0
DA:140,0
DA:143,0
DA:144,0
DA:154,0
DA:157,0
DA:165,0
DA:166,0
DA:167,0
DA:169,0
DA:178,0
DA:180,0
DA:189,0
DA:194,0
DA:195,0
DA:198,0
DA:211,0
DA:214,0
DA:215,0
DA:217,0
DA:230,0
DA:232,0
DA:234,0
DA:239,0
DA:243,0
DA:246,0
DA:255,0
DA:256,0
DA:257,0
DA:259,0
DA:260,0
DA:261,0
DA:263,0
DA:274,0
DA:275,0
DA:286,0
DA:287,0
DA:293,0
DA:297,0
DA:303,0
DA:304,0
DA:306,0
DA:307,0
DA:308,0
DA:310,0
DA:314,0
DA:330,0
DA:349,0
DA:360,0
DA:366,0
DA:372,0
DA:374,0
DA:375,0
DA:376,0
DA:378,0
DA:379,0
DA:381,0
DA:387,0
DA:388,0
DA:393,0
DA:394,0
DA:397,0
DA:398,0
DA:399,0
DA:402,0
DA:418,0
DA:439,0
DA:448,0
DA:452,0
LF:76
LH:0
BRDA:110,0,0,0
BRDA:110,0,1,0
BRDA:111,1,0,0
BRDA:111,1,1,0
BRDA:112,2,0,0
BRDA:112,2,1,0
BRDA:113,3,0,0
BRDA:113,3,1,0
BRDA:143,4,0,0
BRDA:143,4,1,0
BRDA:166,5,0,0
BRDA:166,5,1,0
BRDA:166,6,0,0
BRDA:166,6,1,0
BRDA:166,6,2,0
BRDA:214,7,0,0
BRDA:214,7,1,0
BRDA:286,8,0,0
BRDA:286,8,1,0
BRDA:286,9,0,0
BRDA:286,9,1,0
BRDA:286,9,2,0
BRDA:300,10,0,0
BRDA:300,10,1,0
BRDA:306,11,0,0
BRDA:306,11,1,0
BRDA:375,12,0,0
BRDA:375,12,1,0
BRDA:378,13,0,0
BRDA:378,13,1,0
BRDA:378,14,0,0
BRDA:378,14,1,0
BRDA:404,15,0,0
BRDA:404,15,1,0
BRF:34
BRH:0
end_of_record
TN:
SF:src/hooks/useAnalytics.ts
FN:130,useAnalyticsDashboards
FN:133,(anonymous_1)
FN:147,useAnalyticsDashboard
FN:150,(anonymous_3)
FN:163,useMetricsSummary
FN:166,(anonymous_5)
FN:185,useSegments
FN:188,(anonymous_7)
FN:201,useCreateSegment
FN:209,(anonymous_9)
FN:220,(anonymous_10)
FN:229,useSegmentUsers
FN:232,(anonymous_12)
FN:249,useCohortAnalysis
FN:256,(anonymous_14)
FN:275,useConversionFunnels
FN:278,(anonymous_16)
FN:291,useFunnelAnalysis
FN:294,(anonymous_18)
FN:306,useCreateFunnel
FN:314,(anonymous_20)
FN:321,(anonymous_21)
FN:334,useABTests
FN:337,(anonymous_23)
FN:349,useABTest
FN:352,(anonymous_25)
FN:363,useCreateABTest
FN:376,(anonymous_27)
FN:384,(anonymous_28)
FN:397,useCampaignMetrics
FN:400,(anonymous_30)
FN:421,useDeepLinkMetrics
FN:424,(anonymous_32)
FN:438,useCreateDeepLink
FN:451,(anonymous_34)
FN:463,(anonymous_35)
FN:476,useRealTimeUsers
FN:486,(anonymous_37)
FN:500,useRealTimeEvents
FN:510,(anonymous_39)
FNF:40
FNH:40
FNDA:2,useAnalyticsDashboards
FNDA:1,(anonymous_1)
FNDA:3,useAnalyticsDashboard
FNDA:1,(anonymous_3)
FNDA:2,useMetricsSummary
FNDA:1,(anonymous_5)
FNDA:2,useSegments
FNDA:1,(anonymous_7)
FNDA:2,useCreateSegment
FNDA:1,(anonymous_9)
FNDA:1,(anonymous_10)
FNDA:5,useSegmentUsers
FNDA:2,(anonymous_12)
FNDA:2,useCohortAnalysis
FNDA:1,(anonymous_14)
FNDA:2,useConversionFunnels
FNDA:1,(anonymous_16)
FNDA:3,useFunnelAnalysis
FNDA:1,(anonymous_18)
FNDA:2,useCreateFunnel
FNDA:1,(anonymous_20)
FNDA:1,(anonymous_21)
FNDA:4,useABTests
FNDA:2,(anonymous_23)
FNDA:3,useABTest
FNDA:1,(anonymous_25)
FNDA:2,useCreateABTest
FNDA:1,(anonymous_27)
FNDA:1,(anonymous_28)
FNDA:4,useCampaignMetrics
FNDA:2,(anonymous_30)
FNDA:2,useDeepLinkMetrics
FNDA:1,(anonymous_32)
FNDA:2,useCreateDeepLink
FNDA:1,(anonymous_34)
FNDA:1,(anonymous_35)
FNDA:2,useRealTimeUsers
FNDA:1,(anonymous_37)
FNDA:2,useRealTimeEvents
FNDA:1,(anonymous_39)
DA:131,2
DA:134,1
DA:138,1
DA:148,3
DA:151,1
DA:164,2
DA:167,1
DA:172,1
DA:186,2
DA:189,1
DA:193,1
DA:202,2
DA:204,2
DA:214,1
DA:221,1
DA:230,5
DA:233,2
DA:236,2
DA:254,2
DA:257,1
DA:262,1
DA:276,2
DA:279,1
DA:283,1
DA:292,3
DA:295,1
DA:307,2
DA:309,2
DA:315,1
DA:322,1
DA:335,4
DA:338,2
DA:341,2
DA:350,3
DA:353,1
DA:364,2
DA:366,2
DA:382,1
DA:385,1
DA:398,4
DA:401,2
DA:412,2
DA:422,2
DA:425,1
DA:430,1
DA:439,2
DA:441,2
DA:457,1
DA:464,1
DA:477,2
DA:487,1
DA:501,2
DA:511,1
LF:53
LH:53
BRDA:229,0,0,3
BRDA:339,1,0,1
BRDA:339,1,1,1
BRF:3
BRH:3
end_of_record
TN:
SF:src/hooks/useApplyPersonalization.ts
FN:13,getSessionId
FN:40,applyPersonalization
FN:77,useApplyPersonalization
FN:88,(anonymous_3)
FN:101,reorderByPersonalization
FN:108,(anonymous_5)
FN:114,(anonymous_6)
FN:123,(anonymous_7)
FNF:8
FNH:0
FNDA:0,getSessionId
FNDA:0,applyPersonalization
FNDA:0,useApplyPersonalization
FNDA:0,(anonymous_3)
FNDA:0,reorderByPersonalization
FNDA:0,(anonymous_5)
FNDA:0,(anonymous_6)
FNDA:0,(anonymous_7)
DA:11,0
DA:14,0
DA:16,0
DA:17,0
DA:18,0
DA:19,0
DA:20,0
DA:27,0
DA:28,0
DA:29,0
DA:33,0
DA:46,0
DA:48,0
DA:57,0
DA:58,0
DA:63,0
DA:66,0
DA:67,0
DA:78,0
DA:94,0
DA:105,0
DA:107,0
DA:108,0
DA:109,0
DA:110,0
DA:113,0
DA:114,0
DA:115,0
DA:116,0
DA:117,0
DA:118,0
DA:123,0
DA:125,0
LF:33
LH:0
BRDA:14,0,0,0
BRDA:14,0,1,0
BRDA:18,1,0,0
BRDA:18,1,1,0
BRDA:105,2,0,0
BRDA:105,2,1,0
BRDA:109,3,0,0
BRDA:109,3,1,0
BRDA:109,3,2,0
BRDA:110,4,0,0
BRDA:110,4,1,0
BRDA:116,5,0,0
BRDA:116,5,1,0
BRF:13
BRH:0
end_of_record
TN:
SF:src/hooks/useAppointments.ts
FN:105,useAppointments
FN:112,(anonymous_1)
FN:120,(anonymous_2)
FN:128,useUpcomingAppointments
FN:131,(anonymous_4)
FN:145,useAppointment
FN:148,(anonymous_6)
FN:158,useAvailableSlots
FN:166,(anonymous_8)
FN:179,useBookAppointment
FN:195,(anonymous_10)
FN:215,(anonymous_11)
FN:224,useRescheduleAppointment
FN:236,(anonymous_13)
FN:253,(anonymous_14)
FN:263,useCancelAppointment
FN:267,(anonymous_16)
FN:275,(anonymous_17)
FN:284,useConfirmAppointment
FN:288,(anonymous_19)
FN:297,(anonymous_20)
FN:311,useBudtenders
FN:314,(anonymous_22)
FN:328,useBudtenderAvailability
FN:331,(anonymous_24)
FN:350,useStoreEvents
FN:358,(anonymous_26)
FN:366,(anonymous_27)
FN:374,useStoreEvent
FN:377,(anonymous_29)
FN:387,useRegisterForEvent
FN:400,(anonymous_31)
FN:414,(anonymous_32)
FN:424,useCancelEventRegistration
FN:428,(anonymous_34)
FN:432,(anonymous_35)
FN:442,useRegisteredEvents
FN:445,(anonymous_37)
FN:459,useCalendarIntegrations
FN:462,(anonymous_39)
FN:475,useConnectCalendar
FN:485,(anonymous_41)
FN:493,(anonymous_42)
FN:502,useDisconnectCalendar
FN:506,(anonymous_44)
FN:510,(anonymous_45)
FN:519,useSyncCalendar
FN:523,(anonymous_47)
FN:532,(anonymous_48)
FN:542,useAddToDeviceCalendar
FN:544,(anonymous_50)
FN:565,useSetReminder
FN:574,(anonymous_52)
FNF:53
FNH:0
FNDA:0,useAppointments
FNDA:0,(anonymous_1)
FNDA:0,(anonymous_2)
FNDA:0,useUpcomingAppointments
FNDA:0,(anonymous_4)
FNDA:0,useAppointment
FNDA:0,(anonymous_6)
FNDA:0,useAvailableSlots
FNDA:0,(anonymous_8)
FNDA:0,useBookAppointment
FNDA:0,(anonymous_10)
FNDA:0,(anonymous_11)
FNDA:0,useRescheduleAppointment
FNDA:0,(anonymous_13)
FNDA:0,(anonymous_14)
FNDA:0,useCancelAppointment
FNDA:0,(anonymous_16)
FNDA:0,(anonymous_17)
FNDA:0,useConfirmAppointment
FNDA:0,(anonymous_19)
FNDA:0,(anonymous_20)
FNDA:0,useBudtenders
FNDA:0,(anonymous_22)
FNDA:0,useBudtenderAvailability
FNDA:0,(anonymous_24)
FNDA:0,useStoreEvents
FNDA:0,(anonymous_26)
FNDA:0,(anonymous_27)
FNDA:0,useStoreEvent
FNDA:0,(anonymous_29)
FNDA:0,useRegisterForEvent
FNDA:0,(anonymous_31)
FNDA:0,(anonymous_32)
FNDA:0,useCancelEventRegistration
FNDA:0,(anonymous_34)
FNDA:0,(anonymous_35)
FNDA:0,useRegisteredEvents
FNDA:0,(anonymous_37)
FNDA:0,useCalendarIntegrations
FNDA:0,(anonymous_39)
FNDA:0,useConnectCalendar
FNDA:0,(anonymous_41)
FNDA:0,(anonymous_42)
FNDA:0,useDisconnectCalendar
FNDA:0,(anonymous_44)
FNDA:0,(anonymous_45)
FNDA:0,useSyncCalendar
FNDA:0,(anonymous_47)
FNDA:0,(anonymous_48)
FNDA:0,useAddToDeviceCalendar
FNDA:0,(anonymous_50)
FNDA:0,useSetReminder
FNDA:0,(anonymous_52)
DA:110,0
DA:113,0
DA:121,0
DA:129,0
DA:132,0
DA:136,0
DA:146,0
DA:149,0
DA:164,0
DA:167,0
DA:170,0
DA:180,0
DA:182,0
DA:204,0
DA:209,0
DA:213,0
DA:216,0
DA:225,0
DA:227,0
DA:245,0
DA:250,0
DA:251,0
DA:254,0
DA:255,0
DA:264,0
DA:266,0
DA:268,0
DA:273,0
DA:276,0
DA:285,0
DA:287,0
DA:289,0
DA:294,0
DA:295,0
DA:298,0
DA:299,0
DA:312,0
DA:315,0
DA:319,0
DA:329,0
DA:332,0
DA:337,0
DA:356,0
DA:359,0
DA:367,0
DA:375,0
DA:378,0
DA:388,0
DA:390,0
DA:406,0
DA:411,0
DA:412,0
DA:415,0
DA:416,0
DA:425,0
DA:427,0
DA:429,0
DA:430,0
DA:433,0
DA:434,0
DA:443,0
DA:446,0
DA:447,0
DA:460,0
DA:463,0
DA:467,0
DA:476,0
DA:478,0
DA:486,0
DA:490,0
DA:491,0
DA:494,0
DA:503,0
DA:505,0
DA:507,0
DA:508,0
DA:511,0
DA:520,0
DA:522,0
DA:524,0
DA:529,0
DA:530,0
DA:533,0
DA:534,0
DA:543,0
DA:547,0
DA:552,0
DA:553,0
DA:566,0
DA:581,0
DA:586,0
LF:91
LH:0
BRDA:172,0,0,0
BRDA:172,0,1,0
BRDA:172,0,2,0
BRDA:339,1,0,0
BRDA:339,1,1,0
BRF:5
BRH:0
end_of_record
TN:
SF:src/hooks/useArticleBySlug.ts
FN:9,fetchArticle
FN:24,useArticleBySlug
FN:28,(anonymous_2)
FNF:3
FNH:3
FNDA:3,fetchArticle
FNDA:7,useArticleBySlug
FNDA:3,(anonymous_2)
DA:10,3
DA:11,3
DA:12,3
DA:15,2
DA:16,2
DA:18,1
DA:19,1
DA:20,0
DA:25,7
DA:26,7
DA:29,3
DA:30,3
DA:31,0
DA:33,3
LF:14
LH:12
BRDA:10,0,0,1
BRDA:10,0,1,2
BRDA:13,1,0,1
BRDA:13,1,1,2
BRDA:19,2,0,1
BRDA:19,2,1,0
BRDA:30,3,0,0
BRDA:30,3,1,3
BRF:8
BRH:6
end_of_record
TN:
SF:src/hooks/useArticles.ts
FN:5,useArticlesQuery
FNF:1
FNH:1
FNDA:3,useArticlesQuery
DA:6,3
LF:1
LH:1
BRF:0
BRH:0
end_of_record
TN:
SF:src/hooks/useAuth.ts
FN:16,useAuth
FN:19,(anonymous_1)
FN:45,(anonymous_2)
FN:78,(anonymous_3)
FN:83,(anonymous_4)
FNF:5
FNH:5
FNDA:8,useAuth
FNDA:2,(anonymous_1)
FNDA:1,(anonymous_2)
FNDA:1,(anonymous_3)
FNDA:1,(anonymous_4)
DA:17,8
DA:19,8
DA:21,2
DA:22,2
DA:23,1
DA:24,1
DA:25,1
DA:26,1
DA:27,1
DA:28,1
DA:35,1
DA:36,1
DA:37,1
DA:38,1
DA:39,1
DA:40,1
DA:41,1
DA:42,1
DA:45,8
DA:47,1
DA:48,1
DA:49,1
DA:50,1
DA:52,1
DA:53,1
DA:54,1
DA:58,1
DA:59,1
DA:60,1
DA:61,1
DA:67,0
DA:68,0
DA:69,0
DA:70,0
DA:71,0
DA:72,0
DA:73,0
DA:74,0
DA:75,0
DA:78,8
DA:79,1
DA:80,1
DA:83,8
DA:85,1
DA:88,8
LF:45
LH:36
BRDA:24,0,0,1
BRDA:24,0,1,0
BRDA:39,1,0,0
BRDA:39,1,1,1
BRDA:50,2,0,1
BRDA:50,2,1,0
BRDA:72,3,0,0
BRDA:72,3,1,0
BRF:8
BRH:3
end_of_record
TN:
SF:src/hooks/useCMSContent.ts
FN:8,useCMSContent
FN:13,(anonymous_1)
FNF:2
FNH:2
FNDA:47,useCMSContent
FNDA:24,(anonymous_1)
DA:9,47
DA:11,47
DA:14,24
DA:15,24
DA:17,24
DA:18,1
DA:19,1
DA:20,1
DA:22,0
DA:25,23
DA:26,23
DA:29,11
DA:30,11
DA:32,11
DA:33,11
DA:34,1
DA:36,10
LF:17
LH:16
BRDA:15,0,0,2
BRDA:15,0,1,22
BRDA:17,1,0,1
BRDA:17,1,1,23
BRDA:19,2,0,1
BRDA:19,2,1,0
BRDA:27,3,0,2
BRDA:27,3,1,21
BRDA:33,4,0,1
BRDA:33,4,1,10
BRF:10
BRH:9
end_of_record
TN:
SF:src/hooks/useCMSProducts.ts
FN:6,fetchProducts
FN:11,useCMSProducts
FNF:2
FNH:2
FNDA:3,fetchProducts
FNDA:5,useCMSProducts
DA:7,3
DA:8,1
DA:12,5
LF:3
LH:3
BRF:0
BRH:0
end_of_record
TN:
SF:src/hooks/useCMSTheme.ts
FN:10,fetchTheme
FN:36,useCMSTheme
FN:39,(anonymous_2)
FNF:3
FNH:3
FNDA:4,fetchTheme
FNDA:8,useCMSTheme
FNDA:4,(anonymous_2)
DA:8,1
DA:11,4
DA:12,4
DA:14,4
DA:15,1
DA:16,1
DA:17,1
DA:19,0
DA:22,3
DA:23,3
DA:24,2
DA:25,2
DA:28,1
DA:29,1
DA:30,1
DA:32,0
DA:37,8
DA:39,4
DA:47,1
LF:19
LH:17
BRDA:12,0,0,1
BRDA:12,0,1,3
BRDA:14,1,0,1
BRDA:14,1,1,3
BRDA:16,2,0,1
BRDA:16,2,1,0
BRDA:29,3,0,1
BRDA:29,3,1,0
BRF:8
BRH:6
end_of_record
TN:
SF:src/hooks/useCart.ts
FN:27,useCart
FN:33,(anonymous_1)
FN:34,(anonymous_2)
FN:35,(anonymous_3)
FN:36,(anonymous_4)
FN:38,(anonymous_5)
FN:41,(anonymous_6)
FN:64,(anonymous_7)
FN:92,(anonymous_8)
FN:94,(anonymous_9)
FN:100,(anonymous_10)
FN:112,(anonymous_11)
FN:142,(anonymous_12)
FN:157,(anonymous_13)
FN:182,(anonymous_14)
FN:185,(anonymous_15)
FN:188,(anonymous_16)
FN:192,(anonymous_17)
FN:215,(anonymous_18)
FN:225,(anonymous_19)
FN:227,(anonymous_20)
FN:235,(anonymous_21)
FNF:22
FNH:18
FNDA:35,useCart
FNDA:42,(anonymous_1)
FNDA:42,(anonymous_2)
FNDA:42,(anonymous_3)
FNDA:42,(anonymous_4)
FNDA:16,(anonymous_5)
FNDA:5,(anonymous_6)
FNDA:14,(anonymous_7)
FNDA:29,(anonymous_8)
FNDA:29,(anonymous_9)
FNDA:4,(anonymous_10)
FNDA:4,(anonymous_11)
FNDA:4,(anonymous_12)
FNDA:2,(anonymous_13)
FNDA:0,(anonymous_14)
FNDA:4,(anonymous_15)
FNDA:0,(anonymous_16)
FNDA:2,(anonymous_17)
FNDA:48,(anonymous_18)
FNDA:0,(anonymous_19)
FNDA:0,(anonymous_20)
FNDA:4,(anonymous_21)
DA:28,35
DA:29,35
DA:30,35
DA:33,42
DA:34,42
DA:35,42
DA:36,42
DA:38,35
DA:39,16
DA:40,16
DA:41,16
DA:51,16
DA:54,16
DA:55,1
DA:56,15
DA:57,0
DA:64,35
DA:65,14
DA:66,14
DA:67,2
DA:68,2
DA:69,0
DA:70,0
DA:71,0
DA:72,0
DA:74,2
DA:77,12
DA:81,11
DA:82,11
DA:83,11
DA:84,11
DA:87,35
DA:92,35
DA:93,29
DA:94,29
DA:99,35
DA:108,4
DA:110,4
DA:111,4
DA:112,4
DA:118,0
DA:119,0
DA:128,4
DA:130,4
DA:131,4
DA:132,0
DA:133,0
DA:135,4
DA:140,4
DA:143,4
DA:144,4
DA:146,4
DA:147,4
DA:149,4
DA:150,4
DA:152,4
DA:153,4
DA:154,1
DA:156,4
DA:158,2
DA:161,4
DA:162,2
DA:164,2
DA:173,0
DA:175,0
DA:177,4
DA:178,4
DA:180,4
DA:183,0
DA:186,4
DA:187,4
DA:188,4
DA:192,35
DA:193,2
DA:194,2
DA:195,1
DA:196,1
DA:198,1
DA:203,1
DA:204,1
DA:205,1
DA:206,1
DA:207,1
DA:210,35
DA:215,48
DA:227,0
DA:233,0
DA:236,4
DA:242,4
LF:89
LH:75
BRDA:40,0,0,16
BRDA:40,0,1,0
BRDA:42,1,0,5
BRDA:42,1,1,0
BRDA:43,2,0,5
BRDA:43,2,1,0
BRDA:44,3,0,5
BRDA:44,3,1,5
BRDA:44,3,2,5
BRDA:45,4,0,5
BRDA:45,4,1,5
BRDA:45,4,2,0
BRDA:45,4,3,0
BRDA:46,5,0,5
BRDA:46,5,1,0
BRDA:49,6,0,5
BRDA:49,6,1,5
BRDA:49,6,2,5
BRDA:49,6,3,5
BRDA:54,7,0,1
BRDA:54,7,1,15
BRDA:56,8,0,0
BRDA:56,8,1,15
BRDA:64,9,0,0
BRDA:66,10,0,2
BRDA:66,10,1,12
BRDA:68,11,0,0
BRDA:68,11,1,2
BRDA:81,12,0,11
BRDA:81,12,1,10
BRDA:111,13,0,4
BRDA:111,13,1,0
BRDA:113,14,0,4
BRDA:113,14,1,0
BRDA:115,15,0,4
BRDA:115,15,1,0
BRDA:118,16,0,0
BRDA:118,16,1,0
BRDA:118,17,0,0
BRDA:118,17,1,0
BRDA:121,18,0,0
BRDA:121,18,1,0
BRDA:123,19,0,0
BRDA:123,19,1,0
BRDA:128,20,0,4
BRDA:128,20,1,0
BRDA:130,21,0,4
BRDA:130,21,1,0
BRDA:130,22,0,0
BRDA:130,22,1,0
BRDA:131,23,0,0
BRDA:131,23,1,4
BRDA:140,24,0,4
BRDA:140,24,1,0
BRDA:146,25,0,3
BRDA:146,25,1,1
BRDA:146,26,0,3
BRDA:146,26,1,0
BRDA:147,27,0,4
BRDA:147,27,1,0
BRDA:147,28,0,4
BRDA:147,28,1,4
BRDA:150,29,0,4
BRDA:150,29,1,0
BRDA:152,30,0,4
BRDA:152,30,1,0
BRDA:153,31,0,1
BRDA:153,31,1,3
BRDA:158,32,0,2
BRDA:158,32,1,2
BRDA:158,32,2,2
BRDA:159,33,0,2
BRDA:159,33,1,2
BRDA:159,34,0,2
BRDA:159,34,1,2
BRDA:161,35,0,2
BRDA:161,35,1,2
BRDA:166,36,0,2
BRDA:166,36,1,2
BRDA:167,37,0,2
BRDA:167,37,1,0
BRDA:173,38,0,0
BRDA:173,38,1,0
BRDA:173,39,0,0
BRDA:173,39,1,0
BRDA:175,40,0,0
BRDA:175,40,1,0
BRDA:177,41,0,4
BRDA:177,41,1,0
BRDA:183,42,0,0
BRDA:183,42,1,0
BRDA:194,43,0,1
BRDA:194,43,1,1
BRDA:203,44,0,1
BRDA:203,44,1,0
BRDA:220,45,0,35
BRDA:220,45,1,15
BRDA:228,46,0,0
BRDA:228,46,1,0
BRDA:230,47,0,0
BRDA:230,47,1,0
BRDA:237,48,0,4
BRDA:237,48,1,2
BRDA:239,49,0,4
BRDA:239,49,1,0
BRF:105
BRH:59
end_of_record
TN:
SF:src/hooks/useCartValidation.ts
FN:10,useCartValidation
FN:11,(anonymous_1)
FN:12,(anonymous_2)
FN:15,(anonymous_3)
FN:17,run
FN:27,(anonymous_5)
FN:49,(anonymous_6)
FNF:7
FNH:7
FNDA:18,useCartValidation
FNDA:18,(anonymous_1)
FNDA:18,(anonymous_2)
FNDA:12,(anonymous_3)
FNDA:12,run
FNDA:6,(anonymous_5)
FNDA:12,(anonymous_6)
DA:11,18
DA:12,18
DA:13,18
DA:15,18
DA:16,12
DA:18,12
DA:19,12
DA:20,8
DA:21,8
DA:25,6
DA:26,6
DA:27,6
DA:29,6
DA:30,2
DA:31,2
DA:33,4
DA:34,2
DA:36,4
DA:39,2
DA:43,12
DA:44,12
DA:45,12
DA:48,12
DA:49,12
DA:50,12
DA:54,18
LF:26
LH:26
BRDA:25,0,0,6
BRDA:25,0,1,6
BRDA:25,0,2,0
BRDA:26,1,0,6
BRDA:26,1,1,0
BRDA:29,2,0,2
BRDA:29,2,1,4
BRDA:29,3,0,6
BRDA:29,3,1,6
BRDA:33,4,0,2
BRDA:33,4,1,2
BRDA:43,5,0,12
BRDA:43,5,1,0
BRF:13
BRH:10
end_of_record
TN:
SF:src/hooks/useCategories.ts
FN:34,transformCategories
FN:35,(anonymous_1)
FN:49,fetchCategories
FN:66,(anonymous_3)
FN:85,useCategories
FN:97,useCategoryById
FN:99,(anonymous_6)
FNF:7
FNH:5
FNDA:4,transformCategories
FNDA:10,(anonymous_1)
FNDA:7,fetchCategories
FNDA:6,(anonymous_3)
FNDA:19,useCategories
FNDA:0,useCategoryById
FNDA:0,(anonymous_6)
DA:18,2
DA:35,10
DA:50,7
DA:51,7
DA:53,7
DA:54,1
DA:55,1
DA:56,1
DA:58,0
DA:61,6
DA:62,6
DA:63,4
DA:66,6
DA:69,4
DA:70,4
DA:73,2
DA:74,2
DA:75,1
DA:77,1
DA:86,19
DA:98,0
DA:99,0
DA:100,0
LF:23
LH:19
BRDA:36,0,0,10
BRDA:36,0,1,0
BRDA:37,1,0,10
BRDA:37,1,1,0
BRDA:38,2,0,10
BRDA:38,2,1,1
BRDA:40,3,0,10
BRDA:40,3,1,10
BRDA:40,3,2,1
BRDA:40,3,3,1
BRDA:41,4,0,10
BRDA:41,4,1,10
BRDA:53,5,0,1
BRDA:53,5,1,6
BRDA:55,6,0,1
BRDA:55,6,1,0
BRDA:63,7,0,4
BRDA:63,7,1,0
BRDA:66,8,0,6
BRDA:66,8,1,0
BRDA:66,9,0,6
BRDA:66,9,1,0
BRDA:74,10,0,1
BRDA:74,10,1,1
BRF:24
BRH:18
end_of_record
TN:
SF:src/hooks/useCheckout.ts
FN:62,usePaymentMethods
FN:65,(anonymous_1)
FN:79,useAddPaymentMethod
FN:87,(anonymous_3)
FN:96,(anonymous_4)
FN:105,useDeletePaymentMethod
FN:109,(anonymous_6)
FN:117,(anonymous_7)
FN:126,useShippingOptions
FN:129,(anonymous_9)
FN:145,useCreateCheckoutSession
FN:147,(anonymous_11)
FN:165,useApplyCoupon
FN:167,(anonymous_13)
FN:170,(anonymous_14)
FN:181,(anonymous_15)
FN:191,useRemoveCoupon
FN:193,(anonymous_17)
FN:196,(anonymous_18)
FN:200,(anonymous_19)
FN:210,usePlaceOrder
FN:212,(anonymous_21)
FN:215,(anonymous_22)
FN:227,(anonymous_23)
FN:239,useValidateCheckout
FN:250,(anonymous_25)
FN:259,useCheckoutFlow
FN:271,(anonymous_27)
FN:279,(anonymous_28)
FN:288,(anonymous_29)
FNF:30
FNH:29
FNDA:16,usePaymentMethods
FNDA:6,(anonymous_1)
FNDA:2,useAddPaymentMethod
FNDA:1,(anonymous_3)
FNDA:1,(anonymous_4)
FNDA:2,useDeletePaymentMethod
FNDA:1,(anonymous_6)
FNDA:1,(anonymous_7)
FNDA:15,useShippingOptions
FNDA:2,(anonymous_9)
FNDA:2,useCreateCheckoutSession
FNDA:1,(anonymous_11)
FNDA:4,useApplyCoupon
FNDA:4,(anonymous_13)
FNDA:2,(anonymous_14)
FNDA:1,(anonymous_15)
FNDA:2,useRemoveCoupon
FNDA:2,(anonymous_17)
FNDA:1,(anonymous_18)
FNDA:1,(anonymous_19)
FNDA:14,usePlaceOrder
FNDA:14,(anonymous_21)
FNDA:1,(anonymous_22)
FNDA:1,(anonymous_23)
FNDA:4,useValidateCheckout
FNDA:2,(anonymous_25)
FNDA:12,useCheckoutFlow
FNDA:2,(anonymous_27)
FNDA:1,(anonymous_28)
FNDA:0,(anonymous_29)
DA:63,16
DA:66,6
DA:70,6
DA:80,2
DA:82,2
DA:88,1
DA:93,1
DA:94,1
DA:97,1
DA:106,2
DA:108,2
DA:110,1
DA:115,1
DA:118,1
DA:127,15
DA:130,2
DA:131,2
DA:135,2
DA:146,2
DA:148,1
DA:153,1
DA:157,1
DA:166,4
DA:167,4
DA:169,4
DA:171,2
DA:175,2
DA:176,1
DA:178,1
DA:179,1
DA:182,1
DA:183,1
DA:192,2
DA:193,2
DA:195,2
DA:197,1
DA:198,1
DA:201,1
DA:202,1
DA:211,14
DA:212,14
DA:214,14
DA:216,1
DA:221,1
DA:225,1
DA:229,1
DA:230,1
DA:231,1
DA:240,4
DA:251,2
DA:260,12
DA:263,12
DA:264,12
DA:265,12
DA:267,12
DA:268,12
DA:269,12
DA:271,12
DA:272,2
DA:273,2
DA:274,2
DA:275,2
DA:279,12
DA:280,1
DA:281,1
DA:282,1
DA:283,1
DA:287,12
DA:289,0
DA:290,0
DA:293,0
DA:295,0
DA:296,0
DA:303,0
DA:304,0
DA:306,0
DA:307,0
DA:313,12
LF:78
LH:69
BRDA:70,0,0,1
BRDA:70,0,1,5
BRDA:70,1,0,5
BRDA:70,1,1,0
BRDA:130,2,0,2
BRDA:130,2,1,0
BRDA:135,3,0,0
BRDA:135,3,1,2
BRDA:135,4,0,2
BRDA:135,4,1,0
BRDA:175,5,0,1
BRDA:175,5,1,1
BRDA:268,6,0,12
BRDA:268,6,1,10
BRDA:274,7,0,2
BRDA:274,7,1,0
BRDA:282,8,0,1
BRDA:282,8,1,0
BRDA:289,9,0,0
BRDA:289,9,1,0
BRDA:289,10,0,0
BRDA:289,10,1,0
BRDA:299,11,0,0
BRDA:299,11,1,0
BRF:24
BRH:12
end_of_record
TN:
SF:src/hooks/useCommunity.ts
FN:96,useUserProfile
FN:99,(anonymous_1)
FN:109,useMyProfile
FN:112,(anonymous_3)
FN:121,useUpdateProfile
FN:129,(anonymous_5)
FN:140,(anonymous_6)
FN:153,useFollowUser
FN:157,(anonymous_8)
FN:165,(anonymous_9)
FN:176,useUnfollowUser
FN:180,(anonymous_11)
FN:184,(anonymous_12)
FN:195,useFollowers
FN:198,(anonymous_14)
FN:206,(anonymous_15)
FN:215,useFollowing
FN:218,(anonymous_17)
FN:226,(anonymous_18)
FN:239,useCommunityFeed
FN:247,(anonymous_20)
FN:255,(anonymous_21)
FN:263,usePost
FN:266,(anonymous_23)
FN:276,useCreatePost
FN:292,(anonymous_25)
FN:309,(anonymous_26)
FN:319,useDeletePost
FN:323,(anonymous_28)
FN:327,(anonymous_29)
FN:340,useLikePost
FN:344,(anonymous_31)
FN:356,(anonymous_32)
FN:366,useSavePost
FN:370,(anonymous_34)
FN:382,(anonymous_35)
FN:391,useSavedPosts
FN:394,(anonymous_37)
FN:402,(anonymous_38)
FN:414,useComments
FN:417,(anonymous_40)
FN:425,(anonymous_41)
FN:434,useAddComment
FN:439,(anonymous_43)
FN:456,(anonymous_44)
FN:470,useLikeComment
FN:474,(anonymous_46)
FN:492,(anonymous_47)
FN:505,useUserBadges
FN:508,(anonymous_49)
FN:510,(anonymous_50)
FN:518,useAvailableBadges
FN:521,(anonymous_52)
FN:532,usePointsHistory
FN:546,(anonymous_54)
FN:555,useLeaderboard
FN:558,(anonymous_56)
FN:577,useReportContent
FN:588,(anonymous_58)
FN:603,useBlockUser
FN:607,(anonymous_60)
FN:615,(anonymous_61)
FN:625,useBlockedUsers
FN:628,(anonymous_63)
FNF:64
FNH:13
FNDA:3,useUserProfile
FNDA:1,(anonymous_1)
FNDA:2,useMyProfile
FNDA:1,(anonymous_3)
FNDA:2,useUpdateProfile
FNDA:1,(anonymous_5)
FNDA:1,(anonymous_6)
FNDA:2,useFollowUser
FNDA:1,(anonymous_8)
FNDA:1,(anonymous_9)
FNDA:2,useUnfollowUser
FNDA:1,(anonymous_11)
FNDA:1,(anonymous_12)
FNDA:0,useFollowers
FNDA:0,(anonymous_14)
FNDA:0,(anonymous_15)
FNDA:0,useFollowing
FNDA:0,(anonymous_17)
FNDA:0,(anonymous_18)
FNDA:0,useCommunityFeed
FNDA:0,(anonymous_20)
FNDA:0,(anonymous_21)
FNDA:0,usePost
FNDA:0,(anonymous_23)
FNDA:0,useCreatePost
FNDA:0,(anonymous_25)
FNDA:0,(anonymous_26)
FNDA:0,useDeletePost
FNDA:0,(anonymous_28)
FNDA:0,(anonymous_29)
FNDA:0,useLikePost
FNDA:0,(anonymous_31)
FNDA:0,(anonymous_32)
FNDA:0,useSavePost
FNDA:0,(anonymous_34)
FNDA:0,(anonymous_35)
FNDA:0,useSavedPosts
FNDA:0,(anonymous_37)
FNDA:0,(anonymous_38)
FNDA:0,useComments
FNDA:0,(anonymous_40)
FNDA:0,(anonymous_41)
FNDA:0,useAddComment
FNDA:0,(anonymous_43)
FNDA:0,(anonymous_44)
FNDA:0,useLikeComment
FNDA:0,(anonymous_46)
FNDA:0,(anonymous_47)
FNDA:0,useUserBadges
FNDA:0,(anonymous_49)
FNDA:0,(anonymous_50)
FNDA:0,useAvailableBadges
FNDA:0,(anonymous_52)
FNDA:0,usePointsHistory
FNDA:0,(anonymous_54)
FNDA:0,useLeaderboard
FNDA:0,(anonymous_56)
FNDA:0,useReportContent
FNDA:0,(anonymous_58)
FNDA:0,useBlockUser
FNDA:0,(anonymous_60)
FNDA:0,(anonymous_61)
FNDA:0,useBlockedUsers
FNDA:0,(anonymous_63)
DA:97,3
DA:100,1
DA:110,2
DA:113,1
DA:122,2
DA:124,2
DA:132,1
DA:137,1
DA:138,1
DA:141,1
DA:154,2
DA:156,2
DA:158,1
DA:163,1
DA:166,1
DA:167,1
DA:168,1
DA:177,2
DA:179,2
DA:181,1
DA:182,1
DA:185,1
DA:186,1
DA:187,1
DA:196,0
DA:199,0
DA:207,0
DA:216,0
DA:219,0
DA:227,0
DA:245,0
DA:248,0
DA:256,0
DA:264,0
DA:267,0
DA:277,0
DA:279,0
DA:301,0
DA:306,0
DA:307,0
DA:310,0
DA:311,0
DA:320,0
DA:322,0
DA:324,0
DA:325,0
DA:328,0
DA:341,0
DA:343,0
DA:345,0
DA:346,0
DA:352,0
DA:354,0
DA:357,0
DA:358,0
DA:367,0
DA:369,0
DA:371,0
DA:372,0
DA:378,0
DA:380,0
DA:383,0
DA:392,0
DA:395,0
DA:403,0
DA:415,0
DA:418,0
DA:426,0
DA:435,0
DA:437,0
DA:448,0
DA:453,0
DA:454,0
DA:460,0
DA:461,0
DA:471,0
DA:473,0
DA:482,0
DA:483,0
DA:489,0
DA:493,0
DA:506,0
DA:509,0
DA:510,0
DA:519,0
DA:522,0
DA:523,0
DA:533,0
DA:547,0
DA:556,0
DA:559,0
DA:564,0
DA:578,0
DA:594,0
DA:595,0
DA:604,0
DA:606,0
DA:608,0
DA:613,0
DA:616,0
DA:617,0
DA:626,0
DA:629,0
DA:630,0
LF:104
LH:24
BRDA:345,0,0,0
BRDA:345,0,1,0
BRDA:354,1,0,0
BRDA:354,1,1,0
BRDA:371,2,0,0
BRDA:371,2,1,0
BRDA:380,3,0,0
BRDA:380,3,1,0
BRDA:482,4,0,0
BRDA:482,4,1,0
BRDA:507,5,0,0
BRDA:507,5,1,0
BRDA:509,6,0,0
BRDA:509,6,1,0
BRDA:555,7,0,0
BRF:15
BRH:0
end_of_record
TN:
SF:src/hooks/useCompliance.ts
FN:51,useComplianceStatus
FN:54,(anonymous_1)
FN:75,useRecallNotices
FN:78,(anonymous_3)
FN:86,(anonymous_4)
FN:102,useAcknowledgeRecall
FN:106,(anonymous_6)
FN:128,(anonymous_7)
FN:137,useProductRecallStatus
FN:140,(anonymous_9)
FN:152,useAgeVerification
FN:156,(anonymous_11)
FN:164,(anonymous_12)
FN:173,useStateRestrictions
FN:188,(anonymous_14)
FN:243,useUserRecallAlerts
FN:246,(anonymous_16)
FN:264,useCartRecallCheck
FN:273,(anonymous_18)
FN:295,usePurchaseEligibility
FN:313,(anonymous_20)
FN:337,useProductCompliance
FN:340,(anonymous_22)
FN:366,useVerifyMedicalCard
FN:379,(anonymous_24)
FN:393,(anonymous_25)
FN:402,useStateRegulations
FN:420,(anonymous_27)
FNF:28
FNH:11
FNDA:4,useComplianceStatus
FNDA:2,(anonymous_1)
FNDA:6,useRecallNotices
FNDA:3,(anonymous_3)
FNDA:4,(anonymous_4)
FNDA:4,useAcknowledgeRecall
FNDA:2,(anonymous_6)
FNDA:2,(anonymous_7)
FNDA:0,useProductRecallStatus
FNDA:0,(anonymous_9)
FNDA:4,useAgeVerification
FNDA:2,(anonymous_11)
FNDA:2,(anonymous_12)
FNDA:0,useStateRestrictions
FNDA:0,(anonymous_14)
FNDA:0,useUserRecallAlerts
FNDA:0,(anonymous_16)
FNDA:0,useCartRecallCheck
FNDA:0,(anonymous_18)
FNDA:0,usePurchaseEligibility
FNDA:0,(anonymous_20)
FNDA:0,useProductCompliance
FNDA:0,(anonymous_22)
FNDA:0,useVerifyMedicalCard
FNDA:0,(anonymous_24)
FNDA:0,(anonymous_25)
FNDA:0,useStateRegulations
FNDA:0,(anonymous_27)
DA:46,1
DA:52,4
DA:55,2
DA:56,2
DA:59,1
DA:76,6
DA:79,3
DA:80,3
DA:83,2
DA:84,2
DA:86,4
DA:91,1
DA:103,4
DA:105,4
DA:108,2
DA:109,2
DA:110,2
DA:111,1
DA:112,1
DA:116,2
DA:117,2
DA:126,2
DA:129,2
DA:138,0
DA:140,0
DA:142,0
DA:153,4
DA:155,4
DA:157,2
DA:161,2
DA:162,2
DA:165,2
DA:174,0
DA:189,0
DA:190,0
DA:192,0
DA:193,0
DA:195,0
DA:244,0
DA:247,0
DA:248,0
DA:252,0
DA:254,0
DA:265,0
DA:274,0
DA:275,0
DA:282,0
DA:284,0
DA:296,0
DA:314,0
DA:315,0
DA:327,0
DA:338,0
DA:341,0
DA:342,0
DA:347,0
DA:367,0
DA:369,0
DA:385,0
DA:390,0
DA:391,0
DA:394,0
DA:403,0
DA:421,0
LF:64
LH:29
BRDA:84,0,0,1
BRDA:84,0,1,1
BRDA:109,1,0,1
BRDA:109,1,1,1
BRDA:110,2,0,1
BRDA:110,2,1,1
BRDA:138,3,0,0
BRDA:189,4,0,0
BRDA:189,4,1,0
BRF:9
BRH:6
end_of_record
TN:
SF:src/hooks/useConcierge.ts
FN:61,useConcierge
FN:73,(anonymous_1)
FN:74,(anonymous_2)
FN:91,(anonymous_3)
FN:102,(anonymous_4)
FN:133,(anonymous_5)
FN:134,(anonymous_6)
FN:210,(anonymous_7)
FN:212,(anonymous_8)
FN:219,(anonymous_9)
FN:248,useStreamingChat
FN:259,(anonymous_11)
FN:290,(anonymous_12)
FN:318,(anonymous_13)
FN:324,(anonymous_14)
FN:328,(anonymous_15)
FN:373,(anonymous_16)
FN:395,(anonymous_17)
FN:402,(anonymous_18)
FN:426,useKnowledgeSearch
FN:429,(anonymous_20)
FN:445,useStrainKnowledge
FN:461,(anonymous_22)
FN:482,useUsageGuidelines
FN:495,(anonymous_24)
FN:510,useLegalInfo
FN:524,(anonymous_26)
FN:542,useConciergeFeedback
FN:548,(anonymous_28)
FNF:29
FNH:8
FNDA:18,useConcierge
FNDA:9,(anonymous_1)
FNDA:9,(anonymous_2)
FNDA:3,(anonymous_3)
FNDA:6,(anonymous_4)
FNDA:6,(anonymous_5)
FNDA:6,(anonymous_6)
FNDA:0,(anonymous_7)
FNDA:0,(anonymous_8)
FNDA:1,(anonymous_9)
FNDA:0,useStreamingChat
FNDA:0,(anonymous_11)
FNDA:0,(anonymous_12)
FNDA:0,(anonymous_13)
FNDA:0,(anonymous_14)
FNDA:0,(anonymous_15)
FNDA:0,(anonymous_16)
FNDA:0,(anonymous_17)
FNDA:0,(anonymous_18)
FNDA:0,useKnowledgeSearch
FNDA:0,(anonymous_20)
FNDA:0,useStrainKnowledge
FNDA:0,(anonymous_22)
FNDA:0,useUsageGuidelines
FNDA:0,(anonymous_24)
FNDA:0,useLegalInfo
FNDA:0,(anonymous_26)
FNDA:0,useConciergeFeedback
FNDA:0,(anonymous_28)
DA:58,1
DA:59,1
DA:62,18
DA:70,18
DA:73,18
DA:74,9
DA:75,9
DA:76,9
DA:77,9
DA:78,1
DA:79,1
DA:80,1
DA:84,0
DA:87,9
DA:91,18
DA:92,3
DA:94,3
DA:95,3
DA:97,0
DA:101,18
DA:108,6
DA:110,6
DA:118,6
DA:126,6
DA:127,6
DA:128,6
DA:130,6
DA:132,6
DA:133,6
DA:134,6
DA:139,6
DA:142,3
DA:150,3
DA:157,3
DA:158,3
DA:159,3
DA:161,3
DA:164,3
DA:170,3
DA:178,3
DA:179,3
DA:182,3
DA:184,3
DA:185,1
DA:186,1
DA:189,1
DA:190,2
DA:191,1
DA:192,1
DA:193,1
DA:194,1
DA:195,1
DA:197,0
DA:198,0
DA:201,3
DA:203,6
DA:209,18
DA:212,0
DA:213,0
DA:214,0
DA:219,18
DA:220,1
DA:226,1
DA:227,1
DA:230,18
DA:243,1
DA:249,0
DA:254,0
DA:255,0
DA:256,0
DA:258,0
DA:260,0
DA:261,0
DA:263,0
DA:265,0
DA:272,0
DA:273,0
DA:274,0
DA:276,0
DA:278,0
DA:279,0
DA:290,0
DA:296,0
DA:297,0
DA:300,0
DA:301,0
DA:302,0
DA:304,0
DA:305,0
DA:307,0
DA:308,0
DA:309,0
DA:311,0
DA:312,0
DA:314,0
DA:315,0
DA:316,0
DA:317,0
DA:318,0
DA:320,0
DA:321,0
DA:322,0
DA:323,0
DA:324,0
DA:327,0
DA:328,0
DA:335,0
DA:342,0
DA:343,0
DA:345,0
DA:346,0
DA:358,0
DA:359,0
DA:362,0
DA:363,0
DA:364,0
DA:368,0
DA:369,0
DA:373,0
DA:376,0
DA:383,0
DA:384,0
DA:386,0
DA:387,0
DA:388,0
DA:395,0
DA:396,0
DA:397,0
DA:399,0
DA:402,0
DA:403,0
DA:404,0
DA:405,0
DA:408,0
DA:427,0
DA:430,0
DA:435,0
DA:446,0
DA:462,0
DA:485,0
DA:496,0
DA:511,0
DA:525,0
DA:543,0
DA:557,0
DA:562,0
LF:146
LH:59
BRDA:77,0,0,1
BRDA:77,0,1,8
BRDA:79,1,0,1
BRDA:79,1,1,0
BRDA:79,2,0,1
BRDA:79,2,1,1
BRDA:108,3,0,0
BRDA:108,3,1,6
BRDA:135,4,0,0
BRDA:135,4,1,6
BRDA:152,5,0,3
BRDA:152,5,1,0
BRDA:166,6,0,3
BRDA:166,6,1,2
BRDA:166,6,2,1
BRDA:184,7,0,1
BRDA:184,7,1,2
BRDA:186,8,0,1
BRDA:186,8,1,0
BRDA:190,9,0,1
BRDA:190,9,1,1
BRDA:193,10,0,1
BRDA:193,10,1,0
BRDA:197,11,0,0
BRDA:197,11,1,0
BRDA:198,12,0,0
BRDA:198,12,1,0
BRDA:260,13,0,0
BRDA:260,13,1,0
BRDA:290,14,0,0
BRDA:290,14,1,0
BRDA:296,15,0,0
BRDA:296,15,1,0
BRDA:300,16,0,0
BRDA:300,16,1,0
BRDA:302,17,0,0
BRDA:302,17,1,0
BRDA:309,18,0,0
BRDA:309,18,1,0
BRDA:315,19,0,0
BRDA:315,19,1,0
BRDA:317,20,0,0
BRDA:317,20,1,0
BRDA:322,21,0,0
BRDA:322,21,1,0
BRDA:362,22,0,0
BRDA:362,22,1,0
BRDA:373,23,0,0
BRDA:373,23,1,0
BRDA:396,24,0,0
BRDA:396,24,1,0
BRF:51
BRH:17
end_of_record
TN:
SF:src/hooks/useCopy.ts
FN:28,toCopyMap
FN:30,(anonymous_1)
FN:39,fetchCopy
FN:75,useCopy
FN:78,(anonymous_4)
FN:87,useCopyString
FNF:6
FNH:5
FNDA:3,toCopyMap
FNDA:4,(anonymous_1)
FNDA:6,fetchCopy
FNDA:12,useCopy
FNDA:6,(anonymous_4)
FNDA:0,useCopyString
DA:29,3
DA:30,3
DA:31,4
DA:33,3
DA:40,6
DA:41,6
DA:43,6
DA:44,2
DA:45,2
DA:46,1
DA:49,1
DA:52,4
DA:53,4
DA:56,3
DA:59,3
DA:60,3
DA:63,1
DA:64,1
DA:65,1
DA:67,0
DA:76,12
DA:78,6
DA:88,0
DA:89,0
DA:95,1
LF:25
LH:22
BRDA:43,0,0,2
BRDA:43,0,1,4
BRDA:45,1,0,1
BRDA:45,1,1,1
BRDA:56,2,0,3
BRDA:56,2,1,0
BRDA:64,3,0,1
BRDA:64,3,1,0
BRDA:87,4,0,0
BRDA:89,5,0,0
BRDA:89,5,1,0
BRF:11
BRH:6
end_of_record
TN:
SF:src/hooks/useDeals.ts
FN:10,fetchDeals
FN:37,filterActiveDeals
FN:39,(anonymous_2)
FN:46,useDeals
FN:56,useAllDeals
FNF:5
FNH:5
FNDA:8,fetchDeals
FNDA:6,filterActiveDeals
FNDA:12,(anonymous_2)
FNDA:19,useDeals
FNDA:2,useAllDeals
DA:8,3
DA:11,8
DA:13,8
DA:14,1
DA:15,1
DA:16,1
DA:18,0
DA:21,7
DA:22,7
DA:23,5
DA:24,5
DA:25,5
DA:28,2
DA:29,2
DA:30,1
DA:32,1
DA:38,6
DA:39,6
DA:40,12
DA:41,12
DA:42,12
DA:47,19
DA:57,2
LF:23
LH:22
BRDA:13,0,0,1
BRDA:13,0,1,7
BRDA:15,1,0,1
BRDA:15,1,1,0
BRDA:23,2,0,4
BRDA:23,2,1,1
BRDA:23,3,0,1
BRDA:23,3,1,0
BRDA:29,4,0,1
BRDA:29,4,1,1
BRDA:42,5,0,12
BRDA:42,5,1,12
BRF:12
BRH:10
end_of_record
TN:
SF:src/hooks/useDeepLinkHandler.ts
FN:10,useDeepLinkHandler
FN:14,(anonymous_1)
FN:15,(anonymous_2)
FN:37,(anonymous_3)
FN:80,(anonymous_4)
FN:84,(anonymous_5)
FN:90,(anonymous_6)
FNF:7
FNH:6
FNDA:1,useDeepLinkHandler
FNDA:1,(anonymous_1)
FNDA:1,(anonymous_2)
FNDA:1,(anonymous_3)
FNDA:0,(anonymous_4)
FNDA:1,(anonymous_5)
FNDA:1,(anonymous_6)
DA:11,1
DA:12,1
DA:14,1
DA:15,1
DA:16,1
DA:18,1
DA:19,0
DA:22,1
DA:23,1
DA:24,0
DA:25,0
DA:28,1
DA:31,1
DA:34,1
DA:35,1
DA:36,1
DA:37,1
DA:39,1
DA:40,1
DA:43,1
DA:44,1
DA:55,0
DA:56,0
DA:58,0
DA:62,0
DA:67,0
DA:68,0
DA:70,0
DA:72,0
DA:76,0
DA:80,1
DA:81,1
DA:84,1
DA:85,1
DA:86,1
DA:90,1
LF:36
LH:24
BRDA:18,0,0,0
BRDA:18,0,1,1
BRDA:23,1,0,0
BRDA:23,1,1,1
BRDA:31,2,0,1
BRDA:31,2,1,0
BRDA:31,2,2,0
BRDA:31,2,3,0
BRDA:31,2,4,0
BRDA:31,2,5,0
BRDA:31,2,6,0
BRDA:31,2,7,0
BRDA:31,2,8,0
BRDA:35,3,0,1
BRDA:35,3,1,0
BRDA:35,4,0,1
BRDA:35,4,1,1
BRDA:37,5,0,1
BRDA:37,5,1,0
BRDA:39,6,0,1
BRDA:39,6,1,0
BRDA:55,7,0,0
BRDA:55,7,1,0
BRDA:55,8,0,0
BRDA:55,8,1,0
BRDA:67,9,0,0
BRDA:67,9,1,0
BRDA:67,10,0,0
BRDA:67,10,1,0
BRDA:85,11,0,1
BRDA:85,11,1,0
BRF:31
BRH:9
end_of_record
TN:
SF:src/hooks/useDelivery.ts
FN:89,useDeliveryWindows
FN:92,(anonymous_1)
FN:111,usePickupWindows
FN:114,(anonymous_3)
FN:132,useDeliveryEstimate
FN:135,(anonymous_5)
FN:150,useScheduleDelivery
FN:154,(anonymous_7)
FN:163,(anonymous_8)
FN:173,useSchedulePickup
FN:181,(anonymous_10)
FN:197,(anonymous_11)
FN:210,useOrderTracking
FN:213,(anonymous_13)
FN:225,useDriverLocation
FN:237,(anonymous_15)
FN:249,useUpdateDeliveryInstructions
FN:253,(anonymous_17)
FN:260,(anonymous_18)
FN:269,useConfirmDelivery
FN:273,(anonymous_20)
FN:289,(anonymous_21)
FNF:22
FNH:9
FNDA:5,useDeliveryWindows
FNDA:2,(anonymous_1)
FNDA:3,usePickupWindows
FNDA:1,(anonymous_3)
FNDA:3,useDeliveryEstimate
FNDA:1,(anonymous_5)
FNDA:2,useScheduleDelivery
FNDA:1,(anonymous_7)
FNDA:1,(anonymous_8)
FNDA:0,useSchedulePickup
FNDA:0,(anonymous_10)
FNDA:0,(anonymous_11)
FNDA:0,useOrderTracking
FNDA:0,(anonymous_13)
FNDA:0,useDriverLocation
FNDA:0,(anonymous_15)
FNDA:0,useUpdateDeliveryInstructions
FNDA:0,(anonymous_17)
FNDA:0,(anonymous_18)
FNDA:0,useConfirmDelivery
FNDA:0,(anonymous_20)
FNDA:0,(anonymous_21)
DA:90,5
DA:93,2
DA:94,2
DA:95,2
DA:97,2
DA:101,2
DA:112,3
DA:115,1
DA:116,1
DA:118,1
DA:122,1
DA:133,3
DA:136,1
DA:137,1
DA:138,1
DA:140,1
DA:151,2
DA:153,2
DA:155,1
DA:160,1
DA:161,1
DA:164,1
DA:165,1
DA:174,0
DA:176,0
DA:190,0
DA:194,0
DA:195,0
DA:201,0
DA:202,0
DA:211,0
DA:214,0
DA:226,0
DA:238,0
DA:250,0
DA:252,0
DA:254,0
DA:261,0
DA:270,0
DA:272,0
DA:282,0
DA:287,0
DA:293,0
DA:294,0
LF:44
LH:23
BRDA:95,0,0,1
BRDA:95,0,1,1
BRDA:101,1,0,2
BRDA:101,1,1,0
BRDA:116,2,0,0
BRDA:116,2,1,1
BRDA:122,3,0,1
BRDA:122,3,1,0
BRDA:138,4,0,1
BRDA:138,4,1,0
BRDA:225,5,0,0
BRDA:240,6,0,0
BRDA:240,6,1,0
BRF:13
BRH:6
end_of_record
TN:
SF:src/hooks/useDynamicHome.ts
FN:93,useHomeLayout
FN:96,(anonymous_1)
FN:106,useHomeSections
FN:109,(anonymous_3)
FN:120,useSectionData
FN:123,(anonymous_5)
FN:134,useSaveHomeLayout
FN:145,(anonymous_7)
FN:157,(anonymous_8)
FN:167,useResetHomeLayout
FN:171,(anonymous_10)
FN:180,(anonymous_11)
FN:194,useToggleSectionVisibility
FN:198,(anonymous_13)
FN:204,(anonymous_14)
FN:214,useToggleSectionCollapsed
FN:218,(anonymous_16)
FN:225,(anonymous_17)
FN:234,useUpdateSectionConfig
FN:239,(anonymous_19)
FN:254,(anonymous_20)
FN:268,useAddSection
FN:281,(anonymous_22)
FN:295,(anonymous_23)
FN:305,useRemoveSection
FN:309,(anonymous_25)
FN:313,(anonymous_26)
FN:327,useSectionDragDrop
FN:337,(anonymous_28)
FN:349,(anonymous_29)
FN:352,(anonymous_30)
FN:358,(anonymous_31)
FN:359,(anonymous_32)
FN:360,(anonymous_33)
FN:369,(anonymous_34)
FN:378,(anonymous_35)
FN:386,(anonymous_36)
FN:395,(anonymous_37)
FN:396,(anonymous_38)
FN:423,useSectionTemplates
FN:426,(anonymous_40)
FN:444,useSavedLayouts
FN:447,(anonymous_42)
FN:457,useSaveLayoutPreset
FN:461,(anonymous_44)
FN:470,(anonymous_45)
FN:479,useLoadLayoutPreset
FN:483,(anonymous_47)
FN:492,(anonymous_48)
FN:508,useHomeEditMode
FN:511,(anonymous_50)
FN:516,(anonymous_51)
FN:535,useRefreshSection
FN:539,(anonymous_53)
FN:546,(anonymous_54)
FN:556,getSectionStaleTime
FN:577,getDefaultSections
FNF:57
FNH:0
FNDA:0,useHomeLayout
FNDA:0,(anonymous_1)
FNDA:0,useHomeSections
FNDA:0,(anonymous_3)
FNDA:0,useSectionData
FNDA:0,(anonymous_5)
FNDA:0,useSaveHomeLayout
FNDA:0,(anonymous_7)
FNDA:0,(anonymous_8)
FNDA:0,useResetHomeLayout
FNDA:0,(anonymous_10)
FNDA:0,(anonymous_11)
FNDA:0,useToggleSectionVisibility
FNDA:0,(anonymous_13)
FNDA:0,(anonymous_14)
FNDA:0,useToggleSectionCollapsed
FNDA:0,(anonymous_16)
FNDA:0,(anonymous_17)
FNDA:0,useUpdateSectionConfig
FNDA:0,(anonymous_19)
FNDA:0,(anonymous_20)
FNDA:0,useAddSection
FNDA:0,(anonymous_22)
FNDA:0,(anonymous_23)
FNDA:0,useRemoveSection
FNDA:0,(anonymous_25)
FNDA:0,(anonymous_26)
FNDA:0,useSectionDragDrop
FNDA:0,(anonymous_28)
FNDA:0,(anonymous_29)
FNDA:0,(anonymous_30)
FNDA:0,(anonymous_31)
FNDA:0,(anonymous_32)
FNDA:0,(anonymous_33)
FNDA:0,(anonymous_34)
FNDA:0,(anonymous_35)
FNDA:0,(anonymous_36)
FNDA:0,(anonymous_37)
FNDA:0,(anonymous_38)
FNDA:0,useSectionTemplates
FNDA:0,(anonymous_40)
FNDA:0,useSavedLayouts
FNDA:0,(anonymous_42)
FNDA:0,useSaveLayoutPreset
FNDA:0,(anonymous_44)
FNDA:0,(anonymous_45)
FNDA:0,useLoadLayoutPreset
FNDA:0,(anonymous_47)
FNDA:0,(anonymous_48)
FNDA:0,useHomeEditMode
FNDA:0,(anonymous_50)
FNDA:0,(anonymous_51)
FNDA:0,useRefreshSection
FNDA:0,(anonymous_53)
FNDA:0,(anonymous_54)
FNDA:0,getSectionStaleTime
FNDA:0,getDefaultSections
DA:94,0
DA:97,0
DA:107,0
DA:110,0
DA:111,0
DA:121,0
DA:124,0
DA:135,0
DA:137,0
DA:149,0
DA:154,0
DA:155,0
DA:158,0
DA:159,0
DA:168,0
DA:170,0
DA:172,0
DA:177,0
DA:178,0
DA:181,0
DA:182,0
DA:195,0
DA:197,0
DA:199,0
DA:202,0
DA:205,0
DA:206,0
DA:215,0
DA:217,0
DA:219,0
DA:226,0
DA:235,0
DA:237,0
DA:246,0
DA:251,0
DA:252,0
DA:258,0
DA:259,0
DA:269,0
DA:271,0
DA:287,0
DA:292,0
DA:293,0
DA:296,0
DA:297,0
DA:306,0
DA:308,0
DA:310,0
DA:311,0
DA:314,0
DA:315,0
DA:328,0
DA:334,0
DA:335,0
DA:337,0
DA:338,0
DA:339,0
DA:340,0
DA:345,0
DA:348,0
DA:350,0
DA:352,0
DA:358,0
DA:359,0
DA:360,0
DA:362,0
DA:364,0
DA:365,0
DA:366,0
DA:369,0
DA:378,0
DA:379,0
DA:386,0
DA:387,0
DA:388,0
DA:395,0
DA:396,0
DA:405,0
DA:424,0
DA:427,0
DA:431,0
DA:445,0
DA:448,0
DA:449,0
DA:458,0
DA:460,0
DA:462,0
DA:467,0
DA:468,0
DA:471,0
DA:480,0
DA:482,0
DA:484,0
DA:489,0
DA:490,0
DA:493,0
DA:494,0
DA:503,0
DA:509,0
DA:511,0
DA:512,0
DA:513,0
DA:516,0
DA:517,0
DA:518,0
DA:521,0
DA:536,0
DA:538,0
DA:540,0
DA:547,0
DA:557,0
DA:560,0
DA:563,0
DA:565,0
DA:568,0
DA:570,0
DA:578,0
LF:117
LH:0
BRDA:350,0,0,0
BRDA:350,0,1,0
BRDA:362,1,0,0
BRDA:362,1,1,0
BRDA:362,2,0,0
BRDA:362,2,1,0
BRDA:557,3,0,0
BRDA:557,3,1,0
BRDA:557,3,2,0
BRDA:557,3,3,0
BRDA:557,3,4,0
BRDA:557,3,5,0
BRDA:557,3,6,0
BRDA:557,3,7,0
BRF:14
BRH:0
end_of_record
TN:
SF:src/hooks/useEducation.ts
FN:161,useArticles
FN:170,(anonymous_1)
FN:178,(anonymous_2)
FN:186,useArticle
FN:189,(anonymous_4)
FN:201,useFeaturedArticles
FN:204,(anonymous_6)
FN:218,useLikeArticle
FN:222,(anonymous_8)
FN:230,(anonymous_9)
FN:239,useSaveArticle
FN:243,(anonymous_11)
FN:251,(anonymous_12)
FN:260,useSavedArticles
FN:263,(anonymous_14)
FN:280,useRecipes
FN:288,(anonymous_16)
FN:296,(anonymous_17)
FN:303,useRecipe
FN:306,(anonymous_19)
FN:318,useFeaturedRecipes
FN:321,(anonymous_21)
FN:335,useSaveRecipe
FN:339,(anonymous_23)
FN:347,(anonymous_24)
FN:360,useWellnessRoutines
FN:367,(anonymous_26)
FN:381,useWellnessRoutine
FN:384,(anonymous_28)
FN:394,useStartRoutine
[...]
BRDA:210,17,0,80
BRDA:210,17,1,80
BRDA:224,18,0,480
BRDA:224,18,1,16
BRDA:233,19,0,480
BRDA:233,19,1,16
BRDA:245,20,0,80
BRDA:245,20,1,78
BRDA:247,21,0,2
BRDA:247,21,1,78
BRDA:256,22,0,91
BRDA:256,22,1,6
BRDA:261,23,0,6
BRDA:261,23,1,0
BRDA:269,24,0,91
BRDA:269,24,1,11
BRDA:291,25,0,2
BRDA:291,25,1,9
BRDA:299,26,0,9
BRDA:299,26,1,0
BRF:54
BRH:51
end_of_record
TN:
SF:src/screens/TerpeneWheelScreen.tsx
FN:8,TerpeneWheelScreen
FN:11,(anonymous_1)
FN:23,(anonymous_2)
FNF:3
FNH:2
FNDA:5,TerpeneWheelScreen
FNDA:5,(anonymous_1)
FNDA:0,(anonymous_2)
DA:9,5
DA:11,5
DA:12,5
DA:15,5
DA:23,0
DA:30,2
LF:6
LH:5
BRDA:19,0,0,5
BRDA:19,0,1,0
BRF:2
BRH:1
end_of_record
TN:
SF:src/screens/account/addressSchema.ts
FNF:0
FNH:0
DA:4,5
LF:1
LH:1
BRF:0
BRH:0
end_of_record
TN:
SF:src/screens/account/profileSchema.ts
FNF:0
FNH:0
DA:3,4
LF:1
LH:1
BRF:0
BRH:0
end_of_record
TN:
SF:src/screens/auth/ForgotPasswordScreen.tsx
FN:19,ForgotPasswordScreen
FN:31,(anonymous_1)
FN:51,(anonymous_2)
FN:60,(anonymous_3)
FNF:4
FNH:0
FNDA:0,ForgotPasswordScreen
FNDA:0,(anonymous_1)
FNDA:0,(anonymous_2)
FNDA:0,(anonymous_3)
DA:20,0
DA:21,0
DA:23,0
DA:28,0
DA:29,0
DA:31,0
DA:32,0
DA:33,0
DA:34,0
DA:35,0
DA:37,0
DA:41,0
DA:51,0
DA:65,0
LF:14
LH:0
BRDA:68,0,0,0
BRDA:68,0,1,0
BRDA:83,1,0,0
BRDA:83,1,1,0
BRDA:89,2,0,0
BRDA:89,2,1,0
BRDA:90,3,0,0
BRDA:90,3,1,0
BRDA:93,4,0,0
BRDA:93,4,1,0
BRF:10
BRH:0
end_of_record
TN:
SF:src/screens/auth/forgotPasswordSchema.ts
FNF:0
FNH:0
DA:3,2
LF:1
LH:1
BRF:0
BRH:0
end_of_record
TN:
SF:src/screens/checkout/ContactInfoScreen.tsx
FN:23,ContactInfoScreen
FN:30,(anonymous_1)
FN:58,(anonymous_2)
FNF:3
FNH:0
FNDA:0,ContactInfoScreen
FNDA:0,(anonymous_1)
FNDA:0,(anonymous_2)
DA:13,2
DA:24,0
DA:31,0
DA:58,0
DA:67,2
LF:5
LH:2
BRDA:32,0,0,0
BRDA:32,0,1,0
BRDA:41,1,0,0
BRDA:41,1,1,0
BRDA:41,1,2,0
BRDA:49,2,0,0
BRDA:49,2,1,0
BRDA:49,2,2,0
BRDA:57,3,0,0
BRDA:57,3,1,0
BRDA:57,3,2,0
BRF:11
BRH:0
end_of_record
TN:
SF:src/screens/checkout/DeliveryMethodScreen.tsx
FN:8,DeliveryMethodScreen
FN:15,(anonymous_1)
FN:21,(anonymous_2)
FN:35,(anonymous_3)
FNF:4
FNH:4
FNDA:10,DeliveryMethodScreen
FNDA:1,(anonymous_1)
FNDA:3,(anonymous_2)
FNDA:3,(anonymous_3)
DA:9,10
DA:10,10
DA:11,10
DA:15,1
DA:21,3
DA:35,3
DA:42,1
LF:7
LH:7
BRDA:16,0,0,10
BRDA:16,0,1,6
BRDA:22,1,0,10
BRDA:22,1,1,4
BRDA:27,2,0,10
BRDA:27,2,1,4
BRF:6
BRH:6
end_of_record
TN:
SF:src/screens/checkout/OrderReviewScreen.tsx
FN:11,OrderReviewScreen
FN:12,(anonymous_1)
FN:15,(anonymous_2)
FNF:3
FNH:0
FNDA:0,OrderReviewScreen
FNDA:0,(anonymous_1)
FNDA:0,(anonymous_2)
DA:12,0
DA:13,0
DA:16,0
DA:29,0
LF:4
LH:0
BRDA:12,0,0,0
BRDA:12,0,1,0
BRF:2
BRH:0
end_of_record
TN:
SF:src/screens/checkout/PaymentScreen.tsx
FN:8,PaymentScreen
FN:19,(anonymous_1)
FNF:2
FNH:0
FNDA:0,PaymentScreen
FNDA:0,(anonymous_1)
DA:9,0
DA:10,0
DA:19,0
DA:26,0
LF:4
LH:0
BRF:0
BRH:0
end_of_record
TN:
SF:src/screens/onboarding/AgeVerificationScreen.tsx
FN:14,AgeVerificationScreen
FN:19,(anonymous_1)
FN:21,(anonymous_2)
FN:26,(anonymous_3)
FN:31,(anonymous_4)
FN:58,(anonymous_5)
FN:62,(anonymous_6)
FNF:7
FNH:6
FNDA:36,AgeVerificationScreen
FNDA:10,(anonymous_1)
FNDA:9,(anonymous_2)
FNDA:1,(anonymous_3)
FNDA:3,(anonymous_4)
FNDA:1,(anonymous_5)
FNDA:0,(anonymous_6)
DA:15,36
DA:16,36
DA:17,36
DA:19,36
DA:20,10
DA:22,9
DA:23,1
DA:31,36
DA:32,3
DA:33,3
DA:37,3
DA:38,3
DA:42,36
DA:44,36
DA:58,1
DA:62,0
DA:67,2
LF:17
LH:16
BRDA:22,0,0,1
BRDA:22,0,1,8
BRDA:42,1,0,0
BRDA:42,1,1,36
BRDA:42,2,0,25
BRDA:42,2,1,11
BRF:6
BRH:5
end_of_record
TN:
SF:src/screens/orders/OrderDetailModal.tsx
FN:12,OrderDetailModal
FN:32,(anonymous_1)
FNF:2
FNH:1
FNDA:3,OrderDetailModal
FNDA:0,(anonymous_1)
DA:13,3
DA:14,0
DA:33,0
DA:64,1
LF:4
LH:2
BRDA:13,0,0,3
BRDA:13,0,1,0
BRF:2
BRH:1
end_of_record
TN:
SF:src/screens/orders/OrderHistoryScreen.tsx
FN:23,OrderHistoryScreen
FN:39,(anonymous_1)
FN:40,(anonymous_2)
FN:43,(anonymous_3)
FN:45,(anonymous_4)
FN:58,(anonymous_5)
FN:73,(anonymous_6)
FN:74,(anonymous_7)
FN:77,(anonymous_8)
FN:88,(anonymous_9)
FN:94,(anonymous_10)
FN:102,(anonymous_11)
FNF:12
FNH:8
FNDA:3,OrderHistoryScreen
FNDA:2,(anonymous_1)
FNDA:9,(anonymous_2)
FNDA:3,(anonymous_3)
FNDA:1,(anonymous_4)
FNDA:5,(anonymous_5)
FNDA:0,(anonymous_6)
FNDA:3,(anonymous_7)
FNDA:0,(anonymous_8)
FNDA:0,(anonymous_9)
FNDA:1,(anonymous_10)
FNDA:0,(anonymous_11)
DA:24,3
DA:25,3
DA:36,3
DA:39,2
DA:40,9
DA:43,3
DA:45,3
DA:46,1
DA:47,0
DA:52,3
DA:54,3
DA:59,5
DA:73,0
DA:75,3
DA:78,0
DA:79,0
DA:89,0
DA:90,0
DA:95,1
DA:102,0
DA:107,1
LF:21
LH:14
BRDA:43,0,0,3
BRDA:43,0,1,1
BRDA:46,1,0,0
BRDA:46,1,1,1
BRDA:52,2,0,0
BRDA:52,2,1,3
BRDA:52,3,0,0
BRDA:52,3,1,3
BRDA:56,4,0,1
BRDA:56,4,1,2
BRDA:56,5,0,3
BRDA:56,5,1,1
BRDA:66,6,0,0
BRDA:66,6,1,2
BRDA:95,7,0,1
BRDA:95,7,1,0
BRDA:98,8,0,0
BRDA:98,8,1,2
BRF:18
BRH:12
end_of_record
TN:
SF:src/screens/profile/LegalScreen.tsx
FN:53,LegalScreen
FN:60,(anonymous_1)
FN:77,(anonymous_2)
FN:105,(anonymous_3)
FN:117,(anonymous_4)
FN:122,(anonymous_5)
FN:130,(anonymous_6)
FN:135,(anonymous_7)
FN:138,(anonymous_8)
FN:142,(anonymous_9)
FN:199,(anonymous_10)
FNF:11
FNH:5
FNDA:3,LegalScreen
FNDA:3,(anonymous_1)
FNDA:6,(anonymous_2)
FNDA:0,(anonymous_3)
FNDA:9,(anonymous_4)
FNDA:0,(anonymous_5)
FNDA:0,(anonymous_6)
FNDA:0,(anonymous_7)
FNDA:0,(anonymous_8)
FNDA:9,(anonymous_9)
FNDA:0,(anonymous_10)
DA:28,1
DA:34,1
DA:54,3
DA:55,3
DA:56,3
DA:57,3
DA:58,3
DA:59,3
DA:60,3
DA:61,3
DA:63,3
DA:66,3
DA:74,3
DA:77,3
DA:78,6
DA:79,6
DA:80,6
DA:81,6
DA:82,0
DA:83,0
DA:84,6
DA:85,0
DA:86,0
DA:87,6
DA:88,0
DA:89,0
DA:91,6
DA:95,3
DA:96,3
DA:99,3
DA:101,3
DA:106,0
DA:107,0
DA:118,9
DA:123,0
DA:124,0
DA:130,0
DA:135,0
DA:138,0
DA:142,9
DA:199,0
LF:41
LH:27
BRDA:61,0,0,3
BRDA:61,0,1,0
BRDA:63,1,0,0
BRDA:63,1,1,3
BRDA:63,2,0,0
BRDA:63,2,1,3
BRDA:66,3,0,3
BRDA:66,3,1,3
BRDA:74,4,0,3
BRDA:74,4,1,0
BRDA:78,5,0,0
BRDA:78,5,1,6
BRDA:81,6,0,0
BRDA:81,6,1,6
BRDA:82,7,0,0
BRDA:82,7,1,0
BRDA:84,8,0,0
BRDA:84,8,1,6
BRDA:85,9,0,0
BRDA:85,9,1,0
BRDA:87,10,0,0
BRDA:87,10,1,6
BRDA:88,11,0,0
BRDA:88,11,1,0
BRDA:95,12,0,3
BRDA:95,12,1,3
BRDA:96,13,0,3
BRDA:96,13,1,3
BRDA:147,14,0,0
BRDA:147,14,1,3
BRDA:153,15,0,3
BRDA:153,15,1,3
BRDA:156,16,0,3
BRDA:156,16,1,0
BRDA:156,17,0,3
BRDA:156,17,1,3
BRDA:160,18,0,0
BRDA:160,18,1,0
BRDA:171,19,0,3
BRDA:171,19,1,2
BRDA:181,20,0,2
BRDA:181,20,1,2
BRDA:191,21,0,3
BRDA:191,21,1,0
BRF:44
BRH:25
end_of_record
TN:
SF:src/shims/firebase-auth.web.tsx
FN:2,auth
FN:5,(anonymous_1)
FN:8,(anonymous_2)
FN:11,(anonymous_3)
FNF:4
FNH:0
FNDA:0,auth
FNDA:0,(anonymous_1)
FNDA:0,(anonymous_2)
FNDA:0,(anonymous_3)
DA:3,0
DA:6,0
DA:9,0
LF:3
LH:0
BRF:0
BRH:0
end_of_record
TN:
SF:src/shims/firebase-messaging.web.tsx
FN:1,messaging
FN:4,(anonymous_1)
FN:7,(anonymous_2)
FN:10,(anonymous_3)
FN:11,(anonymous_4)
FN:12,(anonymous_5)
FN:14,(anonymous_6)
FN:15,(anonymous_7)
FN:17,(anonymous_8)
FNF:9
FNH:0
FNDA:0,messaging
FNDA:0,(anonymous_1)
FNDA:0,(anonymous_2)
FNDA:0,(anonymous_3)
FNDA:0,(anonymous_4)
FNDA:0,(anonymous_5)
FNDA:0,(anonymous_6)
FNDA:0,(anonymous_7)
FNDA:0,(anonymous_8)
DA:2,0
DA:5,0
DA:8,0
DA:12,0
DA:15,0
DA:18,0
LF:6
LH:0
BRF:0
BRH:0
end_of_record
TN:
SF:src/shims/haptics.web.tsx
FN:2,(anonymous_0)
FNF:1
FNH:0
FNDA:0,(anonymous_0)
LF:0
LH:0
BRF:0
BRH:0
end_of_record
TN:
SF:src/shims/linear-gradient.web.tsx
FN:6,LinearGradient
FNF:1
FNH:0
FNDA:0,LinearGradient
DA:7,0
LF:1
LH:0
BRF:0
BRH:0
end_of_record
TN:
SF:src/shims/pager-view.web.tsx
FN:4,PagerView
FNF:1
FNH:0
FNDA:0,PagerView
DA:5,0
LF:1
LH:0
BRF:0
BRH:0
end_of_record
TN:
SF:src/shims/react-native-maps.web.tsx
FN:4,MapView
FN:8,(anonymous_1)
FNF:2
FNH:0
FNDA:0,MapView
FNDA:0,(anonymous_1)
DA:5,0
DA:8,0
LF:2
LH:0
BRF:0
BRH:0
end_of_record
TN:
SF:src/shims/sound.web.tsx
FN:6,(anonymous_0)
FN:8,(anonymous_1)
FN:13,(anonymous_2)
FN:21,(anonymous_3)
FN:26,(anonymous_4)
FN:30,(anonymous_5)
FN:41,(anonymous_6)
FN:50,(anonymous_7)
FNF:8
FNH:0
FNDA:0,(anonymous_0)
FNDA:0,(anonymous_1)
FNDA:0,(anonymous_2)
FNDA:0,(anonymous_3)
FNDA:0,(anonymous_4)
FNDA:0,(anonymous_5)
FNDA:0,(anonymous_6)
FNDA:0,(anonymous_7)
DA:7,0
DA:8,0
DA:9,0
DA:14,0
DA:15,0
DA:17,0
DA:22,0
DA:23,0
DA:27,0
DA:28,0
DA:29,0
DA:30,0
DA:31,0
DA:32,0
DA:37,0
DA:42,0
DA:43,0
DA:44,0
DA:46,0
DA:51,0
DA:52,0
DA:54,0
LF:22
LH:0
BRDA:9,0,0,0
BRDA:9,0,1,0
BRDA:29,1,0,0
BRDA:29,1,1,0
BRDA:31,2,0,0
BRDA:31,2,1,0
BRDA:31,3,0,0
BRDA:31,3,1,0
BRDA:31,3,2,0
BRDA:44,4,0,0
BRDA:44,4,1,0
BRF:11
BRH:0
end_of_record
TN:
SF:src/shims/stripe-react-native.web.tsx
FN:3,useStripe
FN:5,(anonymous_1)
FN:6,(anonymous_2)
FN:10,isPlatformPaySupported
FN:14,StripeProvider
FNF:5
FNH:0
FNDA:0,useStripe
FNDA:0,(anonymous_1)
FNDA:0,(anonymous_2)
FNDA:0,isPlatformPaySupported
FNDA:0,StripeProvider
DA:4,0
DA:5,0
DA:6,0
DA:11,0
DA:15,0
LF:5
LH:0
BRF:0
BRH:0
end_of_record
TN:
SF:src/state/accessibilityStore.ts
FN:19,(anonymous_0)
FN:29,(anonymous_1)
FN:30,(anonymous_2)
FN:31,(anonymous_3)
FN:32,(anonymous_4)
FNF:5
FNH:5
FNDA:6,(anonymous_0)
FNDA:35,(anonymous_1)
FNDA:10,(anonymous_2)
FNDA:17,(anonymous_3)
FNDA:11,(anonymous_4)
DA:18,6
DA:25,6
DA:29,35
DA:30,10
DA:31,17
DA:33,11
DA:34,11
LF:7
LH:7
BRDA:35,0,0,7
BRDA:35,0,1,4
BRDA:36,1,0,11
BRDA:36,1,1,2
BRDA:37,2,0,11
BRDA:37,2,1,2
BRF:6
BRH:6
end_of_record
TN:
SF:src/state/store.ts
FN:13,(anonymous_0)
FN:21,(anonymous_1)
FN:23,(anonymous_2)
FN:25,(anonymous_3)
FNF:4
FNH:4
FNDA:7,(anonymous_0)
FNDA:6,(anonymous_1)
FNDA:2,(anonymous_2)
FNDA:78,(anonymous_3)
DA:12,7
DA:19,7
DA:22,6
DA:23,6
DA:26,78
DA:27,78
DA:28,76
DA:29,2
LF:8
LH:8
BRDA:28,0,0,2
BRDA:28,0,1,74
BRF:2
BRH:2
end_of_record
TN:
SF:src/terpene_wheel/components/AnimatedSoundPlayer.tsx
FN:15,(anonymous_0)
FN:18,(anonymous_1)
FN:19,(anonymous_2)
FN:27,(anonymous_3)
FN:32,(anonymous_4)
FN:33,(anonymous_5)
FNF:6
FNH:0
FNDA:0,(anonymous_0)
FNDA:0,(anonymous_1)
FNDA:0,(anonymous_2)
FNDA:0,(anonymous_3)
FNDA:0,(anonymous_4)
FNDA:0,(anonymous_5)
DA:14,0
DA:16,0
DA:18,0
DA:19,0
DA:20,0
DA:21,0
DA:22,0
DA:24,0
DA:27,0
DA:28,0
DA:32,0
DA:34,0
DA:35,0
DA:36,0
DA:37,0
DA:39,0
DA:44,0
LF:17
LH:0
BRDA:35,0,0,0
BRDA:35,0,1,0
BRF:2
BRH:0
end_of_record
TN:
SF:src/terpene_wheel/components/TerpeneInfoModal.tsx
FN:13,(anonymous_0)
FNF:1
FNH:0
FNDA:0,(anonymous_0)
DA:13,0
DA:14,0
DA:16,0
DA:18,0
DA:37,0
LF:5
LH:0
BRDA:16,0,0,0
BRDA:16,0,1,0
BRF:2
BRH:0
end_of_record
TN:
SF:src/terpene_wheel/components/TerpeneWheel.tsx
FN:20,(anonymous_0)
FN:24,(anonymous_1)
FN:40,(anonymous_2)
FN:57,(anonymous_3)
FN:76,(anonymous_4)
FN:109,(anonymous_5)
FN:116,(anonymous_6)
FN:124,(anonymous_7)
FN:131,(anonymous_8)
FN:136,(anonymous_9)
FN:184,polarToCartesian
FNF:11
FNH:0
FNDA:0,(anonymous_0)
FNDA:0,(anonymous_1)
FNDA:0,(anonymous_2)
FNDA:0,(anonymous_3)
FNDA:0,(anonymous_4)
FNDA:0,(anonymous_5)
FNDA:0,(anonymous_6)
FNDA:0,(anonymous_7)
FNDA:0,(anonymous_8)
FNDA:0,(anonymous_9)
FNDA:0,polarToCartesian
DA:10,0
DA:11,0
DA:12,0
DA:13,0
DA:14,0
DA:16,0
DA:20,0
DA:21,0
DA:22,0
DA:24,0
DA:25,0
DA:26,0
DA:29,0
DA:41,0
DA:42,0
DA:58,0
DA:76,0
DA:78,0
DA:79,0
DA:80,0
DA:81,0
DA:82,0
DA:83,0
DA:87,0
DA:108,0
DA:109,0
DA:114,0
DA:115,0
DA:116,0
DA:124,0
DA:125,0
DA:126,0
DA:127,0
DA:128,0
DA:131,0
DA:132,0
DA:133,0
DA:134,0
DA:135,0
DA:136,0
DA:137,0
DA:142,0
DA:143,0
DA:144,0
DA:146,0
DA:185,0
DA:186,0
LF:47
LH:0
BRDA:20,0,0,0
BRDA:83,1,0,0
BRDA:83,1,1,0
BRDA:110,2,0,0
BRDA:110,2,1,0
BRDA:164,3,0,0
BRDA:164,3,1,0
BRF:7
BRH:0
end_of_record
TN:
SF:src/terpene_wheel/data/allTerpenes.ts
FNF:0
FNH:0
DA:3,0
LF:1
LH:0
BRF:0
BRH:0
end_of_record
TN:
SF:src/terpene_wheel/data/terpenes.ts
FNF:0
FNH:0
DA:19,1
LF:1
LH:1
BRF:0
BRH:0
end_of_record
TN:
SF:src/theme/dyslexia-font.ts
FNF:0
FNH:0
DA:3,0
LF:1
LH:0
BRF:0
BRH:0
end_of_record
TN:
SF:src/types/cms.ts
FNF:0
FNH:0
LF:0
LH:0
BRF:0
BRH:0
end_of_record
TN:
SF:src/types/cmsExtra.ts
FNF:0
FNH:0
LF:0
LH:0
BRF:0
BRH:0
end_of_record
TN:
SF:src/types/expo-linking.d.ts
FNF:0
FNH:0
LF:0
LH:0
BRF:0
BRH:0
end_of_record
TN:
SF:src/types/order.ts
FNF:0
FNH:0
LF:0
LH:0
BRF:0
BRH:0
end_of_record
TN:
SF:src/types/react-native-firebase-auth.d.ts
FNF:0
FNH:0
LF:0
LH:0
BRF:0
BRH:0
end_of_record
TN:
SF:src/types/terpene.ts
FNF:0
FNH:0
LF:0
LH:0
BRF:0
BRH:0
end_of_record
TN:
SF:src/utils/address.ts
FN:22,parseAddress
FN:38,isValidParsedAddress
FNF:2
FNH:2
FNDA:15,parseAddress
FNDA:8,isValidParsedAddress
DA:20,3
DA:23,15
DA:24,14
DA:25,14
DA:26,11
DA:27,11
DA:33,11
DA:34,11
DA:35,11
DA:39,8
LF:10
LH:10
BRDA:23,0,0,1
BRDA:23,0,1,14
BRDA:25,1,0,3
BRDA:25,1,1,11
BRDA:33,2,0,6
BRDA:33,2,1,5
BRDA:34,3,0,2
BRDA:34,3,1,9
BRDA:39,4,0,8
BRDA:39,4,1,7
BRDA:39,4,2,6
BRDA:39,4,3,5
BRF:12
BRH:12
end_of_record
TN:
SF:src/utils/analytics.ts
FN:20,generateSignature
FN:41,logEvent
FN:59,(anonymous_2)
FN:68,sanitizeData
FN:73,(anonymous_4)
FN:85,flushEvents
FN:127,(anonymous_6)
FN:145,trackContentView
FN:160,trackContentClick
FN:175,trackScreenView
FN:185,trackCommerceEvent
FN:203,flushAnalytics
FNF:12
FNH:9
FNDA:110,generateSignature
FNDA:141,logEvent
FNDA:0,(anonymous_2)
FNDA:141,sanitizeData
FNDA:987,(anonymous_4)
FNDA:11,flushEvents
FNDA:0,(anonymous_6)
FNDA:3,trackContentView
FNDA:3,trackContentClick
FNDA:7,trackScreenView
FNDA:6,trackCommerceEvent
FNDA:0,flushAnalytics
DA:9,44
DA:12,44
DA:13,44
DA:14,44
DA:15,44
DA:21,110
DA:22,110
DA:25,0
DA:27,0
DA:31,0
DA:33,0
DA:34,0
DA:43,141
DA:44,141
DA:48,141
DA:55,141
DA:56,11
DA:57,130
DA:59,19
DA:60,0
DA:69,141
DA:72,141
DA:73,141
DA:74,987
DA:75,2
DA:79,141
DA:86,11
DA:87,11
DA:88,11
DA:91,11
DA:92,0
DA:95,11
DA:96,11
DA:98,11
DA:99,11
DA:102,11
DA:103,110
DA:108,110
DA:110,110
DA:114,110
DA:115,0
DA:118,110
DA:119,10
DA:122,110
DA:129,0
DA:130,0
DA:136,0
DA:137,0
DA:150,3
DA:165,3
DA:176,7
DA:190,6
DA:192,6
DA:193,4
DA:194,2
DA:195,1
DA:196,1
DA:199,6
DA:204,0
DA:207,44
LF:60
LH:47
BRDA:9,0,0,44
BRDA:9,0,1,44
BRDA:21,1,0,110
BRDA:21,1,1,0
BRDA:43,2,0,141
BRDA:43,2,1,0
BRDA:55,3,0,11
BRDA:55,3,1,130
BRDA:57,4,0,19
BRDA:57,4,1,111
BRDA:74,5,0,2
BRDA:74,5,1,985
BRDA:86,6,0,11
BRDA:86,6,1,0
BRDA:91,7,0,0
BRDA:91,7,1,11
BRDA:114,8,0,0
BRDA:114,8,1,110
BRDA:118,9,0,10
BRDA:118,9,1,100
BRDA:129,10,0,0
BRDA:129,10,1,0
BRDA:136,11,0,0
BRDA:136,11,1,0
BRDA:192,12,0,4
BRDA:192,12,1,2
BRDA:194,13,0,1
BRDA:194,13,1,1
BRF:28
BRH:19
end_of_record
TN:
SF:src/utils/apiClient.ts
FN:27,delay
FN:28,(anonymous_1)
FN:31,fetchJson
FN:117,useOffline
FN:119,(anonymous_4)
FN:121,(anonymous_5)
FN:122,(anonymous_6)
FN:123,(anonymous_7)
FN:144,setOnUnauthorizedGlobal
FN:148,getOnUnauthorizedGlobal
FN:152,setOnForbiddenGlobal
FN:156,setOnServerErrorGlobal
FNF:12
FNH:11
FNDA:3,delay
FNDA:3,(anonymous_1)
FNDA:603,fetchJson
FNDA:2,useOffline
FNDA:2,(anonymous_4)
FNDA:2,(anonymous_5)
FNDA:0,(anonymous_6)
FNDA:2,(anonymous_7)
FNDA:86,setOnUnauthorizedGlobal
FNDA:2,getOnUnauthorizedGlobal
FNDA:10,setOnForbiddenGlobal
FNDA:10,setOnServerErrorGlobal
DA:28,3
DA:32,603
DA:36,603
DA:37,603
DA:40,0
DA:42,603
DA:43,2
DA:46,601
DA:47,601
DA:48,604
DA:50,604
DA:51,604
DA:52,604
DA:55,602
DA:56,0
DA:59,602
DA:61,4
DA:62,4
DA:63,4
DA:66,598
DA:68,1
DA:69,1
DA:72,597
DA:74,1
DA:75,1
DA:78,596
DA:80,2
DA:81,2
DA:82,2
DA:84,1
DA:86,2
DA:92,2
DA:96,594
DA:99,10
DA:101,10
DA:102,10
DA:104,7
DA:105,0
DA:108,3
DA:109,3
DA:118,2
DA:119,2
DA:120,2
DA:121,2
DA:122,2
DA:123,2
DA:124,2
DA:126,2
DA:128,0
DA:129,2
DA:130,2
DA:134,2
DA:140,64
DA:141,64
DA:142,64
DA:145,86
DA:149,2
DA:153,10
DA:157,10
LF:59
LH:55
BRDA:31,0,0,6
BRDA:32,1,0,193
BRDA:32,2,0,601
BRDA:42,3,0,2
BRDA:42,3,1,601
BRDA:42,4,0,603
BRDA:42,4,1,603
BRDA:51,5,0,186
BRDA:51,5,1,418
BRDA:52,6,0,286
BRDA:52,6,1,318
BRDA:55,7,0,0
BRDA:55,7,1,602
BRDA:59,8,0,4
BRDA:59,8,1,598
BRDA:62,9,0,3
BRDA:62,9,1,1
BRDA:66,10,0,1
BRDA:66,10,1,597
BRDA:68,11,0,1
BRDA:68,11,1,0
BRDA:72,12,0,1
BRDA:72,12,1,596
BRDA:74,13,0,1
BRDA:74,13,1,0
BRDA:78,14,0,2
BRDA:78,14,1,594
BRDA:84,15,0,1
BRDA:84,15,1,0
BRDA:87,16,0,2
BRDA:87,16,1,2
BRDA:87,16,2,0
BRDA:87,16,3,0
BRDA:99,17,0,0
BRDA:99,17,1,10
BRDA:99,18,0,10
BRDA:99,18,1,10
BRDA:102,19,0,7
BRDA:102,19,1,3
BRDA:104,20,0,7
BRDA:104,20,1,0
BRDA:105,21,0,0
BRDA:105,21,1,0
BRDA:121,22,0,2
BRDA:121,22,1,2
BRDA:122,23,0,0
BRDA:122,23,1,0
BRDA:126,24,0,0
BRDA:126,24,1,2
BRDA:129,25,0,2
BRDA:129,25,1,0
BRDA:129,26,0,2
BRDA:129,26,1,2
BRF:53
BRH:39
end_of_record
TN:
SF:src/utils/apiConfig.ts
FNF:0
FNH:0
DA:1,111
LF:1
LH:1
BRDA:1,0,0,111
BRDA:1,0,1,111
BRF:2
BRH:2
end_of_record
TN:
SF:src/utils/auth.ts
FN:5,getAuthToken
FN:9,saveAuthToken
FN:13,clearAuthToken
FNF:3
FNH:3
FNDA:46,getAuthToken
FNDA:1,saveAuthToken
FNDA:1,clearAuthToken
DA:6,46
DA:10,1
DA:14,1
LF:3
LH:3
BRF:0
BRH:0
end_of_record
TN:
SF:src/utils/cmsConfig.ts
FNF:0
FNH:0
DA:5,6
LF:1
LH:1
BRF:0
BRH:0
end_of_record
TN:
SF:src/utils/deepLinkUtils.ts
FN:12,parseDeepLink
FN:54,matchPattern
FN:62,(anonymous_2)
FN:86,buildDeepLink
FN:111,isJarsDeepLink
FN:112,(anonymous_5)
FN:118,getAvailableRoutes
FN:125,validateRoutePattern
FN:134,(anonymous_8)
FNF:9
FNH:9
FNDA:56,parseDeepLink
FNDA:1172,matchPattern
FNDA:154,(anonymous_2)
FNDA:25,buildDeepLink
FNDA:23,isJarsDeepLink
FNDA:58,(anonymous_5)
FNDA:8,getAvailableRoutes
FNDA:29,validateRoutePattern
FNDA:23,(anonymous_8)
DA:13,56
DA:15,56
DA:16,56
DA:17,71
DA:18,49
DA:19,49
DA:24,52
DA:25,3
DA:30,52
DA:33,52
DA:34,52
DA:35,1172
DA:36,1172
DA:37,44
DA:44,8
DA:46,4
DA:47,4
DA:56,1172
DA:57,3
DA:61,1169
DA:62,1169
DA:63,154
DA:64,154
DA:67,1169
DA:68,1169
DA:70,1169
DA:71,1128
DA:75,41
DA:76,41
DA:77,23
DA:80,41
DA:87,25
DA:88,25
DA:91,25
DA:92,3
DA:95,22
DA:98,22
DA:99,15
DA:100,15
DA:105,22
DA:112,58
DA:119,8
DA:126,29
DA:129,29
DA:132,26
DA:133,26
DA:134,23
DA:136,7
DA:138,0
LF:49
LH:48
BRDA:17,0,0,49
BRDA:17,0,1,18
BRDA:24,1,0,3
BRDA:24,1,1,49
BRDA:36,2,0,44
BRDA:36,2,1,1128
BRDA:56,3,0,3
BRDA:56,3,1,1169
BRDA:56,4,0,1172
BRDA:56,4,1,52
BRDA:70,5,0,1128
BRDA:70,5,1,41
BRDA:91,6,0,3
BRDA:91,6,1,22
BRDA:98,7,0,15
BRDA:98,7,1,7
BRDA:129,8,0,3
BRDA:129,8,1,26
BRDA:133,9,0,19
BRDA:133,9,1,7
BRF:20
BRH:20
end_of_record
TN:
SF:src/utils/featureFlags.ts
FN:34,fetchRemoteFlags
FN:67,getFeatureFlags
FN:80,initializeFeatureFlags
FN:89,isFeatureEnabled
FN:98,useFeatureFlags
FN:101,(anonymous_5)
FN:106,(anonymous_6)
FN:113,(anonymous_7)
FN:124,useFeatureFlag
FNF:9
FNH:9
FNDA:1,fetchRemoteFlags
FNDA:28,getFeatureFlags
FNDA:1,initializeFeatureFlags
FNDA:12,isFeatureEnabled
FNDA:9,useFeatureFlags
FNDA:8,(anonymous_5)
FNDA:1,(anonymous_6)
FNDA:8,(anonymous_7)
FNDA:6,useFeatureFlag
DA:19,1
DA:26,1
DA:27,1
DA:28,1
DA:35,1
DA:37,1
DA:45,1
DA:46,1
DA:47,1
DA:59,0
DA:69,28
DA:70,16
DA:73,12
DA:81,1
DA:82,1
DA:83,1
DA:90,12
DA:91,12
DA:99,9
DA:101,9
DA:102,8
DA:105,8
DA:106,1
DA:107,1
DA:108,1
DA:113,8
DA:114,8
DA:118,9
DA:125,6
DA:126,6
LF:30
LH:29
BRDA:38,0,0,1
BRDA:38,0,1,1
BRDA:45,1,0,1
BRDA:45,1,1,0
BRDA:49,2,0,1
BRDA:49,2,1,1
BRDA:51,3,0,1
BRDA:51,3,1,1
BRDA:53,4,0,1
BRDA:53,4,1,1
BRDA:69,5,0,16
BRDA:69,5,1,12
BRDA:69,6,0,28
BRDA:69,6,1,16
BRDA:105,7,0,1
BRDA:105,7,1,7
BRDA:105,8,0,8
BRDA:105,8,1,7
BRDA:107,9,0,1
BRDA:107,9,1,0
BRF:20
BRH:18
end_of_record
TN:
SF:src/utils/haptic.ts
FN:5,(anonymous_0)
FN:8,(anonymous_1)
FN:11,(anonymous_2)
FN:14,(anonymous_3)
FN:15,(anonymous_4)
FN:16,(anonymous_5)
FNF:6
FNH:6
FNDA:16,(anonymous_0)
FNDA:6,(anonymous_1)
FNDA:6,(anonymous_2)
FNDA:2,(anonymous_3)
FNDA:2,(anonymous_4)
FNDA:2,(anonymous_5)
DA:5,17
DA:8,17
DA:11,17
DA:14,17
DA:15,17
DA:16,17
LF:6
LH:6
BRF:0
BRH:0
end_of_record
TN:
SF:src/utils/i18n.ts
FN:20,(anonymous_0)
FN:24,(anonymous_1)
FNF:2
FNH:2
FNDA:10,(anonymous_0)
FNDA:11,(anonymous_1)
DA:3,1
DA:18,1
DA:20,1
DA:21,10
DA:24,1
DA:31,11
DA:32,11
LF:7
LH:7
BRDA:18,0,0,1
BRDA:18,0,1,0
BRDA:31,1,0,10
BRDA:31,1,1,1
BRDA:32,2,0,11
BRDA:32,2,1,0
BRF:6
BRH:4
end_of_record
TN:
SF:src/utils/progress.ts
FN:1,calculateProgress
FNF:1
FNH:1
FNDA:18,calculateProgress
DA:2,18
LF:1
LH:1
BRF:0
BRH:0
end_of_record
TN:
SF:src/utils/secureStorage.ts
FN:4,saveSecure
FN:12,getSecure
FN:22,deleteSecure
FNF:3
FNH:3
FNDA:2,saveSecure
FNDA:81,getSecure
FNDA:2,deleteSecure
DA:5,2
DA:6,2
DA:8,1
DA:13,81
DA:14,81
DA:15,80
DA:16,79
DA:18,1
DA:23,2
DA:24,2
DA:26,1
LF:11
LH:11
BRDA:15,0,0,1
BRDA:15,0,1,79
BRF:2
BRH:2
end_of_record
TN:
SF:src/utils/toast.ts
FN:3,toast
FNF:1
FNH:1
FNDA:7,toast
DA:4,7
LF:1
LH:1
BRF:0
BRH:0
end_of_record
